<?xml version="1.0" encoding="UTF-8"?>
<testsuite xmlns:xsi="http://www.w3.org/2001/XMLSchema-instance" xsi:noNamespaceSchemaLocation="https://maven.apache.org/surefire/maven-surefire-plugin/xsd/surefire-test-report.xsd" name="org.apache.skywalking.oap.server.configuration.consul.ITConsulConfigurationTest" time="16.775" tests="1" errors="0" skipped="0" failures="0">
  <properties>
    <property name="awt.toolkit" value="sun.awt.X11.XToolkit"/>
    <property name="java.specification.version" value="11"/>
    <property name="sun.cpu.isalist" value=""/>
    <property name="sun.jnu.encoding" value="UTF-8"/>
    <property name="java.class.path" value="/home/sk117/final-project/copy/apache-skywalking-apm-9.2.0/oap-server/server-configuration/configuration-consul/target/test-classes:/home/sk117/final-project/copy/apache-skywalking-apm-9.2.0/oap-server/server-configuration/configuration-consul/target/classes:/home/sk117/.m2/repository/org/apache/skywalking/configuration-api/9.2.0/configuration-api-9.2.0.jar:/home/sk117/.m2/repository/org/apache/skywalking/library-module/9.2.0/library-module-9.2.0.jar:/home/sk117/.m2/repository/org/apache/skywalking/library-client/9.2.0/library-client-9.2.0.jar:/home/sk117/.m2/repository/org/apache/skywalking/library-util/9.2.0/library-util-9.2.0.jar:/home/sk117/.m2/repository/joda-time/joda-time/2.10.5/joda-time-2.10.5.jar:/home/sk117/.m2/repository/com/google/protobuf/protobuf-java/3.19.4/protobuf-java-3.19.4.jar:/home/sk117/.m2/repository/com/google/protobuf/protobuf-java-util/3.19.4/protobuf-java-util-3.19.4.jar:/home/sk117/.m2/repository/com/google/j2objc/j2objc-annotations/1.3/j2objc-annotations-1.3.jar:/home/sk117/.m2/repository/org/apache/commons/commons-text/1.4/commons-text-1.4.jar:/home/sk117/.m2/repository/org/yaml/snakeyaml/1.28/snakeyaml-1.28.jar:/home/sk117/.m2/repository/org/apache/skywalking/library-elasticsearch-client/9.2.0/library-elasticsearch-client-9.2.0.jar:/home/sk117/.m2/repository/com/linecorp/armeria/armeria/1.16.0/armeria-1.16.0.jar:/home/sk117/.m2/repository/io/micrometer/micrometer-core/1.8.5/micrometer-core-1.8.5.jar:/home/sk117/.m2/repository/org/hdrhistogram/HdrHistogram/2.1.12/HdrHistogram-2.1.12.jar:/home/sk117/.m2/repository/org/latencyutils/LatencyUtils/2.0.3/LatencyUtils-2.0.3.jar:/home/sk117/.m2/repository/io/netty/netty-codec-haproxy/4.1.77.Final/netty-codec-haproxy-4.1.77.Final.jar:/home/sk117/.m2/repository/io/netty/netty-resolver-dns/4.1.77.Final/netty-resolver-dns-4.1.77.Final.jar:/home/sk117/.m2/repository/io/netty/netty-codec-dns/4.1.77.Final/netty-codec-dns-4.1.77.Final.jar:/home/sk117/.m2/repository/org/reactivestreams/reactive-streams/1.0.3/reactive-streams-1.0.3.jar:/home/sk117/.m2/repository/io/netty/netty-resolver-dns-native-macos/4.1.77.Final/netty-resolver-dns-native-macos-4.1.77.Final-osx-x86_64.jar:/home/sk117/.m2/repository/io/netty/netty-resolver-dns-classes-macos/4.1.77.Final/netty-resolver-dns-classes-macos-4.1.77.Final.jar:/home/sk117/.m2/repository/io/netty/netty-resolver-dns-native-macos/4.1.77.Final/netty-resolver-dns-native-macos-4.1.77.Final-osx-aarch_64.jar:/home/sk117/.m2/repository/io/netty/netty-transport-native-unix-common/4.1.77.Final/netty-transport-native-unix-common-4.1.77.Final-linux-x86_64.jar:/home/sk117/.m2/repository/io/netty/netty-transport-native-epoll/4.1.77.Final/netty-transport-native-epoll-4.1.77.Final-linux-x86_64.jar:/home/sk117/.m2/repository/io/netty/netty-transport-native-unix-common/4.1.77.Final/netty-transport-native-unix-common-4.1.77.Final.jar:/home/sk117/.m2/repository/io/netty/netty-transport-classes-epoll/4.1.77.Final/netty-transport-classes-epoll-4.1.77.Final.jar:/home/sk117/.m2/repository/io/netty/netty-tcnative-boringssl-static/2.0.52.Final/netty-tcnative-boringssl-static-2.0.52.Final-linux-x86_64.jar:/home/sk117/.m2/repository/io/netty/netty-tcnative-classes/2.0.52.Final/netty-tcnative-classes-2.0.52.Final.jar:/home/sk117/.m2/repository/io/netty/netty-tcnative-boringssl-static/2.0.52.Final/netty-tcnative-boringssl-static-2.0.52.Final-linux-aarch_64.jar:/home/sk117/.m2/repository/io/netty/netty-tcnative-boringssl-static/2.0.52.Final/netty-tcnative-boringssl-static-2.0.52.Final-osx-x86_64.jar:/home/sk117/.m2/repository/io/netty/netty-tcnative-boringssl-static/2.0.52.Final/netty-tcnative-boringssl-static-2.0.52.Final-osx-aarch_64.jar:/home/sk117/.m2/repository/io/netty/netty-tcnative-boringssl-static/2.0.52.Final/netty-tcnative-boringssl-static-2.0.52.Final-windows-x86_64.jar:/home/sk117/.m2/repository/com/aayushatharva/brotli4j/brotli4j/1.7.1/brotli4j-1.7.1.jar:/home/sk117/.m2/repository/io/grpc/grpc-core/1.46.0/grpc-core-1.46.0.jar:/home/sk117/.m2/repository/io/grpc/grpc-api/1.46.0/grpc-api-1.46.0.jar:/home/sk117/.m2/repository/io/grpc/grpc-context/1.46.0/grpc-context-1.46.0.jar:/home/sk117/.m2/repository/org/codehaus/mojo/animal-sniffer-annotations/1.19/animal-sniffer-annotations-1.19.jar:/home/sk117/.m2/repository/io/perfmark/perfmark-api/0.25.0/perfmark-api-0.25.0.jar:/home/sk117/.m2/repository/io/grpc/grpc-netty/1.46.0/grpc-netty-1.46.0.jar:/home/sk117/.m2/repository/io/netty/netty-codec-http2/4.1.77.Final/netty-codec-http2-4.1.77.Final.jar:/home/sk117/.m2/repository/io/netty/netty-common/4.1.77.Final/netty-common-4.1.77.Final.jar:/home/sk117/.m2/repository/io/netty/netty-buffer/4.1.77.Final/netty-buffer-4.1.77.Final.jar:/home/sk117/.m2/repository/io/netty/netty-transport/4.1.77.Final/netty-transport-4.1.77.Final.jar:/home/sk117/.m2/repository/io/netty/netty-codec/4.1.77.Final/netty-codec-4.1.77.Final.jar:/home/sk117/.m2/repository/io/netty/netty-codec-http/4.1.77.Final/netty-codec-http-4.1.77.Final.jar:/home/sk117/.m2/repository/io/netty/netty-handler/4.1.77.Final/netty-handler-4.1.77.Final.jar:/home/sk117/.m2/repository/io/netty/netty-resolver/4.1.77.Final/netty-resolver-4.1.77.Final.jar:/home/sk117/.m2/repository/io/netty/netty-handler-proxy/4.1.77.Final/netty-handler-proxy-4.1.77.Final.jar:/home/sk117/.m2/repository/io/netty/netty-codec-socks/4.1.77.Final/netty-codec-socks-4.1.77.Final.jar:/home/sk117/.m2/repository/com/google/code/gson/gson/2.9.0/gson-2.9.0.jar:/home/sk117/.m2/repository/com/zaxxer/HikariCP/3.1.0/HikariCP-3.1.0.jar:/home/sk117/.m2/repository/org/slf4j/jcl-over-slf4j/1.7.30/jcl-over-slf4j-1.7.30.jar:/home/sk117/.m2/repository/com/orbitz/consul/consul-client/1.2.6/consul-client-1.2.6.jar:/home/sk117/.m2/repository/com/squareup/retrofit2/retrofit/2.3.0/retrofit-2.3.0.jar:/home/sk117/.m2/repository/com/squareup/retrofit2/converter-jackson/2.3.0/converter-jackson-2.3.0.jar:/home/sk117/.m2/repository/com/squareup/okhttp3/okhttp/3.14.9/okhttp-3.14.9.jar:/home/sk117/.m2/repository/com/squareup/okio/okio/1.17.2/okio-1.17.2.jar:/home/sk117/.m2/repository/com/google/code/findbugs/jsr305/1.3.9/jsr305-1.3.9.jar:/home/sk117/.m2/repository/com/fasterxml/jackson/core/jackson-annotations/2.13.2/jackson-annotations-2.13.2.jar:/home/sk117/.m2/repository/com/fasterxml/jackson/core/jackson-core/2.13.2/jackson-core-2.13.2.jar:/home/sk117/.m2/repository/com/fasterxml/jackson/core/jackson-databind/2.13.2.2/jackson-databind-2.13.2.2.jar:/home/sk117/.m2/repository/com/fasterxml/jackson/datatype/jackson-datatype-jdk8/2.9.5/jackson-datatype-jdk8-2.9.5.jar:/home/sk117/.m2/repository/com/fasterxml/jackson/datatype/jackson-datatype-guava/2.9.5/jackson-datatype-guava-2.9.5.jar:/home/sk117/.m2/repository/org/apache/commons/commons-lang3/3.12.0/commons-lang3-3.12.0.jar:/home/sk117/.m2/repository/org/slf4j/slf4j-api/1.7.30/slf4j-api-1.7.30.jar:/home/sk117/.m2/repository/org/slf4j/log4j-over-slf4j/1.7.30/log4j-over-slf4j-1.7.30.jar:/home/sk117/.m2/repository/org/apache/logging/log4j/log4j-core/2.17.1/log4j-core-2.17.1.jar:/home/sk117/.m2/repository/org/apache/logging/log4j/log4j-api/2.17.1/log4j-api-2.17.1.jar:/home/sk117/.m2/repository/org/apache/logging/log4j/log4j-slf4j-impl/2.17.1/log4j-slf4j-impl-2.17.1.jar:/home/sk117/.m2/repository/com/google/guava/guava/31.1-jre/guava-31.1-jre.jar:/home/sk117/.m2/repository/com/google/guava/failureaccess/1.0.1/failureaccess-1.0.1.jar:/home/sk117/.m2/repository/com/google/guava/listenablefuture/9999.0-empty-to-avoid-conflict-with-guava/listenablefuture-9999.0-empty-to-avoid-conflict-with-guava.jar:/home/sk117/.m2/repository/org/checkerframework/checker-qual/3.12.0/checker-qual-3.12.0.jar:/home/sk117/.m2/repository/org/testcontainers/testcontainers/1.15.3/testcontainers-1.15.3.jar:/home/sk117/.m2/repository/org/apache/commons/commons-compress/1.21/commons-compress-1.21.jar:/home/sk117/.m2/repository/org/rnorth/duct-tape/duct-tape/1.0.8/duct-tape-1.0.8.jar:/home/sk117/.m2/repository/org/rnorth/visible-assertions/visible-assertions/2.1.2/visible-assertions-2.1.2.jar:/home/sk117/.m2/repository/net/java/dev/jna/jna/5.2.0/jna-5.2.0.jar:/home/sk117/.m2/repository/com/github/docker-java/docker-java-api/3.2.8/docker-java-api-3.2.8.jar:/home/sk117/.m2/repository/com/github/docker-java/docker-java-transport-zerodep/3.2.8/docker-java-transport-zerodep-3.2.8.jar:/home/sk117/.m2/repository/com/github/docker-java/docker-java-transport/3.2.8/docker-java-transport-3.2.8.jar:/home/sk117/.m2/repository/com/google/errorprone/error_prone_annotations/2.11.0/error_prone_annotations-2.11.0.jar:/home/sk117/.m2/repository/junit/junit/4.13.1/junit-4.13.1.jar:/home/sk117/.m2/repository/org/hamcrest/hamcrest-core/1.3/hamcrest-core-1.3.jar:/home/sk117/.m2/repository/org/powermock/powermock-module-junit4/2.0.7/powermock-module-junit4-2.0.7.jar:/home/sk117/.m2/repository/org/powermock/powermock-module-junit4-common/2.0.7/powermock-module-junit4-common-2.0.7.jar:/home/sk117/.m2/repository/org/powermock/powermock-reflect/2.0.7/powermock-reflect-2.0.7.jar:/home/sk117/.m2/repository/net/bytebuddy/byte-buddy/1.9.10/byte-buddy-1.9.10.jar:/home/sk117/.m2/repository/net/bytebuddy/byte-buddy-agent/1.9.10/byte-buddy-agent-1.9.10.jar:/home/sk117/.m2/repository/org/powermock/powermock-core/2.0.7/powermock-core-2.0.7.jar:/home/sk117/.m2/repository/org/javassist/javassist/3.25.0-GA/javassist-3.25.0-GA.jar:/home/sk117/.m2/repository/org/powermock/powermock-api-mockito2/2.0.7/powermock-api-mockito2-2.0.7.jar:/home/sk117/.m2/repository/org/powermock/powermock-api-support/2.0.7/powermock-api-support-2.0.7.jar:/home/sk117/.m2/repository/org/mockito/mockito-core/3.5.13/mockito-core-3.5.13.jar:/home/sk117/.m2/repository/org/objenesis/objenesis/3.1/objenesis-3.1.jar:/home/sk117/.m2/repository/org/assertj/assertj-core/3.20.2/assertj-core-3.20.2.jar:/home/sk117/.m2/repository/org/openjdk/jmh/jmh-core/1.21/jmh-core-1.21.jar:/home/sk117/.m2/repository/net/sf/jopt-simple/jopt-simple/4.6/jopt-simple-4.6.jar:/home/sk117/.m2/repository/org/apache/commons/commons-math3/3.2/commons-math3-3.2.jar:/home/sk117/.m2/repository/org/projectlombok/lombok/1.18.22/lombok-1.18.22.jar:/home/sk117/.m2/repository/javax/annotation/javax.annotation-api/1.3.2/javax.annotation-api-1.3.2.jar:"/>
    <property name="java.vm.vendor" value="Ubuntu"/>
    <property name="sun.arch.data.model" value="64"/>
    <property name="java.vendor.url" value="https://ubuntu.com/"/>
    <property name="user.timezone" value=""/>
    <property name="java.vm.specification.version" value="11"/>
    <property name="os.name" value="Linux"/>
    <property name="sun.java.launcher" value="SUN_STANDARD"/>
    <property name="user.country" value="US"/>
    <property name="sun.boot.library.path" value="/usr/lib/jvm/java-11-openjdk-amd64/lib"/>
    <property name="sun.java.command" value="/home/sk117/final-project/copy/apache-skywalking-apm-9.2.0/oap-server/server-configuration/configuration-consul/target/surefire/surefirebooter5156132128308233348.jar /home/sk117/final-project/copy/apache-skywalking-apm-9.2.0/oap-server/server-configuration/configuration-consul/target/surefire 2022-11-29T03-11-48_393-jvmRun1 surefire13389256906528240276tmp surefire_01085282361877380166tmp"/>
    <property name="jdk.debug" value="release"/>
    <property name="test" value="org.apache.skywalking.oap.server.configuration.consul.ITConsulConfigurationTest#shouldReadUpdated"/>
    <property name="surefire.test.class.path" value="/home/sk117/final-project/copy/apache-skywalking-apm-9.2.0/oap-server/server-configuration/configuration-consul/target/test-classes:/home/sk117/final-project/copy/apache-skywalking-apm-9.2.0/oap-server/server-configuration/configuration-consul/target/classes:/home/sk117/.m2/repository/org/apache/skywalking/configuration-api/9.2.0/configuration-api-9.2.0.jar:/home/sk117/.m2/repository/org/apache/skywalking/library-module/9.2.0/library-module-9.2.0.jar:/home/sk117/.m2/repository/org/apache/skywalking/library-client/9.2.0/library-client-9.2.0.jar:/home/sk117/.m2/repository/org/apache/skywalking/library-util/9.2.0/library-util-9.2.0.jar:/home/sk117/.m2/repository/joda-time/joda-time/2.10.5/joda-time-2.10.5.jar:/home/sk117/.m2/repository/com/google/protobuf/protobuf-java/3.19.4/protobuf-java-3.19.4.jar:/home/sk117/.m2/repository/com/google/protobuf/protobuf-java-util/3.19.4/protobuf-java-util-3.19.4.jar:/home/sk117/.m2/repository/com/google/j2objc/j2objc-annotations/1.3/j2objc-annotations-1.3.jar:/home/sk117/.m2/repository/org/apache/commons/commons-text/1.4/commons-text-1.4.jar:/home/sk117/.m2/repository/org/yaml/snakeyaml/1.28/snakeyaml-1.28.jar:/home/sk117/.m2/repository/org/apache/skywalking/library-elasticsearch-client/9.2.0/library-elasticsearch-client-9.2.0.jar:/home/sk117/.m2/repository/com/linecorp/armeria/armeria/1.16.0/armeria-1.16.0.jar:/home/sk117/.m2/repository/io/micrometer/micrometer-core/1.8.5/micrometer-core-1.8.5.jar:/home/sk117/.m2/repository/org/hdrhistogram/HdrHistogram/2.1.12/HdrHistogram-2.1.12.jar:/home/sk117/.m2/repository/org/latencyutils/LatencyUtils/2.0.3/LatencyUtils-2.0.3.jar:/home/sk117/.m2/repository/io/netty/netty-codec-haproxy/4.1.77.Final/netty-codec-haproxy-4.1.77.Final.jar:/home/sk117/.m2/repository/io/netty/netty-resolver-dns/4.1.77.Final/netty-resolver-dns-4.1.77.Final.jar:/home/sk117/.m2/repository/io/netty/netty-codec-dns/4.1.77.Final/netty-codec-dns-4.1.77.Final.jar:/home/sk117/.m2/repository/org/reactivestreams/reactive-streams/1.0.3/reactive-streams-1.0.3.jar:/home/sk117/.m2/repository/io/netty/netty-resolver-dns-native-macos/4.1.77.Final/netty-resolver-dns-native-macos-4.1.77.Final-osx-x86_64.jar:/home/sk117/.m2/repository/io/netty/netty-resolver-dns-classes-macos/4.1.77.Final/netty-resolver-dns-classes-macos-4.1.77.Final.jar:/home/sk117/.m2/repository/io/netty/netty-resolver-dns-native-macos/4.1.77.Final/netty-resolver-dns-native-macos-4.1.77.Final-osx-aarch_64.jar:/home/sk117/.m2/repository/io/netty/netty-transport-native-unix-common/4.1.77.Final/netty-transport-native-unix-common-4.1.77.Final-linux-x86_64.jar:/home/sk117/.m2/repository/io/netty/netty-transport-native-epoll/4.1.77.Final/netty-transport-native-epoll-4.1.77.Final-linux-x86_64.jar:/home/sk117/.m2/repository/io/netty/netty-transport-native-unix-common/4.1.77.Final/netty-transport-native-unix-common-4.1.77.Final.jar:/home/sk117/.m2/repository/io/netty/netty-transport-classes-epoll/4.1.77.Final/netty-transport-classes-epoll-4.1.77.Final.jar:/home/sk117/.m2/repository/io/netty/netty-tcnative-boringssl-static/2.0.52.Final/netty-tcnative-boringssl-static-2.0.52.Final-linux-x86_64.jar:/home/sk117/.m2/repository/io/netty/netty-tcnative-classes/2.0.52.Final/netty-tcnative-classes-2.0.52.Final.jar:/home/sk117/.m2/repository/io/netty/netty-tcnative-boringssl-static/2.0.52.Final/netty-tcnative-boringssl-static-2.0.52.Final-linux-aarch_64.jar:/home/sk117/.m2/repository/io/netty/netty-tcnative-boringssl-static/2.0.52.Final/netty-tcnative-boringssl-static-2.0.52.Final-osx-x86_64.jar:/home/sk117/.m2/repository/io/netty/netty-tcnative-boringssl-static/2.0.52.Final/netty-tcnative-boringssl-static-2.0.52.Final-osx-aarch_64.jar:/home/sk117/.m2/repository/io/netty/netty-tcnative-boringssl-static/2.0.52.Final/netty-tcnative-boringssl-static-2.0.52.Final-windows-x86_64.jar:/home/sk117/.m2/repository/com/aayushatharva/brotli4j/brotli4j/1.7.1/brotli4j-1.7.1.jar:/home/sk117/.m2/repository/io/grpc/grpc-core/1.46.0/grpc-core-1.46.0.jar:/home/sk117/.m2/repository/io/grpc/grpc-api/1.46.0/grpc-api-1.46.0.jar:/home/sk117/.m2/repository/io/grpc/grpc-context/1.46.0/grpc-context-1.46.0.jar:/home/sk117/.m2/repository/org/codehaus/mojo/animal-sniffer-annotations/1.19/animal-sniffer-annotations-1.19.jar:/home/sk117/.m2/repository/io/perfmark/perfmark-api/0.25.0/perfmark-api-0.25.0.jar:/home/sk117/.m2/repository/io/grpc/grpc-netty/1.46.0/grpc-netty-1.46.0.jar:/home/sk117/.m2/repository/io/netty/netty-codec-http2/4.1.77.Final/netty-codec-http2-4.1.77.Final.jar:/home/sk117/.m2/repository/io/netty/netty-common/4.1.77.Final/netty-common-4.1.77.Final.jar:/home/sk117/.m2/repository/io/netty/netty-buffer/4.1.77.Final/netty-buffer-4.1.77.Final.jar:/home/sk117/.m2/repository/io/netty/netty-transport/4.1.77.Final/netty-transport-4.1.77.Final.jar:/home/sk117/.m2/repository/io/netty/netty-codec/4.1.77.Final/netty-codec-4.1.77.Final.jar:/home/sk117/.m2/repository/io/netty/netty-codec-http/4.1.77.Final/netty-codec-http-4.1.77.Final.jar:/home/sk117/.m2/repository/io/netty/netty-handler/4.1.77.Final/netty-handler-4.1.77.Final.jar:/home/sk117/.m2/repository/io/netty/netty-resolver/4.1.77.Final/netty-resolver-4.1.77.Final.jar:/home/sk117/.m2/repository/io/netty/netty-handler-proxy/4.1.77.Final/netty-handler-proxy-4.1.77.Final.jar:/home/sk117/.m2/repository/io/netty/netty-codec-socks/4.1.77.Final/netty-codec-socks-4.1.77.Final.jar:/home/sk117/.m2/repository/com/google/code/gson/gson/2.9.0/gson-2.9.0.jar:/home/sk117/.m2/repository/com/zaxxer/HikariCP/3.1.0/HikariCP-3.1.0.jar:/home/sk117/.m2/repository/org/slf4j/jcl-over-slf4j/1.7.30/jcl-over-slf4j-1.7.30.jar:/home/sk117/.m2/repository/com/orbitz/consul/consul-client/1.2.6/consul-client-1.2.6.jar:/home/sk117/.m2/repository/com/squareup/retrofit2/retrofit/2.3.0/retrofit-2.3.0.jar:/home/sk117/.m2/repository/com/squareup/retrofit2/converter-jackson/2.3.0/converter-jackson-2.3.0.jar:/home/sk117/.m2/repository/com/squareup/okhttp3/okhttp/3.14.9/okhttp-3.14.9.jar:/home/sk117/.m2/repository/com/squareup/okio/okio/1.17.2/okio-1.17.2.jar:/home/sk117/.m2/repository/com/google/code/findbugs/jsr305/1.3.9/jsr305-1.3.9.jar:/home/sk117/.m2/repository/com/fasterxml/jackson/core/jackson-annotations/2.13.2/jackson-annotations-2.13.2.jar:/home/sk117/.m2/repository/com/fasterxml/jackson/core/jackson-core/2.13.2/jackson-core-2.13.2.jar:/home/sk117/.m2/repository/com/fasterxml/jackson/core/jackson-databind/2.13.2.2/jackson-databind-2.13.2.2.jar:/home/sk117/.m2/repository/com/fasterxml/jackson/datatype/jackson-datatype-jdk8/2.9.5/jackson-datatype-jdk8-2.9.5.jar:/home/sk117/.m2/repository/com/fasterxml/jackson/datatype/jackson-datatype-guava/2.9.5/jackson-datatype-guava-2.9.5.jar:/home/sk117/.m2/repository/org/apache/commons/commons-lang3/3.12.0/commons-lang3-3.12.0.jar:/home/sk117/.m2/repository/org/slf4j/slf4j-api/1.7.30/slf4j-api-1.7.30.jar:/home/sk117/.m2/repository/org/slf4j/log4j-over-slf4j/1.7.30/log4j-over-slf4j-1.7.30.jar:/home/sk117/.m2/repository/org/apache/logging/log4j/log4j-core/2.17.1/log4j-core-2.17.1.jar:/home/sk117/.m2/repository/org/apache/logging/log4j/log4j-api/2.17.1/log4j-api-2.17.1.jar:/home/sk117/.m2/repository/org/apache/logging/log4j/log4j-slf4j-impl/2.17.1/log4j-slf4j-impl-2.17.1.jar:/home/sk117/.m2/repository/com/google/guava/guava/31.1-jre/guava-31.1-jre.jar:/home/sk117/.m2/repository/com/google/guava/failureaccess/1.0.1/failureaccess-1.0.1.jar:/home/sk117/.m2/repository/com/google/guava/listenablefuture/9999.0-empty-to-avoid-conflict-with-guava/listenablefuture-9999.0-empty-to-avoid-conflict-with-guava.jar:/home/sk117/.m2/repository/org/checkerframework/checker-qual/3.12.0/checker-qual-3.12.0.jar:/home/sk117/.m2/repository/org/testcontainers/testcontainers/1.15.3/testcontainers-1.15.3.jar:/home/sk117/.m2/repository/org/apache/commons/commons-compress/1.21/commons-compress-1.21.jar:/home/sk117/.m2/repository/org/rnorth/duct-tape/duct-tape/1.0.8/duct-tape-1.0.8.jar:/home/sk117/.m2/repository/org/rnorth/visible-assertions/visible-assertions/2.1.2/visible-assertions-2.1.2.jar:/home/sk117/.m2/repository/net/java/dev/jna/jna/5.2.0/jna-5.2.0.jar:/home/sk117/.m2/repository/com/github/docker-java/docker-java-api/3.2.8/docker-java-api-3.2.8.jar:/home/sk117/.m2/repository/com/github/docker-java/docker-java-transport-zerodep/3.2.8/docker-java-transport-zerodep-3.2.8.jar:/home/sk117/.m2/repository/com/github/docker-java/docker-java-transport/3.2.8/docker-java-transport-3.2.8.jar:/home/sk117/.m2/repository/com/google/errorprone/error_prone_annotations/2.11.0/error_prone_annotations-2.11.0.jar:/home/sk117/.m2/repository/junit/junit/4.13.1/junit-4.13.1.jar:/home/sk117/.m2/repository/org/hamcrest/hamcrest-core/1.3/hamcrest-core-1.3.jar:/home/sk117/.m2/repository/org/powermock/powermock-module-junit4/2.0.7/powermock-module-junit4-2.0.7.jar:/home/sk117/.m2/repository/org/powermock/powermock-module-junit4-common/2.0.7/powermock-module-junit4-common-2.0.7.jar:/home/sk117/.m2/repository/org/powermock/powermock-reflect/2.0.7/powermock-reflect-2.0.7.jar:/home/sk117/.m2/repository/net/bytebuddy/byte-buddy/1.9.10/byte-buddy-1.9.10.jar:/home/sk117/.m2/repository/net/bytebuddy/byte-buddy-agent/1.9.10/byte-buddy-agent-1.9.10.jar:/home/sk117/.m2/repository/org/powermock/powermock-core/2.0.7/powermock-core-2.0.7.jar:/home/sk117/.m2/repository/org/javassist/javassist/3.25.0-GA/javassist-3.25.0-GA.jar:/home/sk117/.m2/repository/org/powermock/powermock-api-mockito2/2.0.7/powermock-api-mockito2-2.0.7.jar:/home/sk117/.m2/repository/org/powermock/powermock-api-support/2.0.7/powermock-api-support-2.0.7.jar:/home/sk117/.m2/repository/org/mockito/mockito-core/3.5.13/mockito-core-3.5.13.jar:/home/sk117/.m2/repository/org/objenesis/objenesis/3.1/objenesis-3.1.jar:/home/sk117/.m2/repository/org/assertj/assertj-core/3.20.2/assertj-core-3.20.2.jar:/home/sk117/.m2/repository/org/openjdk/jmh/jmh-core/1.21/jmh-core-1.21.jar:/home/sk117/.m2/repository/net/sf/jopt-simple/jopt-simple/4.6/jopt-simple-4.6.jar:/home/sk117/.m2/repository/org/apache/commons/commons-math3/3.2/commons-math3-3.2.jar:/home/sk117/.m2/repository/org/projectlombok/lombok/1.18.22/lombok-1.18.22.jar:/home/sk117/.m2/repository/javax/annotation/javax.annotation-api/1.3.2/javax.annotation-api-1.3.2.jar:"/>
    <property name="sun.cpu.endian" value="little"/>
    <property name="user.home" value="/home/sk117"/>
    <property name="user.language" value="en"/>
    <property name="java.specification.vendor" value="Oracle Corporation"/>
    <property name="java.version.date" value="2022-10-18"/>
    <property name="java.home" value="/usr/lib/jvm/java-11-openjdk-amd64"/>
    <property name="file.separator" value="/"/>
    <property name="basedir" value="/home/sk117/final-project/copy/apache-skywalking-apm-9.2.0/oap-server/server-configuration/configuration-consul"/>
    <property name="java.vm.compressedOopsMode" value="32-bit"/>
    <property name="line.separator" value="&#10;"/>
    <property name="java.specification.name" value="Java Platform API Specification"/>
    <property name="java.vm.specification.vendor" value="Oracle Corporation"/>
    <property name="java.awt.graphicsenv" value="sun.awt.X11GraphicsEnvironment"/>
    <property name="surefire.real.class.path" value="/home/sk117/final-project/copy/apache-skywalking-apm-9.2.0/oap-server/server-configuration/configuration-consul/target/surefire/surefirebooter5156132128308233348.jar"/>
    <property name="sun.management.compiler" value="HotSpot 64-Bit Tiered Compilers"/>
    <property name="java.runtime.version" value="11.0.17+8-post-Ubuntu-1ubuntu220.04"/>
    <property name="user.name" value="sk117"/>
    <property name="path.separator" value=":"/>
    <property name="os.version" value="5.4.0-132-generic"/>
    <property name="java.runtime.name" value="OpenJDK Runtime Environment"/>
    <property name="file.encoding" value="UTF-8"/>
    <property name="java.vm.name" value="OpenJDK 64-Bit Server VM"/>
    <property name="localRepository" value="/home/sk117/.m2/repository"/>
    <property name="java.vendor.url.bug" value="https://bugs.launchpad.net/ubuntu/+source/openjdk-lts"/>
    <property name="java.io.tmpdir" value="/tmp"/>
    <property name="java.version" value="11.0.17"/>
    <property name="user.dir" value="/home/sk117/final-project/copy/apache-skywalking-apm-9.2.0/oap-server/server-configuration/configuration-consul"/>
    <property name="os.arch" value="amd64"/>
    <property name="java.vm.specification.name" value="Java Virtual Machine Specification"/>
    <property name="java.awt.printerjob" value="sun.print.PSPrinterJob"/>
    <property name="failIfNoTests" value="false"/>
    <property name="sun.os.patch.level" value="unknown"/>
    <property name="java.library.path" value="/usr/java/packages/lib:/usr/lib/x86_64-linux-gnu/jni:/lib/x86_64-linux-gnu:/usr/lib/x86_64-linux-gnu:/usr/lib/jni:/lib:/usr/lib"/>
    <property name="java.vm.info" value="mixed mode, sharing"/>
    <property name="java.vendor" value="Ubuntu"/>
    <property name="java.vm.version" value="11.0.17+8-post-Ubuntu-1ubuntu220.04"/>
    <property name="sun.io.unicode.encoding" value="UnicodeLittle"/>
    <property name="java.class.version" value="55.0"/>
  </properties>
  <testcase name="shouldReadUpdated" classname="org.apache.skywalking.oap.server.configuration.consul.ITConsulConfigurationTest" time="16.684"/>
</testsuite>