<?xml version="1.0" encoding="UTF-8"?>
<testsuite xmlns:xsi="http://www.w3.org/2001/XMLSchema-instance" xsi:noNamespaceSchemaLocation="https://maven.apache.org/surefire/maven-surefire-plugin/xsd/surefire-test-report.xsd" name="org.apache.skywalking.oap.server.configuration.apollo.ITApolloConfigurationTest" time="82.372" tests="1" errors="1" skipped="0" failures="0">
  <properties>
    <property name="awt.toolkit" value="sun.awt.X11.XToolkit"/>
    <property name="java.specification.version" value="11"/>
    <property name="sun.cpu.isalist" value=""/>
    <property name="sun.jnu.encoding" value="UTF-8"/>
    <property name="java.class.path" value="/home/sk117/final-project/copy/apache-skywalking-apm-9.2.0/oap-server/server-configuration/configuration-apollo/target/test-classes:/home/sk117/final-project/copy/apache-skywalking-apm-9.2.0/oap-server/server-configuration/configuration-apollo/target/classes:/home/sk117/.m2/repository/org/apache/skywalking/configuration-api/9.2.0/configuration-api-9.2.0.jar:/home/sk117/.m2/repository/org/apache/skywalking/library-module/9.2.0/library-module-9.2.0.jar:/home/sk117/.m2/repository/org/apache/skywalking/library-client/9.2.0/library-client-9.2.0.jar:/home/sk117/.m2/repository/org/apache/skywalking/library-util/9.2.0/library-util-9.2.0.jar:/home/sk117/.m2/repository/joda-time/joda-time/2.10.5/joda-time-2.10.5.jar:/home/sk117/.m2/repository/com/google/protobuf/protobuf-java/3.19.4/protobuf-java-3.19.4.jar:/home/sk117/.m2/repository/com/google/protobuf/protobuf-java-util/3.19.4/protobuf-java-util-3.19.4.jar:/home/sk117/.m2/repository/com/google/j2objc/j2objc-annotations/1.3/j2objc-annotations-1.3.jar:/home/sk117/.m2/repository/org/apache/commons/commons-text/1.4/commons-text-1.4.jar:/home/sk117/.m2/repository/org/apache/commons/commons-lang3/3.12.0/commons-lang3-3.12.0.jar:/home/sk117/.m2/repository/org/apache/skywalking/library-elasticsearch-client/9.2.0/library-elasticsearch-client-9.2.0.jar:/home/sk117/.m2/repository/com/linecorp/armeria/armeria/1.16.0/armeria-1.16.0.jar:/home/sk117/.m2/repository/com/fasterxml/jackson/core/jackson-core/2.13.2/jackson-core-2.13.2.jar:/home/sk117/.m2/repository/com/fasterxml/jackson/core/jackson-databind/2.13.2.2/jackson-databind-2.13.2.2.jar:/home/sk117/.m2/repository/io/micrometer/micrometer-core/1.8.5/micrometer-core-1.8.5.jar:/home/sk117/.m2/repository/org/hdrhistogram/HdrHistogram/2.1.12/HdrHistogram-2.1.12.jar:/home/sk117/.m2/repository/org/latencyutils/LatencyUtils/2.0.3/LatencyUtils-2.0.3.jar:/home/sk117/.m2/repository/io/netty/netty-codec-haproxy/4.1.77.Final/netty-codec-haproxy-4.1.77.Final.jar:/home/sk117/.m2/repository/io/netty/netty-resolver-dns/4.1.77.Final/netty-resolver-dns-4.1.77.Final.jar:/home/sk117/.m2/repository/io/netty/netty-codec-dns/4.1.77.Final/netty-codec-dns-4.1.77.Final.jar:/home/sk117/.m2/repository/org/reactivestreams/reactive-streams/1.0.3/reactive-streams-1.0.3.jar:/home/sk117/.m2/repository/io/netty/netty-resolver-dns-native-macos/4.1.77.Final/netty-resolver-dns-native-macos-4.1.77.Final-osx-x86_64.jar:/home/sk117/.m2/repository/io/netty/netty-resolver-dns-classes-macos/4.1.77.Final/netty-resolver-dns-classes-macos-4.1.77.Final.jar:/home/sk117/.m2/repository/io/netty/netty-resolver-dns-native-macos/4.1.77.Final/netty-resolver-dns-native-macos-4.1.77.Final-osx-aarch_64.jar:/home/sk117/.m2/repository/io/netty/netty-transport-native-unix-common/4.1.77.Final/netty-transport-native-unix-common-4.1.77.Final-linux-x86_64.jar:/home/sk117/.m2/repository/io/netty/netty-transport-native-epoll/4.1.77.Final/netty-transport-native-epoll-4.1.77.Final-linux-x86_64.jar:/home/sk117/.m2/repository/io/netty/netty-transport-native-unix-common/4.1.77.Final/netty-transport-native-unix-common-4.1.77.Final.jar:/home/sk117/.m2/repository/io/netty/netty-transport-classes-epoll/4.1.77.Final/netty-transport-classes-epoll-4.1.77.Final.jar:/home/sk117/.m2/repository/io/netty/netty-tcnative-boringssl-static/2.0.52.Final/netty-tcnative-boringssl-static-2.0.52.Final-linux-x86_64.jar:/home/sk117/.m2/repository/io/netty/netty-tcnative-classes/2.0.52.Final/netty-tcnative-classes-2.0.52.Final.jar:/home/sk117/.m2/repository/io/netty/netty-tcnative-boringssl-static/2.0.52.Final/netty-tcnative-boringssl-static-2.0.52.Final-linux-aarch_64.jar:/home/sk117/.m2/repository/io/netty/netty-tcnative-boringssl-static/2.0.52.Final/netty-tcnative-boringssl-static-2.0.52.Final-osx-x86_64.jar:/home/sk117/.m2/repository/io/netty/netty-tcnative-boringssl-static/2.0.52.Final/netty-tcnative-boringssl-static-2.0.52.Final-osx-aarch_64.jar:/home/sk117/.m2/repository/io/netty/netty-tcnative-boringssl-static/2.0.52.Final/netty-tcnative-boringssl-static-2.0.52.Final-windows-x86_64.jar:/home/sk117/.m2/repository/com/aayushatharva/brotli4j/brotli4j/1.7.1/brotli4j-1.7.1.jar:/home/sk117/.m2/repository/io/grpc/grpc-core/1.46.0/grpc-core-1.46.0.jar:/home/sk117/.m2/repository/io/grpc/grpc-api/1.46.0/grpc-api-1.46.0.jar:/home/sk117/.m2/repository/io/grpc/grpc-context/1.46.0/grpc-context-1.46.0.jar:/home/sk117/.m2/repository/org/codehaus/mojo/animal-sniffer-annotations/1.19/animal-sniffer-annotations-1.19.jar:/home/sk117/.m2/repository/io/perfmark/perfmark-api/0.25.0/perfmark-api-0.25.0.jar:/home/sk117/.m2/repository/io/grpc/grpc-netty/1.46.0/grpc-netty-1.46.0.jar:/home/sk117/.m2/repository/io/netty/netty-codec-http2/4.1.77.Final/netty-codec-http2-4.1.77.Final.jar:/home/sk117/.m2/repository/io/netty/netty-common/4.1.77.Final/netty-common-4.1.77.Final.jar:/home/sk117/.m2/repository/io/netty/netty-buffer/4.1.77.Final/netty-buffer-4.1.77.Final.jar:/home/sk117/.m2/repository/io/netty/netty-transport/4.1.77.Final/netty-transport-4.1.77.Final.jar:/home/sk117/.m2/repository/io/netty/netty-codec/4.1.77.Final/netty-codec-4.1.77.Final.jar:/home/sk117/.m2/repository/io/netty/netty-codec-http/4.1.77.Final/netty-codec-http-4.1.77.Final.jar:/home/sk117/.m2/repository/io/netty/netty-handler/4.1.77.Final/netty-handler-4.1.77.Final.jar:/home/sk117/.m2/repository/io/netty/netty-resolver/4.1.77.Final/netty-resolver-4.1.77.Final.jar:/home/sk117/.m2/repository/io/netty/netty-handler-proxy/4.1.77.Final/netty-handler-proxy-4.1.77.Final.jar:/home/sk117/.m2/repository/io/netty/netty-codec-socks/4.1.77.Final/netty-codec-socks-4.1.77.Final.jar:/home/sk117/.m2/repository/com/google/code/gson/gson/2.9.0/gson-2.9.0.jar:/home/sk117/.m2/repository/com/zaxxer/HikariCP/3.1.0/HikariCP-3.1.0.jar:/home/sk117/.m2/repository/org/slf4j/jcl-over-slf4j/1.7.30/jcl-over-slf4j-1.7.30.jar:/home/sk117/.m2/repository/com/ctrip/framework/apollo/apollo-client/1.8.0/apollo-client-1.8.0.jar:/home/sk117/.m2/repository/com/ctrip/framework/apollo/apollo-core/1.8.0/apollo-core-1.8.0.jar:/home/sk117/.m2/repository/com/google/inject/guice/4.1.0/guice-4.1.0.jar:/home/sk117/.m2/repository/javax/inject/javax.inject/1/javax.inject-1.jar:/home/sk117/.m2/repository/aopalliance/aopalliance/1.0/aopalliance-1.0.jar:/home/sk117/.m2/repository/org/yaml/snakeyaml/1.28/snakeyaml-1.28.jar:/home/sk117/.m2/repository/org/apache/httpcomponents/httpclient/4.5.13/httpclient-4.5.13.jar:/home/sk117/.m2/repository/org/apache/httpcomponents/httpcore/4.4.13/httpcore-4.4.13.jar:/home/sk117/.m2/repository/commons-logging/commons-logging/1.2/commons-logging-1.2.jar:/home/sk117/.m2/repository/commons-codec/commons-codec/1.11/commons-codec-1.11.jar:/home/sk117/.m2/repository/org/slf4j/slf4j-api/1.7.30/slf4j-api-1.7.30.jar:/home/sk117/.m2/repository/org/slf4j/log4j-over-slf4j/1.7.30/log4j-over-slf4j-1.7.30.jar:/home/sk117/.m2/repository/org/apache/logging/log4j/log4j-core/2.17.1/log4j-core-2.17.1.jar:/home/sk117/.m2/repository/org/apache/logging/log4j/log4j-api/2.17.1/log4j-api-2.17.1.jar:/home/sk117/.m2/repository/org/apache/logging/log4j/log4j-slf4j-impl/2.17.1/log4j-slf4j-impl-2.17.1.jar:/home/sk117/.m2/repository/com/google/guava/guava/31.1-jre/guava-31.1-jre.jar:/home/sk117/.m2/repository/com/google/guava/failureaccess/1.0.1/failureaccess-1.0.1.jar:/home/sk117/.m2/repository/com/google/guava/listenablefuture/9999.0-empty-to-avoid-conflict-with-guava/listenablefuture-9999.0-empty-to-avoid-conflict-with-guava.jar:/home/sk117/.m2/repository/com/google/code/findbugs/jsr305/3.0.2/jsr305-3.0.2.jar:/home/sk117/.m2/repository/org/checkerframework/checker-qual/3.12.0/checker-qual-3.12.0.jar:/home/sk117/.m2/repository/org/testcontainers/testcontainers/1.15.3/testcontainers-1.15.3.jar:/home/sk117/.m2/repository/org/apache/commons/commons-compress/1.21/commons-compress-1.21.jar:/home/sk117/.m2/repository/org/rnorth/duct-tape/duct-tape/1.0.8/duct-tape-1.0.8.jar:/home/sk117/.m2/repository/org/rnorth/visible-assertions/visible-assertions/2.1.2/visible-assertions-2.1.2.jar:/home/sk117/.m2/repository/net/java/dev/jna/jna/5.2.0/jna-5.2.0.jar:/home/sk117/.m2/repository/com/github/docker-java/docker-java-api/3.2.8/docker-java-api-3.2.8.jar:/home/sk117/.m2/repository/com/fasterxml/jackson/core/jackson-annotations/2.13.2/jackson-annotations-2.13.2.jar:/home/sk117/.m2/repository/com/github/docker-java/docker-java-transport-zerodep/3.2.8/docker-java-transport-zerodep-3.2.8.jar:/home/sk117/.m2/repository/com/github/docker-java/docker-java-transport/3.2.8/docker-java-transport-3.2.8.jar:/home/sk117/.m2/repository/com/google/errorprone/error_prone_annotations/2.11.0/error_prone_annotations-2.11.0.jar:/home/sk117/.m2/repository/junit/junit/4.13.1/junit-4.13.1.jar:/home/sk117/.m2/repository/org/hamcrest/hamcrest-core/1.3/hamcrest-core-1.3.jar:/home/sk117/.m2/repository/org/powermock/powermock-module-junit4/2.0.7/powermock-module-junit4-2.0.7.jar:/home/sk117/.m2/repository/org/powermock/powermock-module-junit4-common/2.0.7/powermock-module-junit4-common-2.0.7.jar:/home/sk117/.m2/repository/org/powermock/powermock-reflect/2.0.7/powermock-reflect-2.0.7.jar:/home/sk117/.m2/repository/net/bytebuddy/byte-buddy/1.9.10/byte-buddy-1.9.10.jar:/home/sk117/.m2/repository/net/bytebuddy/byte-buddy-agent/1.9.10/byte-buddy-agent-1.9.10.jar:/home/sk117/.m2/repository/org/powermock/powermock-core/2.0.7/powermock-core-2.0.7.jar:/home/sk117/.m2/repository/org/javassist/javassist/3.25.0-GA/javassist-3.25.0-GA.jar:/home/sk117/.m2/repository/org/powermock/powermock-api-mockito2/2.0.7/powermock-api-mockito2-2.0.7.jar:/home/sk117/.m2/repository/org/powermock/powermock-api-support/2.0.7/powermock-api-support-2.0.7.jar:/home/sk117/.m2/repository/org/mockito/mockito-core/3.5.13/mockito-core-3.5.13.jar:/home/sk117/.m2/repository/org/objenesis/objenesis/3.1/objenesis-3.1.jar:/home/sk117/.m2/repository/org/assertj/assertj-core/3.20.2/assertj-core-3.20.2.jar:/home/sk117/.m2/repository/org/openjdk/jmh/jmh-core/1.21/jmh-core-1.21.jar:/home/sk117/.m2/repository/net/sf/jopt-simple/jopt-simple/4.6/jopt-simple-4.6.jar:/home/sk117/.m2/repository/org/apache/commons/commons-math3/3.2/commons-math3-3.2.jar:/home/sk117/.m2/repository/org/projectlombok/lombok/1.18.22/lombok-1.18.22.jar:/home/sk117/.m2/repository/javax/annotation/javax.annotation-api/1.3.2/javax.annotation-api-1.3.2.jar:"/>
    <property name="java.vm.vendor" value="Ubuntu"/>
    <property name="sun.arch.data.model" value="64"/>
    <property name="java.vendor.url" value="https://ubuntu.com/"/>
    <property name="user.timezone" value=""/>
    <property name="java.vm.specification.version" value="11"/>
    <property name="os.name" value="Linux"/>
    <property name="sun.java.launcher" value="SUN_STANDARD"/>
    <property name="user.country" value="US"/>
    <property name="sun.boot.library.path" value="/usr/lib/jvm/java-11-openjdk-amd64/lib"/>
    <property name="sun.java.command" value="/home/sk117/final-project/copy/apache-skywalking-apm-9.2.0/oap-server/server-configuration/configuration-apollo/target/surefire/surefirebooter10950408333013148861.jar /home/sk117/final-project/copy/apache-skywalking-apm-9.2.0/oap-server/server-configuration/configuration-apollo/target/surefire 2022-11-29T02-55-50_239-jvmRun1 surefire5550821064297741592tmp surefire_013251713780247367966tmp"/>
    <property name="jdk.debug" value="release"/>
    <property name="test" value="org.apache.skywalking.oap.server.configuration.apollo.ITApolloConfigurationTest#shouldReadUpdated4Group"/>
    <property name="surefire.test.class.path" value="/home/sk117/final-project/copy/apache-skywalking-apm-9.2.0/oap-server/server-configuration/configuration-apollo/target/test-classes:/home/sk117/final-project/copy/apache-skywalking-apm-9.2.0/oap-server/server-configuration/configuration-apollo/target/classes:/home/sk117/.m2/repository/org/apache/skywalking/configuration-api/9.2.0/configuration-api-9.2.0.jar:/home/sk117/.m2/repository/org/apache/skywalking/library-module/9.2.0/library-module-9.2.0.jar:/home/sk117/.m2/repository/org/apache/skywalking/library-client/9.2.0/library-client-9.2.0.jar:/home/sk117/.m2/repository/org/apache/skywalking/library-util/9.2.0/library-util-9.2.0.jar:/home/sk117/.m2/repository/joda-time/joda-time/2.10.5/joda-time-2.10.5.jar:/home/sk117/.m2/repository/com/google/protobuf/protobuf-java/3.19.4/protobuf-java-3.19.4.jar:/home/sk117/.m2/repository/com/google/protobuf/protobuf-java-util/3.19.4/protobuf-java-util-3.19.4.jar:/home/sk117/.m2/repository/com/google/j2objc/j2objc-annotations/1.3/j2objc-annotations-1.3.jar:/home/sk117/.m2/repository/org/apache/commons/commons-text/1.4/commons-text-1.4.jar:/home/sk117/.m2/repository/org/apache/commons/commons-lang3/3.12.0/commons-lang3-3.12.0.jar:/home/sk117/.m2/repository/org/apache/skywalking/library-elasticsearch-client/9.2.0/library-elasticsearch-client-9.2.0.jar:/home/sk117/.m2/repository/com/linecorp/armeria/armeria/1.16.0/armeria-1.16.0.jar:/home/sk117/.m2/repository/com/fasterxml/jackson/core/jackson-core/2.13.2/jackson-core-2.13.2.jar:/home/sk117/.m2/repository/com/fasterxml/jackson/core/jackson-databind/2.13.2.2/jackson-databind-2.13.2.2.jar:/home/sk117/.m2/repository/io/micrometer/micrometer-core/1.8.5/micrometer-core-1.8.5.jar:/home/sk117/.m2/repository/org/hdrhistogram/HdrHistogram/2.1.12/HdrHistogram-2.1.12.jar:/home/sk117/.m2/repository/org/latencyutils/LatencyUtils/2.0.3/LatencyUtils-2.0.3.jar:/home/sk117/.m2/repository/io/netty/netty-codec-haproxy/4.1.77.Final/netty-codec-haproxy-4.1.77.Final.jar:/home/sk117/.m2/repository/io/netty/netty-resolver-dns/4.1.77.Final/netty-resolver-dns-4.1.77.Final.jar:/home/sk117/.m2/repository/io/netty/netty-codec-dns/4.1.77.Final/netty-codec-dns-4.1.77.Final.jar:/home/sk117/.m2/repository/org/reactivestreams/reactive-streams/1.0.3/reactive-streams-1.0.3.jar:/home/sk117/.m2/repository/io/netty/netty-resolver-dns-native-macos/4.1.77.Final/netty-resolver-dns-native-macos-4.1.77.Final-osx-x86_64.jar:/home/sk117/.m2/repository/io/netty/netty-resolver-dns-classes-macos/4.1.77.Final/netty-resolver-dns-classes-macos-4.1.77.Final.jar:/home/sk117/.m2/repository/io/netty/netty-resolver-dns-native-macos/4.1.77.Final/netty-resolver-dns-native-macos-4.1.77.Final-osx-aarch_64.jar:/home/sk117/.m2/repository/io/netty/netty-transport-native-unix-common/4.1.77.Final/netty-transport-native-unix-common-4.1.77.Final-linux-x86_64.jar:/home/sk117/.m2/repository/io/netty/netty-transport-native-epoll/4.1.77.Final/netty-transport-native-epoll-4.1.77.Final-linux-x86_64.jar:/home/sk117/.m2/repository/io/netty/netty-transport-native-unix-common/4.1.77.Final/netty-transport-native-unix-common-4.1.77.Final.jar:/home/sk117/.m2/repository/io/netty/netty-transport-classes-epoll/4.1.77.Final/netty-transport-classes-epoll-4.1.77.Final.jar:/home/sk117/.m2/repository/io/netty/netty-tcnative-boringssl-static/2.0.52.Final/netty-tcnative-boringssl-static-2.0.52.Final-linux-x86_64.jar:/home/sk117/.m2/repository/io/netty/netty-tcnative-classes/2.0.52.Final/netty-tcnative-classes-2.0.52.Final.jar:/home/sk117/.m2/repository/io/netty/netty-tcnative-boringssl-static/2.0.52.Final/netty-tcnative-boringssl-static-2.0.52.Final-linux-aarch_64.jar:/home/sk117/.m2/repository/io/netty/netty-tcnative-boringssl-static/2.0.52.Final/netty-tcnative-boringssl-static-2.0.52.Final-osx-x86_64.jar:/home/sk117/.m2/repository/io/netty/netty-tcnative-boringssl-static/2.0.52.Final/netty-tcnative-boringssl-static-2.0.52.Final-osx-aarch_64.jar:/home/sk117/.m2/repository/io/netty/netty-tcnative-boringssl-static/2.0.52.Final/netty-tcnative-boringssl-static-2.0.52.Final-windows-x86_64.jar:/home/sk117/.m2/repository/com/aayushatharva/brotli4j/brotli4j/1.7.1/brotli4j-1.7.1.jar:/home/sk117/.m2/repository/io/grpc/grpc-core/1.46.0/grpc-core-1.46.0.jar:/home/sk117/.m2/repository/io/grpc/grpc-api/1.46.0/grpc-api-1.46.0.jar:/home/sk117/.m2/repository/io/grpc/grpc-context/1.46.0/grpc-context-1.46.0.jar:/home/sk117/.m2/repository/org/codehaus/mojo/animal-sniffer-annotations/1.19/animal-sniffer-annotations-1.19.jar:/home/sk117/.m2/repository/io/perfmark/perfmark-api/0.25.0/perfmark-api-0.25.0.jar:/home/sk117/.m2/repository/io/grpc/grpc-netty/1.46.0/grpc-netty-1.46.0.jar:/home/sk117/.m2/repository/io/netty/netty-codec-http2/4.1.77.Final/netty-codec-http2-4.1.77.Final.jar:/home/sk117/.m2/repository/io/netty/netty-common/4.1.77.Final/netty-common-4.1.77.Final.jar:/home/sk117/.m2/repository/io/netty/netty-buffer/4.1.77.Final/netty-buffer-4.1.77.Final.jar:/home/sk117/.m2/repository/io/netty/netty-transport/4.1.77.Final/netty-transport-4.1.77.Final.jar:/home/sk117/.m2/repository/io/netty/netty-codec/4.1.77.Final/netty-codec-4.1.77.Final.jar:/home/sk117/.m2/repository/io/netty/netty-codec-http/4.1.77.Final/netty-codec-http-4.1.77.Final.jar:/home/sk117/.m2/repository/io/netty/netty-handler/4.1.77.Final/netty-handler-4.1.77.Final.jar:/home/sk117/.m2/repository/io/netty/netty-resolver/4.1.77.Final/netty-resolver-4.1.77.Final.jar:/home/sk117/.m2/repository/io/netty/netty-handler-proxy/4.1.77.Final/netty-handler-proxy-4.1.77.Final.jar:/home/sk117/.m2/repository/io/netty/netty-codec-socks/4.1.77.Final/netty-codec-socks-4.1.77.Final.jar:/home/sk117/.m2/repository/com/google/code/gson/gson/2.9.0/gson-2.9.0.jar:/home/sk117/.m2/repository/com/zaxxer/HikariCP/3.1.0/HikariCP-3.1.0.jar:/home/sk117/.m2/repository/org/slf4j/jcl-over-slf4j/1.7.30/jcl-over-slf4j-1.7.30.jar:/home/sk117/.m2/repository/com/ctrip/framework/apollo/apollo-client/1.8.0/apollo-client-1.8.0.jar:/home/sk117/.m2/repository/com/ctrip/framework/apollo/apollo-core/1.8.0/apollo-core-1.8.0.jar:/home/sk117/.m2/repository/com/google/inject/guice/4.1.0/guice-4.1.0.jar:/home/sk117/.m2/repository/javax/inject/javax.inject/1/javax.inject-1.jar:/home/sk117/.m2/repository/aopalliance/aopalliance/1.0/aopalliance-1.0.jar:/home/sk117/.m2/repository/org/yaml/snakeyaml/1.28/snakeyaml-1.28.jar:/home/sk117/.m2/repository/org/apache/httpcomponents/httpclient/4.5.13/httpclient-4.5.13.jar:/home/sk117/.m2/repository/org/apache/httpcomponents/httpcore/4.4.13/httpcore-4.4.13.jar:/home/sk117/.m2/repository/commons-logging/commons-logging/1.2/commons-logging-1.2.jar:/home/sk117/.m2/repository/commons-codec/commons-codec/1.11/commons-codec-1.11.jar:/home/sk117/.m2/repository/org/slf4j/slf4j-api/1.7.30/slf4j-api-1.7.30.jar:/home/sk117/.m2/repository/org/slf4j/log4j-over-slf4j/1.7.30/log4j-over-slf4j-1.7.30.jar:/home/sk117/.m2/repository/org/apache/logging/log4j/log4j-core/2.17.1/log4j-core-2.17.1.jar:/home/sk117/.m2/repository/org/apache/logging/log4j/log4j-api/2.17.1/log4j-api-2.17.1.jar:/home/sk117/.m2/repository/org/apache/logging/log4j/log4j-slf4j-impl/2.17.1/log4j-slf4j-impl-2.17.1.jar:/home/sk117/.m2/repository/com/google/guava/guava/31.1-jre/guava-31.1-jre.jar:/home/sk117/.m2/repository/com/google/guava/failureaccess/1.0.1/failureaccess-1.0.1.jar:/home/sk117/.m2/repository/com/google/guava/listenablefuture/9999.0-empty-to-avoid-conflict-with-guava/listenablefuture-9999.0-empty-to-avoid-conflict-with-guava.jar:/home/sk117/.m2/repository/com/google/code/findbugs/jsr305/3.0.2/jsr305-3.0.2.jar:/home/sk117/.m2/repository/org/checkerframework/checker-qual/3.12.0/checker-qual-3.12.0.jar:/home/sk117/.m2/repository/org/testcontainers/testcontainers/1.15.3/testcontainers-1.15.3.jar:/home/sk117/.m2/repository/org/apache/commons/commons-compress/1.21/commons-compress-1.21.jar:/home/sk117/.m2/repository/org/rnorth/duct-tape/duct-tape/1.0.8/duct-tape-1.0.8.jar:/home/sk117/.m2/repository/org/rnorth/visible-assertions/visible-assertions/2.1.2/visible-assertions-2.1.2.jar:/home/sk117/.m2/repository/net/java/dev/jna/jna/5.2.0/jna-5.2.0.jar:/home/sk117/.m2/repository/com/github/docker-java/docker-java-api/3.2.8/docker-java-api-3.2.8.jar:/home/sk117/.m2/repository/com/fasterxml/jackson/core/jackson-annotations/2.13.2/jackson-annotations-2.13.2.jar:/home/sk117/.m2/repository/com/github/docker-java/docker-java-transport-zerodep/3.2.8/docker-java-transport-zerodep-3.2.8.jar:/home/sk117/.m2/repository/com/github/docker-java/docker-java-transport/3.2.8/docker-java-transport-3.2.8.jar:/home/sk117/.m2/repository/com/google/errorprone/error_prone_annotations/2.11.0/error_prone_annotations-2.11.0.jar:/home/sk117/.m2/repository/junit/junit/4.13.1/junit-4.13.1.jar:/home/sk117/.m2/repository/org/hamcrest/hamcrest-core/1.3/hamcrest-core-1.3.jar:/home/sk117/.m2/repository/org/powermock/powermock-module-junit4/2.0.7/powermock-module-junit4-2.0.7.jar:/home/sk117/.m2/repository/org/powermock/powermock-module-junit4-common/2.0.7/powermock-module-junit4-common-2.0.7.jar:/home/sk117/.m2/repository/org/powermock/powermock-reflect/2.0.7/powermock-reflect-2.0.7.jar:/home/sk117/.m2/repository/net/bytebuddy/byte-buddy/1.9.10/byte-buddy-1.9.10.jar:/home/sk117/.m2/repository/net/bytebuddy/byte-buddy-agent/1.9.10/byte-buddy-agent-1.9.10.jar:/home/sk117/.m2/repository/org/powermock/powermock-core/2.0.7/powermock-core-2.0.7.jar:/home/sk117/.m2/repository/org/javassist/javassist/3.25.0-GA/javassist-3.25.0-GA.jar:/home/sk117/.m2/repository/org/powermock/powermock-api-mockito2/2.0.7/powermock-api-mockito2-2.0.7.jar:/home/sk117/.m2/repository/org/powermock/powermock-api-support/2.0.7/powermock-api-support-2.0.7.jar:/home/sk117/.m2/repository/org/mockito/mockito-core/3.5.13/mockito-core-3.5.13.jar:/home/sk117/.m2/repository/org/objenesis/objenesis/3.1/objenesis-3.1.jar:/home/sk117/.m2/repository/org/assertj/assertj-core/3.20.2/assertj-core-3.20.2.jar:/home/sk117/.m2/repository/org/openjdk/jmh/jmh-core/1.21/jmh-core-1.21.jar:/home/sk117/.m2/repository/net/sf/jopt-simple/jopt-simple/4.6/jopt-simple-4.6.jar:/home/sk117/.m2/repository/org/apache/commons/commons-math3/3.2/commons-math3-3.2.jar:/home/sk117/.m2/repository/org/projectlombok/lombok/1.18.22/lombok-1.18.22.jar:/home/sk117/.m2/repository/javax/annotation/javax.annotation-api/1.3.2/javax.annotation-api-1.3.2.jar:"/>
    <property name="sun.cpu.endian" value="little"/>
    <property name="user.home" value="/home/sk117"/>
    <property name="user.language" value="en"/>
    <property name="java.specification.vendor" value="Oracle Corporation"/>
    <property name="java.version.date" value="2022-10-18"/>
    <property name="java.home" value="/usr/lib/jvm/java-11-openjdk-amd64"/>
    <property name="file.separator" value="/"/>
    <property name="basedir" value="/home/sk117/final-project/copy/apache-skywalking-apm-9.2.0/oap-server/server-configuration/configuration-apollo"/>
    <property name="java.vm.compressedOopsMode" value="32-bit"/>
    <property name="line.separator" value="&#10;"/>
    <property name="java.specification.name" value="Java Platform API Specification"/>
    <property name="java.vm.specification.vendor" value="Oracle Corporation"/>
    <property name="java.awt.graphicsenv" value="sun.awt.X11GraphicsEnvironment"/>
    <property name="surefire.real.class.path" value="/home/sk117/final-project/copy/apache-skywalking-apm-9.2.0/oap-server/server-configuration/configuration-apollo/target/surefire/surefirebooter10950408333013148861.jar"/>
    <property name="sun.management.compiler" value="HotSpot 64-Bit Tiered Compilers"/>
    <property name="java.runtime.version" value="11.0.17+8-post-Ubuntu-1ubuntu220.04"/>
    <property name="user.name" value="sk117"/>
    <property name="path.separator" value=":"/>
    <property name="os.version" value="5.4.0-132-generic"/>
    <property name="java.runtime.name" value="OpenJDK Runtime Environment"/>
    <property name="file.encoding" value="UTF-8"/>
    <property name="java.vm.name" value="OpenJDK 64-Bit Server VM"/>
    <property name="localRepository" value="/home/sk117/.m2/repository"/>
    <property name="java.vendor.url.bug" value="https://bugs.launchpad.net/ubuntu/+source/openjdk-lts"/>
    <property name="java.io.tmpdir" value="/tmp"/>
    <property name="java.version" value="11.0.17"/>
    <property name="user.dir" value="/home/sk117/final-project/copy/apache-skywalking-apm-9.2.0/oap-server/server-configuration/configuration-apollo"/>
    <property name="os.arch" value="amd64"/>
    <property name="java.vm.specification.name" value="Java Virtual Machine Specification"/>
    <property name="java.awt.printerjob" value="sun.print.PSPrinterJob"/>
    <property name="failIfNoTests" value="false"/>
    <property name="sun.os.patch.level" value="unknown"/>
    <property name="java.library.path" value="/usr/java/packages/lib:/usr/lib/x86_64-linux-gnu/jni:/lib/x86_64-linux-gnu:/usr/lib/x86_64-linux-gnu:/usr/lib/jni:/lib:/usr/lib"/>
    <property name="java.vm.info" value="mixed mode, sharing"/>
    <property name="java.vendor" value="Ubuntu"/>
    <property name="java.vm.version" value="11.0.17+8-post-Ubuntu-1ubuntu220.04"/>
    <property name="sun.io.unicode.encoding" value="UnicodeLittle"/>
    <property name="java.class.version" value="55.0"/>
  </properties>
  <testcase name="shouldReadUpdated4Group" classname="org.apache.skywalking.oap.server.configuration.apollo.ITApolloConfigurationTest" time="0.575">
    <error message="Can not set int field org.apache.skywalking.oap.server.configuration.apollo.ApolloConfigurationCenterSettings.period to java.lang.Long" type="java.lang.IllegalArgumentException">java.lang.IllegalArgumentException: Can not set int field org.apache.skywalking.oap.server.configuration.apollo.ApolloConfigurationCenterSettings.period to java.lang.Long
	at org.apache.skywalking.oap.server.configuration.apollo.ITApolloConfigurationTest.setUp(ITApolloConfigurationTest.java:99)
</error>
    <system-out><![CDATA[2022-11-29 02:55:51,803 - org.testcontainers.dockerclient.DockerClientProviderStrategy -1379 [main] INFO  [] - Loaded org.testcontainers.dockerclient.UnixSocketClientProviderStrategy from ~/.testcontainers.properties, will try it first
2022-11-29 02:55:52,604 - org.testcontainers.dockerclient.DockerClientProviderStrategy -2180 [main] INFO  [] - Found Docker environment with local Unix socket (unix:///var/run/docker.sock)
2022-11-29 02:55:52,621 - org.testcontainers.DockerClientFactory -2197 [main] INFO  [] - Docker host IP address is localhost
2022-11-29 02:55:52,658 - org.testcontainers.DockerClientFactory -2234 [main] INFO  [] - Connected to docker: 
  Server Version: 20.10.21
  API Version: 1.41
  Operating System: Ubuntu 20.04.5 LTS
  Total Memory: 1982 MB
2022-11-29 02:55:52,672 - org.testcontainers.utility.ImageNameSubstitutor -2248 [main] INFO  [] - Image name substitution will be performed by: DefaultImageNameSubstitutor (composite of 'ConfigurationFileImageNameSubstitutor' and 'PrefixingImageNameSubstitutor')
2022-11-29 02:55:52,721 - org.testcontainers.utility.RegistryAuthLocator -2297 [main] INFO  [] - Failure when attempting to lookup auth config. Please ignore if you don't have images in an authenticated registry. Details: (dockerImageName: testcontainers/ryuk:0.3.1, configFile: /home/sk117/.docker/config.json. Falling back to docker-java default behaviour. Exception message: /home/sk117/.docker/config.json (No such file or directory)
2022-11-29 02:55:53,168 - org.testcontainers.DockerClientFactory -2744 [main] INFO  [] - Ryuk started - will monitor and terminate Testcontainers containers on JVM exit
2022-11-29 02:55:53,168 - org.testcontainers.DockerClientFactory -2744 [main] INFO  [] - Checking the system...
2022-11-29 02:55:53,169 - org.testcontainers.DockerClientFactory -2745 [main] INFO  [] - ✔︎ Docker server version should be at least 1.6.0
2022-11-29 02:55:53,239 - org.testcontainers.DockerClientFactory -2815 [main] INFO  [] - ✔︎ Docker environment should have more than 2GB free disk space
2022-11-29 02:55:53,243 - org.testcontainers.containers.DockerComposeContainer -2819 [main] INFO  [] - Preemptively checking local images for 'kezhenxu94/apollo:1.2', referenced via a compose file or transitive Dockerfile. If not available, it will be pulled.
2022-11-29 02:55:53,249 - org.testcontainers.containers.DockerComposeContainer -2825 [main] INFO  [] - Preemptively checking local images for 'alpine:3.13.6', referenced via a compose file or transitive Dockerfile. If not available, it will be pulled.
2022-11-29 02:55:53,251 - org.testcontainers.containers.DockerComposeContainer -2827 [main] INFO  [] - Preemptively checking local images for 'mysql:5.7', referenced via a compose file or transitive Dockerfile. If not available, it will be pulled.
2022-11-29 02:55:53,275 - 🐳 [docker/compose:1.24.1] -2851 [main] INFO  [] - Creating container for image: docker/compose:1.24.1
2022-11-29 02:55:53,821 - 🐳 [docker/compose:1.24.1] -3397 [main] INFO  [] - Starting container with ID: f4cfc02d3cdd7ef45924be0f7b4b5260f8e61aa468b96eba5e6a3ec07a35c9ac
2022-11-29 02:55:54,080 - 🐳 [docker/compose:1.24.1] -3656 [main] INFO  [] - Container docker/compose:1.24.1 is starting: f4cfc02d3cdd7ef45924be0f7b4b5260f8e61aa468b96eba5e6a3ec07a35c9ac
2022-11-29 02:55:56,383 - 🐳 [docker/compose:1.24.1] -5959 [main] INFO  [] - Container docker/compose:1.24.1 started in PT3.108938S
2022-11-29 02:55:56,386 - 🐳 [docker/compose:1.24.1] -5962 [main] INFO  [] - Docker Compose container is running for command: up -d
2022-11-29 02:55:56,388 - 🐳 [docker/compose:1.24.1] -5964 [main] INFO  [] - Docker Compose has finished running
2022-11-29 02:55:56,392 - 🐳 [alpine/socat:1.7.3.4-r0] -5968 [main] INFO  [] - Creating container for image: alpine/socat:1.7.3.4-r0
2022-11-29 02:55:56,415 - 🐳 [docker/compose:1.24.1] -5991 [docker-java-stream-165236947] INFO  [] - STDERR: Creating network "nkjvjwpyhfpf_default" with the default driver
2022-11-29 02:55:56,418 - 🐳 [docker/compose:1.24.1] -5994 [docker-java-stream-165236947] INFO  [] - STDERR: Creating nkjvjwpyhfpf_apollo-dbdata_1 ... 
2022-11-29 02:55:56,419 - 🐳 [docker/compose:1.24.1] -5995 [docker-java-stream-165236947] INFO  [] - STDERR: &amp#27;[1A&amp#27;[2KCreating nkjvjwpyhfpf_apollo-dbdata_1 ... done&amp#27;[1BCreating nkjvjwpyhfpf_apollo-db_1     ... 
2022-11-29 02:55:56,419 - 🐳 [docker/compose:1.24.1] -5995 [docker-java-stream-165236947] INFO  [] - STDERR: &amp#27;[1A&amp#27;[2KCreating nkjvjwpyhfpf_apollo-db_1     ... done&amp#27;[1BCreating nkjvjwpyhfpf_apollo-config-and-portal_1 ... 
2022-11-29 02:55:56,419 - 🐳 [docker/compose:1.24.1] -5995 [docker-java-stream-165236947] INFO  [] - STDERR: &amp#27;[1A&amp#27;[2KCreating nkjvjwpyhfpf_apollo-config-and-portal_1 ... done&amp#27;[1B
2022-11-29 02:55:56,576 - 🐳 [alpine/socat:1.7.3.4-r0] -6152 [main] INFO  [] - Starting container with ID: 8f19fbe50a753535d01d17edbd01f1d0cb9745b5447b7f83547f0e8cf7dc10db
2022-11-29 02:55:57,098 - 🐳 [alpine/socat:1.7.3.4-r0] -6674 [main] INFO  [] - Container alpine/socat:1.7.3.4-r0 is starting: 8f19fbe50a753535d01d17edbd01f1d0cb9745b5447b7f83547f0e8cf7dc10db
2022-11-29 02:55:57,233 - 🐳 [alpine/socat:1.7.3.4-r0] -6809 [main] INFO  [] - Container alpine/socat:1.7.3.4-r0 started in PT0.841241S
2022-11-29 02:56:58,949 - org.apache.skywalking.oap.server.configuration.apollo.ITApolloConfigurationTest -68525 [main] INFO  [] - apollo.configService: http://localhost:49399
2022-11-29 02:56:58,949 - org.apache.skywalking.oap.server.configuration.apollo.ITApolloConfigurationTest -68525 [main] INFO  [] - baseUrl: http://localhost:49398
2022-11-29 02:56:58,953 - org.apache.skywalking.oap.server.configuration.apollo.ITApolloConfigurationTest -68529 [main] WARN  [] - [CTEST][LOAD-PARAM]  java.lang.Thread	org.apache.skywalking.oap.server.configuration.apollo.ITApolloConfigurationTest	org.apache.skywalking.oap.server.configuration.apollo.ITApolloConfigurationTest	org.apache.skywalking.oap.server.configuration.apollo.ITApolloConfigurationTest	jdk.internal.reflect.NativeMethodAccessorImpl	jdk.internal.reflect.NativeMethodAccessorImpl	jdk.internal.reflect.DelegatingMethodAccessorImpl	java.lang.reflect.Method	org.junit.runners.model.FrameworkMethod$1	org.junit.internal.runners.model.ReflectiveCallable	org.junit.runners.model.FrameworkMethod	org.junit.internal.runners.statements.RunBefores	org.junit.internal.runners.statements.RunBefores	org.junit.runners.ParentRunner$3	org.junit.runners.BlockJUnit4ClassRunner$1	org.junit.runners.ParentRunner	org.junit.runners.BlockJUnit4ClassRunner	org.junit.runners.BlockJUnit4ClassRunner	org.junit.runners.ParentRunner$4	org.junit.runners.ParentRunner$1	org.junit.runners.ParentRunner	org.junit.runners.ParentRunner	org.junit.runners.ParentRunner$2	org.testcontainers.containers.FailureDetectingExternalResource$1	org.junit.rules.RunRules	org.junit.runners.ParentRunner$3	org.junit.runners.ParentRunner	org.apache.maven.surefire.junit4.JUnit4Provider	org.apache.maven.surefire.junit4.JUnit4Provider	org.apache.maven.surefire.junit4.JUnit4Provider	org.apache.maven.surefire.junit4.JUnit4Provider	org.apache.maven.surefire.booter.ForkedBooter	org.apache.maven.surefire.booter.ForkedBooter	org.apache.maven.surefire.booter.ForkedBooter	org.apache.maven.surefire.booter.ForkedBooter	
2022-11-29 02:56:59,177 - org.apache.skywalking.oap.server.configuration.apollo.ITApolloConfigurationTest -68753 [main] WARN  [] - First output{
  "test-module" : {
    "default" : {
      "testKey" : 300
    }
  },
  "configuration" : {
    "apollo" : {
      "apolloMeta" : "http://${apollo.meta.host}:${apollo.meta.port}",
      "apolloCluster" : "default",
      "apolloEnv" : "DEV",
      "appId" : "SampleApp",
      "period" : 1
    }
  }
}
2022-11-29 02:56:59,184 - org.apache.skywalking.oap.server.configuration.apollo.ITApolloConfigurationTest -68760 [main] WARN  [] - Second output{
  "configuration" : {
    "apollo" : {
      "period" : -2000000000000
    }
  }
}
2022-11-29 02:56:59,186 - org.apache.skywalking.oap.server.configuration.apollo.ITApolloConfigurationTest -68762 [main] WARN  [] - Final output{
  "test-module" : {
    "default" : {
      "testKey" : 300
    }
  },
  "configuration" : {
    "apollo" : {
      "apolloMeta" : "http://${apollo.meta.host}:${apollo.meta.port}",
      "apolloCluster" : "default",
      "apolloEnv" : "DEV",
      "appId" : "SampleApp",
      "period" : -2000000000000
    }
  }
}
2022-11-29 02:56:59,187 - org.apache.skywalking.oap.server.configuration.apollo.ITApolloConfigurationTest -68763 [main] INFO  [] - moduleConfig{test-module={default={testKey=300}}, configuration={apollo={apolloMeta=http://${apollo.meta.host}:${apollo.meta.port}, apolloCluster=default, apolloEnv=DEV, appId=SampleApp, period=-2000000000000}}}
2022-11-29 02:56:59,193 - org.apache.skywalking.oap.server.configuration.apollo.ITApolloConfigurationTest -68769 [main] INFO  [] - moduleNametest-module
2022-11-29 02:56:59,196 - org.apache.skywalking.oap.server.configuration.apollo.ITApolloConfigurationTest -68772 [main] INFO  [] - providerConfig{default={testKey=300}}
2022-11-29 02:56:59,196 - org.apache.skywalking.oap.server.library.module.ApplicationConfiguration -68772 [main] WARN  [] - [CTEST][getModuleConfiguration] ###test-module### java.lang.Thread	org.apache.skywalking.oap.server.library.module.ApplicationConfiguration	org.apache.skywalking.oap.server.library.module.ApplicationConfiguration	org.apache.skywalking.oap.server.configuration.apollo.ITApolloConfigurationTest	java.util.LinkedHashMap	org.apache.skywalking.oap.server.configuration.apollo.ITApolloConfigurationTest	org.apache.skywalking.oap.server.configuration.apollo.ITApolloConfigurationTest	jdk.internal.reflect.NativeMethodAccessorImpl	jdk.internal.reflect.NativeMethodAccessorImpl	jdk.internal.reflect.DelegatingMethodAccessorImpl	java.lang.reflect.Method	org.junit.runners.model.FrameworkMethod$1	org.junit.internal.runners.model.ReflectiveCallable	org.junit.runners.model.FrameworkMethod	org.junit.internal.runners.statements.RunBefores	org.junit.internal.runners.statements.RunBefores	org.junit.runners.ParentRunner$3	org.junit.runners.BlockJUnit4ClassRunner$1	org.junit.runners.ParentRunner	org.junit.runners.BlockJUnit4ClassRunner	org.junit.runners.BlockJUnit4ClassRunner	org.junit.runners.ParentRunner$4	org.junit.runners.ParentRunner$1	org.junit.runners.ParentRunner	org.junit.runners.ParentRunner	org.junit.runners.ParentRunner$2	org.testcontainers.containers.FailureDetectingExternalResource$1	org.junit.rules.RunRules	org.junit.runners.ParentRunner$3	org.junit.runners.ParentRunner	org.apache.maven.surefire.junit4.JUnit4Provider	org.apache.maven.surefire.junit4.JUnit4Provider	org.apache.maven.surefire.junit4.JUnit4Provider	org.apache.maven.surefire.junit4.JUnit4Provider	org.apache.maven.surefire.booter.ForkedBooter	org.apache.maven.surefire.booter.ForkedBooter	org.apache.maven.surefire.booter.ForkedBooter	org.apache.maven.surefire.booter.ForkedBooter	
2022-11-29 02:56:59,203 - org.apache.skywalking.oap.server.library.module.ApplicationConfiguration$ModuleConfiguration -68779 [main] WARN  [] - [CTEST][getProviderConfiguration] ###default### providers {testKey=300} java.lang.Thread	org.apache.skywalking.oap.server.library.module.ApplicationConfiguration	org.apache.skywalking.oap.server.library.module.ApplicationConfiguration	org.apache.skywalking.oap.server.library.module.ApplicationConfiguration$ModuleConfiguration	org.apache.skywalking.oap.server.configuration.apollo.ITApolloConfigurationTest	java.util.LinkedHashMap	org.apache.skywalking.oap.server.configuration.apollo.ITApolloConfigurationTest	java.util.LinkedHashMap	org.apache.skywalking.oap.server.configuration.apollo.ITApolloConfigurationTest	org.apache.skywalking.oap.server.configuration.apollo.ITApolloConfigurationTest	jdk.internal.reflect.NativeMethodAccessorImpl	jdk.internal.reflect.NativeMethodAccessorImpl	jdk.internal.reflect.DelegatingMethodAccessorImpl	java.lang.reflect.Method	org.junit.runners.model.FrameworkMethod$1	org.junit.internal.runners.model.ReflectiveCallable	org.junit.runners.model.FrameworkMethod	org.junit.internal.runners.statements.RunBefores	org.junit.internal.runners.statements.RunBefores	org.junit.runners.ParentRunner$3	org.junit.runners.BlockJUnit4ClassRunner$1	org.junit.runners.ParentRunner	org.junit.runners.BlockJUnit4ClassRunner	org.junit.runners.BlockJUnit4ClassRunner	org.junit.runners.ParentRunner$4	org.junit.runners.ParentRunner$1	org.junit.runners.ParentRunner	org.junit.runners.ParentRunner	org.junit.runners.ParentRunner$2	org.testcontainers.containers.FailureDetectingExternalResource$1	org.junit.rules.RunRules	org.junit.runners.ParentRunner$3	org.junit.runners.ParentRunner	org.apache.maven.surefire.junit4.JUnit4Provider	org.apache.maven.surefire.junit4.JUnit4Provider	org.apache.maven.surefire.junit4.JUnit4Provider	org.apache.maven.surefire.junit4.JUnit4Provider	org.apache.maven.surefire.booter.ForkedBooter	org.apache.maven.surefire.booter.ForkedBooter	org.apache.maven.surefire.booter.ForkedBooter	org.apache.maven.surefire.booter.ForkedBooter	
2022-11-29 02:56:59,210 - org.apache.skywalking.oap.server.library.module.ApplicationConfiguration$PropertiesWrapper -68786 [main] INFO  [] - [CTEST][PropertiesWrapper-reset] ###testKey### ***300***
2022-11-29 02:56:59,210 - org.apache.skywalking.oap.server.configuration.apollo.ITApolloConfigurationTest -68786 [main] INFO  [] - moduleNameconfiguration
2022-11-29 02:56:59,211 - org.apache.skywalking.oap.server.configuration.apollo.ITApolloConfigurationTest -68787 [main] INFO  [] - providerConfig{apollo={apolloMeta=http://${apollo.meta.host}:${apollo.meta.port}, apolloCluster=default, apolloEnv=DEV, appId=SampleApp, period=-2000000000000}}
2022-11-29 02:56:59,212 - org.apache.skywalking.oap.server.library.module.ApplicationConfiguration -68788 [main] WARN  [] - [CTEST][getModuleConfiguration] ###configuration### java.lang.Thread	org.apache.skywalking.oap.server.library.module.ApplicationConfiguration	org.apache.skywalking.oap.server.library.module.ApplicationConfiguration	org.apache.skywalking.oap.server.configuration.apollo.ITApolloConfigurationTest	java.util.LinkedHashMap	org.apache.skywalking.oap.server.configuration.apollo.ITApolloConfigurationTest	org.apache.skywalking.oap.server.configuration.apollo.ITApolloConfigurationTest	jdk.internal.reflect.NativeMethodAccessorImpl	jdk.internal.reflect.NativeMethodAccessorImpl	jdk.internal.reflect.DelegatingMethodAccessorImpl	java.lang.reflect.Method	org.junit.runners.model.FrameworkMethod$1	org.junit.internal.runners.model.ReflectiveCallable	org.junit.runners.model.FrameworkMethod	org.junit.internal.runners.statements.RunBefores	org.junit.internal.runners.statements.RunBefores	org.junit.runners.ParentRunner$3	org.junit.runners.BlockJUnit4ClassRunner$1	org.junit.runners.ParentRunner	org.junit.runners.BlockJUnit4ClassRunner	org.junit.runners.BlockJUnit4ClassRunner	org.junit.runners.ParentRunner$4	org.junit.runners.ParentRunner$1	org.junit.runners.ParentRunner	org.junit.runners.ParentRunner	org.junit.runners.ParentRunner$2	org.testcontainers.containers.FailureDetectingExternalResource$1	org.junit.rules.RunRules	org.junit.runners.ParentRunner$3	org.junit.runners.ParentRunner	org.apache.maven.surefire.junit4.JUnit4Provider	org.apache.maven.surefire.junit4.JUnit4Provider	org.apache.maven.surefire.junit4.JUnit4Provider	org.apache.maven.surefire.junit4.JUnit4Provider	org.apache.maven.surefire.booter.ForkedBooter	org.apache.maven.surefire.booter.ForkedBooter	org.apache.maven.surefire.booter.ForkedBooter	org.apache.maven.surefire.booter.ForkedBooter	
2022-11-29 02:56:59,220 - org.apache.skywalking.oap.server.library.module.ApplicationConfiguration$ModuleConfiguration -68796 [main] WARN  [] - [CTEST][getProviderConfiguration] ###apollo### providers {period=-2000000000000, apolloMeta=http://localhost:49399, appId=SampleApp, apolloEnv=DEV, apolloCluster=default} java.lang.Thread	org.apache.skywalking.oap.server.library.module.ApplicationConfiguration	org.apache.skywalking.oap.server.library.module.ApplicationConfiguration	org.apache.skywalking.oap.server.library.module.ApplicationConfiguration$ModuleConfiguration	org.apache.skywalking.oap.server.configuration.apollo.ITApolloConfigurationTest	java.util.LinkedHashMap	org.apache.skywalking.oap.server.configuration.apollo.ITApolloConfigurationTest	java.util.LinkedHashMap	org.apache.skywalking.oap.server.configuration.apollo.ITApolloConfigurationTest	org.apache.skywalking.oap.server.configuration.apollo.ITApolloConfigurationTest	jdk.internal.reflect.NativeMethodAccessorImpl	jdk.internal.reflect.NativeMethodAccessorImpl	jdk.internal.reflect.DelegatingMethodAccessorImpl	java.lang.reflect.Method	org.junit.runners.model.FrameworkMethod$1	org.junit.internal.runners.model.ReflectiveCallable	org.junit.runners.model.FrameworkMethod	org.junit.internal.runners.statements.RunBefores	org.junit.internal.runners.statements.RunBefores	org.junit.runners.ParentRunner$3	org.junit.runners.BlockJUnit4ClassRunner$1	org.junit.runners.ParentRunner	org.junit.runners.BlockJUnit4ClassRunner	org.junit.runners.BlockJUnit4ClassRunner	org.junit.runners.ParentRunner$4	org.junit.runners.ParentRunner$1	org.junit.runners.ParentRunner	org.junit.runners.ParentRunner	org.junit.runners.ParentRunner$2	org.testcontainers.containers.FailureDetectingExternalResource$1	org.junit.rules.RunRules	org.junit.runners.ParentRunner$3	org.junit.runners.ParentRunner	org.apache.maven.surefire.junit4.JUnit4Provider	org.apache.maven.surefire.junit4.JUnit4Provider	org.apache.maven.surefire.junit4.JUnit4Provider	org.apache.maven.surefire.junit4.JUnit4Provider	org.apache.maven.surefire.booter.ForkedBooter	org.apache.maven.surefire.booter.ForkedBooter	org.apache.maven.surefire.booter.ForkedBooter	org.apache.maven.surefire.booter.ForkedBooter	
2022-11-29 02:56:59,223 - org.apache.skywalking.oap.server.library.module.ApplicationConfiguration$PropertiesWrapper -68799 [main] INFO  [] - [CTEST][PropertiesWrapper-reset] ###period### ***-2000000000000***
2022-11-29 02:56:59,225 - org.apache.skywalking.oap.server.library.module.ApplicationConfiguration$PropertiesWrapper -68801 [main] INFO  [] - [CTEST][PropertiesWrapper-reset] ###apolloMeta### ***http://localhost:49399***
2022-11-29 02:56:59,230 - org.apache.skywalking.oap.server.library.module.ApplicationConfiguration$PropertiesWrapper -68806 [main] INFO  [] - [CTEST][PropertiesWrapper-reset] ###appId### ***SampleApp***
2022-11-29 02:56:59,230 - org.apache.skywalking.oap.server.library.module.ApplicationConfiguration$PropertiesWrapper -68806 [main] INFO  [] - [CTEST][PropertiesWrapper-reset] ###apolloEnv### ***DEV***
2022-11-29 02:56:59,230 - org.apache.skywalking.oap.server.library.module.ApplicationConfiguration$PropertiesWrapper -68806 [main] INFO  [] - [CTEST][PropertiesWrapper-reset] ###apolloCluster### ***default***
2022-11-29 02:56:59,238 - org.apache.skywalking.oap.server.library.module.ApplicationConfiguration -68814 [main] WARN  [] - [CTEST][getModuleConfiguration] ###configuration### java.lang.Thread	org.apache.skywalking.oap.server.library.module.ApplicationConfiguration	org.apache.skywalking.oap.server.library.module.ApplicationConfiguration	org.apache.skywalking.oap.server.library.module.ModuleManager	org.apache.skywalking.oap.server.configuration.apollo.ITApolloConfigurationTest	jdk.internal.reflect.NativeMethodAccessorImpl	jdk.internal.reflect.NativeMethodAccessorImpl	jdk.internal.reflect.DelegatingMethodAccessorImpl	java.lang.reflect.Method	org.junit.runners.model.FrameworkMethod$1	org.junit.internal.runners.model.ReflectiveCallable	org.junit.runners.model.FrameworkMethod	org.junit.internal.runners.statements.RunBefores	org.junit.internal.runners.statements.RunBefores	org.junit.runners.ParentRunner$3	org.junit.runners.BlockJUnit4ClassRunner$1	org.junit.runners.ParentRunner	org.junit.runners.BlockJUnit4ClassRunner	org.junit.runners.BlockJUnit4ClassRunner	org.junit.runners.ParentRunner$4	org.junit.runners.ParentRunner$1	org.junit.runners.ParentRunner	org.junit.runners.ParentRunner	org.junit.runners.ParentRunner$2	org.testcontainers.containers.FailureDetectingExternalResource$1	org.junit.rules.RunRules	org.junit.runners.ParentRunner$3	org.junit.runners.ParentRunner	org.apache.maven.surefire.junit4.JUnit4Provider	org.apache.maven.surefire.junit4.JUnit4Provider	org.apache.maven.surefire.junit4.JUnit4Provider	org.apache.maven.surefire.junit4.JUnit4Provider	org.apache.maven.surefire.booter.ForkedBooter	org.apache.maven.surefire.booter.ForkedBooter	org.apache.maven.surefire.booter.ForkedBooter	org.apache.maven.surefire.booter.ForkedBooter	
2022-11-29 02:56:59,247 - org.apache.skywalking.oap.server.library.module.ModuleDefine -68823 [main] INFO  [] - Prepare the apollo provider in configuration module.
2022-11-29 02:56:59,249 - org.apache.skywalking.oap.server.library.module.ApplicationConfiguration$ModuleConfiguration -68825 [main] WARN  [] - [CTEST][getProviderConfiguration] ###apollo### providers {period=-2000000000000, apolloMeta=http://localhost:49399, appId=SampleApp, apolloEnv=DEV, apolloCluster=default} java.lang.Thread	org.apache.skywalking.oap.server.library.module.ApplicationConfiguration	org.apache.skywalking.oap.server.library.module.ApplicationConfiguration	org.apache.skywalking.oap.server.library.module.ApplicationConfiguration$ModuleConfiguration	org.apache.skywalking.oap.server.library.module.ModuleDefine	org.apache.skywalking.oap.server.library.module.ModuleManager	org.apache.skywalking.oap.server.configuration.apollo.ITApolloConfigurationTest	jdk.internal.reflect.NativeMethodAccessorImpl	jdk.internal.reflect.NativeMethodAccessorImpl	jdk.internal.reflect.DelegatingMethodAccessorImpl	java.lang.reflect.Method	org.junit.runners.model.FrameworkMethod$1	org.junit.internal.runners.model.ReflectiveCallable	org.junit.runners.model.FrameworkMethod	org.junit.internal.runners.statements.RunBefores	org.junit.internal.runners.statements.RunBefores	org.junit.runners.ParentRunner$3	org.junit.runners.BlockJUnit4ClassRunner$1	org.junit.runners.ParentRunner	org.junit.runners.BlockJUnit4ClassRunner	org.junit.runners.BlockJUnit4ClassRunner	org.junit.runners.ParentRunner$4	org.junit.runners.ParentRunner$1	org.junit.runners.ParentRunner	org.junit.runners.ParentRunner	org.junit.runners.ParentRunner$2	org.testcontainers.containers.FailureDetectingExternalResource$1	org.junit.rules.RunRules	org.junit.runners.ParentRunner$3	org.junit.runners.ParentRunner	org.apache.maven.surefire.junit4.JUnit4Provider	org.apache.maven.surefire.junit4.JUnit4Provider	org.apache.maven.surefire.junit4.JUnit4Provider	org.apache.maven.surefire.junit4.JUnit4Provider	org.apache.maven.surefire.booter.ForkedBooter	org.apache.maven.surefire.booter.ForkedBooter	org.apache.maven.surefire.booter.ForkedBooter	org.apache.maven.surefire.booter.ForkedBooter	
2022-11-29 02:56:59,253 - org.apache.skywalking.oap.server.library.module.ModuleDefine -68829 [main] INFO  [] - copyPropertiesApolloConfigurationCenterSettings(apolloCluster=default, apolloMeta=null, apolloEnv=null, appId=skywalking, namespace=application, clusterName=default, period=60) {period=-2000000000000, apolloMeta=http://localhost:49399, appId=SampleApp, apolloEnv=DEV, apolloCluster=default} configuration apollo
2022-11-29 02:56:59,254 - org.apache.skywalking.oap.server.library.module.ApplicationConfiguration$ModuleConfiguration -68830 [main] WARN  [] - [CTEST][getProviderConfiguration] ###apollo### providers {period=-2000000000000, apolloMeta=http://localhost:49399, appId=SampleApp, apolloEnv=DEV, apolloCluster=default} java.lang.Thread	org.apache.skywalking.oap.server.library.module.ApplicationConfiguration	org.apache.skywalking.oap.server.library.module.ApplicationConfiguration	org.apache.skywalking.oap.server.library.module.ApplicationConfiguration$ModuleConfiguration	org.apache.skywalking.oap.server.library.module.ModuleDefine	org.apache.skywalking.oap.server.library.module.ModuleManager	org.apache.skywalking.oap.server.configuration.apollo.ITApolloConfigurationTest	jdk.internal.reflect.NativeMethodAccessorImpl	jdk.internal.reflect.NativeMethodAccessorImpl	jdk.internal.reflect.DelegatingMethodAccessorImpl	java.lang.reflect.Method	org.junit.runners.model.FrameworkMethod$1	org.junit.internal.runners.model.ReflectiveCallable	org.junit.runners.model.FrameworkMethod	org.junit.internal.runners.statements.RunBefores	org.junit.internal.runners.statements.RunBefores	org.junit.runners.ParentRunner$3	org.junit.runners.BlockJUnit4ClassRunner$1	org.junit.runners.ParentRunner	org.junit.runners.BlockJUnit4ClassRunner	org.junit.runners.BlockJUnit4ClassRunner	org.junit.runners.ParentRunner$4	org.junit.runners.ParentRunner$1	org.junit.runners.ParentRunner	org.junit.runners.ParentRunner	org.junit.runners.ParentRunner$2	org.testcontainers.containers.FailureDetectingExternalResource$1	org.junit.rules.RunRules	org.junit.runners.ParentRunner$3	org.junit.runners.ParentRunner	org.apache.maven.surefire.junit4.JUnit4Provider	org.apache.maven.surefire.junit4.JUnit4Provider	org.apache.maven.surefire.junit4.JUnit4Provider	org.apache.maven.surefire.junit4.JUnit4Provider	org.apache.maven.surefire.booter.ForkedBooter	org.apache.maven.surefire.booter.ForkedBooter	org.apache.maven.surefire.booter.ForkedBooter	org.apache.maven.surefire.booter.ForkedBooter	
2022-11-29 02:56:59,257 - org.apache.skywalking.oap.server.library.module.ApplicationConfiguration$PropertiesWrapper -68833 [main] INFO  [] - [CTEST][PropertiesWrapper] ###apolloCluster### test
2022-11-29 02:56:59,258 - org.apache.skywalking.oap.server.library.module.ApplicationConfiguration$PropertiesWrapper -68834 [main] INFO  [] - [CTEST][PropertiesWrapper] ###apolloMeta### test
2022-11-29 02:56:59,258 - org.apache.skywalking.oap.server.library.module.ApplicationConfiguration$PropertiesWrapper -68834 [main] INFO  [] - [CTEST][PropertiesWrapper] ###apolloEnv### test
2022-11-29 02:56:59,259 - org.apache.skywalking.oap.server.library.module.ApplicationConfiguration$PropertiesWrapper -68835 [main] INFO  [] - [CTEST][PropertiesWrapper] ###appId### test
2022-11-29 02:56:59,259 - org.apache.skywalking.oap.server.library.module.ApplicationConfiguration$PropertiesWrapper -68835 [main] INFO  [] - [CTEST][PropertiesWrapper] ###period### test
]]></system-out>
  </testcase>
</testsuite>