<?xml version="1.0" encoding="UTF-8"?>
<testsuite xmlns:xsi="http://www.w3.org/2001/XMLSchema-instance" xsi:noNamespaceSchemaLocation="https://maven.apache.org/surefire/maven-surefire-plugin/xsd/surefire-test-report.xsd" name="org.apache.skywalking.oap.server.starter.config.ApplicationConfigLoaderTestCase" time="1.592" tests="1" errors="0" skipped="0" failures="0">
  <properties>
    <property name="awt.toolkit" value="sun.awt.X11.XToolkit"/>
    <property name="java.specification.version" value="11"/>
    <property name="sun.cpu.isalist" value=""/>
    <property name="sun.jnu.encoding" value="UTF-8"/>
    <property name="java.class.path" value="/home/sk117/final-project/apache-skywalking-apm-9.2.0/oap-server/server-starter/target/test-classes:/home/sk117/final-project/apache-skywalking-apm-9.2.0/oap-server/server-starter/target/classes:/home/sk117/.m2/repository/org/apache/skywalking/server-core/9.2.0/server-core-9.2.0.jar:/home/sk117/.m2/repository/org/yaml/snakeyaml/1.28/snakeyaml-1.28.jar:/home/sk117/.m2/repository/org/apache/skywalking/library-module/9.2.0/library-module-9.2.0.jar:/home/sk117/.m2/repository/org/apache/skywalking/telemetry-api/9.2.0/telemetry-api-9.2.0.jar:/home/sk117/.m2/repository/org/apache/skywalking/configuration-api/9.2.0/configuration-api-9.2.0.jar:/home/sk117/.m2/repository/org/apache/skywalking/library-util/9.2.0/library-util-9.2.0.jar:/home/sk117/.m2/repository/joda-time/joda-time/2.10.5/joda-time-2.10.5.jar:/home/sk117/.m2/repository/com/google/protobuf/protobuf-java/3.19.4/protobuf-java-3.19.4.jar:/home/sk117/.m2/repository/com/google/protobuf/protobuf-java-util/3.19.4/protobuf-java-util-3.19.4.jar:/home/sk117/.m2/repository/com/google/j2objc/j2objc-annotations/1.3/j2objc-annotations-1.3.jar:/home/sk117/.m2/repository/org/apache/commons/commons-text/1.4/commons-text-1.4.jar:/home/sk117/.m2/repository/org/apache/skywalking/library-client/9.2.0/library-client-9.2.0.jar:/home/sk117/.m2/repository/org/apache/skywalking/library-elasticsearch-client/9.2.0/library-elasticsearch-client-9.2.0.jar:/home/sk117/.m2/repository/io/netty/netty-handler/4.1.77.Final/netty-handler-4.1.77.Final.jar:/home/sk117/.m2/repository/io/netty/netty-resolver/4.1.77.Final/netty-resolver-4.1.77.Final.jar:/home/sk117/.m2/repository/com/zaxxer/HikariCP/3.1.0/HikariCP-3.1.0.jar:/home/sk117/.m2/repository/org/slf4j/jcl-over-slf4j/1.7.30/jcl-over-slf4j-1.7.30.jar:/home/sk117/.m2/repository/org/apache/skywalking/library-server/9.2.0/library-server-9.2.0.jar:/home/sk117/.m2/repository/io/netty/netty-codec/4.1.77.Final/netty-codec-4.1.77.Final.jar:/home/sk117/.m2/repository/io/netty/netty-codec-http/4.1.77.Final/netty-codec-http-4.1.77.Final.jar:/home/sk117/.m2/repository/com/linecorp/armeria/armeria/1.16.0/armeria-1.16.0.jar:/home/sk117/.m2/repository/io/micrometer/micrometer-core/1.8.5/micrometer-core-1.8.5.jar:/home/sk117/.m2/repository/org/hdrhistogram/HdrHistogram/2.1.12/HdrHistogram-2.1.12.jar:/home/sk117/.m2/repository/org/latencyutils/LatencyUtils/2.0.3/LatencyUtils-2.0.3.jar:/home/sk117/.m2/repository/io/netty/netty-codec-haproxy/4.1.77.Final/netty-codec-haproxy-4.1.77.Final.jar:/home/sk117/.m2/repository/io/netty/netty-resolver-dns/4.1.77.Final/netty-resolver-dns-4.1.77.Final.jar:/home/sk117/.m2/repository/io/netty/netty-codec-dns/4.1.77.Final/netty-codec-dns-4.1.77.Final.jar:/home/sk117/.m2/repository/io/netty/netty-resolver-dns-native-macos/4.1.77.Final/netty-resolver-dns-native-macos-4.1.77.Final-osx-x86_64.jar:/home/sk117/.m2/repository/io/netty/netty-resolver-dns-classes-macos/4.1.77.Final/netty-resolver-dns-classes-macos-4.1.77.Final.jar:/home/sk117/.m2/repository/io/netty/netty-resolver-dns-native-macos/4.1.77.Final/netty-resolver-dns-native-macos-4.1.77.Final-osx-aarch_64.jar:/home/sk117/.m2/repository/io/netty/netty-transport-native-unix-common/4.1.77.Final/netty-transport-native-unix-common-4.1.77.Final-linux-x86_64.jar:/home/sk117/.m2/repository/io/netty/netty-transport-native-epoll/4.1.77.Final/netty-transport-native-epoll-4.1.77.Final-linux-x86_64.jar:/home/sk117/.m2/repository/io/netty/netty-transport-native-unix-common/4.1.77.Final/netty-transport-native-unix-common-4.1.77.Final.jar:/home/sk117/.m2/repository/io/netty/netty-transport-classes-epoll/4.1.77.Final/netty-transport-classes-epoll-4.1.77.Final.jar:/home/sk117/.m2/repository/io/netty/netty-tcnative-boringssl-static/2.0.52.Final/netty-tcnative-boringssl-static-2.0.52.Final-linux-x86_64.jar:/home/sk117/.m2/repository/io/netty/netty-tcnative-boringssl-static/2.0.52.Final/netty-tcnative-boringssl-static-2.0.52.Final-linux-aarch_64.jar:/home/sk117/.m2/repository/io/netty/netty-tcnative-boringssl-static/2.0.52.Final/netty-tcnative-boringssl-static-2.0.52.Final-osx-x86_64.jar:/home/sk117/.m2/repository/io/netty/netty-tcnative-boringssl-static/2.0.52.Final/netty-tcnative-boringssl-static-2.0.52.Final-osx-aarch_64.jar:/home/sk117/.m2/repository/io/netty/netty-tcnative-boringssl-static/2.0.52.Final/netty-tcnative-boringssl-static-2.0.52.Final-windows-x86_64.jar:/home/sk117/.m2/repository/com/aayushatharva/brotli4j/brotli4j/1.7.1/brotli4j-1.7.1.jar:/home/sk117/.m2/repository/com/linecorp/armeria/armeria-protobuf/1.16.0/armeria-protobuf-1.16.0.jar:/home/sk117/.m2/repository/org/apache/skywalking/library-datacarrier-queue/9.2.0/library-datacarrier-queue-9.2.0.jar:/home/sk117/.m2/repository/org/apache/skywalking/apm-network/9.2.0/apm-network-9.2.0.jar:/home/sk117/.m2/repository/io/netty/netty-tcnative-boringssl-static/2.0.52.Final/netty-tcnative-boringssl-static-2.0.52.Final.jar:/home/sk117/.m2/repository/io/netty/netty-tcnative-classes/2.0.52.Final/netty-tcnative-classes-2.0.52.Final.jar:/home/sk117/.m2/repository/org/javassist/javassist/3.25.0-GA/javassist-3.25.0-GA.jar:/home/sk117/.m2/repository/io/vavr/vavr/0.10.3/vavr-0.10.3.jar:/home/sk117/.m2/repository/io/vavr/vavr-match/0.10.3/vavr-match-0.10.3.jar:/home/sk117/.m2/repository/io/zipkin/zipkin2/zipkin/2.23.16/zipkin-2.23.16.jar:/home/sk117/.m2/repository/org/apache/skywalking/oal-rt/9.2.0/oal-rt-9.2.0.jar:/home/sk117/.m2/repository/org/apache/skywalking/oal-grammar/9.2.0/oal-grammar-9.2.0.jar:/home/sk117/.m2/repository/org/antlr/antlr4-runtime/4.9.2/antlr4-runtime-4.9.2.jar:/home/sk117/.m2/repository/org/freemarker/freemarker/2.3.31/freemarker-2.3.31.jar:/home/sk117/.m2/repository/commons-io/commons-io/2.7/commons-io-2.7.jar:/home/sk117/.m2/repository/org/apache/skywalking/cluster-standalone-plugin/9.2.0/cluster-standalone-plugin-9.2.0.jar:/home/sk117/.m2/repository/org/apache/skywalking/cluster-zookeeper-plugin/9.2.0/cluster-zookeeper-plugin-9.2.0.jar:/home/sk117/.m2/repository/com/google/code/gson/gson/2.9.0/gson-2.9.0.jar:/home/sk117/.m2/repository/org/apache/curator/curator-x-discovery/4.3.0/curator-x-discovery-4.3.0.jar:/home/sk117/.m2/repository/org/apache/curator/curator-recipes/4.3.0/curator-recipes-4.3.0.jar:/home/sk117/.m2/repository/org/apache/curator/curator-framework/4.3.0/curator-framework-4.3.0.jar:/home/sk117/.m2/repository/org/apache/curator/curator-client/4.3.0/curator-client-4.3.0.jar:/home/sk117/.m2/repository/org/apache/zookeeper/zookeeper/3.5.7/zookeeper-3.5.7.jar:/home/sk117/.m2/repository/org/apache/zookeeper/zookeeper-jute/3.5.7/zookeeper-jute-3.5.7.jar:/home/sk117/.m2/repository/org/apache/yetus/audience-annotations/0.5.0/audience-annotations-0.5.0.jar:/home/sk117/.m2/repository/io/netty/netty-transport-native-epoll/4.1.77.Final/netty-transport-native-epoll-4.1.77.Final.jar:/home/sk117/.m2/repository/com/fasterxml/jackson/core/jackson-databind/2.13.2.2/jackson-databind-2.13.2.2.jar:/home/sk117/.m2/repository/org/apache/skywalking/cluster-kubernetes-plugin/9.2.0/cluster-kubernetes-plugin-9.2.0.jar:/home/sk117/.m2/repository/io/kubernetes/client-java/16.0.0/client-java-16.0.0.jar:/home/sk117/.m2/repository/io/prometheus/simpleclient_httpserver/0.15.0/simpleclient_httpserver-0.15.0.jar:/home/sk117/.m2/repository/io/kubernetes/client-java-api/16.0.0/client-java-api-16.0.0.jar:/home/sk117/.m2/repository/io/swagger/swagger-annotations/1.6.6/swagger-annotations-1.6.6.jar:/home/sk117/.m2/repository/com/squareup/okhttp3/logging-interceptor/4.9.2/logging-interceptor-4.9.2.jar:/home/sk117/.m2/repository/io/gsonfire/gson-fire/1.8.5/gson-fire-1.8.5.jar:/home/sk117/.m2/repository/io/kubernetes/client-java-proto/16.0.0/client-java-proto-16.0.0.jar:/home/sk117/.m2/repository/commons-codec/commons-codec/1.11/commons-codec-1.11.jar:/home/sk117/.m2/repository/org/apache/commons/commons-lang3/3.12.0/commons-lang3-3.12.0.jar:/home/sk117/.m2/repository/org/bouncycastle/bcpkix-jdk18on/1.71/bcpkix-jdk18on-1.71.jar:/home/sk117/.m2/repository/org/bouncycastle/bcprov-jdk18on/1.71/bcprov-jdk18on-1.71.jar:/home/sk117/.m2/repository/org/bouncycastle/bcutil-jdk18on/1.71/bcutil-jdk18on-1.71.jar:/home/sk117/.m2/repository/org/apache/commons/commons-collections4/4.4/commons-collections4-4.4.jar:/home/sk117/.m2/repository/org/bitbucket/b_c/jose4j/0.7.12/jose4j-0.7.12.jar:/home/sk117/.m2/repository/org/apache/skywalking/cluster-consul-plugin/9.2.0/cluster-consul-plugin-9.2.0.jar:/home/sk117/.m2/repository/com/orbitz/consul/consul-client/1.4.2/consul-client-1.4.2.jar:/home/sk117/.m2/repository/com/squareup/retrofit2/retrofit/2.5.0/retrofit-2.5.0.jar:/home/sk117/.m2/repository/com/squareup/retrofit2/converter-jackson/2.5.0/converter-jackson-2.5.0.jar:/home/sk117/.m2/repository/com/squareup/okhttp3/okhttp/3.14.9/okhttp-3.14.9.jar:/home/sk117/.m2/repository/com/squareup/okio/okio/1.17.2/okio-1.17.2.jar:/home/sk117/.m2/repository/com/fasterxml/jackson/core/jackson-annotations/2.13.2/jackson-annotations-2.13.2.jar:/home/sk117/.m2/repository/com/fasterxml/jackson/core/jackson-core/2.13.2/jackson-core-2.13.2.jar:/home/sk117/.m2/repository/com/fasterxml/jackson/datatype/jackson-datatype-jdk8/2.9.10/jackson-datatype-jdk8-2.9.10.jar:/home/sk117/.m2/repository/com/fasterxml/jackson/datatype/jackson-datatype-guava/2.9.10/jackson-datatype-guava-2.9.10.jar:/home/sk117/.m2/repository/org/apache/skywalking/cluster-etcd-plugin/9.2.0/cluster-etcd-plugin-9.2.0.jar:/home/sk117/.m2/repository/io/etcd/jetcd-core/0.5.3/jetcd-core-0.5.3.jar:/home/sk117/.m2/repository/io/etcd/jetcd-common/0.5.3/jetcd-common-0.5.3.jar:/home/sk117/.m2/repository/io/etcd/jetcd-resolver/0.5.3/jetcd-resolver-0.5.3.jar:/home/sk117/.m2/repository/net/jodah/failsafe/2.3.4/failsafe-2.3.4.jar:/home/sk117/.m2/repository/io/grpc/grpc-core/1.46.0/grpc-core-1.46.0.jar:/home/sk117/.m2/repository/io/grpc/grpc-api/1.46.0/grpc-api-1.46.0.jar:/home/sk117/.m2/repository/io/grpc/grpc-context/1.46.0/grpc-context-1.46.0.jar:/home/sk117/.m2/repository/org/codehaus/mojo/animal-sniffer-annotations/1.19/animal-sniffer-annotations-1.19.jar:/home/sk117/.m2/repository/io/perfmark/perfmark-api/0.25.0/perfmark-api-0.25.0.jar:/home/sk117/.m2/repository/io/grpc/grpc-netty/1.46.0/grpc-netty-1.46.0.jar:/home/sk117/.m2/repository/io/netty/netty-codec-http2/4.1.77.Final/netty-codec-http2-4.1.77.Final.jar:/home/sk117/.m2/repository/io/netty/netty-common/4.1.77.Final/netty-common-4.1.77.Final.jar:/home/sk117/.m2/repository/io/netty/netty-buffer/4.1.77.Final/netty-buffer-4.1.77.Final.jar:/home/sk117/.m2/repository/io/netty/netty-transport/4.1.77.Final/netty-transport-4.1.77.Final.jar:/home/sk117/.m2/repository/io/netty/netty-handler-proxy/4.1.77.Final/netty-handler-proxy-4.1.77.Final.jar:/home/sk117/.m2/repository/io/netty/netty-codec-socks/4.1.77.Final/netty-codec-socks-4.1.77.Final.jar:/home/sk117/.m2/repository/io/grpc/grpc-protobuf/1.46.0/grpc-protobuf-1.46.0.jar:/home/sk117/.m2/repository/com/google/api/grpc/proto-google-common-protos/2.0.1/proto-google-common-protos-2.0.1.jar:/home/sk117/.m2/repository/io/grpc/grpc-protobuf-lite/1.46.0/grpc-protobuf-lite-1.46.0.jar:/home/sk117/.m2/repository/io/grpc/grpc-stub/1.46.0/grpc-stub-1.46.0.jar:/home/sk117/.m2/repository/io/grpc/grpc-grpclb/1.46.0/grpc-grpclb-1.46.0.jar:/home/sk117/.m2/repository/org/apache/skywalking/cluster-nacos-plugin/9.2.0/cluster-nacos-plugin-9.2.0.jar:/home/sk117/.m2/repository/com/alibaba/nacos/nacos-client/1.4.2/nacos-client-1.4.2.jar:/home/sk117/.m2/repository/com/alibaba/nacos/nacos-common/1.4.2/nacos-common-1.4.2.jar:/home/sk117/.m2/repository/org/apache/httpcomponents/httpasyncclient/4.1.3/httpasyncclient-4.1.3.jar:/home/sk117/.m2/repository/com/alibaba/nacos/nacos-api/1.4.2/nacos-api-1.4.2.jar:/home/sk117/.m2/repository/org/apache/httpcomponents/httpcore-nio/4.4.13/httpcore-nio-4.4.13.jar:/home/sk117/.m2/repository/org/apache/httpcomponents/httpcore/4.4.13/httpcore-4.4.13.jar:/home/sk117/.m2/repository/org/apache/skywalking/skywalking-mesh-receiver-plugin/9.2.0/skywalking-mesh-receiver-plugin-9.2.0.jar:/home/sk117/.m2/repository/org/apache/skywalking/skywalking-sharing-server-plugin/9.2.0/skywalking-sharing-server-plugin-9.2.0.jar:/home/sk117/.m2/repository/org/apache/skywalking/skywalking-management-receiver-plugin/9.2.0/skywalking-management-receiver-plugin-9.2.0.jar:/home/sk117/.m2/repository/org/apache/skywalking/skywalking-jvm-receiver-plugin/9.2.0/skywalking-jvm-receiver-plugin-9.2.0.jar:/home/sk117/.m2/repository/org/apache/skywalking/agent-analyzer/9.2.0/agent-analyzer-9.2.0.jar:/home/sk117/.m2/repository/org/apache/skywalking/skywalking-trace-receiver-plugin/9.2.0/skywalking-trace-receiver-plugin-9.2.0.jar:/home/sk117/.m2/repository/org/apache/skywalking/zipkin-receiver-plugin/9.2.0/zipkin-receiver-plugin-9.2.0.jar:/home/sk117/.m2/repository/org/apache/kafka/kafka-clients/2.4.1/kafka-clients-2.4.1.jar:/home/sk117/.m2/repository/com/github/luben/zstd-jni/1.4.3-1/zstd-jni-1.4.3-1.jar:/home/sk117/.m2/repository/org/lz4/lz4-java/1.6.0/lz4-java-1.6.0.jar:/home/sk117/.m2/repository/org/xerial/snappy/snappy-java/1.1.7.3/snappy-java-1.1.7.3.jar:/home/sk117/.m2/repository/org/apache/skywalking/zipkin-query-plugin/9.2.0/zipkin-query-plugin-9.2.0.jar:/home/sk117/.m2/repository/org/apache/skywalking/envoy-metrics-receiver-plugin/9.2.0/envoy-metrics-receiver-plugin-9.2.0.jar:/home/sk117/.m2/repository/org/apache/skywalking/receiver-proto/9.2.0/receiver-proto-9.2.0.jar:/home/sk117/.m2/repository/org/apache/skywalking/meter-analyzer/9.2.0/meter-analyzer-9.2.0.jar:/home/sk117/.m2/repository/org/codehaus/groovy/groovy/3.0.8/groovy-3.0.8.jar:/home/sk117/.m2/repository/org/apache/skywalking/log-analyzer/9.2.0/log-analyzer-9.2.0.jar:/home/sk117/.m2/repository/org/apache/skywalking/library-kubernetes-support/9.2.0/library-kubernetes-support-9.2.0.jar:/home/sk117/.m2/repository/commons-beanutils/commons-beanutils/1.9.4/commons-beanutils-1.9.4.jar:/home/sk117/.m2/repository/com/google/flatbuffers/flatbuffers-java/1.12.0/flatbuffers-java-1.12.0.jar:/home/sk117/.m2/repository/org/apache/skywalking/skywalking-clr-receiver-plugin/9.2.0/skywalking-clr-receiver-plugin-9.2.0.jar:/home/sk117/.m2/repository/org/apache/skywalking/skywalking-profile-receiver-plugin/9.2.0/skywalking-profile-receiver-plugin-9.2.0.jar:/home/sk117/.m2/repository/org/apache/skywalking/otel-receiver-plugin/9.2.0/otel-receiver-plugin-9.2.0.jar:/home/sk117/.m2/repository/org/apache/skywalking/skywalking-meter-receiver-plugin/9.2.0/skywalking-meter-receiver-plugin-9.2.0.jar:/home/sk117/.m2/repository/org/apache/skywalking/skywalking-browser-receiver-plugin/9.2.0/skywalking-browser-receiver-plugin-9.2.0.jar:/home/sk117/.m2/repository/org/apache/skywalking/skywalking-log-recevier-plugin/9.2.0/skywalking-log-recevier-plugin-9.2.0.jar:/home/sk117/.m2/repository/org/apache/skywalking/configuration-discovery-receiver-plugin/9.2.0/configuration-discovery-receiver-plugin-9.2.0.jar:/home/sk117/.m2/repository/org/apache/skywalking/skywalking-event-receiver-plugin/9.2.0/skywalking-event-receiver-plugin-9.2.0.jar:/home/sk117/.m2/repository/org/apache/skywalking/event-analyzer/9.2.0/event-analyzer-9.2.0.jar:/home/sk117/.m2/repository/org/apache/skywalking/skywalking-zabbix-receiver-plugin/9.2.0/skywalking-zabbix-receiver-plugin-9.2.0.jar:/home/sk117/.m2/repository/org/apache/skywalking/skywalking-ebpf-receiver-plugin/9.2.0/skywalking-ebpf-receiver-plugin-9.2.0.jar:/home/sk117/.m2/repository/org/apache/skywalking/prometheus-fetcher-plugin/9.2.0/prometheus-fetcher-plugin-9.2.0.jar:/home/sk117/.m2/repository/org/apache/skywalking/kafka-fetcher-plugin/9.2.0/kafka-fetcher-plugin-9.2.0.jar:/home/sk117/.m2/repository/org/apache/skywalking/storage-jdbc-hikaricp-plugin/9.2.0/storage-jdbc-hikaricp-plugin-9.2.0.jar:/home/sk117/.m2/repository/com/h2database/h2/2.1.212/h2-2.1.212.jar:/home/sk117/.m2/repository/org/postgresql/postgresql/42.3.3/postgresql-42.3.3.jar:/home/sk117/.m2/repository/org/apache/skywalking/storage-tidb-plugin/9.2.0/storage-tidb-plugin-9.2.0.jar:/home/sk117/.m2/repository/org/apache/skywalking/storage-banyandb-plugin/9.2.0/storage-banyandb-plugin-9.2.0.jar:/home/sk117/.m2/repository/org/apache/skywalking/banyandb-java-client/0.1.0/banyandb-java-client-0.1.0.jar:/home/sk117/.m2/repository/org/apache/skywalking/query-graphql-plugin/9.2.0/query-graphql-plugin-9.2.0.jar:/home/sk117/.m2/repository/org/apache/skywalking/server-health-checker/9.2.0/server-health-checker-9.2.0.jar:/home/sk117/.m2/repository/com/graphql-java/graphql-java/17.3/graphql-java-17.3.jar:/home/sk117/.m2/repository/com/graphql-java/java-dataloader/3.1.0/java-dataloader-3.1.0.jar:/home/sk117/.m2/repository/org/reactivestreams/reactive-streams/1.0.2/reactive-streams-1.0.2.jar:/home/sk117/.m2/repository/com/graphql-java-kickstart/graphql-java-tools/12.0.2/graphql-java-tools-12.0.2.jar:/home/sk117/.m2/repository/org/jetbrains/kotlin/kotlin-stdlib/1.5.0/kotlin-stdlib-1.5.0.jar:/home/sk117/.m2/repository/org/jetbrains/annotations/13.0/annotations-13.0.jar:/home/sk117/.m2/repository/org/jetbrains/kotlin/kotlin-stdlib-common/1.5.0/kotlin-stdlib-common-1.5.0.jar:/home/sk117/.m2/repository/org/jetbrains/kotlin/kotlin-reflect/1.5.0/kotlin-reflect-1.5.0.jar:/home/sk117/.m2/repository/org/jetbrains/kotlinx/kotlinx-coroutines-jdk8/1.5.0-native-mt/kotlinx-coroutines-jdk8-1.5.0-native-mt.jar:/home/sk117/.m2/repository/org/jetbrains/kotlinx/kotlinx-coroutines-core-jvm/1.5.0-native-mt/kotlinx-coroutines-core-jvm-1.5.0-native-mt.jar:/home/sk117/.m2/repository/org/jetbrains/kotlin/kotlin-stdlib-jdk8/1.5.0/kotlin-stdlib-jdk8-1.5.0.jar:/home/sk117/.m2/repository/org/jetbrains/kotlin/kotlin-stdlib-jdk7/1.5.0/kotlin-stdlib-jdk7-1.5.0.jar:/home/sk117/.m2/repository/org/jetbrains/kotlinx/kotlinx-coroutines-core/1.5.0-native-mt/kotlinx-coroutines-core-1.5.0-native-mt.jar:/home/sk117/.m2/repository/org/jetbrains/kotlinx/kotlinx-coroutines-reactive/1.5.0-native-mt/kotlinx-coroutines-reactive-1.5.0-native-mt.jar:/home/sk117/.m2/repository/com/fasterxml/classmate/1.5.1/classmate-1.5.1.jar:/home/sk117/.m2/repository/com/fasterxml/jackson/module/jackson-module-kotlin/2.13.1/jackson-module-kotlin-2.13.1.jar:/home/sk117/.m2/repository/com/graphql-java/graphql-java-extended-scalars/17.0/graphql-java-extended-scalars-17.0.jar:/home/sk117/.m2/repository/com/linecorp/armeria/armeria-graphql/1.16.0/armeria-graphql-1.16.0.jar:/home/sk117/.m2/repository/com/linecorp/armeria/armeria-graphql-protocol/1.16.0/armeria-graphql-protocol-1.16.0.jar:/home/sk117/.m2/repository/com/fasterxml/jackson/module/jackson-module-afterburner/2.12.2/jackson-module-afterburner-2.12.2.jar:/home/sk117/.m2/repository/org/apache/skywalking/server-alarm-plugin/9.2.0/server-alarm-plugin-9.2.0.jar:/home/sk117/.m2/repository/org/mvel/mvel2/2.4.8.Final/mvel2-2.4.8.Final.jar:/home/sk117/.m2/repository/org/apache/httpcomponents/httpclient/4.5.13/httpclient-4.5.13.jar:/home/sk117/.m2/repository/commons-logging/commons-logging/1.2/commons-logging-1.2.jar:/home/sk117/.m2/repository/org/apache/skywalking/telemetry-prometheus/9.2.0/telemetry-prometheus-9.2.0.jar:/home/sk117/.m2/repository/io/prometheus/simpleclient/0.6.0/simpleclient-0.6.0.jar:/home/sk117/.m2/repository/io/prometheus/simpleclient_common/0.6.0/simpleclient_common-0.6.0.jar:/home/sk117/.m2/repository/io/prometheus/simpleclient_hotspot/0.6.0/simpleclient_hotspot-0.6.0.jar:/home/sk117/.m2/repository/org/apache/skywalking/exporter/9.2.0/exporter-9.2.0.jar:/home/sk117/.m2/repository/org/apache/skywalking/grpc-configuration-sync/9.2.0/grpc-configuration-sync-9.2.0.jar:/home/sk117/.m2/repository/org/apache/skywalking/configuration-apollo/9.2.0/configuration-apollo-9.2.0.jar:/home/sk117/.m2/repository/com/ctrip/framework/apollo/apollo-client/1.8.0/apollo-client-1.8.0.jar:/home/sk117/.m2/repository/com/ctrip/framework/apollo/apollo-core/1.8.0/apollo-core-1.8.0.jar:/home/sk117/.m2/repository/com/google/inject/guice/4.1.0/guice-4.1.0.jar:/home/sk117/.m2/repository/javax/inject/javax.inject/1/javax.inject-1.jar:/home/sk117/.m2/repository/aopalliance/aopalliance/1.0/aopalliance-1.0.jar:/home/sk117/.m2/repository/org/apache/skywalking/configuration-zookeeper/9.2.0/configuration-zookeeper-9.2.0.jar:/home/sk117/.m2/repository/org/apache/skywalking/configuration-etcd/9.2.0/configuration-etcd-9.2.0.jar:/home/sk117/.m2/repository/org/apache/skywalking/configuration-consul/9.2.0/configuration-consul-9.2.0.jar:/home/sk117/.m2/repository/org/apache/skywalking/configuration-k8s-configmap/9.2.0/configuration-k8s-configmap-9.2.0.jar:/home/sk117/.m2/repository/org/apache/skywalking/configuration-nacos/9.2.0/configuration-nacos-9.2.0.jar:/home/sk117/.m2/repository/org/apache/skywalking/storage-elasticsearch-plugin/9.2.0/storage-elasticsearch-plugin-9.2.0.jar:/home/sk117/.m2/repository/org/slf4j/slf4j-api/1.7.30/slf4j-api-1.7.30.jar:/home/sk117/.m2/repository/org/slf4j/log4j-over-slf4j/1.7.30/log4j-over-slf4j-1.7.30.jar:/home/sk117/.m2/repository/org/apache/logging/log4j/log4j-core/2.17.1/log4j-core-2.17.1.jar:/home/sk117/.m2/repository/org/apache/logging/log4j/log4j-api/2.17.1/log4j-api-2.17.1.jar:/home/sk117/.m2/repository/org/apache/logging/log4j/log4j-slf4j-impl/2.17.1/log4j-slf4j-impl-2.17.1.jar:/home/sk117/.m2/repository/com/google/guava/guava/31.1-jre/guava-31.1-jre.jar:/home/sk117/.m2/repository/com/google/guava/failureaccess/1.0.1/failureaccess-1.0.1.jar:/home/sk117/.m2/repository/com/google/guava/listenablefuture/9999.0-empty-to-avoid-conflict-with-guava/listenablefuture-9999.0-empty-to-avoid-conflict-with-guava.jar:/home/sk117/.m2/repository/com/google/code/findbugs/jsr305/3.0.2/jsr305-3.0.2.jar:/home/sk117/.m2/repository/org/checkerframework/checker-qual/3.12.0/checker-qual-3.12.0.jar:/home/sk117/.m2/repository/org/testcontainers/testcontainers/1.15.3/testcontainers-1.15.3.jar:/home/sk117/.m2/repository/org/apache/commons/commons-compress/1.21/commons-compress-1.21.jar:/home/sk117/.m2/repository/org/rnorth/duct-tape/duct-tape/1.0.8/duct-tape-1.0.8.jar:/home/sk117/.m2/repository/org/rnorth/visible-assertions/visible-assertions/2.1.2/visible-assertions-2.1.2.jar:/home/sk117/.m2/repository/net/java/dev/jna/jna/5.2.0/jna-5.2.0.jar:/home/sk117/.m2/repository/com/github/docker-java/docker-java-api/3.2.8/docker-java-api-3.2.8.jar:/home/sk117/.m2/repository/com/github/docker-java/docker-java-transport-zerodep/3.2.8/docker-java-transport-zerodep-3.2.8.jar:/home/sk117/.m2/repository/com/github/docker-java/docker-java-transport/3.2.8/docker-java-transport-3.2.8.jar:/home/sk117/.m2/repository/com/google/errorprone/error_prone_annotations/2.11.0/error_prone_annotations-2.11.0.jar:/home/sk117/.m2/repository/junit/junit/4.13.1/junit-4.13.1.jar:/home/sk117/.m2/repository/org/hamcrest/hamcrest-core/1.3/hamcrest-core-1.3.jar:/home/sk117/.m2/repository/org/powermock/powermock-module-junit4/2.0.7/powermock-module-junit4-2.0.7.jar:/home/sk117/.m2/repository/org/powermock/powermock-module-junit4-common/2.0.7/powermock-module-junit4-common-2.0.7.jar:/home/sk117/.m2/repository/org/powermock/powermock-reflect/2.0.7/powermock-reflect-2.0.7.jar:/home/sk117/.m2/repository/net/bytebuddy/byte-buddy/1.9.10/byte-buddy-1.9.10.jar:/home/sk117/.m2/repository/net/bytebuddy/byte-buddy-agent/1.9.10/byte-buddy-agent-1.9.10.jar:/home/sk117/.m2/repository/org/powermock/powermock-core/2.0.7/powermock-core-2.0.7.jar:/home/sk117/.m2/repository/org/powermock/powermock-api-mockito2/2.0.7/powermock-api-mockito2-2.0.7.jar:/home/sk117/.m2/repository/org/powermock/powermock-api-support/2.0.7/powermock-api-support-2.0.7.jar:/home/sk117/.m2/repository/org/mockito/mockito-core/3.5.13/mockito-core-3.5.13.jar:/home/sk117/.m2/repository/org/objenesis/objenesis/3.1/objenesis-3.1.jar:/home/sk117/.m2/repository/org/assertj/assertj-core/3.20.2/assertj-core-3.20.2.jar:/home/sk117/.m2/repository/org/openjdk/jmh/jmh-core/1.21/jmh-core-1.21.jar:/home/sk117/.m2/repository/net/sf/jopt-simple/jopt-simple/4.6/jopt-simple-4.6.jar:/home/sk117/.m2/repository/org/apache/commons/commons-math3/3.2/commons-math3-3.2.jar:/home/sk117/.m2/repository/org/projectlombok/lombok/1.18.22/lombok-1.18.22.jar:/home/sk117/.m2/repository/javax/annotation/javax.annotation-api/1.3.2/javax.annotation-api-1.3.2.jar:"/>
    <property name="java.vm.vendor" value="Ubuntu"/>
    <property name="sun.arch.data.model" value="64"/>
    <property name="java.vendor.url" value="https://ubuntu.com/"/>
    <property name="user.timezone" value=""/>
    <property name="java.vm.specification.version" value="11"/>
    <property name="os.name" value="Linux"/>
    <property name="sun.java.launcher" value="SUN_STANDARD"/>
    <property name="user.country" value="US"/>
    <property name="sun.boot.library.path" value="/usr/lib/jvm/java-11-openjdk-amd64/lib"/>
    <property name="sun.java.command" value="/home/sk117/final-project/apache-skywalking-apm-9.2.0/oap-server/server-starter/target/surefire/surefirebooter16666396527146162030.jar /home/sk117/final-project/apache-skywalking-apm-9.2.0/oap-server/server-starter/target/surefire 2022-09-25T21-17-08_236-jvmRun1 surefire17548795075170703008tmp surefire_07130750709726891581tmp"/>
    <property name="jdk.debug" value="release"/>
    <property name="test" value="org.apache.skywalking.oap.server.starter.config.ApplicationConfigLoaderTestCase#testLoadConfig"/>
    <property name="surefire.test.class.path" value="/home/sk117/final-project/apache-skywalking-apm-9.2.0/oap-server/server-starter/target/test-classes:/home/sk117/final-project/apache-skywalking-apm-9.2.0/oap-server/server-starter/target/classes:/home/sk117/.m2/repository/org/apache/skywalking/server-core/9.2.0/server-core-9.2.0.jar:/home/sk117/.m2/repository/org/yaml/snakeyaml/1.28/snakeyaml-1.28.jar:/home/sk117/.m2/repository/org/apache/skywalking/library-module/9.2.0/library-module-9.2.0.jar:/home/sk117/.m2/repository/org/apache/skywalking/telemetry-api/9.2.0/telemetry-api-9.2.0.jar:/home/sk117/.m2/repository/org/apache/skywalking/configuration-api/9.2.0/configuration-api-9.2.0.jar:/home/sk117/.m2/repository/org/apache/skywalking/library-util/9.2.0/library-util-9.2.0.jar:/home/sk117/.m2/repository/joda-time/joda-time/2.10.5/joda-time-2.10.5.jar:/home/sk117/.m2/repository/com/google/protobuf/protobuf-java/3.19.4/protobuf-java-3.19.4.jar:/home/sk117/.m2/repository/com/google/protobuf/protobuf-java-util/3.19.4/protobuf-java-util-3.19.4.jar:/home/sk117/.m2/repository/com/google/j2objc/j2objc-annotations/1.3/j2objc-annotations-1.3.jar:/home/sk117/.m2/repository/org/apache/commons/commons-text/1.4/commons-text-1.4.jar:/home/sk117/.m2/repository/org/apache/skywalking/library-client/9.2.0/library-client-9.2.0.jar:/home/sk117/.m2/repository/org/apache/skywalking/library-elasticsearch-client/9.2.0/library-elasticsearch-client-9.2.0.jar:/home/sk117/.m2/repository/io/netty/netty-handler/4.1.77.Final/netty-handler-4.1.77.Final.jar:/home/sk117/.m2/repository/io/netty/netty-resolver/4.1.77.Final/netty-resolver-4.1.77.Final.jar:/home/sk117/.m2/repository/com/zaxxer/HikariCP/3.1.0/HikariCP-3.1.0.jar:/home/sk117/.m2/repository/org/slf4j/jcl-over-slf4j/1.7.30/jcl-over-slf4j-1.7.30.jar:/home/sk117/.m2/repository/org/apache/skywalking/library-server/9.2.0/library-server-9.2.0.jar:/home/sk117/.m2/repository/io/netty/netty-codec/4.1.77.Final/netty-codec-4.1.77.Final.jar:/home/sk117/.m2/repository/io/netty/netty-codec-http/4.1.77.Final/netty-codec-http-4.1.77.Final.jar:/home/sk117/.m2/repository/com/linecorp/armeria/armeria/1.16.0/armeria-1.16.0.jar:/home/sk117/.m2/repository/io/micrometer/micrometer-core/1.8.5/micrometer-core-1.8.5.jar:/home/sk117/.m2/repository/org/hdrhistogram/HdrHistogram/2.1.12/HdrHistogram-2.1.12.jar:/home/sk117/.m2/repository/org/latencyutils/LatencyUtils/2.0.3/LatencyUtils-2.0.3.jar:/home/sk117/.m2/repository/io/netty/netty-codec-haproxy/4.1.77.Final/netty-codec-haproxy-4.1.77.Final.jar:/home/sk117/.m2/repository/io/netty/netty-resolver-dns/4.1.77.Final/netty-resolver-dns-4.1.77.Final.jar:/home/sk117/.m2/repository/io/netty/netty-codec-dns/4.1.77.Final/netty-codec-dns-4.1.77.Final.jar:/home/sk117/.m2/repository/io/netty/netty-resolver-dns-native-macos/4.1.77.Final/netty-resolver-dns-native-macos-4.1.77.Final-osx-x86_64.jar:/home/sk117/.m2/repository/io/netty/netty-resolver-dns-classes-macos/4.1.77.Final/netty-resolver-dns-classes-macos-4.1.77.Final.jar:/home/sk117/.m2/repository/io/netty/netty-resolver-dns-native-macos/4.1.77.Final/netty-resolver-dns-native-macos-4.1.77.Final-osx-aarch_64.jar:/home/sk117/.m2/repository/io/netty/netty-transport-native-unix-common/4.1.77.Final/netty-transport-native-unix-common-4.1.77.Final-linux-x86_64.jar:/home/sk117/.m2/repository/io/netty/netty-transport-native-epoll/4.1.77.Final/netty-transport-native-epoll-4.1.77.Final-linux-x86_64.jar:/home/sk117/.m2/repository/io/netty/netty-transport-native-unix-common/4.1.77.Final/netty-transport-native-unix-common-4.1.77.Final.jar:/home/sk117/.m2/repository/io/netty/netty-transport-classes-epoll/4.1.77.Final/netty-transport-classes-epoll-4.1.77.Final.jar:/home/sk117/.m2/repository/io/netty/netty-tcnative-boringssl-static/2.0.52.Final/netty-tcnative-boringssl-static-2.0.52.Final-linux-x86_64.jar:/home/sk117/.m2/repository/io/netty/netty-tcnative-boringssl-static/2.0.52.Final/netty-tcnative-boringssl-static-2.0.52.Final-linux-aarch_64.jar:/home/sk117/.m2/repository/io/netty/netty-tcnative-boringssl-static/2.0.52.Final/netty-tcnative-boringssl-static-2.0.52.Final-osx-x86_64.jar:/home/sk117/.m2/repository/io/netty/netty-tcnative-boringssl-static/2.0.52.Final/netty-tcnative-boringssl-static-2.0.52.Final-osx-aarch_64.jar:/home/sk117/.m2/repository/io/netty/netty-tcnative-boringssl-static/2.0.52.Final/netty-tcnative-boringssl-static-2.0.52.Final-windows-x86_64.jar:/home/sk117/.m2/repository/com/aayushatharva/brotli4j/brotli4j/1.7.1/brotli4j-1.7.1.jar:/home/sk117/.m2/repository/com/linecorp/armeria/armeria-protobuf/1.16.0/armeria-protobuf-1.16.0.jar:/home/sk117/.m2/repository/org/apache/skywalking/library-datacarrier-queue/9.2.0/library-datacarrier-queue-9.2.0.jar:/home/sk117/.m2/repository/org/apache/skywalking/apm-network/9.2.0/apm-network-9.2.0.jar:/home/sk117/.m2/repository/io/netty/netty-tcnative-boringssl-static/2.0.52.Final/netty-tcnative-boringssl-static-2.0.52.Final.jar:/home/sk117/.m2/repository/io/netty/netty-tcnative-classes/2.0.52.Final/netty-tcnative-classes-2.0.52.Final.jar:/home/sk117/.m2/repository/org/javassist/javassist/3.25.0-GA/javassist-3.25.0-GA.jar:/home/sk117/.m2/repository/io/vavr/vavr/0.10.3/vavr-0.10.3.jar:/home/sk117/.m2/repository/io/vavr/vavr-match/0.10.3/vavr-match-0.10.3.jar:/home/sk117/.m2/repository/io/zipkin/zipkin2/zipkin/2.23.16/zipkin-2.23.16.jar:/home/sk117/.m2/repository/org/apache/skywalking/oal-rt/9.2.0/oal-rt-9.2.0.jar:/home/sk117/.m2/repository/org/apache/skywalking/oal-grammar/9.2.0/oal-grammar-9.2.0.jar:/home/sk117/.m2/repository/org/antlr/antlr4-runtime/4.9.2/antlr4-runtime-4.9.2.jar:/home/sk117/.m2/repository/org/freemarker/freemarker/2.3.31/freemarker-2.3.31.jar:/home/sk117/.m2/repository/commons-io/commons-io/2.7/commons-io-2.7.jar:/home/sk117/.m2/repository/org/apache/skywalking/cluster-standalone-plugin/9.2.0/cluster-standalone-plugin-9.2.0.jar:/home/sk117/.m2/repository/org/apache/skywalking/cluster-zookeeper-plugin/9.2.0/cluster-zookeeper-plugin-9.2.0.jar:/home/sk117/.m2/repository/com/google/code/gson/gson/2.9.0/gson-2.9.0.jar:/home/sk117/.m2/repository/org/apache/curator/curator-x-discovery/4.3.0/curator-x-discovery-4.3.0.jar:/home/sk117/.m2/repository/org/apache/curator/curator-recipes/4.3.0/curator-recipes-4.3.0.jar:/home/sk117/.m2/repository/org/apache/curator/curator-framework/4.3.0/curator-framework-4.3.0.jar:/home/sk117/.m2/repository/org/apache/curator/curator-client/4.3.0/curator-client-4.3.0.jar:/home/sk117/.m2/repository/org/apache/zookeeper/zookeeper/3.5.7/zookeeper-3.5.7.jar:/home/sk117/.m2/repository/org/apache/zookeeper/zookeeper-jute/3.5.7/zookeeper-jute-3.5.7.jar:/home/sk117/.m2/repository/org/apache/yetus/audience-annotations/0.5.0/audience-annotations-0.5.0.jar:/home/sk117/.m2/repository/io/netty/netty-transport-native-epoll/4.1.77.Final/netty-transport-native-epoll-4.1.77.Final.jar:/home/sk117/.m2/repository/com/fasterxml/jackson/core/jackson-databind/2.13.2.2/jackson-databind-2.13.2.2.jar:/home/sk117/.m2/repository/org/apache/skywalking/cluster-kubernetes-plugin/9.2.0/cluster-kubernetes-plugin-9.2.0.jar:/home/sk117/.m2/repository/io/kubernetes/client-java/16.0.0/client-java-16.0.0.jar:/home/sk117/.m2/repository/io/prometheus/simpleclient_httpserver/0.15.0/simpleclient_httpserver-0.15.0.jar:/home/sk117/.m2/repository/io/kubernetes/client-java-api/16.0.0/client-java-api-16.0.0.jar:/home/sk117/.m2/repository/io/swagger/swagger-annotations/1.6.6/swagger-annotations-1.6.6.jar:/home/sk117/.m2/repository/com/squareup/okhttp3/logging-interceptor/4.9.2/logging-interceptor-4.9.2.jar:/home/sk117/.m2/repository/io/gsonfire/gson-fire/1.8.5/gson-fire-1.8.5.jar:/home/sk117/.m2/repository/io/kubernetes/client-java-proto/16.0.0/client-java-proto-16.0.0.jar:/home/sk117/.m2/repository/commons-codec/commons-codec/1.11/commons-codec-1.11.jar:/home/sk117/.m2/repository/org/apache/commons/commons-lang3/3.12.0/commons-lang3-3.12.0.jar:/home/sk117/.m2/repository/org/bouncycastle/bcpkix-jdk18on/1.71/bcpkix-jdk18on-1.71.jar:/home/sk117/.m2/repository/org/bouncycastle/bcprov-jdk18on/1.71/bcprov-jdk18on-1.71.jar:/home/sk117/.m2/repository/org/bouncycastle/bcutil-jdk18on/1.71/bcutil-jdk18on-1.71.jar:/home/sk117/.m2/repository/org/apache/commons/commons-collections4/4.4/commons-collections4-4.4.jar:/home/sk117/.m2/repository/org/bitbucket/b_c/jose4j/0.7.12/jose4j-0.7.12.jar:/home/sk117/.m2/repository/org/apache/skywalking/cluster-consul-plugin/9.2.0/cluster-consul-plugin-9.2.0.jar:/home/sk117/.m2/repository/com/orbitz/consul/consul-client/1.4.2/consul-client-1.4.2.jar:/home/sk117/.m2/repository/com/squareup/retrofit2/retrofit/2.5.0/retrofit-2.5.0.jar:/home/sk117/.m2/repository/com/squareup/retrofit2/converter-jackson/2.5.0/converter-jackson-2.5.0.jar:/home/sk117/.m2/repository/com/squareup/okhttp3/okhttp/3.14.9/okhttp-3.14.9.jar:/home/sk117/.m2/repository/com/squareup/okio/okio/1.17.2/okio-1.17.2.jar:/home/sk117/.m2/repository/com/fasterxml/jackson/core/jackson-annotations/2.13.2/jackson-annotations-2.13.2.jar:/home/sk117/.m2/repository/com/fasterxml/jackson/core/jackson-core/2.13.2/jackson-core-2.13.2.jar:/home/sk117/.m2/repository/com/fasterxml/jackson/datatype/jackson-datatype-jdk8/2.9.10/jackson-datatype-jdk8-2.9.10.jar:/home/sk117/.m2/repository/com/fasterxml/jackson/datatype/jackson-datatype-guava/2.9.10/jackson-datatype-guava-2.9.10.jar:/home/sk117/.m2/repository/org/apache/skywalking/cluster-etcd-plugin/9.2.0/cluster-etcd-plugin-9.2.0.jar:/home/sk117/.m2/repository/io/etcd/jetcd-core/0.5.3/jetcd-core-0.5.3.jar:/home/sk117/.m2/repository/io/etcd/jetcd-common/0.5.3/jetcd-common-0.5.3.jar:/home/sk117/.m2/repository/io/etcd/jetcd-resolver/0.5.3/jetcd-resolver-0.5.3.jar:/home/sk117/.m2/repository/net/jodah/failsafe/2.3.4/failsafe-2.3.4.jar:/home/sk117/.m2/repository/io/grpc/grpc-core/1.46.0/grpc-core-1.46.0.jar:/home/sk117/.m2/repository/io/grpc/grpc-api/1.46.0/grpc-api-1.46.0.jar:/home/sk117/.m2/repository/io/grpc/grpc-context/1.46.0/grpc-context-1.46.0.jar:/home/sk117/.m2/repository/org/codehaus/mojo/animal-sniffer-annotations/1.19/animal-sniffer-annotations-1.19.jar:/home/sk117/.m2/repository/io/perfmark/perfmark-api/0.25.0/perfmark-api-0.25.0.jar:/home/sk117/.m2/repository/io/grpc/grpc-netty/1.46.0/grpc-netty-1.46.0.jar:/home/sk117/.m2/repository/io/netty/netty-codec-http2/4.1.77.Final/netty-codec-http2-4.1.77.Final.jar:/home/sk117/.m2/repository/io/netty/netty-common/4.1.77.Final/netty-common-4.1.77.Final.jar:/home/sk117/.m2/repository/io/netty/netty-buffer/4.1.77.Final/netty-buffer-4.1.77.Final.jar:/home/sk117/.m2/repository/io/netty/netty-transport/4.1.77.Final/netty-transport-4.1.77.Final.jar:/home/sk117/.m2/repository/io/netty/netty-handler-proxy/4.1.77.Final/netty-handler-proxy-4.1.77.Final.jar:/home/sk117/.m2/repository/io/netty/netty-codec-socks/4.1.77.Final/netty-codec-socks-4.1.77.Final.jar:/home/sk117/.m2/repository/io/grpc/grpc-protobuf/1.46.0/grpc-protobuf-1.46.0.jar:/home/sk117/.m2/repository/com/google/api/grpc/proto-google-common-protos/2.0.1/proto-google-common-protos-2.0.1.jar:/home/sk117/.m2/repository/io/grpc/grpc-protobuf-lite/1.46.0/grpc-protobuf-lite-1.46.0.jar:/home/sk117/.m2/repository/io/grpc/grpc-stub/1.46.0/grpc-stub-1.46.0.jar:/home/sk117/.m2/repository/io/grpc/grpc-grpclb/1.46.0/grpc-grpclb-1.46.0.jar:/home/sk117/.m2/repository/org/apache/skywalking/cluster-nacos-plugin/9.2.0/cluster-nacos-plugin-9.2.0.jar:/home/sk117/.m2/repository/com/alibaba/nacos/nacos-client/1.4.2/nacos-client-1.4.2.jar:/home/sk117/.m2/repository/com/alibaba/nacos/nacos-common/1.4.2/nacos-common-1.4.2.jar:/home/sk117/.m2/repository/org/apache/httpcomponents/httpasyncclient/4.1.3/httpasyncclient-4.1.3.jar:/home/sk117/.m2/repository/com/alibaba/nacos/nacos-api/1.4.2/nacos-api-1.4.2.jar:/home/sk117/.m2/repository/org/apache/httpcomponents/httpcore-nio/4.4.13/httpcore-nio-4.4.13.jar:/home/sk117/.m2/repository/org/apache/httpcomponents/httpcore/4.4.13/httpcore-4.4.13.jar:/home/sk117/.m2/repository/org/apache/skywalking/skywalking-mesh-receiver-plugin/9.2.0/skywalking-mesh-receiver-plugin-9.2.0.jar:/home/sk117/.m2/repository/org/apache/skywalking/skywalking-sharing-server-plugin/9.2.0/skywalking-sharing-server-plugin-9.2.0.jar:/home/sk117/.m2/repository/org/apache/skywalking/skywalking-management-receiver-plugin/9.2.0/skywalking-management-receiver-plugin-9.2.0.jar:/home/sk117/.m2/repository/org/apache/skywalking/skywalking-jvm-receiver-plugin/9.2.0/skywalking-jvm-receiver-plugin-9.2.0.jar:/home/sk117/.m2/repository/org/apache/skywalking/agent-analyzer/9.2.0/agent-analyzer-9.2.0.jar:/home/sk117/.m2/repository/org/apache/skywalking/skywalking-trace-receiver-plugin/9.2.0/skywalking-trace-receiver-plugin-9.2.0.jar:/home/sk117/.m2/repository/org/apache/skywalking/zipkin-receiver-plugin/9.2.0/zipkin-receiver-plugin-9.2.0.jar:/home/sk117/.m2/repository/org/apache/kafka/kafka-clients/2.4.1/kafka-clients-2.4.1.jar:/home/sk117/.m2/repository/com/github/luben/zstd-jni/1.4.3-1/zstd-jni-1.4.3-1.jar:/home/sk117/.m2/repository/org/lz4/lz4-java/1.6.0/lz4-java-1.6.0.jar:/home/sk117/.m2/repository/org/xerial/snappy/snappy-java/1.1.7.3/snappy-java-1.1.7.3.jar:/home/sk117/.m2/repository/org/apache/skywalking/zipkin-query-plugin/9.2.0/zipkin-query-plugin-9.2.0.jar:/home/sk117/.m2/repository/org/apache/skywalking/envoy-metrics-receiver-plugin/9.2.0/envoy-metrics-receiver-plugin-9.2.0.jar:/home/sk117/.m2/repository/org/apache/skywalking/receiver-proto/9.2.0/receiver-proto-9.2.0.jar:/home/sk117/.m2/repository/org/apache/skywalking/meter-analyzer/9.2.0/meter-analyzer-9.2.0.jar:/home/sk117/.m2/repository/org/codehaus/groovy/groovy/3.0.8/groovy-3.0.8.jar:/home/sk117/.m2/repository/org/apache/skywalking/log-analyzer/9.2.0/log-analyzer-9.2.0.jar:/home/sk117/.m2/repository/org/apache/skywalking/library-kubernetes-support/9.2.0/library-kubernetes-support-9.2.0.jar:/home/sk117/.m2/repository/commons-beanutils/commons-beanutils/1.9.4/commons-beanutils-1.9.4.jar:/home/sk117/.m2/repository/com/google/flatbuffers/flatbuffers-java/1.12.0/flatbuffers-java-1.12.0.jar:/home/sk117/.m2/repository/org/apache/skywalking/skywalking-clr-receiver-plugin/9.2.0/skywalking-clr-receiver-plugin-9.2.0.jar:/home/sk117/.m2/repository/org/apache/skywalking/skywalking-profile-receiver-plugin/9.2.0/skywalking-profile-receiver-plugin-9.2.0.jar:/home/sk117/.m2/repository/org/apache/skywalking/otel-receiver-plugin/9.2.0/otel-receiver-plugin-9.2.0.jar:/home/sk117/.m2/repository/org/apache/skywalking/skywalking-meter-receiver-plugin/9.2.0/skywalking-meter-receiver-plugin-9.2.0.jar:/home/sk117/.m2/repository/org/apache/skywalking/skywalking-browser-receiver-plugin/9.2.0/skywalking-browser-receiver-plugin-9.2.0.jar:/home/sk117/.m2/repository/org/apache/skywalking/skywalking-log-recevier-plugin/9.2.0/skywalking-log-recevier-plugin-9.2.0.jar:/home/sk117/.m2/repository/org/apache/skywalking/configuration-discovery-receiver-plugin/9.2.0/configuration-discovery-receiver-plugin-9.2.0.jar:/home/sk117/.m2/repository/org/apache/skywalking/skywalking-event-receiver-plugin/9.2.0/skywalking-event-receiver-plugin-9.2.0.jar:/home/sk117/.m2/repository/org/apache/skywalking/event-analyzer/9.2.0/event-analyzer-9.2.0.jar:/home/sk117/.m2/repository/org/apache/skywalking/skywalking-zabbix-receiver-plugin/9.2.0/skywalking-zabbix-receiver-plugin-9.2.0.jar:/home/sk117/.m2/repository/org/apache/skywalking/skywalking-ebpf-receiver-plugin/9.2.0/skywalking-ebpf-receiver-plugin-9.2.0.jar:/home/sk117/.m2/repository/org/apache/skywalking/prometheus-fetcher-plugin/9.2.0/prometheus-fetcher-plugin-9.2.0.jar:/home/sk117/.m2/repository/org/apache/skywalking/kafka-fetcher-plugin/9.2.0/kafka-fetcher-plugin-9.2.0.jar:/home/sk117/.m2/repository/org/apache/skywalking/storage-jdbc-hikaricp-plugin/9.2.0/storage-jdbc-hikaricp-plugin-9.2.0.jar:/home/sk117/.m2/repository/com/h2database/h2/2.1.212/h2-2.1.212.jar:/home/sk117/.m2/repository/org/postgresql/postgresql/42.3.3/postgresql-42.3.3.jar:/home/sk117/.m2/repository/org/apache/skywalking/storage-tidb-plugin/9.2.0/storage-tidb-plugin-9.2.0.jar:/home/sk117/.m2/repository/org/apache/skywalking/storage-banyandb-plugin/9.2.0/storage-banyandb-plugin-9.2.0.jar:/home/sk117/.m2/repository/org/apache/skywalking/banyandb-java-client/0.1.0/banyandb-java-client-0.1.0.jar:/home/sk117/.m2/repository/org/apache/skywalking/query-graphql-plugin/9.2.0/query-graphql-plugin-9.2.0.jar:/home/sk117/.m2/repository/org/apache/skywalking/server-health-checker/9.2.0/server-health-checker-9.2.0.jar:/home/sk117/.m2/repository/com/graphql-java/graphql-java/17.3/graphql-java-17.3.jar:/home/sk117/.m2/repository/com/graphql-java/java-dataloader/3.1.0/java-dataloader-3.1.0.jar:/home/sk117/.m2/repository/org/reactivestreams/reactive-streams/1.0.2/reactive-streams-1.0.2.jar:/home/sk117/.m2/repository/com/graphql-java-kickstart/graphql-java-tools/12.0.2/graphql-java-tools-12.0.2.jar:/home/sk117/.m2/repository/org/jetbrains/kotlin/kotlin-stdlib/1.5.0/kotlin-stdlib-1.5.0.jar:/home/sk117/.m2/repository/org/jetbrains/annotations/13.0/annotations-13.0.jar:/home/sk117/.m2/repository/org/jetbrains/kotlin/kotlin-stdlib-common/1.5.0/kotlin-stdlib-common-1.5.0.jar:/home/sk117/.m2/repository/org/jetbrains/kotlin/kotlin-reflect/1.5.0/kotlin-reflect-1.5.0.jar:/home/sk117/.m2/repository/org/jetbrains/kotlinx/kotlinx-coroutines-jdk8/1.5.0-native-mt/kotlinx-coroutines-jdk8-1.5.0-native-mt.jar:/home/sk117/.m2/repository/org/jetbrains/kotlinx/kotlinx-coroutines-core-jvm/1.5.0-native-mt/kotlinx-coroutines-core-jvm-1.5.0-native-mt.jar:/home/sk117/.m2/repository/org/jetbrains/kotlin/kotlin-stdlib-jdk8/1.5.0/kotlin-stdlib-jdk8-1.5.0.jar:/home/sk117/.m2/repository/org/jetbrains/kotlin/kotlin-stdlib-jdk7/1.5.0/kotlin-stdlib-jdk7-1.5.0.jar:/home/sk117/.m2/repository/org/jetbrains/kotlinx/kotlinx-coroutines-core/1.5.0-native-mt/kotlinx-coroutines-core-1.5.0-native-mt.jar:/home/sk117/.m2/repository/org/jetbrains/kotlinx/kotlinx-coroutines-reactive/1.5.0-native-mt/kotlinx-coroutines-reactive-1.5.0-native-mt.jar:/home/sk117/.m2/repository/com/fasterxml/classmate/1.5.1/classmate-1.5.1.jar:/home/sk117/.m2/repository/com/fasterxml/jackson/module/jackson-module-kotlin/2.13.1/jackson-module-kotlin-2.13.1.jar:/home/sk117/.m2/repository/com/graphql-java/graphql-java-extended-scalars/17.0/graphql-java-extended-scalars-17.0.jar:/home/sk117/.m2/repository/com/linecorp/armeria/armeria-graphql/1.16.0/armeria-graphql-1.16.0.jar:/home/sk117/.m2/repository/com/linecorp/armeria/armeria-graphql-protocol/1.16.0/armeria-graphql-protocol-1.16.0.jar:/home/sk117/.m2/repository/com/fasterxml/jackson/module/jackson-module-afterburner/2.12.2/jackson-module-afterburner-2.12.2.jar:/home/sk117/.m2/repository/org/apache/skywalking/server-alarm-plugin/9.2.0/server-alarm-plugin-9.2.0.jar:/home/sk117/.m2/repository/org/mvel/mvel2/2.4.8.Final/mvel2-2.4.8.Final.jar:/home/sk117/.m2/repository/org/apache/httpcomponents/httpclient/4.5.13/httpclient-4.5.13.jar:/home/sk117/.m2/repository/commons-logging/commons-logging/1.2/commons-logging-1.2.jar:/home/sk117/.m2/repository/org/apache/skywalking/telemetry-prometheus/9.2.0/telemetry-prometheus-9.2.0.jar:/home/sk117/.m2/repository/io/prometheus/simpleclient/0.6.0/simpleclient-0.6.0.jar:/home/sk117/.m2/repository/io/prometheus/simpleclient_common/0.6.0/simpleclient_common-0.6.0.jar:/home/sk117/.m2/repository/io/prometheus/simpleclient_hotspot/0.6.0/simpleclient_hotspot-0.6.0.jar:/home/sk117/.m2/repository/org/apache/skywalking/exporter/9.2.0/exporter-9.2.0.jar:/home/sk117/.m2/repository/org/apache/skywalking/grpc-configuration-sync/9.2.0/grpc-configuration-sync-9.2.0.jar:/home/sk117/.m2/repository/org/apache/skywalking/configuration-apollo/9.2.0/configuration-apollo-9.2.0.jar:/home/sk117/.m2/repository/com/ctrip/framework/apollo/apollo-client/1.8.0/apollo-client-1.8.0.jar:/home/sk117/.m2/repository/com/ctrip/framework/apollo/apollo-core/1.8.0/apollo-core-1.8.0.jar:/home/sk117/.m2/repository/com/google/inject/guice/4.1.0/guice-4.1.0.jar:/home/sk117/.m2/repository/javax/inject/javax.inject/1/javax.inject-1.jar:/home/sk117/.m2/repository/aopalliance/aopalliance/1.0/aopalliance-1.0.jar:/home/sk117/.m2/repository/org/apache/skywalking/configuration-zookeeper/9.2.0/configuration-zookeeper-9.2.0.jar:/home/sk117/.m2/repository/org/apache/skywalking/configuration-etcd/9.2.0/configuration-etcd-9.2.0.jar:/home/sk117/.m2/repository/org/apache/skywalking/configuration-consul/9.2.0/configuration-consul-9.2.0.jar:/home/sk117/.m2/repository/org/apache/skywalking/configuration-k8s-configmap/9.2.0/configuration-k8s-configmap-9.2.0.jar:/home/sk117/.m2/repository/org/apache/skywalking/configuration-nacos/9.2.0/configuration-nacos-9.2.0.jar:/home/sk117/.m2/repository/org/apache/skywalking/storage-elasticsearch-plugin/9.2.0/storage-elasticsearch-plugin-9.2.0.jar:/home/sk117/.m2/repository/org/slf4j/slf4j-api/1.7.30/slf4j-api-1.7.30.jar:/home/sk117/.m2/repository/org/slf4j/log4j-over-slf4j/1.7.30/log4j-over-slf4j-1.7.30.jar:/home/sk117/.m2/repository/org/apache/logging/log4j/log4j-core/2.17.1/log4j-core-2.17.1.jar:/home/sk117/.m2/repository/org/apache/logging/log4j/log4j-api/2.17.1/log4j-api-2.17.1.jar:/home/sk117/.m2/repository/org/apache/logging/log4j/log4j-slf4j-impl/2.17.1/log4j-slf4j-impl-2.17.1.jar:/home/sk117/.m2/repository/com/google/guava/guava/31.1-jre/guava-31.1-jre.jar:/home/sk117/.m2/repository/com/google/guava/failureaccess/1.0.1/failureaccess-1.0.1.jar:/home/sk117/.m2/repository/com/google/guava/listenablefuture/9999.0-empty-to-avoid-conflict-with-guava/listenablefuture-9999.0-empty-to-avoid-conflict-with-guava.jar:/home/sk117/.m2/repository/com/google/code/findbugs/jsr305/3.0.2/jsr305-3.0.2.jar:/home/sk117/.m2/repository/org/checkerframework/checker-qual/3.12.0/checker-qual-3.12.0.jar:/home/sk117/.m2/repository/org/testcontainers/testcontainers/1.15.3/testcontainers-1.15.3.jar:/home/sk117/.m2/repository/org/apache/commons/commons-compress/1.21/commons-compress-1.21.jar:/home/sk117/.m2/repository/org/rnorth/duct-tape/duct-tape/1.0.8/duct-tape-1.0.8.jar:/home/sk117/.m2/repository/org/rnorth/visible-assertions/visible-assertions/2.1.2/visible-assertions-2.1.2.jar:/home/sk117/.m2/repository/net/java/dev/jna/jna/5.2.0/jna-5.2.0.jar:/home/sk117/.m2/repository/com/github/docker-java/docker-java-api/3.2.8/docker-java-api-3.2.8.jar:/home/sk117/.m2/repository/com/github/docker-java/docker-java-transport-zerodep/3.2.8/docker-java-transport-zerodep-3.2.8.jar:/home/sk117/.m2/repository/com/github/docker-java/docker-java-transport/3.2.8/docker-java-transport-3.2.8.jar:/home/sk117/.m2/repository/com/google/errorprone/error_prone_annotations/2.11.0/error_prone_annotations-2.11.0.jar:/home/sk117/.m2/repository/junit/junit/4.13.1/junit-4.13.1.jar:/home/sk117/.m2/repository/org/hamcrest/hamcrest-core/1.3/hamcrest-core-1.3.jar:/home/sk117/.m2/repository/org/powermock/powermock-module-junit4/2.0.7/powermock-module-junit4-2.0.7.jar:/home/sk117/.m2/repository/org/powermock/powermock-module-junit4-common/2.0.7/powermock-module-junit4-common-2.0.7.jar:/home/sk117/.m2/repository/org/powermock/powermock-reflect/2.0.7/powermock-reflect-2.0.7.jar:/home/sk117/.m2/repository/net/bytebuddy/byte-buddy/1.9.10/byte-buddy-1.9.10.jar:/home/sk117/.m2/repository/net/bytebuddy/byte-buddy-agent/1.9.10/byte-buddy-agent-1.9.10.jar:/home/sk117/.m2/repository/org/powermock/powermock-core/2.0.7/powermock-core-2.0.7.jar:/home/sk117/.m2/repository/org/powermock/powermock-api-mockito2/2.0.7/powermock-api-mockito2-2.0.7.jar:/home/sk117/.m2/repository/org/powermock/powermock-api-support/2.0.7/powermock-api-support-2.0.7.jar:/home/sk117/.m2/repository/org/mockito/mockito-core/3.5.13/mockito-core-3.5.13.jar:/home/sk117/.m2/repository/org/objenesis/objenesis/3.1/objenesis-3.1.jar:/home/sk117/.m2/repository/org/assertj/assertj-core/3.20.2/assertj-core-3.20.2.jar:/home/sk117/.m2/repository/org/openjdk/jmh/jmh-core/1.21/jmh-core-1.21.jar:/home/sk117/.m2/repository/net/sf/jopt-simple/jopt-simple/4.6/jopt-simple-4.6.jar:/home/sk117/.m2/repository/org/apache/commons/commons-math3/3.2/commons-math3-3.2.jar:/home/sk117/.m2/repository/org/projectlombok/lombok/1.18.22/lombok-1.18.22.jar:/home/sk117/.m2/repository/javax/annotation/javax.annotation-api/1.3.2/javax.annotation-api-1.3.2.jar:"/>
    <property name="sun.cpu.endian" value="little"/>
    <property name="user.home" value="/home/sk117"/>
    <property name="user.language" value="en"/>
    <property name="java.specification.vendor" value="Oracle Corporation"/>
    <property name="java.version.date" value="2022-07-19"/>
    <property name="java.home" value="/usr/lib/jvm/java-11-openjdk-amd64"/>
    <property name="file.separator" value="/"/>
    <property name="basedir" value="/home/sk117/final-project/apache-skywalking-apm-9.2.0/oap-server/server-starter"/>
    <property name="java.vm.compressedOopsMode" value="32-bit"/>
    <property name="line.separator" value="&#10;"/>
    <property name="java.specification.name" value="Java Platform API Specification"/>
    <property name="java.vm.specification.vendor" value="Oracle Corporation"/>
    <property name="java.awt.graphicsenv" value="sun.awt.X11GraphicsEnvironment"/>
    <property name="surefire.real.class.path" value="/home/sk117/final-project/apache-skywalking-apm-9.2.0/oap-server/server-starter/target/surefire/surefirebooter16666396527146162030.jar"/>
    <property name="sun.management.compiler" value="HotSpot 64-Bit Tiered Compilers"/>
    <property name="java.runtime.version" value="11.0.16+8-post-Ubuntu-0ubuntu120.04"/>
    <property name="user.name" value="sk117"/>
    <property name="path.separator" value=":"/>
    <property name="os.version" value="5.4.0-124-generic"/>
    <property name="java.runtime.name" value="OpenJDK Runtime Environment"/>
    <property name="file.encoding" value="UTF-8"/>
    <property name="java.vm.name" value="OpenJDK 64-Bit Server VM"/>
    <property name="localRepository" value="/home/sk117/.m2/repository"/>
    <property name="java.vendor.url.bug" value="https://bugs.launchpad.net/ubuntu/+source/openjdk-lts"/>
    <property name="java.io.tmpdir" value="/tmp"/>
    <property name="java.version" value="11.0.16"/>
    <property name="user.dir" value="/home/sk117/final-project/apache-skywalking-apm-9.2.0/oap-server/server-starter"/>
    <property name="os.arch" value="amd64"/>
    <property name="java.vm.specification.name" value="Java Virtual Machine Specification"/>
    <property name="java.awt.printerjob" value="sun.print.PSPrinterJob"/>
    <property name="failIfNoTests" value="false"/>
    <property name="sun.os.patch.level" value="unknown"/>
    <property name="java.library.path" value="/usr/java/packages/lib:/usr/lib/x86_64-linux-gnu/jni:/lib/x86_64-linux-gnu:/usr/lib/x86_64-linux-gnu:/usr/lib/jni:/lib:/usr/lib"/>
    <property name="java.vm.info" value="mixed mode, sharing"/>
    <property name="java.vendor" value="Ubuntu"/>
    <property name="java.vm.version" value="11.0.16+8-post-Ubuntu-0ubuntu120.04"/>
    <property name="sun.io.unicode.encoding" value="UnicodeLittle"/>
    <property name="java.class.version" value="55.0"/>
  </properties>
  <testcase name="testLoadConfig" classname="org.apache.skywalking.oap.server.starter.config.ApplicationConfigLoaderTestCase" time="1.556"/>
</testsuite>