<?xml version="1.0" encoding="UTF-8"?>
<testsuite xmlns:xsi="http://www.w3.org/2001/XMLSchema-instance" xsi:noNamespaceSchemaLocation="https://maven.apache.org/surefire/maven-surefire-plugin/xsd/surefire-test-report.xsd" name="org.apache.skywalking.oap.server.starter.config.ApplicationConfigLoaderTestCase" time="2.325" tests="1" errors="0" skipped="0" failures="1">
  <properties>
    <property name="awt.toolkit" value="sun.awt.X11.XToolkit"/>
    <property name="java.specification.version" value="11"/>
    <property name="sun.cpu.isalist" value=""/>
    <property name="git.build.version" value="9.2.0"/>
    <property name="sun.jnu.encoding" value="UTF-8"/>
    <property name="java.class.path" value="/home/sk117/final-project/copy/apache-skywalking-apm-9.2.0/oap-server/server-starter/target/test-classes:/home/sk117/final-project/copy/apache-skywalking-apm-9.2.0/oap-server/server-starter/target/classes:/home/sk117/.m2/repository/org/apache/skywalking/server-core/9.2.0/server-core-9.2.0.jar:/home/sk117/.m2/repository/org/yaml/snakeyaml/1.28/snakeyaml-1.28.jar:/home/sk117/.m2/repository/org/apache/skywalking/library-module/9.2.0/library-module-9.2.0.jar:/home/sk117/.m2/repository/org/apache/skywalking/telemetry-api/9.2.0/telemetry-api-9.2.0.jar:/home/sk117/.m2/repository/org/apache/skywalking/configuration-api/9.2.0/configuration-api-9.2.0.jar:/home/sk117/.m2/repository/org/apache/skywalking/library-util/9.2.0/library-util-9.2.0.jar:/home/sk117/.m2/repository/joda-time/joda-time/2.10.5/joda-time-2.10.5.jar:/home/sk117/.m2/repository/com/google/protobuf/protobuf-java/3.19.4/protobuf-java-3.19.4.jar:/home/sk117/.m2/repository/com/google/protobuf/protobuf-java-util/3.19.4/protobuf-java-util-3.19.4.jar:/home/sk117/.m2/repository/com/google/j2objc/j2objc-annotations/1.3/j2objc-annotations-1.3.jar:/home/sk117/.m2/repository/org/apache/commons/commons-text/1.4/commons-text-1.4.jar:/home/sk117/.m2/repository/org/apache/skywalking/library-client/9.2.0/library-client-9.2.0.jar:/home/sk117/.m2/repository/org/apache/skywalking/library-elasticsearch-client/9.2.0/library-elasticsearch-client-9.2.0.jar:/home/sk117/.m2/repository/io/netty/netty-handler/4.1.77.Final/netty-handler-4.1.77.Final.jar:/home/sk117/.m2/repository/io/netty/netty-resolver/4.1.77.Final/netty-resolver-4.1.77.Final.jar:/home/sk117/.m2/repository/com/zaxxer/HikariCP/3.1.0/HikariCP-3.1.0.jar:/home/sk117/.m2/repository/org/slf4j/jcl-over-slf4j/1.7.30/jcl-over-slf4j-1.7.30.jar:/home/sk117/.m2/repository/org/apache/skywalking/library-server/9.2.0/library-server-9.2.0.jar:/home/sk117/.m2/repository/io/netty/netty-codec/4.1.77.Final/netty-codec-4.1.77.Final.jar:/home/sk117/.m2/repository/io/netty/netty-codec-http/4.1.77.Final/netty-codec-http-4.1.77.Final.jar:/home/sk117/.m2/repository/com/linecorp/armeria/armeria/1.16.0/armeria-1.16.0.jar:/home/sk117/.m2/repository/io/micrometer/micrometer-core/1.8.5/micrometer-core-1.8.5.jar:/home/sk117/.m2/repository/org/hdrhistogram/HdrHistogram/2.1.12/HdrHistogram-2.1.12.jar:/home/sk117/.m2/repository/org/latencyutils/LatencyUtils/2.0.3/LatencyUtils-2.0.3.jar:/home/sk117/.m2/repository/io/netty/netty-codec-haproxy/4.1.77.Final/netty-codec-haproxy-4.1.77.Final.jar:/home/sk117/.m2/repository/io/netty/netty-resolver-dns/4.1.77.Final/netty-resolver-dns-4.1.77.Final.jar:/home/sk117/.m2/repository/io/netty/netty-codec-dns/4.1.77.Final/netty-codec-dns-4.1.77.Final.jar:/home/sk117/.m2/repository/io/netty/netty-resolver-dns-native-macos/4.1.77.Final/netty-resolver-dns-native-macos-4.1.77.Final-osx-x86_64.jar:/home/sk117/.m2/repository/io/netty/netty-resolver-dns-classes-macos/4.1.77.Final/netty-resolver-dns-classes-macos-4.1.77.Final.jar:/home/sk117/.m2/repository/io/netty/netty-resolver-dns-native-macos/4.1.77.Final/netty-resolver-dns-native-macos-4.1.77.Final-osx-aarch_64.jar:/home/sk117/.m2/repository/io/netty/netty-transport-native-unix-common/4.1.77.Final/netty-transport-native-unix-common-4.1.77.Final-linux-x86_64.jar:/home/sk117/.m2/repository/io/netty/netty-transport-native-epoll/4.1.77.Final/netty-transport-native-epoll-4.1.77.Final-linux-x86_64.jar:/home/sk117/.m2/repository/io/netty/netty-transport-native-unix-common/4.1.77.Final/netty-transport-native-unix-common-4.1.77.Final.jar:/home/sk117/.m2/repository/io/netty/netty-transport-classes-epoll/4.1.77.Final/netty-transport-classes-epoll-4.1.77.Final.jar:/home/sk117/.m2/repository/io/netty/netty-tcnative-boringssl-static/2.0.52.Final/netty-tcnative-boringssl-static-2.0.52.Final-linux-x86_64.jar:/home/sk117/.m2/repository/io/netty/netty-tcnative-boringssl-static/2.0.52.Final/netty-tcnative-boringssl-static-2.0.52.Final-linux-aarch_64.jar:/home/sk117/.m2/repository/io/netty/netty-tcnative-boringssl-static/2.0.52.Final/netty-tcnative-boringssl-static-2.0.52.Final-osx-x86_64.jar:/home/sk117/.m2/repository/io/netty/netty-tcnative-boringssl-static/2.0.52.Final/netty-tcnative-boringssl-static-2.0.52.Final-osx-aarch_64.jar:/home/sk117/.m2/repository/io/netty/netty-tcnative-boringssl-static/2.0.52.Final/netty-tcnative-boringssl-static-2.0.52.Final-windows-x86_64.jar:/home/sk117/.m2/repository/com/aayushatharva/brotli4j/brotli4j/1.7.1/brotli4j-1.7.1.jar:/home/sk117/.m2/repository/com/linecorp/armeria/armeria-protobuf/1.16.0/armeria-protobuf-1.16.0.jar:/home/sk117/.m2/repository/org/apache/skywalking/library-datacarrier-queue/9.2.0/library-datacarrier-queue-9.2.0.jar:/home/sk117/.m2/repository/org/apache/skywalking/apm-network/9.2.0/apm-network-9.2.0.jar:/home/sk117/.m2/repository/io/netty/netty-tcnative-boringssl-static/2.0.52.Final/netty-tcnative-boringssl-static-2.0.52.Final.jar:/home/sk117/.m2/repository/io/netty/netty-tcnative-classes/2.0.52.Final/netty-tcnative-classes-2.0.52.Final.jar:/home/sk117/.m2/repository/org/javassist/javassist/3.25.0-GA/javassist-3.25.0-GA.jar:/home/sk117/.m2/repository/io/vavr/vavr/0.10.3/vavr-0.10.3.jar:/home/sk117/.m2/repository/io/vavr/vavr-match/0.10.3/vavr-match-0.10.3.jar:/home/sk117/.m2/repository/io/zipkin/zipkin2/zipkin/2.23.16/zipkin-2.23.16.jar:/home/sk117/.m2/repository/org/apache/skywalking/oal-rt/9.2.0/oal-rt-9.2.0.jar:/home/sk117/.m2/repository/org/apache/skywalking/oal-grammar/9.2.0/oal-grammar-9.2.0.jar:/home/sk117/.m2/repository/org/antlr/antlr4-runtime/4.9.2/antlr4-runtime-4.9.2.jar:/home/sk117/.m2/repository/org/freemarker/freemarker/2.3.31/freemarker-2.3.31.jar:/home/sk117/.m2/repository/commons-io/commons-io/2.7/commons-io-2.7.jar:/home/sk117/.m2/repository/org/apache/skywalking/cluster-standalone-plugin/9.2.0/cluster-standalone-plugin-9.2.0.jar:/home/sk117/.m2/repository/org/apache/skywalking/cluster-zookeeper-plugin/9.2.0/cluster-zookeeper-plugin-9.2.0.jar:/home/sk117/.m2/repository/com/google/code/gson/gson/2.9.0/gson-2.9.0.jar:/home/sk117/.m2/repository/org/apache/curator/curator-x-discovery/4.3.0/curator-x-discovery-4.3.0.jar:/home/sk117/.m2/repository/org/apache/curator/curator-recipes/4.3.0/curator-recipes-4.3.0.jar:/home/sk117/.m2/repository/org/apache/curator/curator-framework/4.3.0/curator-framework-4.3.0.jar:/home/sk117/.m2/repository/org/apache/curator/curator-client/4.3.0/curator-client-4.3.0.jar:/home/sk117/.m2/repository/org/apache/zookeeper/zookeeper/3.5.7/zookeeper-3.5.7.jar:/home/sk117/.m2/repository/org/apache/zookeeper/zookeeper-jute/3.5.7/zookeeper-jute-3.5.7.jar:/home/sk117/.m2/repository/org/apache/yetus/audience-annotations/0.5.0/audience-annotations-0.5.0.jar:/home/sk117/.m2/repository/io/netty/netty-transport-native-epoll/4.1.77.Final/netty-transport-native-epoll-4.1.77.Final.jar:/home/sk117/.m2/repository/com/fasterxml/jackson/core/jackson-databind/2.13.2.2/jackson-databind-2.13.2.2.jar:/home/sk117/.m2/repository/org/apache/skywalking/cluster-kubernetes-plugin/9.2.0/cluster-kubernetes-plugin-9.2.0.jar:/home/sk117/.m2/repository/io/kubernetes/client-java/16.0.0/client-java-16.0.0.jar:/home/sk117/.m2/repository/io/prometheus/simpleclient_httpserver/0.15.0/simpleclient_httpserver-0.15.0.jar:/home/sk117/.m2/repository/io/kubernetes/client-java-api/16.0.0/client-java-api-16.0.0.jar:/home/sk117/.m2/repository/io/swagger/swagger-annotations/1.6.6/swagger-annotations-1.6.6.jar:/home/sk117/.m2/repository/com/squareup/okhttp3/logging-interceptor/4.9.2/logging-interceptor-4.9.2.jar:/home/sk117/.m2/repository/io/gsonfire/gson-fire/1.8.5/gson-fire-1.8.5.jar:/home/sk117/.m2/repository/io/kubernetes/client-java-proto/16.0.0/client-java-proto-16.0.0.jar:/home/sk117/.m2/repository/commons-codec/commons-codec/1.11/commons-codec-1.11.jar:/home/sk117/.m2/repository/org/apache/commons/commons-lang3/3.12.0/commons-lang3-3.12.0.jar:/home/sk117/.m2/repository/org/bouncycastle/bcpkix-jdk18on/1.71/bcpkix-jdk18on-1.71.jar:/home/sk117/.m2/repository/org/bouncycastle/bcprov-jdk18on/1.71/bcprov-jdk18on-1.71.jar:/home/sk117/.m2/repository/org/bouncycastle/bcutil-jdk18on/1.71/bcutil-jdk18on-1.71.jar:/home/sk117/.m2/repository/org/apache/commons/commons-collections4/4.4/commons-collections4-4.4.jar:/home/sk117/.m2/repository/org/bitbucket/b_c/jose4j/0.7.12/jose4j-0.7.12.jar:/home/sk117/.m2/repository/org/apache/skywalking/cluster-consul-plugin/9.2.0/cluster-consul-plugin-9.2.0.jar:/home/sk117/.m2/repository/com/orbitz/consul/consul-client/1.4.2/consul-client-1.4.2.jar:/home/sk117/.m2/repository/com/squareup/retrofit2/retrofit/2.5.0/retrofit-2.5.0.jar:/home/sk117/.m2/repository/com/squareup/retrofit2/converter-jackson/2.5.0/converter-jackson-2.5.0.jar:/home/sk117/.m2/repository/com/squareup/okhttp3/okhttp/3.14.9/okhttp-3.14.9.jar:/home/sk117/.m2/repository/com/squareup/okio/okio/1.17.2/okio-1.17.2.jar:/home/sk117/.m2/repository/com/fasterxml/jackson/core/jackson-annotations/2.13.2/jackson-annotations-2.13.2.jar:/home/sk117/.m2/repository/com/fasterxml/jackson/core/jackson-core/2.13.2/jackson-core-2.13.2.jar:/home/sk117/.m2/repository/com/fasterxml/jackson/datatype/jackson-datatype-jdk8/2.9.10/jackson-datatype-jdk8-2.9.10.jar:/home/sk117/.m2/repository/com/fasterxml/jackson/datatype/jackson-datatype-guava/2.9.10/jackson-datatype-guava-2.9.10.jar:/home/sk117/.m2/repository/org/apache/skywalking/cluster-etcd-plugin/9.2.0/cluster-etcd-plugin-9.2.0.jar:/home/sk117/.m2/repository/io/etcd/jetcd-core/0.5.3/jetcd-core-0.5.3.jar:/home/sk117/.m2/repository/io/etcd/jetcd-common/0.5.3/jetcd-common-0.5.3.jar:/home/sk117/.m2/repository/io/etcd/jetcd-resolver/0.5.3/jetcd-resolver-0.5.3.jar:/home/sk117/.m2/repository/net/jodah/failsafe/2.3.4/failsafe-2.3.4.jar:/home/sk117/.m2/repository/io/grpc/grpc-core/1.46.0/grpc-core-1.46.0.jar:/home/sk117/.m2/repository/io/grpc/grpc-api/1.46.0/grpc-api-1.46.0.jar:/home/sk117/.m2/repository/io/grpc/grpc-context/1.46.0/grpc-context-1.46.0.jar:/home/sk117/.m2/repository/org/codehaus/mojo/animal-sniffer-annotations/1.19/animal-sniffer-annotations-1.19.jar:/home/sk117/.m2/repository/io/perfmark/perfmark-api/0.25.0/perfmark-api-0.25.0.jar:/home/sk117/.m2/repository/io/grpc/grpc-netty/1.46.0/grpc-netty-1.46.0.jar:/home/sk117/.m2/repository/io/netty/netty-codec-http2/4.1.77.Final/netty-codec-http2-4.1.77.Final.jar:/home/sk117/.m2/repository/io/netty/netty-common/4.1.77.Final/netty-common-4.1.77.Final.jar:/home/sk117/.m2/repository/io/netty/netty-buffer/4.1.77.Final/netty-buffer-4.1.77.Final.jar:/home/sk117/.m2/repository/io/netty/netty-transport/4.1.77.Final/netty-transport-4.1.77.Final.jar:/home/sk117/.m2/repository/io/netty/netty-handler-proxy/4.1.77.Final/netty-handler-proxy-4.1.77.Final.jar:/home/sk117/.m2/repository/io/netty/netty-codec-socks/4.1.77.Final/netty-codec-socks-4.1.77.Final.jar:/home/sk117/.m2/repository/io/grpc/grpc-protobuf/1.46.0/grpc-protobuf-1.46.0.jar:/home/sk117/.m2/repository/com/google/api/grpc/proto-google-common-protos/2.0.1/proto-google-common-protos-2.0.1.jar:/home/sk117/.m2/repository/io/grpc/grpc-protobuf-lite/1.46.0/grpc-protobuf-lite-1.46.0.jar:/home/sk117/.m2/repository/io/grpc/grpc-stub/1.46.0/grpc-stub-1.46.0.jar:/home/sk117/.m2/repository/io/grpc/grpc-grpclb/1.46.0/grpc-grpclb-1.46.0.jar:/home/sk117/.m2/repository/org/apache/skywalking/cluster-nacos-plugin/9.2.0/cluster-nacos-plugin-9.2.0.jar:/home/sk117/.m2/repository/com/alibaba/nacos/nacos-client/1.4.2/nacos-client-1.4.2.jar:/home/sk117/.m2/repository/com/alibaba/nacos/nacos-common/1.4.2/nacos-common-1.4.2.jar:/home/sk117/.m2/repository/org/apache/httpcomponents/httpasyncclient/4.1.3/httpasyncclient-4.1.3.jar:/home/sk117/.m2/repository/com/alibaba/nacos/nacos-api/1.4.2/nacos-api-1.4.2.jar:/home/sk117/.m2/repository/org/apache/httpcomponents/httpcore-nio/4.4.13/httpcore-nio-4.4.13.jar:/home/sk117/.m2/repository/org/apache/httpcomponents/httpcore/4.4.13/httpcore-4.4.13.jar:/home/sk117/.m2/repository/org/apache/skywalking/skywalking-mesh-receiver-plugin/9.2.0/skywalking-mesh-receiver-plugin-9.2.0.jar:/home/sk117/.m2/repository/org/apache/skywalking/skywalking-sharing-server-plugin/9.2.0/skywalking-sharing-server-plugin-9.2.0.jar:/home/sk117/.m2/repository/org/apache/skywalking/skywalking-management-receiver-plugin/9.2.0/skywalking-management-receiver-plugin-9.2.0.jar:/home/sk117/.m2/repository/org/apache/skywalking/skywalking-jvm-receiver-plugin/9.2.0/skywalking-jvm-receiver-plugin-9.2.0.jar:/home/sk117/.m2/repository/org/apache/skywalking/agent-analyzer/9.2.0/agent-analyzer-9.2.0.jar:/home/sk117/.m2/repository/org/apache/skywalking/skywalking-trace-receiver-plugin/9.2.0/skywalking-trace-receiver-plugin-9.2.0.jar:/home/sk117/.m2/repository/org/apache/skywalking/zipkin-receiver-plugin/9.2.0/zipkin-receiver-plugin-9.2.0.jar:/home/sk117/.m2/repository/org/apache/kafka/kafka-clients/2.4.1/kafka-clients-2.4.1.jar:/home/sk117/.m2/repository/com/github/luben/zstd-jni/1.4.3-1/zstd-jni-1.4.3-1.jar:/home/sk117/.m2/repository/org/lz4/lz4-java/1.6.0/lz4-java-1.6.0.jar:/home/sk117/.m2/repository/org/xerial/snappy/snappy-java/1.1.7.3/snappy-java-1.1.7.3.jar:/home/sk117/.m2/repository/org/apache/skywalking/zipkin-query-plugin/9.2.0/zipkin-query-plugin-9.2.0.jar:/home/sk117/.m2/repository/org/apache/skywalking/envoy-metrics-receiver-plugin/9.2.0/envoy-metrics-receiver-plugin-9.2.0.jar:/home/sk117/.m2/repository/org/apache/skywalking/receiver-proto/9.2.0/receiver-proto-9.2.0.jar:/home/sk117/.m2/repository/org/apache/skywalking/meter-analyzer/9.2.0/meter-analyzer-9.2.0.jar:/home/sk117/.m2/repository/org/codehaus/groovy/groovy/3.0.8/groovy-3.0.8.jar:/home/sk117/.m2/repository/org/apache/skywalking/log-analyzer/9.2.0/log-analyzer-9.2.0.jar:/home/sk117/.m2/repository/org/apache/skywalking/library-kubernetes-support/9.2.0/library-kubernetes-support-9.2.0.jar:/home/sk117/.m2/repository/commons-beanutils/commons-beanutils/1.9.4/commons-beanutils-1.9.4.jar:/home/sk117/.m2/repository/com/google/flatbuffers/flatbuffers-java/1.12.0/flatbuffers-java-1.12.0.jar:/home/sk117/.m2/repository/org/apache/skywalking/skywalking-clr-receiver-plugin/9.2.0/skywalking-clr-receiver-plugin-9.2.0.jar:/home/sk117/.m2/repository/org/apache/skywalking/skywalking-profile-receiver-plugin/9.2.0/skywalking-profile-receiver-plugin-9.2.0.jar:/home/sk117/.m2/repository/org/apache/skywalking/otel-receiver-plugin/9.2.0/otel-receiver-plugin-9.2.0.jar:/home/sk117/.m2/repository/org/apache/skywalking/skywalking-meter-receiver-plugin/9.2.0/skywalking-meter-receiver-plugin-9.2.0.jar:/home/sk117/.m2/repository/org/apache/skywalking/skywalking-browser-receiver-plugin/9.2.0/skywalking-browser-receiver-plugin-9.2.0.jar:/home/sk117/.m2/repository/org/apache/skywalking/skywalking-log-recevier-plugin/9.2.0/skywalking-log-recevier-plugin-9.2.0.jar:/home/sk117/.m2/repository/org/apache/skywalking/configuration-discovery-receiver-plugin/9.2.0/configuration-discovery-receiver-plugin-9.2.0.jar:/home/sk117/.m2/repository/org/apache/skywalking/skywalking-event-receiver-plugin/9.2.0/skywalking-event-receiver-plugin-9.2.0.jar:/home/sk117/.m2/repository/org/apache/skywalking/event-analyzer/9.2.0/event-analyzer-9.2.0.jar:/home/sk117/.m2/repository/org/apache/skywalking/skywalking-zabbix-receiver-plugin/9.2.0/skywalking-zabbix-receiver-plugin-9.2.0.jar:/home/sk117/.m2/repository/org/apache/skywalking/skywalking-ebpf-receiver-plugin/9.2.0/skywalking-ebpf-receiver-plugin-9.2.0.jar:/home/sk117/.m2/repository/org/apache/skywalking/prometheus-fetcher-plugin/9.2.0/prometheus-fetcher-plugin-9.2.0.jar:/home/sk117/.m2/repository/org/apache/skywalking/kafka-fetcher-plugin/9.2.0/kafka-fetcher-plugin-9.2.0.jar:/home/sk117/.m2/repository/org/apache/skywalking/storage-jdbc-hikaricp-plugin/9.2.0/storage-jdbc-hikaricp-plugin-9.2.0.jar:/home/sk117/.m2/repository/com/h2database/h2/2.1.212/h2-2.1.212.jar:/home/sk117/.m2/repository/org/postgresql/postgresql/42.3.3/postgresql-42.3.3.jar:/home/sk117/.m2/repository/org/apache/skywalking/storage-tidb-plugin/9.2.0/storage-tidb-plugin-9.2.0.jar:/home/sk117/.m2/repository/org/apache/skywalking/storage-banyandb-plugin/9.2.0/storage-banyandb-plugin-9.2.0.jar:/home/sk117/.m2/repository/org/apache/skywalking/banyandb-java-client/0.1.0/banyandb-java-client-0.1.0.jar:/home/sk117/.m2/repository/org/apache/skywalking/query-graphql-plugin/9.2.0/query-graphql-plugin-9.2.0.jar:/home/sk117/.m2/repository/org/apache/skywalking/server-health-checker/9.2.0/server-health-checker-9.2.0.jar:/home/sk117/.m2/repository/com/graphql-java/graphql-java/17.3/graphql-java-17.3.jar:/home/sk117/.m2/repository/com/graphql-java/java-dataloader/3.1.0/java-dataloader-3.1.0.jar:/home/sk117/.m2/repository/org/reactivestreams/reactive-streams/1.0.2/reactive-streams-1.0.2.jar:/home/sk117/.m2/repository/com/graphql-java-kickstart/graphql-java-tools/12.0.2/graphql-java-tools-12.0.2.jar:/home/sk117/.m2/repository/org/jetbrains/kotlin/kotlin-stdlib/1.5.0/kotlin-stdlib-1.5.0.jar:/home/sk117/.m2/repository/org/jetbrains/annotations/13.0/annotations-13.0.jar:/home/sk117/.m2/repository/org/jetbrains/kotlin/kotlin-stdlib-common/1.5.0/kotlin-stdlib-common-1.5.0.jar:/home/sk117/.m2/repository/org/jetbrains/kotlin/kotlin-reflect/1.5.0/kotlin-reflect-1.5.0.jar:/home/sk117/.m2/repository/org/jetbrains/kotlinx/kotlinx-coroutines-jdk8/1.5.0-native-mt/kotlinx-coroutines-jdk8-1.5.0-native-mt.jar:/home/sk117/.m2/repository/org/jetbrains/kotlinx/kotlinx-coroutines-core-jvm/1.5.0-native-mt/kotlinx-coroutines-core-jvm-1.5.0-native-mt.jar:/home/sk117/.m2/repository/org/jetbrains/kotlin/kotlin-stdlib-jdk8/1.5.0/kotlin-stdlib-jdk8-1.5.0.jar:/home/sk117/.m2/repository/org/jetbrains/kotlin/kotlin-stdlib-jdk7/1.5.0/kotlin-stdlib-jdk7-1.5.0.jar:/home/sk117/.m2/repository/org/jetbrains/kotlinx/kotlinx-coroutines-core/1.5.0-native-mt/kotlinx-coroutines-core-1.5.0-native-mt.jar:/home/sk117/.m2/repository/org/jetbrains/kotlinx/kotlinx-coroutines-reactive/1.5.0-native-mt/kotlinx-coroutines-reactive-1.5.0-native-mt.jar:/home/sk117/.m2/repository/com/fasterxml/classmate/1.5.1/classmate-1.5.1.jar:/home/sk117/.m2/repository/com/fasterxml/jackson/module/jackson-module-kotlin/2.13.1/jackson-module-kotlin-2.13.1.jar:/home/sk117/.m2/repository/com/graphql-java/graphql-java-extended-scalars/17.0/graphql-java-extended-scalars-17.0.jar:/home/sk117/.m2/repository/com/linecorp/armeria/armeria-graphql/1.16.0/armeria-graphql-1.16.0.jar:/home/sk117/.m2/repository/com/linecorp/armeria/armeria-graphql-protocol/1.16.0/armeria-graphql-protocol-1.16.0.jar:/home/sk117/.m2/repository/com/fasterxml/jackson/module/jackson-module-afterburner/2.12.2/jackson-module-afterburner-2.12.2.jar:/home/sk117/.m2/repository/org/apache/skywalking/server-alarm-plugin/9.2.0/server-alarm-plugin-9.2.0.jar:/home/sk117/.m2/repository/org/mvel/mvel2/2.4.8.Final/mvel2-2.4.8.Final.jar:/home/sk117/.m2/repository/org/apache/httpcomponents/httpclient/4.5.13/httpclient-4.5.13.jar:/home/sk117/.m2/repository/commons-logging/commons-logging/1.2/commons-logging-1.2.jar:/home/sk117/.m2/repository/org/apache/skywalking/telemetry-prometheus/9.2.0/telemetry-prometheus-9.2.0.jar:/home/sk117/.m2/repository/io/prometheus/simpleclient/0.6.0/simpleclient-0.6.0.jar:/home/sk117/.m2/repository/io/prometheus/simpleclient_common/0.6.0/simpleclient_common-0.6.0.jar:/home/sk117/.m2/repository/io/prometheus/simpleclient_hotspot/0.6.0/simpleclient_hotspot-0.6.0.jar:/home/sk117/.m2/repository/org/apache/skywalking/exporter/9.2.0/exporter-9.2.0.jar:/home/sk117/.m2/repository/org/apache/skywalking/grpc-configuration-sync/9.2.0/grpc-configuration-sync-9.2.0.jar:/home/sk117/.m2/repository/org/apache/skywalking/configuration-apollo/9.2.0/configuration-apollo-9.2.0.jar:/home/sk117/.m2/repository/com/ctrip/framework/apollo/apollo-client/1.8.0/apollo-client-1.8.0.jar:/home/sk117/.m2/repository/com/ctrip/framework/apollo/apollo-core/1.8.0/apollo-core-1.8.0.jar:/home/sk117/.m2/repository/com/google/inject/guice/4.1.0/guice-4.1.0.jar:/home/sk117/.m2/repository/javax/inject/javax.inject/1/javax.inject-1.jar:/home/sk117/.m2/repository/aopalliance/aopalliance/1.0/aopalliance-1.0.jar:/home/sk117/.m2/repository/org/apache/skywalking/configuration-zookeeper/9.2.0/configuration-zookeeper-9.2.0.jar:/home/sk117/.m2/repository/org/apache/skywalking/configuration-etcd/9.2.0/configuration-etcd-9.2.0.jar:/home/sk117/.m2/repository/org/apache/skywalking/configuration-consul/9.2.0/configuration-consul-9.2.0.jar:/home/sk117/.m2/repository/org/apache/skywalking/configuration-k8s-configmap/9.2.0/configuration-k8s-configmap-9.2.0.jar:/home/sk117/.m2/repository/org/apache/skywalking/configuration-nacos/9.2.0/configuration-nacos-9.2.0.jar:/home/sk117/.m2/repository/org/apache/skywalking/storage-elasticsearch-plugin/9.2.0/storage-elasticsearch-plugin-9.2.0.jar:/home/sk117/.m2/repository/org/slf4j/slf4j-api/1.7.30/slf4j-api-1.7.30.jar:/home/sk117/.m2/repository/org/slf4j/log4j-over-slf4j/1.7.30/log4j-over-slf4j-1.7.30.jar:/home/sk117/.m2/repository/org/apache/logging/log4j/log4j-core/2.17.1/log4j-core-2.17.1.jar:/home/sk117/.m2/repository/org/apache/logging/log4j/log4j-api/2.17.1/log4j-api-2.17.1.jar:/home/sk117/.m2/repository/org/apache/logging/log4j/log4j-slf4j-impl/2.17.1/log4j-slf4j-impl-2.17.1.jar:/home/sk117/.m2/repository/com/google/guava/guava/31.1-jre/guava-31.1-jre.jar:/home/sk117/.m2/repository/com/google/guava/failureaccess/1.0.1/failureaccess-1.0.1.jar:/home/sk117/.m2/repository/com/google/guava/listenablefuture/9999.0-empty-to-avoid-conflict-with-guava/listenablefuture-9999.0-empty-to-avoid-conflict-with-guava.jar:/home/sk117/.m2/repository/com/google/code/findbugs/jsr305/3.0.2/jsr305-3.0.2.jar:/home/sk117/.m2/repository/org/checkerframework/checker-qual/3.12.0/checker-qual-3.12.0.jar:/home/sk117/.m2/repository/org/testcontainers/testcontainers/1.15.3/testcontainers-1.15.3.jar:/home/sk117/.m2/repository/org/apache/commons/commons-compress/1.21/commons-compress-1.21.jar:/home/sk117/.m2/repository/org/rnorth/duct-tape/duct-tape/1.0.8/duct-tape-1.0.8.jar:/home/sk117/.m2/repository/org/rnorth/visible-assertions/visible-assertions/2.1.2/visible-assertions-2.1.2.jar:/home/sk117/.m2/repository/net/java/dev/jna/jna/5.2.0/jna-5.2.0.jar:/home/sk117/.m2/repository/com/github/docker-java/docker-java-api/3.2.8/docker-java-api-3.2.8.jar:/home/sk117/.m2/repository/com/github/docker-java/docker-java-transport-zerodep/3.2.8/docker-java-transport-zerodep-3.2.8.jar:/home/sk117/.m2/repository/com/github/docker-java/docker-java-transport/3.2.8/docker-java-transport-3.2.8.jar:/home/sk117/.m2/repository/com/google/errorprone/error_prone_annotations/2.11.0/error_prone_annotations-2.11.0.jar:/home/sk117/.m2/repository/junit/junit/4.13.1/junit-4.13.1.jar:/home/sk117/.m2/repository/org/hamcrest/hamcrest-core/1.3/hamcrest-core-1.3.jar:/home/sk117/.m2/repository/org/powermock/powermock-module-junit4/2.0.7/powermock-module-junit4-2.0.7.jar:/home/sk117/.m2/repository/org/powermock/powermock-module-junit4-common/2.0.7/powermock-module-junit4-common-2.0.7.jar:/home/sk117/.m2/repository/org/powermock/powermock-reflect/2.0.7/powermock-reflect-2.0.7.jar:/home/sk117/.m2/repository/net/bytebuddy/byte-buddy/1.9.10/byte-buddy-1.9.10.jar:/home/sk117/.m2/repository/net/bytebuddy/byte-buddy-agent/1.9.10/byte-buddy-agent-1.9.10.jar:/home/sk117/.m2/repository/org/powermock/powermock-core/2.0.7/powermock-core-2.0.7.jar:/home/sk117/.m2/repository/org/powermock/powermock-api-mockito2/2.0.7/powermock-api-mockito2-2.0.7.jar:/home/sk117/.m2/repository/org/powermock/powermock-api-support/2.0.7/powermock-api-support-2.0.7.jar:/home/sk117/.m2/repository/org/mockito/mockito-core/3.5.13/mockito-core-3.5.13.jar:/home/sk117/.m2/repository/org/objenesis/objenesis/3.1/objenesis-3.1.jar:/home/sk117/.m2/repository/org/assertj/assertj-core/3.20.2/assertj-core-3.20.2.jar:/home/sk117/.m2/repository/org/openjdk/jmh/jmh-core/1.21/jmh-core-1.21.jar:/home/sk117/.m2/repository/net/sf/jopt-simple/jopt-simple/4.6/jopt-simple-4.6.jar:/home/sk117/.m2/repository/org/apache/commons/commons-math3/3.2/commons-math3-3.2.jar:/home/sk117/.m2/repository/org/projectlombok/lombok/1.18.22/lombok-1.18.22.jar:/home/sk117/.m2/repository/javax/annotation/javax.annotation-api/1.3.2/javax.annotation-api-1.3.2.jar:"/>
    <property name="java.vm.vendor" value="Ubuntu"/>
    <property name="sun.arch.data.model" value="64"/>
    <property name="git.commit.id" value="707eae58529fec1c3258b3bdea27013802ae8b7e"/>
    <property name="java.vendor.url" value="https://ubuntu.com/"/>
    <property name="user.timezone" value=""/>
    <property name="java.vm.specification.version" value="11"/>
    <property name="os.name" value="Linux"/>
    <property name="sun.java.launcher" value="SUN_STANDARD"/>
    <property name="user.country" value="US"/>
    <property name="sun.boot.library.path" value="/usr/lib/jvm/java-11-openjdk-amd64/lib"/>
    <property name="sun.java.command" value="/home/sk117/final-project/copy/apache-skywalking-apm-9.2.0/oap-server/server-starter/target/surefire/surefirebooter14123997802102294716.jar /home/sk117/final-project/copy/apache-skywalking-apm-9.2.0/oap-server/server-starter/target/surefire 2022-11-29T03-14-18_119-jvmRun1 surefire15124141740859322509tmp surefire_08025841005333776992tmp"/>
    <property name="jdk.debug" value="release"/>
    <property name="test" value="org.apache.skywalking.oap.server.starter.config.ApplicationConfigLoaderTestCase#testLoadIntegerTypeConfig"/>
    <property name="surefire.test.class.path" value="/home/sk117/final-project/copy/apache-skywalking-apm-9.2.0/oap-server/server-starter/target/test-classes:/home/sk117/final-project/copy/apache-skywalking-apm-9.2.0/oap-server/server-starter/target/classes:/home/sk117/.m2/repository/org/apache/skywalking/server-core/9.2.0/server-core-9.2.0.jar:/home/sk117/.m2/repository/org/yaml/snakeyaml/1.28/snakeyaml-1.28.jar:/home/sk117/.m2/repository/org/apache/skywalking/library-module/9.2.0/library-module-9.2.0.jar:/home/sk117/.m2/repository/org/apache/skywalking/telemetry-api/9.2.0/telemetry-api-9.2.0.jar:/home/sk117/.m2/repository/org/apache/skywalking/configuration-api/9.2.0/configuration-api-9.2.0.jar:/home/sk117/.m2/repository/org/apache/skywalking/library-util/9.2.0/library-util-9.2.0.jar:/home/sk117/.m2/repository/joda-time/joda-time/2.10.5/joda-time-2.10.5.jar:/home/sk117/.m2/repository/com/google/protobuf/protobuf-java/3.19.4/protobuf-java-3.19.4.jar:/home/sk117/.m2/repository/com/google/protobuf/protobuf-java-util/3.19.4/protobuf-java-util-3.19.4.jar:/home/sk117/.m2/repository/com/google/j2objc/j2objc-annotations/1.3/j2objc-annotations-1.3.jar:/home/sk117/.m2/repository/org/apache/commons/commons-text/1.4/commons-text-1.4.jar:/home/sk117/.m2/repository/org/apache/skywalking/library-client/9.2.0/library-client-9.2.0.jar:/home/sk117/.m2/repository/org/apache/skywalking/library-elasticsearch-client/9.2.0/library-elasticsearch-client-9.2.0.jar:/home/sk117/.m2/repository/io/netty/netty-handler/4.1.77.Final/netty-handler-4.1.77.Final.jar:/home/sk117/.m2/repository/io/netty/netty-resolver/4.1.77.Final/netty-resolver-4.1.77.Final.jar:/home/sk117/.m2/repository/com/zaxxer/HikariCP/3.1.0/HikariCP-3.1.0.jar:/home/sk117/.m2/repository/org/slf4j/jcl-over-slf4j/1.7.30/jcl-over-slf4j-1.7.30.jar:/home/sk117/.m2/repository/org/apache/skywalking/library-server/9.2.0/library-server-9.2.0.jar:/home/sk117/.m2/repository/io/netty/netty-codec/4.1.77.Final/netty-codec-4.1.77.Final.jar:/home/sk117/.m2/repository/io/netty/netty-codec-http/4.1.77.Final/netty-codec-http-4.1.77.Final.jar:/home/sk117/.m2/repository/com/linecorp/armeria/armeria/1.16.0/armeria-1.16.0.jar:/home/sk117/.m2/repository/io/micrometer/micrometer-core/1.8.5/micrometer-core-1.8.5.jar:/home/sk117/.m2/repository/org/hdrhistogram/HdrHistogram/2.1.12/HdrHistogram-2.1.12.jar:/home/sk117/.m2/repository/org/latencyutils/LatencyUtils/2.0.3/LatencyUtils-2.0.3.jar:/home/sk117/.m2/repository/io/netty/netty-codec-haproxy/4.1.77.Final/netty-codec-haproxy-4.1.77.Final.jar:/home/sk117/.m2/repository/io/netty/netty-resolver-dns/4.1.77.Final/netty-resolver-dns-4.1.77.Final.jar:/home/sk117/.m2/repository/io/netty/netty-codec-dns/4.1.77.Final/netty-codec-dns-4.1.77.Final.jar:/home/sk117/.m2/repository/io/netty/netty-resolver-dns-native-macos/4.1.77.Final/netty-resolver-dns-native-macos-4.1.77.Final-osx-x86_64.jar:/home/sk117/.m2/repository/io/netty/netty-resolver-dns-classes-macos/4.1.77.Final/netty-resolver-dns-classes-macos-4.1.77.Final.jar:/home/sk117/.m2/repository/io/netty/netty-resolver-dns-native-macos/4.1.77.Final/netty-resolver-dns-native-macos-4.1.77.Final-osx-aarch_64.jar:/home/sk117/.m2/repository/io/netty/netty-transport-native-unix-common/4.1.77.Final/netty-transport-native-unix-common-4.1.77.Final-linux-x86_64.jar:/home/sk117/.m2/repository/io/netty/netty-transport-native-epoll/4.1.77.Final/netty-transport-native-epoll-4.1.77.Final-linux-x86_64.jar:/home/sk117/.m2/repository/io/netty/netty-transport-native-unix-common/4.1.77.Final/netty-transport-native-unix-common-4.1.77.Final.jar:/home/sk117/.m2/repository/io/netty/netty-transport-classes-epoll/4.1.77.Final/netty-transport-classes-epoll-4.1.77.Final.jar:/home/sk117/.m2/repository/io/netty/netty-tcnative-boringssl-static/2.0.52.Final/netty-tcnative-boringssl-static-2.0.52.Final-linux-x86_64.jar:/home/sk117/.m2/repository/io/netty/netty-tcnative-boringssl-static/2.0.52.Final/netty-tcnative-boringssl-static-2.0.52.Final-linux-aarch_64.jar:/home/sk117/.m2/repository/io/netty/netty-tcnative-boringssl-static/2.0.52.Final/netty-tcnative-boringssl-static-2.0.52.Final-osx-x86_64.jar:/home/sk117/.m2/repository/io/netty/netty-tcnative-boringssl-static/2.0.52.Final/netty-tcnative-boringssl-static-2.0.52.Final-osx-aarch_64.jar:/home/sk117/.m2/repository/io/netty/netty-tcnative-boringssl-static/2.0.52.Final/netty-tcnative-boringssl-static-2.0.52.Final-windows-x86_64.jar:/home/sk117/.m2/repository/com/aayushatharva/brotli4j/brotli4j/1.7.1/brotli4j-1.7.1.jar:/home/sk117/.m2/repository/com/linecorp/armeria/armeria-protobuf/1.16.0/armeria-protobuf-1.16.0.jar:/home/sk117/.m2/repository/org/apache/skywalking/library-datacarrier-queue/9.2.0/library-datacarrier-queue-9.2.0.jar:/home/sk117/.m2/repository/org/apache/skywalking/apm-network/9.2.0/apm-network-9.2.0.jar:/home/sk117/.m2/repository/io/netty/netty-tcnative-boringssl-static/2.0.52.Final/netty-tcnative-boringssl-static-2.0.52.Final.jar:/home/sk117/.m2/repository/io/netty/netty-tcnative-classes/2.0.52.Final/netty-tcnative-classes-2.0.52.Final.jar:/home/sk117/.m2/repository/org/javassist/javassist/3.25.0-GA/javassist-3.25.0-GA.jar:/home/sk117/.m2/repository/io/vavr/vavr/0.10.3/vavr-0.10.3.jar:/home/sk117/.m2/repository/io/vavr/vavr-match/0.10.3/vavr-match-0.10.3.jar:/home/sk117/.m2/repository/io/zipkin/zipkin2/zipkin/2.23.16/zipkin-2.23.16.jar:/home/sk117/.m2/repository/org/apache/skywalking/oal-rt/9.2.0/oal-rt-9.2.0.jar:/home/sk117/.m2/repository/org/apache/skywalking/oal-grammar/9.2.0/oal-grammar-9.2.0.jar:/home/sk117/.m2/repository/org/antlr/antlr4-runtime/4.9.2/antlr4-runtime-4.9.2.jar:/home/sk117/.m2/repository/org/freemarker/freemarker/2.3.31/freemarker-2.3.31.jar:/home/sk117/.m2/repository/commons-io/commons-io/2.7/commons-io-2.7.jar:/home/sk117/.m2/repository/org/apache/skywalking/cluster-standalone-plugin/9.2.0/cluster-standalone-plugin-9.2.0.jar:/home/sk117/.m2/repository/org/apache/skywalking/cluster-zookeeper-plugin/9.2.0/cluster-zookeeper-plugin-9.2.0.jar:/home/sk117/.m2/repository/com/google/code/gson/gson/2.9.0/gson-2.9.0.jar:/home/sk117/.m2/repository/org/apache/curator/curator-x-discovery/4.3.0/curator-x-discovery-4.3.0.jar:/home/sk117/.m2/repository/org/apache/curator/curator-recipes/4.3.0/curator-recipes-4.3.0.jar:/home/sk117/.m2/repository/org/apache/curator/curator-framework/4.3.0/curator-framework-4.3.0.jar:/home/sk117/.m2/repository/org/apache/curator/curator-client/4.3.0/curator-client-4.3.0.jar:/home/sk117/.m2/repository/org/apache/zookeeper/zookeeper/3.5.7/zookeeper-3.5.7.jar:/home/sk117/.m2/repository/org/apache/zookeeper/zookeeper-jute/3.5.7/zookeeper-jute-3.5.7.jar:/home/sk117/.m2/repository/org/apache/yetus/audience-annotations/0.5.0/audience-annotations-0.5.0.jar:/home/sk117/.m2/repository/io/netty/netty-transport-native-epoll/4.1.77.Final/netty-transport-native-epoll-4.1.77.Final.jar:/home/sk117/.m2/repository/com/fasterxml/jackson/core/jackson-databind/2.13.2.2/jackson-databind-2.13.2.2.jar:/home/sk117/.m2/repository/org/apache/skywalking/cluster-kubernetes-plugin/9.2.0/cluster-kubernetes-plugin-9.2.0.jar:/home/sk117/.m2/repository/io/kubernetes/client-java/16.0.0/client-java-16.0.0.jar:/home/sk117/.m2/repository/io/prometheus/simpleclient_httpserver/0.15.0/simpleclient_httpserver-0.15.0.jar:/home/sk117/.m2/repository/io/kubernetes/client-java-api/16.0.0/client-java-api-16.0.0.jar:/home/sk117/.m2/repository/io/swagger/swagger-annotations/1.6.6/swagger-annotations-1.6.6.jar:/home/sk117/.m2/repository/com/squareup/okhttp3/logging-interceptor/4.9.2/logging-interceptor-4.9.2.jar:/home/sk117/.m2/repository/io/gsonfire/gson-fire/1.8.5/gson-fire-1.8.5.jar:/home/sk117/.m2/repository/io/kubernetes/client-java-proto/16.0.0/client-java-proto-16.0.0.jar:/home/sk117/.m2/repository/commons-codec/commons-codec/1.11/commons-codec-1.11.jar:/home/sk117/.m2/repository/org/apache/commons/commons-lang3/3.12.0/commons-lang3-3.12.0.jar:/home/sk117/.m2/repository/org/bouncycastle/bcpkix-jdk18on/1.71/bcpkix-jdk18on-1.71.jar:/home/sk117/.m2/repository/org/bouncycastle/bcprov-jdk18on/1.71/bcprov-jdk18on-1.71.jar:/home/sk117/.m2/repository/org/bouncycastle/bcutil-jdk18on/1.71/bcutil-jdk18on-1.71.jar:/home/sk117/.m2/repository/org/apache/commons/commons-collections4/4.4/commons-collections4-4.4.jar:/home/sk117/.m2/repository/org/bitbucket/b_c/jose4j/0.7.12/jose4j-0.7.12.jar:/home/sk117/.m2/repository/org/apache/skywalking/cluster-consul-plugin/9.2.0/cluster-consul-plugin-9.2.0.jar:/home/sk117/.m2/repository/com/orbitz/consul/consul-client/1.4.2/consul-client-1.4.2.jar:/home/sk117/.m2/repository/com/squareup/retrofit2/retrofit/2.5.0/retrofit-2.5.0.jar:/home/sk117/.m2/repository/com/squareup/retrofit2/converter-jackson/2.5.0/converter-jackson-2.5.0.jar:/home/sk117/.m2/repository/com/squareup/okhttp3/okhttp/3.14.9/okhttp-3.14.9.jar:/home/sk117/.m2/repository/com/squareup/okio/okio/1.17.2/okio-1.17.2.jar:/home/sk117/.m2/repository/com/fasterxml/jackson/core/jackson-annotations/2.13.2/jackson-annotations-2.13.2.jar:/home/sk117/.m2/repository/com/fasterxml/jackson/core/jackson-core/2.13.2/jackson-core-2.13.2.jar:/home/sk117/.m2/repository/com/fasterxml/jackson/datatype/jackson-datatype-jdk8/2.9.10/jackson-datatype-jdk8-2.9.10.jar:/home/sk117/.m2/repository/com/fasterxml/jackson/datatype/jackson-datatype-guava/2.9.10/jackson-datatype-guava-2.9.10.jar:/home/sk117/.m2/repository/org/apache/skywalking/cluster-etcd-plugin/9.2.0/cluster-etcd-plugin-9.2.0.jar:/home/sk117/.m2/repository/io/etcd/jetcd-core/0.5.3/jetcd-core-0.5.3.jar:/home/sk117/.m2/repository/io/etcd/jetcd-common/0.5.3/jetcd-common-0.5.3.jar:/home/sk117/.m2/repository/io/etcd/jetcd-resolver/0.5.3/jetcd-resolver-0.5.3.jar:/home/sk117/.m2/repository/net/jodah/failsafe/2.3.4/failsafe-2.3.4.jar:/home/sk117/.m2/repository/io/grpc/grpc-core/1.46.0/grpc-core-1.46.0.jar:/home/sk117/.m2/repository/io/grpc/grpc-api/1.46.0/grpc-api-1.46.0.jar:/home/sk117/.m2/repository/io/grpc/grpc-context/1.46.0/grpc-context-1.46.0.jar:/home/sk117/.m2/repository/org/codehaus/mojo/animal-sniffer-annotations/1.19/animal-sniffer-annotations-1.19.jar:/home/sk117/.m2/repository/io/perfmark/perfmark-api/0.25.0/perfmark-api-0.25.0.jar:/home/sk117/.m2/repository/io/grpc/grpc-netty/1.46.0/grpc-netty-1.46.0.jar:/home/sk117/.m2/repository/io/netty/netty-codec-http2/4.1.77.Final/netty-codec-http2-4.1.77.Final.jar:/home/sk117/.m2/repository/io/netty/netty-common/4.1.77.Final/netty-common-4.1.77.Final.jar:/home/sk117/.m2/repository/io/netty/netty-buffer/4.1.77.Final/netty-buffer-4.1.77.Final.jar:/home/sk117/.m2/repository/io/netty/netty-transport/4.1.77.Final/netty-transport-4.1.77.Final.jar:/home/sk117/.m2/repository/io/netty/netty-handler-proxy/4.1.77.Final/netty-handler-proxy-4.1.77.Final.jar:/home/sk117/.m2/repository/io/netty/netty-codec-socks/4.1.77.Final/netty-codec-socks-4.1.77.Final.jar:/home/sk117/.m2/repository/io/grpc/grpc-protobuf/1.46.0/grpc-protobuf-1.46.0.jar:/home/sk117/.m2/repository/com/google/api/grpc/proto-google-common-protos/2.0.1/proto-google-common-protos-2.0.1.jar:/home/sk117/.m2/repository/io/grpc/grpc-protobuf-lite/1.46.0/grpc-protobuf-lite-1.46.0.jar:/home/sk117/.m2/repository/io/grpc/grpc-stub/1.46.0/grpc-stub-1.46.0.jar:/home/sk117/.m2/repository/io/grpc/grpc-grpclb/1.46.0/grpc-grpclb-1.46.0.jar:/home/sk117/.m2/repository/org/apache/skywalking/cluster-nacos-plugin/9.2.0/cluster-nacos-plugin-9.2.0.jar:/home/sk117/.m2/repository/com/alibaba/nacos/nacos-client/1.4.2/nacos-client-1.4.2.jar:/home/sk117/.m2/repository/com/alibaba/nacos/nacos-common/1.4.2/nacos-common-1.4.2.jar:/home/sk117/.m2/repository/org/apache/httpcomponents/httpasyncclient/4.1.3/httpasyncclient-4.1.3.jar:/home/sk117/.m2/repository/com/alibaba/nacos/nacos-api/1.4.2/nacos-api-1.4.2.jar:/home/sk117/.m2/repository/org/apache/httpcomponents/httpcore-nio/4.4.13/httpcore-nio-4.4.13.jar:/home/sk117/.m2/repository/org/apache/httpcomponents/httpcore/4.4.13/httpcore-4.4.13.jar:/home/sk117/.m2/repository/org/apache/skywalking/skywalking-mesh-receiver-plugin/9.2.0/skywalking-mesh-receiver-plugin-9.2.0.jar:/home/sk117/.m2/repository/org/apache/skywalking/skywalking-sharing-server-plugin/9.2.0/skywalking-sharing-server-plugin-9.2.0.jar:/home/sk117/.m2/repository/org/apache/skywalking/skywalking-management-receiver-plugin/9.2.0/skywalking-management-receiver-plugin-9.2.0.jar:/home/sk117/.m2/repository/org/apache/skywalking/skywalking-jvm-receiver-plugin/9.2.0/skywalking-jvm-receiver-plugin-9.2.0.jar:/home/sk117/.m2/repository/org/apache/skywalking/agent-analyzer/9.2.0/agent-analyzer-9.2.0.jar:/home/sk117/.m2/repository/org/apache/skywalking/skywalking-trace-receiver-plugin/9.2.0/skywalking-trace-receiver-plugin-9.2.0.jar:/home/sk117/.m2/repository/org/apache/skywalking/zipkin-receiver-plugin/9.2.0/zipkin-receiver-plugin-9.2.0.jar:/home/sk117/.m2/repository/org/apache/kafka/kafka-clients/2.4.1/kafka-clients-2.4.1.jar:/home/sk117/.m2/repository/com/github/luben/zstd-jni/1.4.3-1/zstd-jni-1.4.3-1.jar:/home/sk117/.m2/repository/org/lz4/lz4-java/1.6.0/lz4-java-1.6.0.jar:/home/sk117/.m2/repository/org/xerial/snappy/snappy-java/1.1.7.3/snappy-java-1.1.7.3.jar:/home/sk117/.m2/repository/org/apache/skywalking/zipkin-query-plugin/9.2.0/zipkin-query-plugin-9.2.0.jar:/home/sk117/.m2/repository/org/apache/skywalking/envoy-metrics-receiver-plugin/9.2.0/envoy-metrics-receiver-plugin-9.2.0.jar:/home/sk117/.m2/repository/org/apache/skywalking/receiver-proto/9.2.0/receiver-proto-9.2.0.jar:/home/sk117/.m2/repository/org/apache/skywalking/meter-analyzer/9.2.0/meter-analyzer-9.2.0.jar:/home/sk117/.m2/repository/org/codehaus/groovy/groovy/3.0.8/groovy-3.0.8.jar:/home/sk117/.m2/repository/org/apache/skywalking/log-analyzer/9.2.0/log-analyzer-9.2.0.jar:/home/sk117/.m2/repository/org/apache/skywalking/library-kubernetes-support/9.2.0/library-kubernetes-support-9.2.0.jar:/home/sk117/.m2/repository/commons-beanutils/commons-beanutils/1.9.4/commons-beanutils-1.9.4.jar:/home/sk117/.m2/repository/com/google/flatbuffers/flatbuffers-java/1.12.0/flatbuffers-java-1.12.0.jar:/home/sk117/.m2/repository/org/apache/skywalking/skywalking-clr-receiver-plugin/9.2.0/skywalking-clr-receiver-plugin-9.2.0.jar:/home/sk117/.m2/repository/org/apache/skywalking/skywalking-profile-receiver-plugin/9.2.0/skywalking-profile-receiver-plugin-9.2.0.jar:/home/sk117/.m2/repository/org/apache/skywalking/otel-receiver-plugin/9.2.0/otel-receiver-plugin-9.2.0.jar:/home/sk117/.m2/repository/org/apache/skywalking/skywalking-meter-receiver-plugin/9.2.0/skywalking-meter-receiver-plugin-9.2.0.jar:/home/sk117/.m2/repository/org/apache/skywalking/skywalking-browser-receiver-plugin/9.2.0/skywalking-browser-receiver-plugin-9.2.0.jar:/home/sk117/.m2/repository/org/apache/skywalking/skywalking-log-recevier-plugin/9.2.0/skywalking-log-recevier-plugin-9.2.0.jar:/home/sk117/.m2/repository/org/apache/skywalking/configuration-discovery-receiver-plugin/9.2.0/configuration-discovery-receiver-plugin-9.2.0.jar:/home/sk117/.m2/repository/org/apache/skywalking/skywalking-event-receiver-plugin/9.2.0/skywalking-event-receiver-plugin-9.2.0.jar:/home/sk117/.m2/repository/org/apache/skywalking/event-analyzer/9.2.0/event-analyzer-9.2.0.jar:/home/sk117/.m2/repository/org/apache/skywalking/skywalking-zabbix-receiver-plugin/9.2.0/skywalking-zabbix-receiver-plugin-9.2.0.jar:/home/sk117/.m2/repository/org/apache/skywalking/skywalking-ebpf-receiver-plugin/9.2.0/skywalking-ebpf-receiver-plugin-9.2.0.jar:/home/sk117/.m2/repository/org/apache/skywalking/prometheus-fetcher-plugin/9.2.0/prometheus-fetcher-plugin-9.2.0.jar:/home/sk117/.m2/repository/org/apache/skywalking/kafka-fetcher-plugin/9.2.0/kafka-fetcher-plugin-9.2.0.jar:/home/sk117/.m2/repository/org/apache/skywalking/storage-jdbc-hikaricp-plugin/9.2.0/storage-jdbc-hikaricp-plugin-9.2.0.jar:/home/sk117/.m2/repository/com/h2database/h2/2.1.212/h2-2.1.212.jar:/home/sk117/.m2/repository/org/postgresql/postgresql/42.3.3/postgresql-42.3.3.jar:/home/sk117/.m2/repository/org/apache/skywalking/storage-tidb-plugin/9.2.0/storage-tidb-plugin-9.2.0.jar:/home/sk117/.m2/repository/org/apache/skywalking/storage-banyandb-plugin/9.2.0/storage-banyandb-plugin-9.2.0.jar:/home/sk117/.m2/repository/org/apache/skywalking/banyandb-java-client/0.1.0/banyandb-java-client-0.1.0.jar:/home/sk117/.m2/repository/org/apache/skywalking/query-graphql-plugin/9.2.0/query-graphql-plugin-9.2.0.jar:/home/sk117/.m2/repository/org/apache/skywalking/server-health-checker/9.2.0/server-health-checker-9.2.0.jar:/home/sk117/.m2/repository/com/graphql-java/graphql-java/17.3/graphql-java-17.3.jar:/home/sk117/.m2/repository/com/graphql-java/java-dataloader/3.1.0/java-dataloader-3.1.0.jar:/home/sk117/.m2/repository/org/reactivestreams/reactive-streams/1.0.2/reactive-streams-1.0.2.jar:/home/sk117/.m2/repository/com/graphql-java-kickstart/graphql-java-tools/12.0.2/graphql-java-tools-12.0.2.jar:/home/sk117/.m2/repository/org/jetbrains/kotlin/kotlin-stdlib/1.5.0/kotlin-stdlib-1.5.0.jar:/home/sk117/.m2/repository/org/jetbrains/annotations/13.0/annotations-13.0.jar:/home/sk117/.m2/repository/org/jetbrains/kotlin/kotlin-stdlib-common/1.5.0/kotlin-stdlib-common-1.5.0.jar:/home/sk117/.m2/repository/org/jetbrains/kotlin/kotlin-reflect/1.5.0/kotlin-reflect-1.5.0.jar:/home/sk117/.m2/repository/org/jetbrains/kotlinx/kotlinx-coroutines-jdk8/1.5.0-native-mt/kotlinx-coroutines-jdk8-1.5.0-native-mt.jar:/home/sk117/.m2/repository/org/jetbrains/kotlinx/kotlinx-coroutines-core-jvm/1.5.0-native-mt/kotlinx-coroutines-core-jvm-1.5.0-native-mt.jar:/home/sk117/.m2/repository/org/jetbrains/kotlin/kotlin-stdlib-jdk8/1.5.0/kotlin-stdlib-jdk8-1.5.0.jar:/home/sk117/.m2/repository/org/jetbrains/kotlin/kotlin-stdlib-jdk7/1.5.0/kotlin-stdlib-jdk7-1.5.0.jar:/home/sk117/.m2/repository/org/jetbrains/kotlinx/kotlinx-coroutines-core/1.5.0-native-mt/kotlinx-coroutines-core-1.5.0-native-mt.jar:/home/sk117/.m2/repository/org/jetbrains/kotlinx/kotlinx-coroutines-reactive/1.5.0-native-mt/kotlinx-coroutines-reactive-1.5.0-native-mt.jar:/home/sk117/.m2/repository/com/fasterxml/classmate/1.5.1/classmate-1.5.1.jar:/home/sk117/.m2/repository/com/fasterxml/jackson/module/jackson-module-kotlin/2.13.1/jackson-module-kotlin-2.13.1.jar:/home/sk117/.m2/repository/com/graphql-java/graphql-java-extended-scalars/17.0/graphql-java-extended-scalars-17.0.jar:/home/sk117/.m2/repository/com/linecorp/armeria/armeria-graphql/1.16.0/armeria-graphql-1.16.0.jar:/home/sk117/.m2/repository/com/linecorp/armeria/armeria-graphql-protocol/1.16.0/armeria-graphql-protocol-1.16.0.jar:/home/sk117/.m2/repository/com/fasterxml/jackson/module/jackson-module-afterburner/2.12.2/jackson-module-afterburner-2.12.2.jar:/home/sk117/.m2/repository/org/apache/skywalking/server-alarm-plugin/9.2.0/server-alarm-plugin-9.2.0.jar:/home/sk117/.m2/repository/org/mvel/mvel2/2.4.8.Final/mvel2-2.4.8.Final.jar:/home/sk117/.m2/repository/org/apache/httpcomponents/httpclient/4.5.13/httpclient-4.5.13.jar:/home/sk117/.m2/repository/commons-logging/commons-logging/1.2/commons-logging-1.2.jar:/home/sk117/.m2/repository/org/apache/skywalking/telemetry-prometheus/9.2.0/telemetry-prometheus-9.2.0.jar:/home/sk117/.m2/repository/io/prometheus/simpleclient/0.6.0/simpleclient-0.6.0.jar:/home/sk117/.m2/repository/io/prometheus/simpleclient_common/0.6.0/simpleclient_common-0.6.0.jar:/home/sk117/.m2/repository/io/prometheus/simpleclient_hotspot/0.6.0/simpleclient_hotspot-0.6.0.jar:/home/sk117/.m2/repository/org/apache/skywalking/exporter/9.2.0/exporter-9.2.0.jar:/home/sk117/.m2/repository/org/apache/skywalking/grpc-configuration-sync/9.2.0/grpc-configuration-sync-9.2.0.jar:/home/sk117/.m2/repository/org/apache/skywalking/configuration-apollo/9.2.0/configuration-apollo-9.2.0.jar:/home/sk117/.m2/repository/com/ctrip/framework/apollo/apollo-client/1.8.0/apollo-client-1.8.0.jar:/home/sk117/.m2/repository/com/ctrip/framework/apollo/apollo-core/1.8.0/apollo-core-1.8.0.jar:/home/sk117/.m2/repository/com/google/inject/guice/4.1.0/guice-4.1.0.jar:/home/sk117/.m2/repository/javax/inject/javax.inject/1/javax.inject-1.jar:/home/sk117/.m2/repository/aopalliance/aopalliance/1.0/aopalliance-1.0.jar:/home/sk117/.m2/repository/org/apache/skywalking/configuration-zookeeper/9.2.0/configuration-zookeeper-9.2.0.jar:/home/sk117/.m2/repository/org/apache/skywalking/configuration-etcd/9.2.0/configuration-etcd-9.2.0.jar:/home/sk117/.m2/repository/org/apache/skywalking/configuration-consul/9.2.0/configuration-consul-9.2.0.jar:/home/sk117/.m2/repository/org/apache/skywalking/configuration-k8s-configmap/9.2.0/configuration-k8s-configmap-9.2.0.jar:/home/sk117/.m2/repository/org/apache/skywalking/configuration-nacos/9.2.0/configuration-nacos-9.2.0.jar:/home/sk117/.m2/repository/org/apache/skywalking/storage-elasticsearch-plugin/9.2.0/storage-elasticsearch-plugin-9.2.0.jar:/home/sk117/.m2/repository/org/slf4j/slf4j-api/1.7.30/slf4j-api-1.7.30.jar:/home/sk117/.m2/repository/org/slf4j/log4j-over-slf4j/1.7.30/log4j-over-slf4j-1.7.30.jar:/home/sk117/.m2/repository/org/apache/logging/log4j/log4j-core/2.17.1/log4j-core-2.17.1.jar:/home/sk117/.m2/repository/org/apache/logging/log4j/log4j-api/2.17.1/log4j-api-2.17.1.jar:/home/sk117/.m2/repository/org/apache/logging/log4j/log4j-slf4j-impl/2.17.1/log4j-slf4j-impl-2.17.1.jar:/home/sk117/.m2/repository/com/google/guava/guava/31.1-jre/guava-31.1-jre.jar:/home/sk117/.m2/repository/com/google/guava/failureaccess/1.0.1/failureaccess-1.0.1.jar:/home/sk117/.m2/repository/com/google/guava/listenablefuture/9999.0-empty-to-avoid-conflict-with-guava/listenablefuture-9999.0-empty-to-avoid-conflict-with-guava.jar:/home/sk117/.m2/repository/com/google/code/findbugs/jsr305/3.0.2/jsr305-3.0.2.jar:/home/sk117/.m2/repository/org/checkerframework/checker-qual/3.12.0/checker-qual-3.12.0.jar:/home/sk117/.m2/repository/org/testcontainers/testcontainers/1.15.3/testcontainers-1.15.3.jar:/home/sk117/.m2/repository/org/apache/commons/commons-compress/1.21/commons-compress-1.21.jar:/home/sk117/.m2/repository/org/rnorth/duct-tape/duct-tape/1.0.8/duct-tape-1.0.8.jar:/home/sk117/.m2/repository/org/rnorth/visible-assertions/visible-assertions/2.1.2/visible-assertions-2.1.2.jar:/home/sk117/.m2/repository/net/java/dev/jna/jna/5.2.0/jna-5.2.0.jar:/home/sk117/.m2/repository/com/github/docker-java/docker-java-api/3.2.8/docker-java-api-3.2.8.jar:/home/sk117/.m2/repository/com/github/docker-java/docker-java-transport-zerodep/3.2.8/docker-java-transport-zerodep-3.2.8.jar:/home/sk117/.m2/repository/com/github/docker-java/docker-java-transport/3.2.8/docker-java-transport-3.2.8.jar:/home/sk117/.m2/repository/com/google/errorprone/error_prone_annotations/2.11.0/error_prone_annotations-2.11.0.jar:/home/sk117/.m2/repository/junit/junit/4.13.1/junit-4.13.1.jar:/home/sk117/.m2/repository/org/hamcrest/hamcrest-core/1.3/hamcrest-core-1.3.jar:/home/sk117/.m2/repository/org/powermock/powermock-module-junit4/2.0.7/powermock-module-junit4-2.0.7.jar:/home/sk117/.m2/repository/org/powermock/powermock-module-junit4-common/2.0.7/powermock-module-junit4-common-2.0.7.jar:/home/sk117/.m2/repository/org/powermock/powermock-reflect/2.0.7/powermock-reflect-2.0.7.jar:/home/sk117/.m2/repository/net/bytebuddy/byte-buddy/1.9.10/byte-buddy-1.9.10.jar:/home/sk117/.m2/repository/net/bytebuddy/byte-buddy-agent/1.9.10/byte-buddy-agent-1.9.10.jar:/home/sk117/.m2/repository/org/powermock/powermock-core/2.0.7/powermock-core-2.0.7.jar:/home/sk117/.m2/repository/org/powermock/powermock-api-mockito2/2.0.7/powermock-api-mockito2-2.0.7.jar:/home/sk117/.m2/repository/org/powermock/powermock-api-support/2.0.7/powermock-api-support-2.0.7.jar:/home/sk117/.m2/repository/org/mockito/mockito-core/3.5.13/mockito-core-3.5.13.jar:/home/sk117/.m2/repository/org/objenesis/objenesis/3.1/objenesis-3.1.jar:/home/sk117/.m2/repository/org/assertj/assertj-core/3.20.2/assertj-core-3.20.2.jar:/home/sk117/.m2/repository/org/openjdk/jmh/jmh-core/1.21/jmh-core-1.21.jar:/home/sk117/.m2/repository/net/sf/jopt-simple/jopt-simple/4.6/jopt-simple-4.6.jar:/home/sk117/.m2/repository/org/apache/commons/commons-math3/3.2/commons-math3-3.2.jar:/home/sk117/.m2/repository/org/projectlombok/lombok/1.18.22/lombok-1.18.22.jar:/home/sk117/.m2/repository/javax/annotation/javax.annotation-api/1.3.2/javax.annotation-api-1.3.2.jar:"/>
    <property name="sun.cpu.endian" value="little"/>
    <property name="user.home" value="/home/sk117"/>
    <property name="user.language" value="en"/>
    <property name="java.specification.vendor" value="Oracle Corporation"/>
    <property name="java.version.date" value="2022-10-18"/>
    <property name="java.home" value="/usr/lib/jvm/java-11-openjdk-amd64"/>
    <property name="file.separator" value="/"/>
    <property name="basedir" value="/home/sk117/final-project/copy/apache-skywalking-apm-9.2.0/oap-server/server-starter"/>
    <property name="java.vm.compressedOopsMode" value="32-bit"/>
    <property name="line.separator" value="&#10;"/>
    <property name="java.specification.name" value="Java Platform API Specification"/>
    <property name="java.vm.specification.vendor" value="Oracle Corporation"/>
    <property name="java.awt.graphicsenv" value="sun.awt.X11GraphicsEnvironment"/>
    <property name="surefire.real.class.path" value="/home/sk117/final-project/copy/apache-skywalking-apm-9.2.0/oap-server/server-starter/target/surefire/surefirebooter14123997802102294716.jar"/>
    <property name="sun.management.compiler" value="HotSpot 64-Bit Tiered Compilers"/>
    <property name="java.runtime.version" value="11.0.17+8-post-Ubuntu-1ubuntu220.04"/>
    <property name="user.name" value="sk117"/>
    <property name="path.separator" value=":"/>
    <property name="os.version" value="5.4.0-132-generic"/>
    <property name="java.runtime.name" value="OpenJDK Runtime Environment"/>
    <property name="file.encoding" value="UTF-8"/>
    <property name="java.vm.name" value="OpenJDK 64-Bit Server VM"/>
    <property name="localRepository" value="/home/sk117/.m2/repository"/>
    <property name="java.vendor.url.bug" value="https://bugs.launchpad.net/ubuntu/+source/openjdk-lts"/>
    <property name="java.io.tmpdir" value="/tmp"/>
    <property name="java.version" value="11.0.17"/>
    <property name="user.dir" value="/home/sk117/final-project/copy/apache-skywalking-apm-9.2.0/oap-server/server-starter"/>
    <property name="os.arch" value="amd64"/>
    <property name="java.vm.specification.name" value="Java Virtual Machine Specification"/>
    <property name="java.awt.printerjob" value="sun.print.PSPrinterJob"/>
    <property name="failIfNoTests" value="false"/>
    <property name="sun.os.patch.level" value="unknown"/>
    <property name="java.library.path" value="/usr/java/packages/lib:/usr/lib/x86_64-linux-gnu/jni:/lib/x86_64-linux-gnu:/usr/lib/x86_64-linux-gnu:/usr/lib/jni:/lib:/usr/lib"/>
    <property name="java.vm.info" value="mixed mode, sharing"/>
    <property name="java.vendor" value="Ubuntu"/>
    <property name="java.vm.version" value="11.0.17+8-post-Ubuntu-1ubuntu220.04"/>
    <property name="sun.io.unicode.encoding" value="UnicodeLittle"/>
    <property name="java.class.version" value="55.0"/>
  </properties>
  <testcase name="testLoadIntegerTypeConfig" classname="org.apache.skywalking.oap.server.starter.config.ApplicationConfigLoaderTestCase" time="2.17">
    <failure message="expected:&lt;9411&gt; but was:&lt;18822&gt;" type="java.lang.AssertionError"><![CDATA[java.lang.AssertionError: expected:<9411> but was:<18822>
	at org.apache.skywalking.oap.server.starter.config.ApplicationConfigLoaderTestCase.testLoadIntegerTypeConfig(ApplicationConfigLoaderTestCase.java:72)
]]></failure>
    <system-out><![CDATA[2022-11-29 03:14:19,383 main DEBUG Apache Log4j Core 2.17.1 initializing configuration OapConfiguration[location=/home/sk117/final-project/copy/apache-skywalking-apm-9.2.0/oap-server/server-starter/target/classes/log4j2.xml]
2022-11-29 03:14:19,398 main DEBUG Installed 2 script engines
2022-11-29 03:14:19,399 main DEBUG MVEL (MVFLEX Expression Language) version: 2.3, language: mvel, threading: THREAD-ISOLATED, compile: true, names: [mvel], factory class: org.mvel2.jsr223.MvelScriptEngineFactory
2022-11-29 03:14:19,706 main DEBUG Oracle Nashorn version: 11.0.17, language: ECMAScript, threading: Not Thread Safe, compile: true, names: [nashorn, Nashorn, js, JS, JavaScript, javascript, ECMAScript, ecmascript], factory class: jdk.nashorn.api.scripting.NashornScriptEngineFactory
2022-11-29 03:14:19,707 main DEBUG PluginManager 'Core' found 127 plugins
2022-11-29 03:14:19,716 main DEBUG PluginManager 'Level' found 0 plugins
2022-11-29 03:14:19,720 main DEBUG PluginManager 'Lookup' found 16 plugins
2022-11-29 03:14:19,729 main DEBUG Building Plugin[name=PatternMatch, class=org.apache.logging.log4j.core.layout.PatternMatch].
2022-11-29 03:14:19,739 main DEBUG PluginManager 'TypeConverter' found 26 plugins
2022-11-29 03:14:19,751 main DEBUG PatternMatch$Builder(, key="ERROR", pattern="%d %c %L [%t] %-5p %x - [%swversion] %m%n")
2022-11-29 03:14:19,751 main DEBUG Building Plugin[name=patternSelector, class=org.apache.logging.log4j.core.layout.LevelPatternSelector].
2022-11-29 03:14:19,762 main DEBUG LevelPatternSelector$Builder(={ERROR=%d %c %L [%t] %-5p %x - [%swversion] %m%n}, defaultPattern="%d %c %L [%t] %-5p %x - %m%n", alwaysWriteExceptions="null", disableAnsi="null", noConsoleNoAnsi="null", Configuration(/home/sk117/final-project/copy/apache-skywalking-apm-9.2.0/oap-server/server-starter/target/classes/log4j2.xml))
2022-11-29 03:14:19,764 main DEBUG PluginManager 'Converter' found 46 plugins
2022-11-29 03:14:19,784 main DEBUG Building Plugin[name=layout, class=org.apache.logging.log4j.core.layout.PatternLayout].
2022-11-29 03:14:19,787 main DEBUG PatternLayout$Builder(pattern="null", LevelPatternSelector(key="ERROR", pattern="%d %c %L [%t] %-5p %x - [%swversion] %m%n", default="%d %c %L [%t] %-5p %x - %m%n"), Configuration(/home/sk117/final-project/copy/apache-skywalking-apm-9.2.0/oap-server/server-starter/target/classes/log4j2.xml), Replace=null, charset="null", alwaysWriteExceptions="null", disableAnsi="null", noConsoleNoAnsi="null", header="null", footer="null")
2022-11-29 03:14:19,789 main DEBUG Building Plugin[name=appender, class=org.apache.logging.log4j.core.appender.ConsoleAppender].
2022-11-29 03:14:19,806 main DEBUG ConsoleAppender$Builder(target="SYSTEM_OUT", follow="null", direct="null", bufferedIo="null", bufferSize="null", immediateFlush="null", ignoreExceptions="null", PatternLayout(key="ERROR", pattern="%d %c %L [%t] %-5p %x - [%swversion] %m%n", default="%d %c %L [%t] %-5p %x - %m%n"), name="Console", Configuration(/home/sk117/final-project/copy/apache-skywalking-apm-9.2.0/oap-server/server-starter/target/classes/log4j2.xml), Filter=null, ={})
2022-11-29 03:14:19,818 main DEBUG Starting OutputStreamManager SYSTEM_OUT.false.false
2022-11-29 03:14:19,818 main DEBUG Building Plugin[name=appenders, class=org.apache.logging.log4j.core.config.AppendersPlugin].
2022-11-29 03:14:19,820 main DEBUG createAppenders(={Console})
2022-11-29 03:14:19,820 main DEBUG Building Plugin[name=logger, class=org.apache.logging.log4j.core.config.LoggerConfig].
2022-11-29 03:14:19,825 main DEBUG createLogger(additivity="true", level="INFO", name="org.apache.zookeeper", includeLocation="null", ={}, ={}, Configuration(/home/sk117/final-project/copy/apache-skywalking-apm-9.2.0/oap-server/server-starter/target/classes/log4j2.xml), Filter=null)
2022-11-29 03:14:19,845 main DEBUG Building Plugin[name=logger, class=org.apache.logging.log4j.core.config.LoggerConfig].
2022-11-29 03:14:19,846 main DEBUG createLogger(additivity="true", level="INFO", name="io.grpc.netty", includeLocation="null", ={}, ={}, Configuration(/home/sk117/final-project/copy/apache-skywalking-apm-9.2.0/oap-server/server-starter/target/classes/log4j2.xml), Filter=null)
2022-11-29 03:14:19,851 main DEBUG Building Plugin[name=logger, class=org.apache.logging.log4j.core.config.LoggerConfig].
2022-11-29 03:14:19,855 main DEBUG createLogger(additivity="true", level="INFO", name="io.netty", includeLocation="null", ={}, ={}, Configuration(/home/sk117/final-project/copy/apache-skywalking-apm-9.2.0/oap-server/server-starter/target/classes/log4j2.xml), Filter=null)
2022-11-29 03:14:19,856 main DEBUG Building Plugin[name=logger, class=org.apache.logging.log4j.core.config.LoggerConfig].
2022-11-29 03:14:19,858 main DEBUG createLogger(additivity="true", level="INFO", name="org.apache.http", includeLocation="null", ={}, ={}, Configuration(/home/sk117/final-project/copy/apache-skywalking-apm-9.2.0/oap-server/server-starter/target/classes/log4j2.xml), Filter=null)
2022-11-29 03:14:19,867 main DEBUG Building Plugin[name=logger, class=org.apache.logging.log4j.core.config.LoggerConfig].
2022-11-29 03:14:19,869 main DEBUG createLogger(additivity="true", level="DEBUG", name="org.apache.skywalking.oap.server.core", includeLocation="null", ={}, ={}, Configuration(/home/sk117/final-project/copy/apache-skywalking-apm-9.2.0/oap-server/server-starter/target/classes/log4j2.xml), Filter=null)
2022-11-29 03:14:19,876 main DEBUG Building Plugin[name=logger, class=org.apache.logging.log4j.core.config.LoggerConfig].
2022-11-29 03:14:19,877 main DEBUG createLogger(additivity="true", level="INFO", name="org.apache.skywalking.oap.server.core.storage.PersistenceTimer", includeLocation="null", ={}, ={}, Configuration(/home/sk117/final-project/copy/apache-skywalking-apm-9.2.0/oap-server/server-starter/target/classes/log4j2.xml), Filter=null)
2022-11-29 03:14:19,878 main DEBUG Building Plugin[name=logger, class=org.apache.logging.log4j.core.config.LoggerConfig].
2022-11-29 03:14:19,879 main DEBUG createLogger(additivity="true", level="DEBUG", name="org.apache.skywalking.oap.server.core.analysis.worker", includeLocation="null", ={}, ={}, Configuration(/home/sk117/final-project/copy/apache-skywalking-apm-9.2.0/oap-server/server-starter/target/classes/log4j2.xml), Filter=null)
2022-11-29 03:14:19,884 main DEBUG Building Plugin[name=logger, class=org.apache.logging.log4j.core.config.LoggerConfig].
2022-11-29 03:14:19,885 main DEBUG createLogger(additivity="true", level="DEBUG", name="org.apache.skywalking.oap.server.core.remote.client", includeLocation="null", ={}, ={}, Configuration(/home/sk117/final-project/copy/apache-skywalking-apm-9.2.0/oap-server/server-starter/target/classes/log4j2.xml), Filter=null)
2022-11-29 03:14:19,886 main DEBUG Building Plugin[name=logger, class=org.apache.logging.log4j.core.config.LoggerConfig].
2022-11-29 03:14:19,887 main DEBUG createLogger(additivity="true", level="INFO", name="org.apache.skywalking.oap.server.library.buffer", includeLocation="null", ={}, ={}, Configuration(/home/sk117/final-project/copy/apache-skywalking-apm-9.2.0/oap-server/server-starter/target/classes/log4j2.xml), Filter=null)
2022-11-29 03:14:19,888 main DEBUG Building Plugin[name=logger, class=org.apache.logging.log4j.core.config.LoggerConfig].
2022-11-29 03:14:19,890 main DEBUG createLogger(additivity="true", level="INFO", name="org.apache.skywalking.oap.server.receiver.envoy.MetricServiceGRPCHandler", includeLocation="null", ={}, ={}, Configuration(/home/sk117/final-project/copy/apache-skywalking-apm-9.2.0/oap-server/server-starter/target/classes/log4j2.xml), Filter=null)
2022-11-29 03:14:19,891 main DEBUG Building Plugin[name=logger, class=org.apache.logging.log4j.core.config.LoggerConfig].
2022-11-29 03:14:19,891 main DEBUG createLogger(additivity="true", level="INFO", name="org.apache.skywalking.oap.meter.analyzer.prometheus.PrometheusMetricConverter", includeLocation="null", ={}, ={}, Configuration(/home/sk117/final-project/copy/apache-skywalking-apm-9.2.0/oap-server/server-starter/target/classes/log4j2.xml), Filter=null)
2022-11-29 03:14:19,892 main DEBUG Building Plugin[name=logger, class=org.apache.logging.log4j.core.config.LoggerConfig].
2022-11-29 03:14:19,894 main DEBUG createLogger(additivity="true", level="DEBUG", name="org.apache.skywalking.library.elasticsearch", includeLocation="null", ={}, ={}, Configuration(/home/sk117/final-project/copy/apache-skywalking-apm-9.2.0/oap-server/server-starter/target/classes/log4j2.xml), Filter=null)
2022-11-29 03:14:19,897 main DEBUG Building Plugin[name=AppenderRef, class=org.apache.logging.log4j.core.config.AppenderRef].
2022-11-29 03:14:19,898 main DEBUG createAppenderRef(ref="Console", level="null", Filter=null)
2022-11-29 03:14:19,899 main DEBUG Building Plugin[name=root, class=org.apache.logging.log4j.core.config.LoggerConfig$RootLogger].
2022-11-29 03:14:19,901 main DEBUG createLogger(additivity="null", level="DEBUG", includeLocation="null", ={Console}, ={}, Configuration(/home/sk117/final-project/copy/apache-skywalking-apm-9.2.0/oap-server/server-starter/target/classes/log4j2.xml), Filter=null)
2022-11-29 03:14:19,903 main DEBUG Building Plugin[name=loggers, class=org.apache.logging.log4j.core.config.LoggersPlugin].
2022-11-29 03:14:19,905 main DEBUG createLoggers(={org.apache.zookeeper, io.grpc.netty, io.netty, org.apache.http, org.apache.skywalking.oap.server.core, org.apache.skywalking.oap.server.core.storage.PersistenceTimer, org.apache.skywalking.oap.server.core.analysis.worker, org.apache.skywalking.oap.server.core.remote.client, org.apache.skywalking.oap.server.library.buffer, org.apache.skywalking.oap.server.receiver.envoy.MetricServiceGRPCHandler, org.apache.skywalking.oap.meter.analyzer.prometheus.PrometheusMetricConverter, org.apache.skywalking.library.elasticsearch, root})
2022-11-29 03:14:19,907 main DEBUG Configuration OapConfiguration[location=/home/sk117/final-project/copy/apache-skywalking-apm-9.2.0/oap-server/server-starter/target/classes/log4j2.xml] initialized
2022-11-29 03:14:19,908 main DEBUG Starting configuration OapConfiguration[location=/home/sk117/final-project/copy/apache-skywalking-apm-9.2.0/oap-server/server-starter/target/classes/log4j2.xml]
2022-11-29 03:14:19,909 main DEBUG Started configuration OapConfiguration[location=/home/sk117/final-project/copy/apache-skywalking-apm-9.2.0/oap-server/server-starter/target/classes/log4j2.xml] OK.
2022-11-29 03:14:19,910 main DEBUG Shutting down OutputStreamManager SYSTEM_OUT.false.false-1
2022-11-29 03:14:19,911 main DEBUG OutputStream closed
2022-11-29 03:14:19,917 main DEBUG Shut down OutputStreamManager SYSTEM_OUT.false.false-1, all resources released: true
2022-11-29 03:14:19,917 main DEBUG Appender DefaultConsole-1 stopped with status true
2022-11-29 03:14:19,918 main DEBUG Stopped org.apache.logging.log4j.core.config.DefaultConfiguration@3daa422a OK
2022-11-29 03:14:20,055 main DEBUG Registering MBean org.apache.logging.log4j2:type=55054057
2022-11-29 03:14:20,066 main DEBUG Registering MBean org.apache.logging.log4j2:type=55054057,component=StatusLogger
2022-11-29 03:14:20,068 main DEBUG Registering MBean org.apache.logging.log4j2:type=55054057,component=ContextSelector
2022-11-29 03:14:20,072 main DEBUG Registering MBean org.apache.logging.log4j2:type=55054057,component=Loggers,name=
2022-11-29 03:14:20,073 main DEBUG Registering MBean org.apache.logging.log4j2:type=55054057,component=Loggers,name=org.apache.skywalking.oap.server.receiver.envoy.MetricServiceGRPCHandler
2022-11-29 03:14:20,074 main DEBUG Registering MBean org.apache.logging.log4j2:type=55054057,component=Loggers,name=org.apache.skywalking.oap.meter.analyzer.prometheus.PrometheusMetricConverter
2022-11-29 03:14:20,075 main DEBUG Registering MBean org.apache.logging.log4j2:type=55054057,component=Loggers,name=org.apache.zookeeper
2022-11-29 03:14:20,075 main DEBUG Registering MBean org.apache.logging.log4j2:type=55054057,component=Loggers,name=org.apache.http
2022-11-29 03:14:20,082 main DEBUG Registering MBean org.apache.logging.log4j2:type=55054057,component=Loggers,name=org.apache.skywalking.oap.server.core
2022-11-29 03:14:20,083 main DEBUG Registering MBean org.apache.logging.log4j2:type=55054057,component=Loggers,name=io.grpc.netty
2022-11-29 03:14:20,084 main DEBUG Registering MBean org.apache.logging.log4j2:type=55054057,component=Loggers,name=io.netty
2022-11-29 03:14:20,085 main DEBUG Registering MBean org.apache.logging.log4j2:type=55054057,component=Loggers,name=org.apache.skywalking.oap.server.library.buffer
2022-11-29 03:14:20,086 main DEBUG Registering MBean org.apache.logging.log4j2:type=55054057,component=Loggers,name=org.apache.skywalking.library.elasticsearch
2022-11-29 03:14:20,087 main DEBUG Registering MBean org.apache.logging.log4j2:type=55054057,component=Loggers,name=org.apache.skywalking.oap.server.core.remote.client
2022-11-29 03:14:20,087 main DEBUG Registering MBean org.apache.logging.log4j2:type=55054057,component=Loggers,name=org.apache.skywalking.oap.server.core.analysis.worker
2022-11-29 03:14:20,090 main DEBUG Registering MBean org.apache.logging.log4j2:type=55054057,component=Loggers,name=org.apache.skywalking.oap.server.core.storage.PersistenceTimer
2022-11-29 03:14:20,092 main DEBUG Registering MBean org.apache.logging.log4j2:type=55054057,component=Appenders,name=Console
2022-11-29 03:14:20,101 main DEBUG org.apache.logging.log4j.core.util.SystemClock supports precise timestamps.
2022-11-29 03:14:20,102 main DEBUG Reconfiguration complete for context[name=55054057] at URI /home/sk117/final-project/copy/apache-skywalking-apm-9.2.0/oap-server/server-starter/target/classes/log4j2.xml (org.apache.logging.log4j.core.LoggerContext@fc258b1) with optional ClassLoader: null
2022-11-29 03:14:20,103 main DEBUG Shutdown hook enabled. Registering a new one.
2022-11-29 03:14:20,105 main DEBUG LoggerContext[name=55054057, org.apache.logging.log4j.core.LoggerContext@fc258b1] started OK.
2022-11-29 03:14:20,124 org.apache.skywalking.oap.server.starter.config.ApplicationConfigLoaderTestCase 40 [main] ERROR [] - [9.2.0-707eae5] System.getProperty1 null
2022-11-29 03:14:20,132 org.apache.skywalking.oap.server.starter.config.ApplicationConfigLoaderTestCase 42 [main] ERROR [] - [9.2.0-707eae5] System.getProperty2 mysql
2022-11-29 03:14:20,160 org.apache.skywalking.oap.server.starter.config.ApplicationConfigLoader 63 [main] WARN  [] - [CTEST][LOAD-PARAM]  java.lang.Thread	org.apache.skywalking.oap.server.starter.config.ApplicationConfigLoader	org.apache.skywalking.oap.server.starter.config.ApplicationConfigLoader	org.apache.skywalking.oap.server.starter.config.ApplicationConfigLoader	org.apache.skywalking.oap.server.starter.config.ApplicationConfigLoaderTestCase	jdk.internal.reflect.NativeMethodAccessorImpl	jdk.internal.reflect.NativeMethodAccessorImpl	jdk.internal.reflect.DelegatingMethodAccessorImpl	java.lang.reflect.Method	org.junit.runners.model.FrameworkMethod$1	org.junit.internal.runners.model.ReflectiveCallable	org.junit.runners.model.FrameworkMethod	org.junit.internal.runners.statements.RunBefores	org.junit.internal.runners.statements.RunBefores	org.junit.runners.ParentRunner$3	org.junit.runners.BlockJUnit4ClassRunner$1	org.junit.runners.ParentRunner	org.junit.runners.BlockJUnit4ClassRunner	org.junit.runners.BlockJUnit4ClassRunner	org.junit.runners.ParentRunner$4	org.junit.runners.ParentRunner$1	org.junit.runners.ParentRunner	org.junit.runners.ParentRunner	org.junit.runners.ParentRunner$2	org.junit.runners.ParentRunner$3	org.junit.runners.ParentRunner	org.apache.maven.surefire.junit4.JUnit4Provider	org.apache.maven.surefire.junit4.JUnit4Provider	org.apache.maven.surefire.junit4.JUnit4Provider	org.apache.maven.surefire.junit4.JUnit4Provider	org.apache.maven.surefire.booter.ForkedBooter	org.apache.maven.surefire.booter.ForkedBooter	org.apache.maven.surefire.booter.ForkedBooter	org.apache.maven.surefire.booter.ForkedBooter	
2022-11-29 03:14:20,387 org.apache.skywalking.oap.server.starter.config.ApplicationConfigLoader 66 [main] WARN  [] - First output{
  "cluster" : {
    "selector" : "${SW_CLUSTER:standalone}",
    "standalone" : null,
    "zookeeper" : {
      "namespace" : "${SW_NAMESPACE:\"\"}",
      "hostPort" : "${SW_CLUSTER_ZK_HOST_PORT:localhost:2181}",
      "baseSleepTimeMs" : "${SW_CLUSTER_ZK_SLEEP_TIME:1000}",
      "maxRetries" : "${SW_CLUSTER_ZK_MAX_RETRIES:3}",
      "enableACL" : "${SW_ZK_ENABLE_ACL:false}",
      "schema" : "${SW_ZK_SCHEMA:digest}",
      "expression" : "${SW_ZK_EXPRESSION:skywalking:skywalking}",
      "internalComHost" : "${SW_CLUSTER_INTERNAL_COM_HOST:\"\"}",
      "internalComPort" : "${SW_CLUSTER_INTERNAL_COM_PORT:-1}"
    },
    "kubernetes" : {
      "namespace" : "${SW_CLUSTER_K8S_NAMESPACE:default}",
      "labelSelector" : "${SW_CLUSTER_K8S_LABEL:app=collector,release=skywalking}",
      "uidEnvName" : "${SW_CLUSTER_K8S_UID:SKYWALKING_COLLECTOR_UID}"
    },
    "consul" : {
      "serviceName" : "${SW_SERVICE_NAME:\"SkyWalking_OAP_Cluster\"}",
      "hostPort" : "${SW_CLUSTER_CONSUL_HOST_PORT:localhost:8500}",
      "aclToken" : "${SW_CLUSTER_CONSUL_ACLTOKEN:\"\"}",
      "internalComHost" : "${SW_CLUSTER_INTERNAL_COM_HOST:\"\"}",
      "internalComPort" : "${SW_CLUSTER_INTERNAL_COM_PORT:-1}"
    },
    "etcd" : {
      "endpoints" : "${SW_CLUSTER_ETCD_ENDPOINTS:localhost:2379}",
      "namespace" : "${SW_CLUSTER_ETCD_NAMESPACE:/skywalking}",
      "serviceName" : "${SW_CLUSTER_ETCD_SERVICE_NAME:\"SkyWalking_OAP_Cluster\"}",
      "authentication" : "${SW_CLUSTER_ETCD_AUTHENTICATION:false}",
      "user" : "${SW_CLUSTER_ETCD_USER:}",
      "password" : "${SW_CLUSTER_ETCD_PASSWORD:}",
      "internalComHost" : "${SW_CLUSTER_INTERNAL_COM_HOST:\"\"}",
      "internalComPort" : "${SW_CLUSTER_INTERNAL_COM_PORT:-1}"
    },
    "nacos" : {
      "serviceName" : "${SW_SERVICE_NAME:\"SkyWalking_OAP_Cluster\"}",
      "hostPort" : "${SW_CLUSTER_NACOS_HOST_PORT:localhost:8848}",
      "namespace" : "${SW_CLUSTER_NACOS_NAMESPACE:\"public\"}",
      "username" : "${SW_CLUSTER_NACOS_USERNAME:\"\"}",
      "password" : "${SW_CLUSTER_NACOS_PASSWORD:\"\"}",
      "accessKey" : "${SW_CLUSTER_NACOS_ACCESSKEY:\"\"}",
      "secretKey" : "${SW_CLUSTER_NACOS_SECRETKEY:\"\"}",
      "internalComHost" : "${SW_CLUSTER_INTERNAL_COM_HOST:\"\"}",
      "internalComPort" : "${SW_CLUSTER_INTERNAL_COM_PORT:-1}"
    }
  },
  "core" : {
    "selector" : "${SW_CORE:default}",
    "default" : {
      "role" : "${SW_CORE_ROLE:Mixed}",
      "restHost" : "${SW_CORE_REST_HOST:0.0.0.0}",
      "restPort" : "${SW_CORE_REST_PORT:12800}",
      "restContextPath" : "${SW_CORE_REST_CONTEXT_PATH:/}",
      "restMaxThreads" : "${SW_CORE_REST_MAX_THREADS:200}",
      "restIdleTimeOut" : "${SW_CORE_REST_IDLE_TIMEOUT:30000}",
      "restAcceptQueueSize" : "${SW_CORE_REST_QUEUE_SIZE:0}",
      "httpMaxRequestHeaderSize" : "${SW_CORE_HTTP_MAX_REQUEST_HEADER_SIZE:8192}",
      "gRPCHost" : "${SW_CORE_GRPC_HOST:0.0.0.0}",
      "gRPCPort" : "${SW_CORE_GRPC_PORT:11800}",
      "maxConcurrentCallsPerConnection" : "${SW_CORE_GRPC_MAX_CONCURRENT_CALL:0}",
      "maxMessageSize" : "${SW_CORE_GRPC_MAX_MESSAGE_SIZE:0}",
      "gRPCThreadPoolQueueSize" : "${SW_CORE_GRPC_POOL_QUEUE_SIZE:-1}",
      "gRPCThreadPoolSize" : "${SW_CORE_GRPC_THREAD_POOL_SIZE:-1}",
      "gRPCSslEnabled" : "${SW_CORE_GRPC_SSL_ENABLED:false}",
      "gRPCSslKeyPath" : "${SW_CORE_GRPC_SSL_KEY_PATH:\"\"}",
      "gRPCSslCertChainPath" : "${SW_CORE_GRPC_SSL_CERT_CHAIN_PATH:\"\"}",
      "gRPCSslTrustedCAPath" : "${SW_CORE_GRPC_SSL_TRUSTED_CA_PATH:\"\"}",
      "downsampling" : [ "Hour", "Day" ],
      "enableDataKeeperExecutor" : "${SW_CORE_ENABLE_DATA_KEEPER_EXECUTOR:true}",
      "dataKeeperExecutePeriod" : "${SW_CORE_DATA_KEEPER_EXECUTE_PERIOD:5}",
      "recordDataTTL" : "${SW_CORE_RECORD_DATA_TTL:3}",
      "metricsDataTTL" : "${SW_CORE_METRICS_DATA_TTL:7}",
      "l1FlushPeriod" : "${SW_CORE_L1_AGGREGATION_FLUSH_PERIOD:500}",
      "storageSessionTimeout" : "${SW_CORE_STORAGE_SESSION_TIMEOUT:70000}",
      "persistentPeriod" : "${SW_CORE_PERSISTENT_PERIOD:25}",
      "enableDatabaseSession" : "${SW_CORE_ENABLE_DATABASE_SESSION:true}",
      "topNReportPeriod" : "${SW_CORE_TOPN_REPORT_PERIOD:10}",
      "activeExtraModelColumns" : "${SW_CORE_ACTIVE_EXTRA_MODEL_COLUMNS:false}",
      "serviceNameMaxLength" : "${SW_SERVICE_NAME_MAX_LENGTH:70}",
      "instanceNameMaxLength" : "${SW_INSTANCE_NAME_MAX_LENGTH:70}",
      "endpointNameMaxLength" : "${SW_ENDPOINT_NAME_MAX_LENGTH:150}",
      "searchableTracesTags" : "${SW_SEARCHABLE_TAG_KEYS:http.method,http.status_code,rpc.status_code,db.type,db.instance,mq.queue,mq.topic,mq.broker}",
      "searchableLogsTags" : "${SW_SEARCHABLE_LOGS_TAG_KEYS:level}",
      "searchableAlarmTags" : "${SW_SEARCHABLE_ALARM_TAG_KEYS:level}",
      "autocompleteTagKeysQueryMaxSize" : "${SW_AUTOCOMPLETE_TAG_KEYS_QUERY_MAX_SIZE:100}",
      "autocompleteTagValuesQueryMaxSize" : "${SW_AUTOCOMPLETE_TAG_VALUES_QUERY_MAX_SIZE:100}",
      "prepareThreads" : "${SW_CORE_PREPARE_THREADS:2}",
      "enableEndpointNameGroupingByOpenapi" : "${SW_CORE_ENABLE_ENDPOINT_NAME_GROUPING_BY_OPAENAPI:true}"
    }
  },
  "storage" : {
    "selector" : "${SW_STORAGE:h2}",
    "elasticsearch" : {
      "namespace" : "${SW_NAMESPACE:\"\"}",
      "clusterNodes" : "${SW_STORAGE_ES_CLUSTER_NODES:localhost:9200}",
      "protocol" : "${SW_STORAGE_ES_HTTP_PROTOCOL:\"http\"}",
      "connectTimeout" : "${SW_STORAGE_ES_CONNECT_TIMEOUT:3000}",
      "socketTimeout" : "${SW_STORAGE_ES_SOCKET_TIMEOUT:30000}",
      "responseTimeout" : "${SW_STORAGE_ES_RESPONSE_TIMEOUT:15000}",
      "numHttpClientThread" : "${SW_STORAGE_ES_NUM_HTTP_CLIENT_THREAD:0}",
      "user" : "${SW_ES_USER:\"\"}",
      "password" : "${SW_ES_PASSWORD:\"\"}",
      "trustStorePath" : "${SW_STORAGE_ES_SSL_JKS_PATH:\"\"}",
      "trustStorePass" : "${SW_STORAGE_ES_SSL_JKS_PASS:\"\"}",
      "secretsManagementFile" : "${SW_ES_SECRETS_MANAGEMENT_FILE:\"\"}",
      "dayStep" : "${SW_STORAGE_DAY_STEP:1}",
      "indexShardsNumber" : "${SW_STORAGE_ES_INDEX_SHARDS_NUMBER:1}",
      "indexReplicasNumber" : "${SW_STORAGE_ES_INDEX_REPLICAS_NUMBER:1}",
      "superDatasetDayStep" : "${SW_SUPERDATASET_STORAGE_DAY_STEP:-1}",
      "superDatasetIndexShardsFactor" : "${SW_STORAGE_ES_SUPER_DATASET_INDEX_SHARDS_FACTOR:5}",
      "superDatasetIndexReplicasNumber" : "${SW_STORAGE_ES_SUPER_DATASET_INDEX_REPLICAS_NUMBER:0}",
      "indexTemplateOrder" : "${SW_STORAGE_ES_INDEX_TEMPLATE_ORDER:0}",
      "bulkActions" : "${SW_STORAGE_ES_BULK_ACTIONS:5000}",
      "flushInterval" : "${SW_STORAGE_ES_FLUSH_INTERVAL:15}",
      "concurrentRequests" : "${SW_STORAGE_ES_CONCURRENT_REQUESTS:2}",
      "resultWindowMaxSize" : "${SW_STORAGE_ES_QUERY_MAX_WINDOW_SIZE:10000}",
      "metadataQueryMaxSize" : "${SW_STORAGE_ES_QUERY_MAX_SIZE:10000}",
      "scrollingBatchSize" : "${SW_STORAGE_ES_SCROLLING_BATCH_SIZE:5000}",
      "segmentQueryMaxSize" : "${SW_STORAGE_ES_QUERY_SEGMENT_SIZE:200}",
      "profileTaskQueryMaxSize" : "${SW_STORAGE_ES_QUERY_PROFILE_TASK_SIZE:200}",
      "profileDataQueryBatchSize" : "${SW_STORAGE_ES_QUERY_PROFILE_DATA_BATCH_SIZE:100}",
      "oapAnalyzer" : "${SW_STORAGE_ES_OAP_ANALYZER:\"{\\\"analyzer\\\":{\\\"oap_analyzer\\\":{\\\"type\\\":\\\"stop\\\"}}}\"}",
      "oapLogAnalyzer" : "${SW_STORAGE_ES_OAP_LOG_ANALYZER:\"{\\\"analyzer\\\":{\\\"oap_log_analyzer\\\":{\\\"type\\\":\\\"standard\\\"}}}\"}",
      "advanced" : "${SW_STORAGE_ES_ADVANCED:\"\"}",
      "logicSharding" : "${SW_STORAGE_ES_LOGIC_SHARDING:false}"
    },
    "h2" : {
      "driver" : "${SW_STORAGE_H2_DRIVER:org.h2.jdbcx.JdbcDataSource}",
      "url" : "${SW_STORAGE_H2_URL:jdbc:h2:mem:skywalking-oap-db;DB_CLOSE_DELAY=-1}",
      "user" : "${SW_STORAGE_H2_USER:sa}",
      "metadataQueryMaxSize" : "${SW_STORAGE_H2_QUERY_MAX_SIZE:5000}",
      "maxSizeOfBatchSql" : "${SW_STORAGE_MAX_SIZE_OF_BATCH_SQL:100}",
      "asyncBatchPersistentPoolSize" : "${SW_STORAGE_ASYNC_BATCH_PERSISTENT_POOL_SIZE:1}"
    },
    "mysql" : {
      "properties" : {
        "jdbcUrl" : "${SW_JDBC_URL:\"jdbc:mysql://localhost:3306/swtest?rewriteBatchedStatements=true\"}",
        "dataSource.user" : "${SW_DATA_SOURCE_USER:root}",
        "dataSource.password" : "${SW_DATA_SOURCE_PASSWORD:root@1234}",
        "dataSource.cachePrepStmts" : "${SW_DATA_SOURCE_CACHE_PREP_STMTS:true}",
        "dataSource.prepStmtCacheSize" : "${SW_DATA_SOURCE_PREP_STMT_CACHE_SQL_SIZE:250}",
        "dataSource.prepStmtCacheSqlLimit" : "${SW_DATA_SOURCE_PREP_STMT_CACHE_SQL_LIMIT:2048}",
        "dataSource.useServerPrepStmts" : "${SW_DATA_SOURCE_USE_SERVER_PREP_STMTS:true}"
      },
      "metadataQueryMaxSize" : "${SW_STORAGE_MYSQL_QUERY_MAX_SIZE:5000}",
      "maxSizeOfBatchSql" : "${SW_STORAGE_MAX_SIZE_OF_BATCH_SQL:2000}",
      "asyncBatchPersistentPoolSize" : "${SW_STORAGE_ASYNC_BATCH_PERSISTENT_POOL_SIZE:4}"
    },
    "tidb" : {
      "properties" : {
        "jdbcUrl" : "${SW_JDBC_URL:\"jdbc:mysql://localhost:4000/tidbswtest?rewriteBatchedStatements=true\"}",
        "dataSource.user" : "${SW_DATA_SOURCE_USER:root}",
        "dataSource.password" : "${SW_DATA_SOURCE_PASSWORD:\"\"}",
        "dataSource.cachePrepStmts" : "${SW_DATA_SOURCE_CACHE_PREP_STMTS:true}",
        "dataSource.prepStmtCacheSize" : "${SW_DATA_SOURCE_PREP_STMT_CACHE_SQL_SIZE:250}",
        "dataSource.prepStmtCacheSqlLimit" : "${SW_DATA_SOURCE_PREP_STMT_CACHE_SQL_LIMIT:2048}",
        "dataSource.useServerPrepStmts" : "${SW_DATA_SOURCE_USE_SERVER_PREP_STMTS:true}",
        "dataSource.useAffectedRows" : "${SW_DATA_SOURCE_USE_AFFECTED_ROWS:true}"
      },
      "metadataQueryMaxSize" : "${SW_STORAGE_MYSQL_QUERY_MAX_SIZE:5000}",
      "maxSizeOfBatchSql" : "${SW_STORAGE_MAX_SIZE_OF_BATCH_SQL:2000}",
      "asyncBatchPersistentPoolSize" : "${SW_STORAGE_ASYNC_BATCH_PERSISTENT_POOL_SIZE:4}"
    },
    "postgresql" : {
      "properties" : {
        "jdbcUrl" : "${SW_JDBC_URL:\"jdbc:postgresql://localhost:5432/skywalking\"}",
        "dataSource.user" : "${SW_DATA_SOURCE_USER:postgres}",
        "dataSource.password" : "${SW_DATA_SOURCE_PASSWORD:123456}",
        "dataSource.cachePrepStmts" : "${SW_DATA_SOURCE_CACHE_PREP_STMTS:true}",
        "dataSource.prepStmtCacheSize" : "${SW_DATA_SOURCE_PREP_STMT_CACHE_SQL_SIZE:250}",
        "dataSource.prepStmtCacheSqlLimit" : "${SW_DATA_SOURCE_PREP_STMT_CACHE_SQL_LIMIT:2048}",
        "dataSource.useServerPrepStmts" : "${SW_DATA_SOURCE_USE_SERVER_PREP_STMTS:true}"
      },
      "metadataQueryMaxSize" : "${SW_STORAGE_MYSQL_QUERY_MAX_SIZE:5000}",
      "maxSizeOfBatchSql" : "${SW_STORAGE_MAX_SIZE_OF_BATCH_SQL:2000}",
      "asyncBatchPersistentPoolSize" : "${SW_STORAGE_ASYNC_BATCH_PERSISTENT_POOL_SIZE:4}"
    },
    "banyandb" : {
      "host" : "${SW_STORAGE_BANYANDB_HOST:127.0.0.1}",
      "port" : "${SW_STORAGE_BANYANDB_PORT:17912}",
      "maxBulkSize" : "${SW_STORAGE_BANYANDB_MAX_BULK_SIZE:5000}",
      "flushInterval" : "${SW_STORAGE_BANYANDB_FLUSH_INTERVAL:15}",
      "metricsShardsNumber" : "${SW_STORAGE_BANYANDB_METRICS_SHARDS_NUMBER:1}",
      "recordShardsNumber" : "${SW_STORAGE_BANYANDB_RECORD_SHARDS_NUMBER:1}",
      "superDatasetShardsFactor" : "${SW_STORAGE_BANYANDB_SUPERDATASET_SHARDS_FACTOR:2}",
      "concurrentWriteThreads" : "${SW_STORAGE_BANYANDB_CONCURRENT_WRITE_THREADS:15}",
      "profileTaskQueryMaxSize" : "${SW_STORAGE_BANYANDB_PROFILE_TASK_QUERY_MAX_SIZE:200}"
    }
  },
  "agent-analyzer" : {
    "selector" : "${SW_AGENT_ANALYZER:default}",
    "default" : {
      "traceSamplingPolicySettingsFile" : "${SW_TRACE_SAMPLING_POLICY_SETTINGS_FILE:trace-sampling-policy-settings.yml}",
      "slowDBAccessThreshold" : "${SW_SLOW_DB_THRESHOLD:default:200,mongodb:100}",
      "forceSampleErrorSegment" : "${SW_FORCE_SAMPLE_ERROR_SEGMENT:true}",
      "segmentStatusAnalysisStrategy" : "${SW_SEGMENT_STATUS_ANALYSIS_STRATEGY:FROM_SPAN_STATUS}",
      "noUpstreamRealAddressAgents" : "${SW_NO_UPSTREAM_REAL_ADDRESS:6000,9000}",
      "meterAnalyzerActiveFiles" : "${SW_METER_ANALYZER_ACTIVE_FILES:datasource,threadpool,satellite}"
    }
  },
  "log-analyzer" : {
    "selector" : "${SW_LOG_ANALYZER:default}",
    "default" : {
      "lalFiles" : "${SW_LOG_LAL_FILES:default}",
      "malFiles" : "${SW_LOG_MAL_FILES:\"\"}"
    }
  },
  "event-analyzer" : {
    "selector" : "${SW_EVENT_ANALYZER:default}",
    "default" : null
  },
  "receiver-sharing-server" : {
    "selector" : "${SW_RECEIVER_SHARING_SERVER:default}",
    "default" : {
      "restHost" : "${SW_RECEIVER_SHARING_REST_HOST:0.0.0.0}",
      "restPort" : "${SW_RECEIVER_SHARING_REST_PORT:0}",
      "restContextPath" : "${SW_RECEIVER_SHARING_REST_CONTEXT_PATH:/}",
      "restMaxThreads" : "${SW_RECEIVER_SHARING_REST_MAX_THREADS:200}",
      "restIdleTimeOut" : "${SW_RECEIVER_SHARING_REST_IDLE_TIMEOUT:30000}",
      "restAcceptQueueSize" : "${SW_RECEIVER_SHARING_REST_QUEUE_SIZE:0}",
      "httpMaxRequestHeaderSize" : "${SW_RECEIVER_SHARING_HTTP_MAX_REQUEST_HEADER_SIZE:8192}",
      "gRPCHost" : "${SW_RECEIVER_GRPC_HOST:0.0.0.0}",
      "gRPCPort" : "${SW_RECEIVER_GRPC_PORT:0}",
      "maxConcurrentCallsPerConnection" : "${SW_RECEIVER_GRPC_MAX_CONCURRENT_CALL:0}",
      "maxMessageSize" : "${SW_RECEIVER_GRPC_MAX_MESSAGE_SIZE:0}",
      "gRPCThreadPoolQueueSize" : "${SW_RECEIVER_GRPC_POOL_QUEUE_SIZE:0}",
      "gRPCThreadPoolSize" : "${SW_RECEIVER_GRPC_THREAD_POOL_SIZE:0}",
      "gRPCSslEnabled" : "${SW_RECEIVER_GRPC_SSL_ENABLED:false}",
      "gRPCSslKeyPath" : "${SW_RECEIVER_GRPC_SSL_KEY_PATH:\"\"}",
      "gRPCSslCertChainPath" : "${SW_RECEIVER_GRPC_SSL_CERT_CHAIN_PATH:\"\"}",
      "gRPCSslTrustedCAsPath" : "${SW_RECEIVER_GRPC_SSL_TRUSTED_CAS_PATH:\"\"}",
      "authentication" : "${SW_AUTHENTICATION:\"\"}"
    }
  },
  "receiver-register" : {
    "selector" : "${SW_RECEIVER_REGISTER:default}",
    "default" : null
  },
  "receiver-trace" : {
    "selector" : "${SW_RECEIVER_TRACE:default}",
    "default" : null
  },
  "receiver-jvm" : {
    "selector" : "${SW_RECEIVER_JVM:default}",
    "default" : null
  },
  "receiver-clr" : {
    "selector" : "${SW_RECEIVER_CLR:default}",
    "default" : null
  },
  "receiver-profile" : {
    "selector" : "${SW_RECEIVER_PROFILE:default}",
    "default" : null
  },
  "receiver-zabbix" : {
    "selector" : "${SW_RECEIVER_ZABBIX:-}",
    "default" : {
      "port" : "${SW_RECEIVER_ZABBIX_PORT:10051}",
      "host" : "${SW_RECEIVER_ZABBIX_HOST:0.0.0.0}",
      "activeFiles" : "${SW_RECEIVER_ZABBIX_ACTIVE_FILES:agent}"
    }
  },
  "service-mesh" : {
    "selector" : "${SW_SERVICE_MESH:default}",
    "default" : null
  },
  "envoy-metric" : {
    "selector" : "${SW_ENVOY_METRIC:default}",
    "default" : {
      "acceptMetricsService" : "${SW_ENVOY_METRIC_SERVICE:true}",
      "alsHTTPAnalysis" : "${SW_ENVOY_METRIC_ALS_HTTP_ANALYSIS:\"\"}",
      "alsTCPAnalysis" : "${SW_ENVOY_METRIC_ALS_TCP_ANALYSIS:\"\"}",
      "k8sServiceNameRule" : "${K8S_SERVICE_NAME_RULE:\"${pod.metadata.labels.(service.istio.io/canonical-name)}\"}"
    }
  },
  "prometheus-fetcher" : {
    "selector" : "${SW_PROMETHEUS_FETCHER:-}",
    "default" : {
      "enabledRules" : "${SW_PROMETHEUS_FETCHER_ENABLED_RULES:\"self\"}",
      "maxConvertWorker" : "${SW_PROMETHEUS_FETCHER_NUM_CONVERT_WORKER:-1}"
    }
  },
  "kafka-fetcher" : {
    "selector" : "${SW_KAFKA_FETCHER:-}",
    "default" : {
      "bootstrapServers" : "${SW_KAFKA_FETCHER_SERVERS:localhost:9092}",
      "namespace" : "${SW_NAMESPACE:\"\"}",
      "partitions" : "${SW_KAFKA_FETCHER_PARTITIONS:3}",
      "replicationFactor" : "${SW_KAFKA_FETCHER_PARTITIONS_FACTOR:2}",
      "enableNativeProtoLog" : "${SW_KAFKA_FETCHER_ENABLE_NATIVE_PROTO_LOG:true}",
      "enableNativeJsonLog" : "${SW_KAFKA_FETCHER_ENABLE_NATIVE_JSON_LOG:true}",
      "consumers" : "${SW_KAFKA_FETCHER_CONSUMERS:1}",
      "kafkaHandlerThreadPoolSize" : "${SW_KAFKA_HANDLER_THREAD_POOL_SIZE:-1}",
      "kafkaHandlerThreadPoolQueueSize" : "${SW_KAFKA_HANDLER_THREAD_POOL_QUEUE_SIZE:-1}"
    }
  },
  "receiver-meter" : {
    "selector" : "${SW_RECEIVER_METER:default}",
    "default" : null
  },
  "receiver-otel" : {
    "selector" : "${SW_OTEL_RECEIVER:default}",
    "default" : {
      "enabledHandlers" : "${SW_OTEL_RECEIVER_ENABLED_HANDLERS:\"oc,otlp\"}",
      "enabledOtelRules" : "${SW_OTEL_RECEIVER_ENABLED_OTEL_RULES:\"istio-controlplane,k8s-node,oap,vm,mysql,postgresql\"}"
    }
  },
  "receiver-zipkin" : {
    "selector" : "${SW_RECEIVER_ZIPKIN:-}",
    "default" : {
      "searchableTracesTags" : "${SW_ZIPKIN_SEARCHABLE_TAG_KEYS:http.method}",
      "sampleRate" : "${SW_ZIPKIN_SAMPLE_RATE:10000}",
      "enableHttpCollector" : "${SW_ZIPKIN_HTTP_COLLECTOR_ENABLED:true}",
      "restHost" : "${SW_RECEIVER_ZIPKIN_REST_HOST:0.0.0.0}",
      "restPort" : "${SW_RECEIVER_ZIPKIN_REST_PORT:9411}",
      "restContextPath" : "${SW_RECEIVER_ZIPKIN_REST_CONTEXT_PATH:/}",
      "restMaxThreads" : "${SW_RECEIVER_ZIPKIN_REST_MAX_THREADS:200}",
      "restIdleTimeOut" : "${SW_RECEIVER_ZIPKIN_REST_IDLE_TIMEOUT:30000}",
      "restAcceptQueueSize" : "${SW_RECEIVER_ZIPKIN_REST_QUEUE_SIZE:0}",
      "enableKafkaCollector" : "${SW_ZIPKIN_KAFKA_COLLECTOR_ENABLED:false}",
      "kafkaBootstrapServers" : "${SW_ZIPKIN_KAFKA_SERVERS:localhost:9092}",
      "kafkaGroupId" : "${SW_ZIPKIN_KAFKA_GROUP_ID:zipkin}",
      "kafkaTopic" : "${SW_ZIPKIN_KAFKA_TOPIC:zipkin}",
      "kafkaConsumerConfig" : "${SW_ZIPKIN_KAFKA_CONSUMER_CONFIG:\"{\\\"auto.offset.reset\\\":\\\"earliest\\\",\\\"enable.auto.commit\\\":true}\"}",
      "kafkaConsumers" : "${SW_ZIPKIN_KAFKA_CONSUMERS:1}",
      "kafkaHandlerThreadPoolSize" : "${SW_ZIPKIN_KAFKA_HANDLER_THREAD_POOL_SIZE:-1}",
      "kafkaHandlerThreadPoolQueueSize" : "${SW_ZIPKIN_KAFKA_HANDLER_THREAD_POOL_QUEUE_SIZE:-1}"
    }
  },
  "receiver-browser" : {
    "selector" : "${SW_RECEIVER_BROWSER:default}",
    "default" : {
      "sampleRate" : "${SW_RECEIVER_BROWSER_SAMPLE_RATE:10000}"
    }
  },
  "receiver-log" : {
    "selector" : "${SW_RECEIVER_LOG:default}",
    "default" : null
  },
  "query" : {
    "selector" : "${SW_QUERY:graphql}",
    "graphql" : {
      "enableLogTestTool" : "${SW_QUERY_GRAPHQL_ENABLE_LOG_TEST_TOOL:false}",
      "maxQueryComplexity" : "${SW_QUERY_MAX_QUERY_COMPLEXITY:1000}",
      "enableUpdateUITemplate" : "${SW_ENABLE_UPDATE_UI_TEMPLATE:false}",
      "enableOnDemandPodLog" : "${SW_ENABLE_ON_DEMAND_POD_LOG:false}"
    }
  },
  "query-zipkin" : {
    "selector" : "${SW_QUERY_ZIPKIN:-}",
    "default" : {
      "restHost" : "${SW_QUERY_ZIPKIN_REST_HOST:0.0.0.0}",
      "restPort" : "${SW_QUERY_ZIPKIN_REST_PORT:9412}",
      "restContextPath" : "${SW_QUERY_ZIPKIN_REST_CONTEXT_PATH:/zipkin}",
      "restMaxThreads" : "${SW_QUERY_ZIPKIN_REST_MAX_THREADS:200}",
      "restIdleTimeOut" : "${SW_QUERY_ZIPKIN_REST_IDLE_TIMEOUT:30000}",
      "restAcceptQueueSize" : "${SW_QUERY_ZIPKIN_REST_QUEUE_SIZE:0}",
      "lookback" : "${SW_QUERY_ZIPKIN_LOOKBACK:86400000}",
      "namesMaxAge" : "${SW_QUERY_ZIPKIN_NAMES_MAX_AGE:300}",
      "uiQueryLimit" : "${SW_QUERY_ZIPKIN_UI_QUERY_LIMIT:10}",
      "uiDefaultLookback" : "${SW_QUERY_ZIPKIN_UI_DEFAULT_LOOKBACK:900000}"
    }
  },
  "alarm" : {
    "selector" : "${SW_ALARM:default}",
    "default" : null
  },
  "telemetry" : {
    "selector" : "${SW_TELEMETRY:none}",
    "none" : null,
    "prometheus" : {
      "host" : "${SW_TELEMETRY_PROMETHEUS_HOST:0.0.0.0}",
      "port" : "${SW_TELEMETRY_PROMETHEUS_PORT:1234}",
      "sslEnabled" : "${SW_TELEMETRY_PROMETHEUS_SSL_ENABLED:false}",
      "sslKeyPath" : "${SW_TELEMETRY_PROMETHEUS_SSL_KEY_PATH:\"\"}",
      "sslCertChainPath" : "${SW_TELEMETRY_PROMETHEUS_SSL_CERT_CHAIN_PATH:\"\"}"
    }
  },
  "configuration" : {
    "selector" : "${SW_CONFIGURATION:none}",
    "none" : null,
    "grpc" : {
      "host" : "${SW_DCS_SERVER_HOST:\"\"}",
      "port" : "${SW_DCS_SERVER_PORT:80}",
      "clusterName" : "${SW_DCS_CLUSTER_NAME:SkyWalking}",
      "period" : "${SW_DCS_PERIOD:20}"
    },
    "apollo" : {
      "apolloMeta" : "${SW_CONFIG_APOLLO:http://localhost:8080}",
      "apolloCluster" : "${SW_CONFIG_APOLLO_CLUSTER:default}",
      "apolloEnv" : "${SW_CONFIG_APOLLO_ENV:\"\"}",
      "appId" : "${SW_CONFIG_APOLLO_APP_ID:skywalking}",
      "period" : "${SW_CONFIG_APOLLO_PERIOD:60}"
    },
    "zookeeper" : {
      "period" : "${SW_CONFIG_ZK_PERIOD:60}",
      "namespace" : "${SW_CONFIG_ZK_NAMESPACE:/default}",
      "hostPort" : "${SW_CONFIG_ZK_HOST_PORT:localhost:2181}",
      "baseSleepTimeMs" : "${SW_CONFIG_ZK_BASE_SLEEP_TIME_MS:1000}",
      "maxRetries" : "${SW_CONFIG_ZK_MAX_RETRIES:3}"
    },
    "etcd" : {
      "period" : "${SW_CONFIG_ETCD_PERIOD:60}",
      "endpoints" : "${SW_CONFIG_ETCD_ENDPOINTS:http://localhost:2379}",
      "namespace" : "${SW_CONFIG_ETCD_NAMESPACE:/skywalking}",
      "authentication" : "${SW_CONFIG_ETCD_AUTHENTICATION:false}",
      "user" : "${SW_CONFIG_ETCD_USER:}",
      "password" : "${SW_CONFIG_ETCD_password:}"
    },
    "consul" : {
      "hostAndPorts" : "${SW_CONFIG_CONSUL_HOST_AND_PORTS:1.2.3.4:8500}",
      "period" : "${SW_CONFIG_CONSUL_PERIOD:60}",
      "aclToken" : "${SW_CONFIG_CONSUL_ACL_TOKEN:\"\"}"
    },
    "k8s-configmap" : {
      "period" : "${SW_CONFIG_CONFIGMAP_PERIOD:60}",
      "namespace" : "${SW_CLUSTER_K8S_NAMESPACE:default}",
      "labelSelector" : "${SW_CLUSTER_K8S_LABEL:app=collector,release=skywalking}"
    },
    "nacos" : {
      "serverAddr" : "${SW_CONFIG_NACOS_SERVER_ADDR:127.0.0.1}",
      "port" : "${SW_CONFIG_NACOS_SERVER_PORT:8848}",
      "group" : "${SW_CONFIG_NACOS_SERVER_GROUP:skywalking}",
      "namespace" : "${SW_CONFIG_NACOS_SERVER_NAMESPACE:}",
      "period" : "${SW_CONFIG_NACOS_PERIOD:60}",
      "username" : "${SW_CONFIG_NACOS_USERNAME:\"\"}",
      "password" : "${SW_CONFIG_NACOS_PASSWORD:\"\"}",
      "accessKey" : "${SW_CONFIG_NACOS_ACCESSKEY:\"\"}",
      "secretKey" : "${SW_CONFIG_NACOS_SECRETKEY:\"\"}"
    }
  },
  "exporter" : {
    "selector" : "${SW_EXPORTER:-}",
    "grpc" : {
      "targetHost" : "${SW_EXPORTER_GRPC_HOST:127.0.0.1}",
      "targetPort" : "${SW_EXPORTER_GRPC_PORT:9870}"
    }
  },
  "health-checker" : {
    "selector" : "${SW_HEALTH_CHECKER:-}",
    "default" : {
      "checkIntervalSeconds" : "${SW_HEALTH_CHECKER_INTERVAL_SECONDS:5}"
    }
  },
  "configuration-discovery" : {
    "selector" : "${SW_CONFIGURATION_DISCOVERY:default}",
    "default" : {
      "disableMessageDigest" : "${SW_DISABLE_MESSAGE_DIGEST:false}"
    }
  },
  "receiver-event" : {
    "selector" : "${SW_RECEIVER_EVENT:default}",
    "default" : null
  },
  "receiver-ebpf" : {
    "selector" : "${SW_RECEIVER_EBPF:default}",
    "default" : null
  }
}
2022-11-29 03:14:20,401 org.apache.skywalking.oap.server.starter.config.ApplicationConfigLoader 69 [main] WARN  [] - Second output{
  "receiver-zipkin" : {
    "default" : {
      "restPort" : 18822
    }
  }
}
2022-11-29 03:14:20,403 org.apache.skywalking.oap.server.starter.config.ApplicationConfigLoader 72 [main] WARN  [] - Final output{
  "cluster" : {
    "selector" : "${SW_CLUSTER:standalone}",
    "standalone" : null,
    "zookeeper" : {
      "namespace" : "${SW_NAMESPACE:\"\"}",
      "hostPort" : "${SW_CLUSTER_ZK_HOST_PORT:localhost:2181}",
      "baseSleepTimeMs" : "${SW_CLUSTER_ZK_SLEEP_TIME:1000}",
      "maxRetries" : "${SW_CLUSTER_ZK_MAX_RETRIES:3}",
      "enableACL" : "${SW_ZK_ENABLE_ACL:false}",
      "schema" : "${SW_ZK_SCHEMA:digest}",
      "expression" : "${SW_ZK_EXPRESSION:skywalking:skywalking}",
      "internalComHost" : "${SW_CLUSTER_INTERNAL_COM_HOST:\"\"}",
      "internalComPort" : "${SW_CLUSTER_INTERNAL_COM_PORT:-1}"
    },
    "kubernetes" : {
      "namespace" : "${SW_CLUSTER_K8S_NAMESPACE:default}",
      "labelSelector" : "${SW_CLUSTER_K8S_LABEL:app=collector,release=skywalking}",
      "uidEnvName" : "${SW_CLUSTER_K8S_UID:SKYWALKING_COLLECTOR_UID}"
    },
    "consul" : {
      "serviceName" : "${SW_SERVICE_NAME:\"SkyWalking_OAP_Cluster\"}",
      "hostPort" : "${SW_CLUSTER_CONSUL_HOST_PORT:localhost:8500}",
      "aclToken" : "${SW_CLUSTER_CONSUL_ACLTOKEN:\"\"}",
      "internalComHost" : "${SW_CLUSTER_INTERNAL_COM_HOST:\"\"}",
      "internalComPort" : "${SW_CLUSTER_INTERNAL_COM_PORT:-1}"
    },
    "etcd" : {
      "endpoints" : "${SW_CLUSTER_ETCD_ENDPOINTS:localhost:2379}",
      "namespace" : "${SW_CLUSTER_ETCD_NAMESPACE:/skywalking}",
      "serviceName" : "${SW_CLUSTER_ETCD_SERVICE_NAME:\"SkyWalking_OAP_Cluster\"}",
      "authentication" : "${SW_CLUSTER_ETCD_AUTHENTICATION:false}",
      "user" : "${SW_CLUSTER_ETCD_USER:}",
      "password" : "${SW_CLUSTER_ETCD_PASSWORD:}",
      "internalComHost" : "${SW_CLUSTER_INTERNAL_COM_HOST:\"\"}",
      "internalComPort" : "${SW_CLUSTER_INTERNAL_COM_PORT:-1}"
    },
    "nacos" : {
      "serviceName" : "${SW_SERVICE_NAME:\"SkyWalking_OAP_Cluster\"}",
      "hostPort" : "${SW_CLUSTER_NACOS_HOST_PORT:localhost:8848}",
      "namespace" : "${SW_CLUSTER_NACOS_NAMESPACE:\"public\"}",
      "username" : "${SW_CLUSTER_NACOS_USERNAME:\"\"}",
      "password" : "${SW_CLUSTER_NACOS_PASSWORD:\"\"}",
      "accessKey" : "${SW_CLUSTER_NACOS_ACCESSKEY:\"\"}",
      "secretKey" : "${SW_CLUSTER_NACOS_SECRETKEY:\"\"}",
      "internalComHost" : "${SW_CLUSTER_INTERNAL_COM_HOST:\"\"}",
      "internalComPort" : "${SW_CLUSTER_INTERNAL_COM_PORT:-1}"
    }
  },
  "core" : {
    "selector" : "${SW_CORE:default}",
    "default" : {
      "role" : "${SW_CORE_ROLE:Mixed}",
      "restHost" : "${SW_CORE_REST_HOST:0.0.0.0}",
      "restPort" : "${SW_CORE_REST_PORT:12800}",
      "restContextPath" : "${SW_CORE_REST_CONTEXT_PATH:/}",
      "restMaxThreads" : "${SW_CORE_REST_MAX_THREADS:200}",
      "restIdleTimeOut" : "${SW_CORE_REST_IDLE_TIMEOUT:30000}",
      "restAcceptQueueSize" : "${SW_CORE_REST_QUEUE_SIZE:0}",
      "httpMaxRequestHeaderSize" : "${SW_CORE_HTTP_MAX_REQUEST_HEADER_SIZE:8192}",
      "gRPCHost" : "${SW_CORE_GRPC_HOST:0.0.0.0}",
      "gRPCPort" : "${SW_CORE_GRPC_PORT:11800}",
      "maxConcurrentCallsPerConnection" : "${SW_CORE_GRPC_MAX_CONCURRENT_CALL:0}",
      "maxMessageSize" : "${SW_CORE_GRPC_MAX_MESSAGE_SIZE:0}",
      "gRPCThreadPoolQueueSize" : "${SW_CORE_GRPC_POOL_QUEUE_SIZE:-1}",
      "gRPCThreadPoolSize" : "${SW_CORE_GRPC_THREAD_POOL_SIZE:-1}",
      "gRPCSslEnabled" : "${SW_CORE_GRPC_SSL_ENABLED:false}",
      "gRPCSslKeyPath" : "${SW_CORE_GRPC_SSL_KEY_PATH:\"\"}",
      "gRPCSslCertChainPath" : "${SW_CORE_GRPC_SSL_CERT_CHAIN_PATH:\"\"}",
      "gRPCSslTrustedCAPath" : "${SW_CORE_GRPC_SSL_TRUSTED_CA_PATH:\"\"}",
      "downsampling" : [ "Hour", "Day" ],
      "enableDataKeeperExecutor" : "${SW_CORE_ENABLE_DATA_KEEPER_EXECUTOR:true}",
      "dataKeeperExecutePeriod" : "${SW_CORE_DATA_KEEPER_EXECUTE_PERIOD:5}",
      "recordDataTTL" : "${SW_CORE_RECORD_DATA_TTL:3}",
      "metricsDataTTL" : "${SW_CORE_METRICS_DATA_TTL:7}",
      "l1FlushPeriod" : "${SW_CORE_L1_AGGREGATION_FLUSH_PERIOD:500}",
      "storageSessionTimeout" : "${SW_CORE_STORAGE_SESSION_TIMEOUT:70000}",
      "persistentPeriod" : "${SW_CORE_PERSISTENT_PERIOD:25}",
      "enableDatabaseSession" : "${SW_CORE_ENABLE_DATABASE_SESSION:true}",
      "topNReportPeriod" : "${SW_CORE_TOPN_REPORT_PERIOD:10}",
      "activeExtraModelColumns" : "${SW_CORE_ACTIVE_EXTRA_MODEL_COLUMNS:false}",
      "serviceNameMaxLength" : "${SW_SERVICE_NAME_MAX_LENGTH:70}",
      "instanceNameMaxLength" : "${SW_INSTANCE_NAME_MAX_LENGTH:70}",
      "endpointNameMaxLength" : "${SW_ENDPOINT_NAME_MAX_LENGTH:150}",
      "searchableTracesTags" : "${SW_SEARCHABLE_TAG_KEYS:http.method,http.status_code,rpc.status_code,db.type,db.instance,mq.queue,mq.topic,mq.broker}",
      "searchableLogsTags" : "${SW_SEARCHABLE_LOGS_TAG_KEYS:level}",
      "searchableAlarmTags" : "${SW_SEARCHABLE_ALARM_TAG_KEYS:level}",
      "autocompleteTagKeysQueryMaxSize" : "${SW_AUTOCOMPLETE_TAG_KEYS_QUERY_MAX_SIZE:100}",
      "autocompleteTagValuesQueryMaxSize" : "${SW_AUTOCOMPLETE_TAG_VALUES_QUERY_MAX_SIZE:100}",
      "prepareThreads" : "${SW_CORE_PREPARE_THREADS:2}",
      "enableEndpointNameGroupingByOpenapi" : "${SW_CORE_ENABLE_ENDPOINT_NAME_GROUPING_BY_OPAENAPI:true}"
    }
  },
  "storage" : {
    "selector" : "${SW_STORAGE:h2}",
    "elasticsearch" : {
      "namespace" : "${SW_NAMESPACE:\"\"}",
      "clusterNodes" : "${SW_STORAGE_ES_CLUSTER_NODES:localhost:9200}",
      "protocol" : "${SW_STORAGE_ES_HTTP_PROTOCOL:\"http\"}",
      "connectTimeout" : "${SW_STORAGE_ES_CONNECT_TIMEOUT:3000}",
      "socketTimeout" : "${SW_STORAGE_ES_SOCKET_TIMEOUT:30000}",
      "responseTimeout" : "${SW_STORAGE_ES_RESPONSE_TIMEOUT:15000}",
      "numHttpClientThread" : "${SW_STORAGE_ES_NUM_HTTP_CLIENT_THREAD:0}",
      "user" : "${SW_ES_USER:\"\"}",
      "password" : "${SW_ES_PASSWORD:\"\"}",
      "trustStorePath" : "${SW_STORAGE_ES_SSL_JKS_PATH:\"\"}",
      "trustStorePass" : "${SW_STORAGE_ES_SSL_JKS_PASS:\"\"}",
      "secretsManagementFile" : "${SW_ES_SECRETS_MANAGEMENT_FILE:\"\"}",
      "dayStep" : "${SW_STORAGE_DAY_STEP:1}",
      "indexShardsNumber" : "${SW_STORAGE_ES_INDEX_SHARDS_NUMBER:1}",
      "indexReplicasNumber" : "${SW_STORAGE_ES_INDEX_REPLICAS_NUMBER:1}",
      "superDatasetDayStep" : "${SW_SUPERDATASET_STORAGE_DAY_STEP:-1}",
      "superDatasetIndexShardsFactor" : "${SW_STORAGE_ES_SUPER_DATASET_INDEX_SHARDS_FACTOR:5}",
      "superDatasetIndexReplicasNumber" : "${SW_STORAGE_ES_SUPER_DATASET_INDEX_REPLICAS_NUMBER:0}",
      "indexTemplateOrder" : "${SW_STORAGE_ES_INDEX_TEMPLATE_ORDER:0}",
      "bulkActions" : "${SW_STORAGE_ES_BULK_ACTIONS:5000}",
      "flushInterval" : "${SW_STORAGE_ES_FLUSH_INTERVAL:15}",
      "concurrentRequests" : "${SW_STORAGE_ES_CONCURRENT_REQUESTS:2}",
      "resultWindowMaxSize" : "${SW_STORAGE_ES_QUERY_MAX_WINDOW_SIZE:10000}",
      "metadataQueryMaxSize" : "${SW_STORAGE_ES_QUERY_MAX_SIZE:10000}",
      "scrollingBatchSize" : "${SW_STORAGE_ES_SCROLLING_BATCH_SIZE:5000}",
      "segmentQueryMaxSize" : "${SW_STORAGE_ES_QUERY_SEGMENT_SIZE:200}",
      "profileTaskQueryMaxSize" : "${SW_STORAGE_ES_QUERY_PROFILE_TASK_SIZE:200}",
      "profileDataQueryBatchSize" : "${SW_STORAGE_ES_QUERY_PROFILE_DATA_BATCH_SIZE:100}",
      "oapAnalyzer" : "${SW_STORAGE_ES_OAP_ANALYZER:\"{\\\"analyzer\\\":{\\\"oap_analyzer\\\":{\\\"type\\\":\\\"stop\\\"}}}\"}",
      "oapLogAnalyzer" : "${SW_STORAGE_ES_OAP_LOG_ANALYZER:\"{\\\"analyzer\\\":{\\\"oap_log_analyzer\\\":{\\\"type\\\":\\\"standard\\\"}}}\"}",
      "advanced" : "${SW_STORAGE_ES_ADVANCED:\"\"}",
      "logicSharding" : "${SW_STORAGE_ES_LOGIC_SHARDING:false}"
    },
    "h2" : {
      "driver" : "${SW_STORAGE_H2_DRIVER:org.h2.jdbcx.JdbcDataSource}",
      "url" : "${SW_STORAGE_H2_URL:jdbc:h2:mem:skywalking-oap-db;DB_CLOSE_DELAY=-1}",
      "user" : "${SW_STORAGE_H2_USER:sa}",
      "metadataQueryMaxSize" : "${SW_STORAGE_H2_QUERY_MAX_SIZE:5000}",
      "maxSizeOfBatchSql" : "${SW_STORAGE_MAX_SIZE_OF_BATCH_SQL:100}",
      "asyncBatchPersistentPoolSize" : "${SW_STORAGE_ASYNC_BATCH_PERSISTENT_POOL_SIZE:1}"
    },
    "mysql" : {
      "properties" : {
        "jdbcUrl" : "${SW_JDBC_URL:\"jdbc:mysql://localhost:3306/swtest?rewriteBatchedStatements=true\"}",
        "dataSource.user" : "${SW_DATA_SOURCE_USER:root}",
        "dataSource.password" : "${SW_DATA_SOURCE_PASSWORD:root@1234}",
        "dataSource.cachePrepStmts" : "${SW_DATA_SOURCE_CACHE_PREP_STMTS:true}",
        "dataSource.prepStmtCacheSize" : "${SW_DATA_SOURCE_PREP_STMT_CACHE_SQL_SIZE:250}",
        "dataSource.prepStmtCacheSqlLimit" : "${SW_DATA_SOURCE_PREP_STMT_CACHE_SQL_LIMIT:2048}",
        "dataSource.useServerPrepStmts" : "${SW_DATA_SOURCE_USE_SERVER_PREP_STMTS:true}"
      },
      "metadataQueryMaxSize" : "${SW_STORAGE_MYSQL_QUERY_MAX_SIZE:5000}",
      "maxSizeOfBatchSql" : "${SW_STORAGE_MAX_SIZE_OF_BATCH_SQL:2000}",
      "asyncBatchPersistentPoolSize" : "${SW_STORAGE_ASYNC_BATCH_PERSISTENT_POOL_SIZE:4}"
    },
    "tidb" : {
      "properties" : {
        "jdbcUrl" : "${SW_JDBC_URL:\"jdbc:mysql://localhost:4000/tidbswtest?rewriteBatchedStatements=true\"}",
        "dataSource.user" : "${SW_DATA_SOURCE_USER:root}",
        "dataSource.password" : "${SW_DATA_SOURCE_PASSWORD:\"\"}",
        "dataSource.cachePrepStmts" : "${SW_DATA_SOURCE_CACHE_PREP_STMTS:true}",
        "dataSource.prepStmtCacheSize" : "${SW_DATA_SOURCE_PREP_STMT_CACHE_SQL_SIZE:250}",
        "dataSource.prepStmtCacheSqlLimit" : "${SW_DATA_SOURCE_PREP_STMT_CACHE_SQL_LIMIT:2048}",
        "dataSource.useServerPrepStmts" : "${SW_DATA_SOURCE_USE_SERVER_PREP_STMTS:true}",
        "dataSource.useAffectedRows" : "${SW_DATA_SOURCE_USE_AFFECTED_ROWS:true}"
      },
      "metadataQueryMaxSize" : "${SW_STORAGE_MYSQL_QUERY_MAX_SIZE:5000}",
      "maxSizeOfBatchSql" : "${SW_STORAGE_MAX_SIZE_OF_BATCH_SQL:2000}",
      "asyncBatchPersistentPoolSize" : "${SW_STORAGE_ASYNC_BATCH_PERSISTENT_POOL_SIZE:4}"
    },
    "postgresql" : {
      "properties" : {
        "jdbcUrl" : "${SW_JDBC_URL:\"jdbc:postgresql://localhost:5432/skywalking\"}",
        "dataSource.user" : "${SW_DATA_SOURCE_USER:postgres}",
        "dataSource.password" : "${SW_DATA_SOURCE_PASSWORD:123456}",
        "dataSource.cachePrepStmts" : "${SW_DATA_SOURCE_CACHE_PREP_STMTS:true}",
        "dataSource.prepStmtCacheSize" : "${SW_DATA_SOURCE_PREP_STMT_CACHE_SQL_SIZE:250}",
        "dataSource.prepStmtCacheSqlLimit" : "${SW_DATA_SOURCE_PREP_STMT_CACHE_SQL_LIMIT:2048}",
        "dataSource.useServerPrepStmts" : "${SW_DATA_SOURCE_USE_SERVER_PREP_STMTS:true}"
      },
      "metadataQueryMaxSize" : "${SW_STORAGE_MYSQL_QUERY_MAX_SIZE:5000}",
      "maxSizeOfBatchSql" : "${SW_STORAGE_MAX_SIZE_OF_BATCH_SQL:2000}",
      "asyncBatchPersistentPoolSize" : "${SW_STORAGE_ASYNC_BATCH_PERSISTENT_POOL_SIZE:4}"
    },
    "banyandb" : {
      "host" : "${SW_STORAGE_BANYANDB_HOST:127.0.0.1}",
      "port" : "${SW_STORAGE_BANYANDB_PORT:17912}",
      "maxBulkSize" : "${SW_STORAGE_BANYANDB_MAX_BULK_SIZE:5000}",
      "flushInterval" : "${SW_STORAGE_BANYANDB_FLUSH_INTERVAL:15}",
      "metricsShardsNumber" : "${SW_STORAGE_BANYANDB_METRICS_SHARDS_NUMBER:1}",
      "recordShardsNumber" : "${SW_STORAGE_BANYANDB_RECORD_SHARDS_NUMBER:1}",
      "superDatasetShardsFactor" : "${SW_STORAGE_BANYANDB_SUPERDATASET_SHARDS_FACTOR:2}",
      "concurrentWriteThreads" : "${SW_STORAGE_BANYANDB_CONCURRENT_WRITE_THREADS:15}",
      "profileTaskQueryMaxSize" : "${SW_STORAGE_BANYANDB_PROFILE_TASK_QUERY_MAX_SIZE:200}"
    }
  },
  "agent-analyzer" : {
    "selector" : "${SW_AGENT_ANALYZER:default}",
    "default" : {
      "traceSamplingPolicySettingsFile" : "${SW_TRACE_SAMPLING_POLICY_SETTINGS_FILE:trace-sampling-policy-settings.yml}",
      "slowDBAccessThreshold" : "${SW_SLOW_DB_THRESHOLD:default:200,mongodb:100}",
      "forceSampleErrorSegment" : "${SW_FORCE_SAMPLE_ERROR_SEGMENT:true}",
      "segmentStatusAnalysisStrategy" : "${SW_SEGMENT_STATUS_ANALYSIS_STRATEGY:FROM_SPAN_STATUS}",
      "noUpstreamRealAddressAgents" : "${SW_NO_UPSTREAM_REAL_ADDRESS:6000,9000}",
      "meterAnalyzerActiveFiles" : "${SW_METER_ANALYZER_ACTIVE_FILES:datasource,threadpool,satellite}"
    }
  },
  "log-analyzer" : {
    "selector" : "${SW_LOG_ANALYZER:default}",
    "default" : {
      "lalFiles" : "${SW_LOG_LAL_FILES:default}",
      "malFiles" : "${SW_LOG_MAL_FILES:\"\"}"
    }
  },
  "event-analyzer" : {
    "selector" : "${SW_EVENT_ANALYZER:default}",
    "default" : null
  },
  "receiver-sharing-server" : {
    "selector" : "${SW_RECEIVER_SHARING_SERVER:default}",
    "default" : {
      "restHost" : "${SW_RECEIVER_SHARING_REST_HOST:0.0.0.0}",
      "restPort" : "${SW_RECEIVER_SHARING_REST_PORT:0}",
      "restContextPath" : "${SW_RECEIVER_SHARING_REST_CONTEXT_PATH:/}",
      "restMaxThreads" : "${SW_RECEIVER_SHARING_REST_MAX_THREADS:200}",
      "restIdleTimeOut" : "${SW_RECEIVER_SHARING_REST_IDLE_TIMEOUT:30000}",
      "restAcceptQueueSize" : "${SW_RECEIVER_SHARING_REST_QUEUE_SIZE:0}",
      "httpMaxRequestHeaderSize" : "${SW_RECEIVER_SHARING_HTTP_MAX_REQUEST_HEADER_SIZE:8192}",
      "gRPCHost" : "${SW_RECEIVER_GRPC_HOST:0.0.0.0}",
      "gRPCPort" : "${SW_RECEIVER_GRPC_PORT:0}",
      "maxConcurrentCallsPerConnection" : "${SW_RECEIVER_GRPC_MAX_CONCURRENT_CALL:0}",
      "maxMessageSize" : "${SW_RECEIVER_GRPC_MAX_MESSAGE_SIZE:0}",
      "gRPCThreadPoolQueueSize" : "${SW_RECEIVER_GRPC_POOL_QUEUE_SIZE:0}",
      "gRPCThreadPoolSize" : "${SW_RECEIVER_GRPC_THREAD_POOL_SIZE:0}",
      "gRPCSslEnabled" : "${SW_RECEIVER_GRPC_SSL_ENABLED:false}",
      "gRPCSslKeyPath" : "${SW_RECEIVER_GRPC_SSL_KEY_PATH:\"\"}",
      "gRPCSslCertChainPath" : "${SW_RECEIVER_GRPC_SSL_CERT_CHAIN_PATH:\"\"}",
      "gRPCSslTrustedCAsPath" : "${SW_RECEIVER_GRPC_SSL_TRUSTED_CAS_PATH:\"\"}",
      "authentication" : "${SW_AUTHENTICATION:\"\"}"
    }
  },
  "receiver-register" : {
    "selector" : "${SW_RECEIVER_REGISTER:default}",
    "default" : null
  },
  "receiver-trace" : {
    "selector" : "${SW_RECEIVER_TRACE:default}",
    "default" : null
  },
  "receiver-jvm" : {
    "selector" : "${SW_RECEIVER_JVM:default}",
    "default" : null
  },
  "receiver-clr" : {
    "selector" : "${SW_RECEIVER_CLR:default}",
    "default" : null
  },
  "receiver-profile" : {
    "selector" : "${SW_RECEIVER_PROFILE:default}",
    "default" : null
  },
  "receiver-zabbix" : {
    "selector" : "${SW_RECEIVER_ZABBIX:-}",
    "default" : {
      "port" : "${SW_RECEIVER_ZABBIX_PORT:10051}",
      "host" : "${SW_RECEIVER_ZABBIX_HOST:0.0.0.0}",
      "activeFiles" : "${SW_RECEIVER_ZABBIX_ACTIVE_FILES:agent}"
    }
  },
  "service-mesh" : {
    "selector" : "${SW_SERVICE_MESH:default}",
    "default" : null
  },
  "envoy-metric" : {
    "selector" : "${SW_ENVOY_METRIC:default}",
    "default" : {
      "acceptMetricsService" : "${SW_ENVOY_METRIC_SERVICE:true}",
      "alsHTTPAnalysis" : "${SW_ENVOY_METRIC_ALS_HTTP_ANALYSIS:\"\"}",
      "alsTCPAnalysis" : "${SW_ENVOY_METRIC_ALS_TCP_ANALYSIS:\"\"}",
      "k8sServiceNameRule" : "${K8S_SERVICE_NAME_RULE:\"${pod.metadata.labels.(service.istio.io/canonical-name)}\"}"
    }
  },
  "prometheus-fetcher" : {
    "selector" : "${SW_PROMETHEUS_FETCHER:-}",
    "default" : {
      "enabledRules" : "${SW_PROMETHEUS_FETCHER_ENABLED_RULES:\"self\"}",
      "maxConvertWorker" : "${SW_PROMETHEUS_FETCHER_NUM_CONVERT_WORKER:-1}"
    }
  },
  "kafka-fetcher" : {
    "selector" : "${SW_KAFKA_FETCHER:-}",
    "default" : {
      "bootstrapServers" : "${SW_KAFKA_FETCHER_SERVERS:localhost:9092}",
      "namespace" : "${SW_NAMESPACE:\"\"}",
      "partitions" : "${SW_KAFKA_FETCHER_PARTITIONS:3}",
      "replicationFactor" : "${SW_KAFKA_FETCHER_PARTITIONS_FACTOR:2}",
      "enableNativeProtoLog" : "${SW_KAFKA_FETCHER_ENABLE_NATIVE_PROTO_LOG:true}",
      "enableNativeJsonLog" : "${SW_KAFKA_FETCHER_ENABLE_NATIVE_JSON_LOG:true}",
      "consumers" : "${SW_KAFKA_FETCHER_CONSUMERS:1}",
      "kafkaHandlerThreadPoolSize" : "${SW_KAFKA_HANDLER_THREAD_POOL_SIZE:-1}",
      "kafkaHandlerThreadPoolQueueSize" : "${SW_KAFKA_HANDLER_THREAD_POOL_QUEUE_SIZE:-1}"
    }
  },
  "receiver-meter" : {
    "selector" : "${SW_RECEIVER_METER:default}",
    "default" : null
  },
  "receiver-otel" : {
    "selector" : "${SW_OTEL_RECEIVER:default}",
    "default" : {
      "enabledHandlers" : "${SW_OTEL_RECEIVER_ENABLED_HANDLERS:\"oc,otlp\"}",
      "enabledOtelRules" : "${SW_OTEL_RECEIVER_ENABLED_OTEL_RULES:\"istio-controlplane,k8s-node,oap,vm,mysql,postgresql\"}"
    }
  },
  "receiver-zipkin" : {
    "selector" : "${SW_RECEIVER_ZIPKIN:-}",
    "default" : {
      "searchableTracesTags" : "${SW_ZIPKIN_SEARCHABLE_TAG_KEYS:http.method}",
      "sampleRate" : "${SW_ZIPKIN_SAMPLE_RATE:10000}",
      "enableHttpCollector" : "${SW_ZIPKIN_HTTP_COLLECTOR_ENABLED:true}",
      "restHost" : "${SW_RECEIVER_ZIPKIN_REST_HOST:0.0.0.0}",
      "restPort" : 18822,
      "restContextPath" : "${SW_RECEIVER_ZIPKIN_REST_CONTEXT_PATH:/}",
      "restMaxThreads" : "${SW_RECEIVER_ZIPKIN_REST_MAX_THREADS:200}",
      "restIdleTimeOut" : "${SW_RECEIVER_ZIPKIN_REST_IDLE_TIMEOUT:30000}",
      "restAcceptQueueSize" : "${SW_RECEIVER_ZIPKIN_REST_QUEUE_SIZE:0}",
      "enableKafkaCollector" : "${SW_ZIPKIN_KAFKA_COLLECTOR_ENABLED:false}",
      "kafkaBootstrapServers" : "${SW_ZIPKIN_KAFKA_SERVERS:localhost:9092}",
      "kafkaGroupId" : "${SW_ZIPKIN_KAFKA_GROUP_ID:zipkin}",
      "kafkaTopic" : "${SW_ZIPKIN_KAFKA_TOPIC:zipkin}",
      "kafkaConsumerConfig" : "${SW_ZIPKIN_KAFKA_CONSUMER_CONFIG:\"{\\\"auto.offset.reset\\\":\\\"earliest\\\",\\\"enable.auto.commit\\\":true}\"}",
      "kafkaConsumers" : "${SW_ZIPKIN_KAFKA_CONSUMERS:1}",
      "kafkaHandlerThreadPoolSize" : "${SW_ZIPKIN_KAFKA_HANDLER_THREAD_POOL_SIZE:-1}",
      "kafkaHandlerThreadPoolQueueSize" : "${SW_ZIPKIN_KAFKA_HANDLER_THREAD_POOL_QUEUE_SIZE:-1}"
    }
  },
  "receiver-browser" : {
    "selector" : "${SW_RECEIVER_BROWSER:default}",
    "default" : {
      "sampleRate" : "${SW_RECEIVER_BROWSER_SAMPLE_RATE:10000}"
    }
  },
  "receiver-log" : {
    "selector" : "${SW_RECEIVER_LOG:default}",
    "default" : null
  },
  "query" : {
    "selector" : "${SW_QUERY:graphql}",
    "graphql" : {
      "enableLogTestTool" : "${SW_QUERY_GRAPHQL_ENABLE_LOG_TEST_TOOL:false}",
      "maxQueryComplexity" : "${SW_QUERY_MAX_QUERY_COMPLEXITY:1000}",
      "enableUpdateUITemplate" : "${SW_ENABLE_UPDATE_UI_TEMPLATE:false}",
      "enableOnDemandPodLog" : "${SW_ENABLE_ON_DEMAND_POD_LOG:false}"
    }
  },
  "query-zipkin" : {
    "selector" : "${SW_QUERY_ZIPKIN:-}",
    "default" : {
      "restHost" : "${SW_QUERY_ZIPKIN_REST_HOST:0.0.0.0}",
      "restPort" : "${SW_QUERY_ZIPKIN_REST_PORT:9412}",
      "restContextPath" : "${SW_QUERY_ZIPKIN_REST_CONTEXT_PATH:/zipkin}",
      "restMaxThreads" : "${SW_QUERY_ZIPKIN_REST_MAX_THREADS:200}",
      "restIdleTimeOut" : "${SW_QUERY_ZIPKIN_REST_IDLE_TIMEOUT:30000}",
      "restAcceptQueueSize" : "${SW_QUERY_ZIPKIN_REST_QUEUE_SIZE:0}",
      "lookback" : "${SW_QUERY_ZIPKIN_LOOKBACK:86400000}",
      "namesMaxAge" : "${SW_QUERY_ZIPKIN_NAMES_MAX_AGE:300}",
      "uiQueryLimit" : "${SW_QUERY_ZIPKIN_UI_QUERY_LIMIT:10}",
      "uiDefaultLookback" : "${SW_QUERY_ZIPKIN_UI_DEFAULT_LOOKBACK:900000}"
    }
  },
  "alarm" : {
    "selector" : "${SW_ALARM:default}",
    "default" : null
  },
  "telemetry" : {
    "selector" : "${SW_TELEMETRY:none}",
    "none" : null,
    "prometheus" : {
      "host" : "${SW_TELEMETRY_PROMETHEUS_HOST:0.0.0.0}",
      "port" : "${SW_TELEMETRY_PROMETHEUS_PORT:1234}",
      "sslEnabled" : "${SW_TELEMETRY_PROMETHEUS_SSL_ENABLED:false}",
      "sslKeyPath" : "${SW_TELEMETRY_PROMETHEUS_SSL_KEY_PATH:\"\"}",
      "sslCertChainPath" : "${SW_TELEMETRY_PROMETHEUS_SSL_CERT_CHAIN_PATH:\"\"}"
    }
  },
  "configuration" : {
    "selector" : "${SW_CONFIGURATION:none}",
    "none" : null,
    "grpc" : {
      "host" : "${SW_DCS_SERVER_HOST:\"\"}",
      "port" : "${SW_DCS_SERVER_PORT:80}",
      "clusterName" : "${SW_DCS_CLUSTER_NAME:SkyWalking}",
      "period" : "${SW_DCS_PERIOD:20}"
    },
    "apollo" : {
      "apolloMeta" : "${SW_CONFIG_APOLLO:http://localhost:8080}",
      "apolloCluster" : "${SW_CONFIG_APOLLO_CLUSTER:default}",
      "apolloEnv" : "${SW_CONFIG_APOLLO_ENV:\"\"}",
      "appId" : "${SW_CONFIG_APOLLO_APP_ID:skywalking}",
      "period" : "${SW_CONFIG_APOLLO_PERIOD:60}"
    },
    "zookeeper" : {
      "period" : "${SW_CONFIG_ZK_PERIOD:60}",
      "namespace" : "${SW_CONFIG_ZK_NAMESPACE:/default}",
      "hostPort" : "${SW_CONFIG_ZK_HOST_PORT:localhost:2181}",
      "baseSleepTimeMs" : "${SW_CONFIG_ZK_BASE_SLEEP_TIME_MS:1000}",
      "maxRetries" : "${SW_CONFIG_ZK_MAX_RETRIES:3}"
    },
    "etcd" : {
      "period" : "${SW_CONFIG_ETCD_PERIOD:60}",
      "endpoints" : "${SW_CONFIG_ETCD_ENDPOINTS:http://localhost:2379}",
      "namespace" : "${SW_CONFIG_ETCD_NAMESPACE:/skywalking}",
      "authentication" : "${SW_CONFIG_ETCD_AUTHENTICATION:false}",
      "user" : "${SW_CONFIG_ETCD_USER:}",
      "password" : "${SW_CONFIG_ETCD_password:}"
    },
    "consul" : {
      "hostAndPorts" : "${SW_CONFIG_CONSUL_HOST_AND_PORTS:1.2.3.4:8500}",
      "period" : "${SW_CONFIG_CONSUL_PERIOD:60}",
      "aclToken" : "${SW_CONFIG_CONSUL_ACL_TOKEN:\"\"}"
    },
    "k8s-configmap" : {
      "period" : "${SW_CONFIG_CONFIGMAP_PERIOD:60}",
      "namespace" : "${SW_CLUSTER_K8S_NAMESPACE:default}",
      "labelSelector" : "${SW_CLUSTER_K8S_LABEL:app=collector,release=skywalking}"
    },
    "nacos" : {
      "serverAddr" : "${SW_CONFIG_NACOS_SERVER_ADDR:127.0.0.1}",
      "port" : "${SW_CONFIG_NACOS_SERVER_PORT:8848}",
      "group" : "${SW_CONFIG_NACOS_SERVER_GROUP:skywalking}",
      "namespace" : "${SW_CONFIG_NACOS_SERVER_NAMESPACE:}",
      "period" : "${SW_CONFIG_NACOS_PERIOD:60}",
      "username" : "${SW_CONFIG_NACOS_USERNAME:\"\"}",
      "password" : "${SW_CONFIG_NACOS_PASSWORD:\"\"}",
      "accessKey" : "${SW_CONFIG_NACOS_ACCESSKEY:\"\"}",
      "secretKey" : "${SW_CONFIG_NACOS_SECRETKEY:\"\"}"
    }
  },
  "exporter" : {
    "selector" : "${SW_EXPORTER:-}",
    "grpc" : {
      "targetHost" : "${SW_EXPORTER_GRPC_HOST:127.0.0.1}",
      "targetPort" : "${SW_EXPORTER_GRPC_PORT:9870}"
    }
  },
  "health-checker" : {
    "selector" : "${SW_HEALTH_CHECKER:-}",
    "default" : {
      "checkIntervalSeconds" : "${SW_HEALTH_CHECKER_INTERVAL_SECONDS:5}"
    }
  },
  "configuration-discovery" : {
    "selector" : "${SW_CONFIGURATION_DISCOVERY:default}",
    "default" : {
      "disableMessageDigest" : "${SW_DISABLE_MESSAGE_DIGEST:false}"
    }
  },
  "receiver-event" : {
    "selector" : "${SW_RECEIVER_EVENT:default}",
    "default" : null
  },
  "receiver-ebpf" : {
    "selector" : "${SW_RECEIVER_EBPF:default}",
    "default" : null
  }
}
2022-11-29 03:14:20,405 org.apache.skywalking.oap.server.starter.config.ApplicationConfigLoader 75 [main] WARN  [] - [CTEST][CONFIG-PARAM] {cluster={selector=${SW_CLUSTER:standalone}, standalone=null, zookeeper={namespace=${SW_NAMESPACE:""}, hostPort=${SW_CLUSTER_ZK_HOST_PORT:localhost:2181}, baseSleepTimeMs=${SW_CLUSTER_ZK_SLEEP_TIME:1000}, maxRetries=${SW_CLUSTER_ZK_MAX_RETRIES:3}, enableACL=${SW_ZK_ENABLE_ACL:false}, schema=${SW_ZK_SCHEMA:digest}, expression=${SW_ZK_EXPRESSION:skywalking:skywalking}, internalComHost=${SW_CLUSTER_INTERNAL_COM_HOST:""}, internalComPort=${SW_CLUSTER_INTERNAL_COM_PORT:-1}}, kubernetes={namespace=${SW_CLUSTER_K8S_NAMESPACE:default}, labelSelector=${SW_CLUSTER_K8S_LABEL:app=collector,release=skywalking}, uidEnvName=${SW_CLUSTER_K8S_UID:SKYWALKING_COLLECTOR_UID}}, consul={serviceName=${SW_SERVICE_NAME:"SkyWalking_OAP_Cluster"}, hostPort=${SW_CLUSTER_CONSUL_HOST_PORT:localhost:8500}, aclToken=${SW_CLUSTER_CONSUL_ACLTOKEN:""}, internalComHost=${SW_CLUSTER_INTERNAL_COM_HOST:""}, internalComPort=${SW_CLUSTER_INTERNAL_COM_PORT:-1}}, etcd={endpoints=${SW_CLUSTER_ETCD_ENDPOINTS:localhost:2379}, namespace=${SW_CLUSTER_ETCD_NAMESPACE:/skywalking}, serviceName=${SW_CLUSTER_ETCD_SERVICE_NAME:"SkyWalking_OAP_Cluster"}, authentication=${SW_CLUSTER_ETCD_AUTHENTICATION:false}, user=${SW_CLUSTER_ETCD_USER:}, password=${SW_CLUSTER_ETCD_PASSWORD:}, internalComHost=${SW_CLUSTER_INTERNAL_COM_HOST:""}, internalComPort=${SW_CLUSTER_INTERNAL_COM_PORT:-1}}, nacos={serviceName=${SW_SERVICE_NAME:"SkyWalking_OAP_Cluster"}, hostPort=${SW_CLUSTER_NACOS_HOST_PORT:localhost:8848}, namespace=${SW_CLUSTER_NACOS_NAMESPACE:"public"}, username=${SW_CLUSTER_NACOS_USERNAME:""}, password=${SW_CLUSTER_NACOS_PASSWORD:""}, accessKey=${SW_CLUSTER_NACOS_ACCESSKEY:""}, secretKey=${SW_CLUSTER_NACOS_SECRETKEY:""}, internalComHost=${SW_CLUSTER_INTERNAL_COM_HOST:""}, internalComPort=${SW_CLUSTER_INTERNAL_COM_PORT:-1}}}, core={selector=${SW_CORE:default}, default={role=${SW_CORE_ROLE:Mixed}, restHost=${SW_CORE_REST_HOST:0.0.0.0}, restPort=${SW_CORE_REST_PORT:12800}, restContextPath=${SW_CORE_REST_CONTEXT_PATH:/}, restMaxThreads=${SW_CORE_REST_MAX_THREADS:200}, restIdleTimeOut=${SW_CORE_REST_IDLE_TIMEOUT:30000}, restAcceptQueueSize=${SW_CORE_REST_QUEUE_SIZE:0}, httpMaxRequestHeaderSize=${SW_CORE_HTTP_MAX_REQUEST_HEADER_SIZE:8192}, gRPCHost=${SW_CORE_GRPC_HOST:0.0.0.0}, gRPCPort=${SW_CORE_GRPC_PORT:11800}, maxConcurrentCallsPerConnection=${SW_CORE_GRPC_MAX_CONCURRENT_CALL:0}, maxMessageSize=${SW_CORE_GRPC_MAX_MESSAGE_SIZE:0}, gRPCThreadPoolQueueSize=${SW_CORE_GRPC_POOL_QUEUE_SIZE:-1}, gRPCThreadPoolSize=${SW_CORE_GRPC_THREAD_POOL_SIZE:-1}, gRPCSslEnabled=${SW_CORE_GRPC_SSL_ENABLED:false}, gRPCSslKeyPath=${SW_CORE_GRPC_SSL_KEY_PATH:""}, gRPCSslCertChainPath=${SW_CORE_GRPC_SSL_CERT_CHAIN_PATH:""}, gRPCSslTrustedCAPath=${SW_CORE_GRPC_SSL_TRUSTED_CA_PATH:""}, downsampling=[Hour, Day], enableDataKeeperExecutor=${SW_CORE_ENABLE_DATA_KEEPER_EXECUTOR:true}, dataKeeperExecutePeriod=${SW_CORE_DATA_KEEPER_EXECUTE_PERIOD:5}, recordDataTTL=${SW_CORE_RECORD_DATA_TTL:3}, metricsDataTTL=${SW_CORE_METRICS_DATA_TTL:7}, l1FlushPeriod=${SW_CORE_L1_AGGREGATION_FLUSH_PERIOD:500}, storageSessionTimeout=${SW_CORE_STORAGE_SESSION_TIMEOUT:70000}, persistentPeriod=${SW_CORE_PERSISTENT_PERIOD:25}, enableDatabaseSession=${SW_CORE_ENABLE_DATABASE_SESSION:true}, topNReportPeriod=${SW_CORE_TOPN_REPORT_PERIOD:10}, activeExtraModelColumns=${SW_CORE_ACTIVE_EXTRA_MODEL_COLUMNS:false}, serviceNameMaxLength=${SW_SERVICE_NAME_MAX_LENGTH:70}, instanceNameMaxLength=${SW_INSTANCE_NAME_MAX_LENGTH:70}, endpointNameMaxLength=${SW_ENDPOINT_NAME_MAX_LENGTH:150}, searchableTracesTags=${SW_SEARCHABLE_TAG_KEYS:http.method,http.status_code,rpc.status_code,db.type,db.instance,mq.queue,mq.topic,mq.broker}, searchableLogsTags=${SW_SEARCHABLE_LOGS_TAG_KEYS:level}, searchableAlarmTags=${SW_SEARCHABLE_ALARM_TAG_KEYS:level}, autocompleteTagKeysQueryMaxSize=${SW_AUTOCOMPLETE_TAG_KEYS_QUERY_MAX_SIZE:100}, autocompleteTagValuesQueryMaxSize=${SW_AUTOCOMPLETE_TAG_VALUES_QUERY_MAX_SIZE:100}, prepareThreads=${SW_CORE_PREPARE_THREADS:2}, enableEndpointNameGroupingByOpenapi=${SW_CORE_ENABLE_ENDPOINT_NAME_GROUPING_BY_OPAENAPI:true}}}, storage={selector=${SW_STORAGE:h2}, elasticsearch={namespace=${SW_NAMESPACE:""}, clusterNodes=${SW_STORAGE_ES_CLUSTER_NODES:localhost:9200}, protocol=${SW_STORAGE_ES_HTTP_PROTOCOL:"http"}, connectTimeout=${SW_STORAGE_ES_CONNECT_TIMEOUT:3000}, socketTimeout=${SW_STORAGE_ES_SOCKET_TIMEOUT:30000}, responseTimeout=${SW_STORAGE_ES_RESPONSE_TIMEOUT:15000}, numHttpClientThread=${SW_STORAGE_ES_NUM_HTTP_CLIENT_THREAD:0}, user=${SW_ES_USER:""}, password=${SW_ES_PASSWORD:""}, trustStorePath=${SW_STORAGE_ES_SSL_JKS_PATH:""}, trustStorePass=${SW_STORAGE_ES_SSL_JKS_PASS:""}, secretsManagementFile=${SW_ES_SECRETS_MANAGEMENT_FILE:""}, dayStep=${SW_STORAGE_DAY_STEP:1}, indexShardsNumber=${SW_STORAGE_ES_INDEX_SHARDS_NUMBER:1}, indexReplicasNumber=${SW_STORAGE_ES_INDEX_REPLICAS_NUMBER:1}, superDatasetDayStep=${SW_SUPERDATASET_STORAGE_DAY_STEP:-1}, superDatasetIndexShardsFactor=${SW_STORAGE_ES_SUPER_DATASET_INDEX_SHARDS_FACTOR:5}, superDatasetIndexReplicasNumber=${SW_STORAGE_ES_SUPER_DATASET_INDEX_REPLICAS_NUMBER:0}, indexTemplateOrder=${SW_STORAGE_ES_INDEX_TEMPLATE_ORDER:0}, bulkActions=${SW_STORAGE_ES_BULK_ACTIONS:5000}, flushInterval=${SW_STORAGE_ES_FLUSH_INTERVAL:15}, concurrentRequests=${SW_STORAGE_ES_CONCURRENT_REQUESTS:2}, resultWindowMaxSize=${SW_STORAGE_ES_QUERY_MAX_WINDOW_SIZE:10000}, metadataQueryMaxSize=${SW_STORAGE_ES_QUERY_MAX_SIZE:10000}, scrollingBatchSize=${SW_STORAGE_ES_SCROLLING_BATCH_SIZE:5000}, segmentQueryMaxSize=${SW_STORAGE_ES_QUERY_SEGMENT_SIZE:200}, profileTaskQueryMaxSize=${SW_STORAGE_ES_QUERY_PROFILE_TASK_SIZE:200}, profileDataQueryBatchSize=${SW_STORAGE_ES_QUERY_PROFILE_DATA_BATCH_SIZE:100}, oapAnalyzer=${SW_STORAGE_ES_OAP_ANALYZER:"{\"analyzer\":{\"oap_analyzer\":{\"type\":\"stop\"}}}"}, oapLogAnalyzer=${SW_STORAGE_ES_OAP_LOG_ANALYZER:"{\"analyzer\":{\"oap_log_analyzer\":{\"type\":\"standard\"}}}"}, advanced=${SW_STORAGE_ES_ADVANCED:""}, logicSharding=${SW_STORAGE_ES_LOGIC_SHARDING:false}}, h2={driver=${SW_STORAGE_H2_DRIVER:org.h2.jdbcx.JdbcDataSource}, url=${SW_STORAGE_H2_URL:jdbc:h2:mem:skywalking-oap-db;DB_CLOSE_DELAY=-1}, user=${SW_STORAGE_H2_USER:sa}, metadataQueryMaxSize=${SW_STORAGE_H2_QUERY_MAX_SIZE:5000}, maxSizeOfBatchSql=${SW_STORAGE_MAX_SIZE_OF_BATCH_SQL:100}, asyncBatchPersistentPoolSize=${SW_STORAGE_ASYNC_BATCH_PERSISTENT_POOL_SIZE:1}}, mysql={properties={jdbcUrl=${SW_JDBC_URL:"jdbc:mysql://localhost:3306/swtest?rewriteBatchedStatements=true"}, dataSource.user=${SW_DATA_SOURCE_USER:root}, dataSource.password=${SW_DATA_SOURCE_PASSWORD:root@1234}, dataSource.cachePrepStmts=${SW_DATA_SOURCE_CACHE_PREP_STMTS:true}, dataSource.prepStmtCacheSize=${SW_DATA_SOURCE_PREP_STMT_CACHE_SQL_SIZE:250}, dataSource.prepStmtCacheSqlLimit=${SW_DATA_SOURCE_PREP_STMT_CACHE_SQL_LIMIT:2048}, dataSource.useServerPrepStmts=${SW_DATA_SOURCE_USE_SERVER_PREP_STMTS:true}}, metadataQueryMaxSize=${SW_STORAGE_MYSQL_QUERY_MAX_SIZE:5000}, maxSizeOfBatchSql=${SW_STORAGE_MAX_SIZE_OF_BATCH_SQL:2000}, asyncBatchPersistentPoolSize=${SW_STORAGE_ASYNC_BATCH_PERSISTENT_POOL_SIZE:4}}, tidb={properties={jdbcUrl=${SW_JDBC_URL:"jdbc:mysql://localhost:4000/tidbswtest?rewriteBatchedStatements=true"}, dataSource.user=${SW_DATA_SOURCE_USER:root}, dataSource.password=${SW_DATA_SOURCE_PASSWORD:""}, dataSource.cachePrepStmts=${SW_DATA_SOURCE_CACHE_PREP_STMTS:true}, dataSource.prepStmtCacheSize=${SW_DATA_SOURCE_PREP_STMT_CACHE_SQL_SIZE:250}, dataSource.prepStmtCacheSqlLimit=${SW_DATA_SOURCE_PREP_STMT_CACHE_SQL_LIMIT:2048}, dataSource.useServerPrepStmts=${SW_DATA_SOURCE_USE_SERVER_PREP_STMTS:true}, dataSource.useAffectedRows=${SW_DATA_SOURCE_USE_AFFECTED_ROWS:true}}, metadataQueryMaxSize=${SW_STORAGE_MYSQL_QUERY_MAX_SIZE:5000}, maxSizeOfBatchSql=${SW_STORAGE_MAX_SIZE_OF_BATCH_SQL:2000}, asyncBatchPersistentPoolSize=${SW_STORAGE_ASYNC_BATCH_PERSISTENT_POOL_SIZE:4}}, postgresql={properties={jdbcUrl=${SW_JDBC_URL:"jdbc:postgresql://localhost:5432/skywalking"}, dataSource.user=${SW_DATA_SOURCE_USER:postgres}, dataSource.password=${SW_DATA_SOURCE_PASSWORD:123456}, dataSource.cachePrepStmts=${SW_DATA_SOURCE_CACHE_PREP_STMTS:true}, dataSource.prepStmtCacheSize=${SW_DATA_SOURCE_PREP_STMT_CACHE_SQL_SIZE:250}, dataSource.prepStmtCacheSqlLimit=${SW_DATA_SOURCE_PREP_STMT_CACHE_SQL_LIMIT:2048}, dataSource.useServerPrepStmts=${SW_DATA_SOURCE_USE_SERVER_PREP_STMTS:true}}, metadataQueryMaxSize=${SW_STORAGE_MYSQL_QUERY_MAX_SIZE:5000}, maxSizeOfBatchSql=${SW_STORAGE_MAX_SIZE_OF_BATCH_SQL:2000}, asyncBatchPersistentPoolSize=${SW_STORAGE_ASYNC_BATCH_PERSISTENT_POOL_SIZE:4}}, banyandb={host=${SW_STORAGE_BANYANDB_HOST:127.0.0.1}, port=${SW_STORAGE_BANYANDB_PORT:17912}, maxBulkSize=${SW_STORAGE_BANYANDB_MAX_BULK_SIZE:5000}, flushInterval=${SW_STORAGE_BANYANDB_FLUSH_INTERVAL:15}, metricsShardsNumber=${SW_STORAGE_BANYANDB_METRICS_SHARDS_NUMBER:1}, recordShardsNumber=${SW_STORAGE_BANYANDB_RECORD_SHARDS_NUMBER:1}, superDatasetShardsFactor=${SW_STORAGE_BANYANDB_SUPERDATASET_SHARDS_FACTOR:2}, concurrentWriteThreads=${SW_STORAGE_BANYANDB_CONCURRENT_WRITE_THREADS:15}, profileTaskQueryMaxSize=${SW_STORAGE_BANYANDB_PROFILE_TASK_QUERY_MAX_SIZE:200}}}, agent-analyzer={selector=${SW_AGENT_ANALYZER:default}, default={traceSamplingPolicySettingsFile=${SW_TRACE_SAMPLING_POLICY_SETTINGS_FILE:trace-sampling-policy-settings.yml}, slowDBAccessThreshold=${SW_SLOW_DB_THRESHOLD:default:200,mongodb:100}, forceSampleErrorSegment=${SW_FORCE_SAMPLE_ERROR_SEGMENT:true}, segmentStatusAnalysisStrategy=${SW_SEGMENT_STATUS_ANALYSIS_STRATEGY:FROM_SPAN_STATUS}, noUpstreamRealAddressAgents=${SW_NO_UPSTREAM_REAL_ADDRESS:6000,9000}, meterAnalyzerActiveFiles=${SW_METER_ANALYZER_ACTIVE_FILES:datasource,threadpool,satellite}}}, log-analyzer={selector=${SW_LOG_ANALYZER:default}, default={lalFiles=${SW_LOG_LAL_FILES:default}, malFiles=${SW_LOG_MAL_FILES:""}}}, event-analyzer={selector=${SW_EVENT_ANALYZER:default}, default=null}, receiver-sharing-server={selector=${SW_RECEIVER_SHARING_SERVER:default}, default={restHost=${SW_RECEIVER_SHARING_REST_HOST:0.0.0.0}, restPort=${SW_RECEIVER_SHARING_REST_PORT:0}, restContextPath=${SW_RECEIVER_SHARING_REST_CONTEXT_PATH:/}, restMaxThreads=${SW_RECEIVER_SHARING_REST_MAX_THREADS:200}, restIdleTimeOut=${SW_RECEIVER_SHARING_REST_IDLE_TIMEOUT:30000}, restAcceptQueueSize=${SW_RECEIVER_SHARING_REST_QUEUE_SIZE:0}, httpMaxRequestHeaderSize=${SW_RECEIVER_SHARING_HTTP_MAX_REQUEST_HEADER_SIZE:8192}, gRPCHost=${SW_RECEIVER_GRPC_HOST:0.0.0.0}, gRPCPort=${SW_RECEIVER_GRPC_PORT:0}, maxConcurrentCallsPerConnection=${SW_RECEIVER_GRPC_MAX_CONCURRENT_CALL:0}, maxMessageSize=${SW_RECEIVER_GRPC_MAX_MESSAGE_SIZE:0}, gRPCThreadPoolQueueSize=${SW_RECEIVER_GRPC_POOL_QUEUE_SIZE:0}, gRPCThreadPoolSize=${SW_RECEIVER_GRPC_THREAD_POOL_SIZE:0}, gRPCSslEnabled=${SW_RECEIVER_GRPC_SSL_ENABLED:false}, gRPCSslKeyPath=${SW_RECEIVER_GRPC_SSL_KEY_PATH:""}, gRPCSslCertChainPath=${SW_RECEIVER_GRPC_SSL_CERT_CHAIN_PATH:""}, gRPCSslTrustedCAsPath=${SW_RECEIVER_GRPC_SSL_TRUSTED_CAS_PATH:""}, authentication=${SW_AUTHENTICATION:""}}}, receiver-register={selector=${SW_RECEIVER_REGISTER:default}, default=null}, receiver-trace={selector=${SW_RECEIVER_TRACE:default}, default=null}, receiver-jvm={selector=${SW_RECEIVER_JVM:default}, default=null}, receiver-clr={selector=${SW_RECEIVER_CLR:default}, default=null}, receiver-profile={selector=${SW_RECEIVER_PROFILE:default}, default=null}, receiver-zabbix={selector=${SW_RECEIVER_ZABBIX:-}, default={port=${SW_RECEIVER_ZABBIX_PORT:10051}, host=${SW_RECEIVER_ZABBIX_HOST:0.0.0.0}, activeFiles=${SW_RECEIVER_ZABBIX_ACTIVE_FILES:agent}}}, service-mesh={selector=${SW_SERVICE_MESH:default}, default=null}, envoy-metric={selector=${SW_ENVOY_METRIC:default}, default={acceptMetricsService=${SW_ENVOY_METRIC_SERVICE:true}, alsHTTPAnalysis=${SW_ENVOY_METRIC_ALS_HTTP_ANALYSIS:""}, alsTCPAnalysis=${SW_ENVOY_METRIC_ALS_TCP_ANALYSIS:""}, k8sServiceNameRule=${K8S_SERVICE_NAME_RULE:"${pod.metadata.labels.(service.istio.io/canonical-name)}"}}}, prometheus-fetcher={selector=${SW_PROMETHEUS_FETCHER:-}, default={enabledRules=${SW_PROMETHEUS_FETCHER_ENABLED_RULES:"self"}, maxConvertWorker=${SW_PROMETHEUS_FETCHER_NUM_CONVERT_WORKER:-1}}}, kafka-fetcher={selector=${SW_KAFKA_FETCHER:-}, default={bootstrapServers=${SW_KAFKA_FETCHER_SERVERS:localhost:9092}, namespace=${SW_NAMESPACE:""}, partitions=${SW_KAFKA_FETCHER_PARTITIONS:3}, replicationFactor=${SW_KAFKA_FETCHER_PARTITIONS_FACTOR:2}, enableNativeProtoLog=${SW_KAFKA_FETCHER_ENABLE_NATIVE_PROTO_LOG:true}, enableNativeJsonLog=${SW_KAFKA_FETCHER_ENABLE_NATIVE_JSON_LOG:true}, consumers=${SW_KAFKA_FETCHER_CONSUMERS:1}, kafkaHandlerThreadPoolSize=${SW_KAFKA_HANDLER_THREAD_POOL_SIZE:-1}, kafkaHandlerThreadPoolQueueSize=${SW_KAFKA_HANDLER_THREAD_POOL_QUEUE_SIZE:-1}}}, receiver-meter={selector=${SW_RECEIVER_METER:default}, default=null}, receiver-otel={selector=${SW_OTEL_RECEIVER:default}, default={enabledHandlers=${SW_OTEL_RECEIVER_ENABLED_HANDLERS:"oc,otlp"}, enabledOtelRules=${SW_OTEL_RECEIVER_ENABLED_OTEL_RULES:"istio-controlplane,k8s-node,oap,vm,mysql,postgresql"}}}, receiver-zipkin={selector=${SW_RECEIVER_ZIPKIN:-}, default={searchableTracesTags=${SW_ZIPKIN_SEARCHABLE_TAG_KEYS:http.method}, sampleRate=${SW_ZIPKIN_SAMPLE_RATE:10000}, enableHttpCollector=${SW_ZIPKIN_HTTP_COLLECTOR_ENABLED:true}, restHost=${SW_RECEIVER_ZIPKIN_REST_HOST:0.0.0.0}, restPort=18822, restContextPath=${SW_RECEIVER_ZIPKIN_REST_CONTEXT_PATH:/}, restMaxThreads=${SW_RECEIVER_ZIPKIN_REST_MAX_THREADS:200}, restIdleTimeOut=${SW_RECEIVER_ZIPKIN_REST_IDLE_TIMEOUT:30000}, restAcceptQueueSize=${SW_RECEIVER_ZIPKIN_REST_QUEUE_SIZE:0}, enableKafkaCollector=${SW_ZIPKIN_KAFKA_COLLECTOR_ENABLED:false}, kafkaBootstrapServers=${SW_ZIPKIN_KAFKA_SERVERS:localhost:9092}, kafkaGroupId=${SW_ZIPKIN_KAFKA_GROUP_ID:zipkin}, kafkaTopic=${SW_ZIPKIN_KAFKA_TOPIC:zipkin}, kafkaConsumerConfig=${SW_ZIPKIN_KAFKA_CONSUMER_CONFIG:"{\"auto.offset.reset\":\"earliest\",\"enable.auto.commit\":true}"}, kafkaConsumers=${SW_ZIPKIN_KAFKA_CONSUMERS:1}, kafkaHandlerThreadPoolSize=${SW_ZIPKIN_KAFKA_HANDLER_THREAD_POOL_SIZE:-1}, kafkaHandlerThreadPoolQueueSize=${SW_ZIPKIN_KAFKA_HANDLER_THREAD_POOL_QUEUE_SIZE:-1}}}, receiver-browser={selector=${SW_RECEIVER_BROWSER:default}, default={sampleRate=${SW_RECEIVER_BROWSER_SAMPLE_RATE:10000}}}, receiver-log={selector=${SW_RECEIVER_LOG:default}, default=null}, query={selector=${SW_QUERY:graphql}, graphql={enableLogTestTool=${SW_QUERY_GRAPHQL_ENABLE_LOG_TEST_TOOL:false}, maxQueryComplexity=${SW_QUERY_MAX_QUERY_COMPLEXITY:1000}, enableUpdateUITemplate=${SW_ENABLE_UPDATE_UI_TEMPLATE:false}, enableOnDemandPodLog=${SW_ENABLE_ON_DEMAND_POD_LOG:false}}}, query-zipkin={selector=${SW_QUERY_ZIPKIN:-}, default={restHost=${SW_QUERY_ZIPKIN_REST_HOST:0.0.0.0}, restPort=${SW_QUERY_ZIPKIN_REST_PORT:9412}, restContextPath=${SW_QUERY_ZIPKIN_REST_CONTEXT_PATH:/zipkin}, restMaxThreads=${SW_QUERY_ZIPKIN_REST_MAX_THREADS:200}, restIdleTimeOut=${SW_QUERY_ZIPKIN_REST_IDLE_TIMEOUT:30000}, restAcceptQueueSize=${SW_QUERY_ZIPKIN_REST_QUEUE_SIZE:0}, lookback=${SW_QUERY_ZIPKIN_LOOKBACK:86400000}, namesMaxAge=${SW_QUERY_ZIPKIN_NAMES_MAX_AGE:300}, uiQueryLimit=${SW_QUERY_ZIPKIN_UI_QUERY_LIMIT:10}, uiDefaultLookback=${SW_QUERY_ZIPKIN_UI_DEFAULT_LOOKBACK:900000}}}, alarm={selector=${SW_ALARM:default}, default=null}, telemetry={selector=${SW_TELEMETRY:none}, none=null, prometheus={host=${SW_TELEMETRY_PROMETHEUS_HOST:0.0.0.0}, port=${SW_TELEMETRY_PROMETHEUS_PORT:1234}, sslEnabled=${SW_TELEMETRY_PROMETHEUS_SSL_ENABLED:false}, sslKeyPath=${SW_TELEMETRY_PROMETHEUS_SSL_KEY_PATH:""}, sslCertChainPath=${SW_TELEMETRY_PROMETHEUS_SSL_CERT_CHAIN_PATH:""}}}, configuration={selector=${SW_CONFIGURATION:none}, none=null, grpc={host=${SW_DCS_SERVER_HOST:""}, port=${SW_DCS_SERVER_PORT:80}, clusterName=${SW_DCS_CLUSTER_NAME:SkyWalking}, period=${SW_DCS_PERIOD:20}}, apollo={apolloMeta=${SW_CONFIG_APOLLO:http://localhost:8080}, apolloCluster=${SW_CONFIG_APOLLO_CLUSTER:default}, apolloEnv=${SW_CONFIG_APOLLO_ENV:""}, appId=${SW_CONFIG_APOLLO_APP_ID:skywalking}, period=${SW_CONFIG_APOLLO_PERIOD:60}}, zookeeper={period=${SW_CONFIG_ZK_PERIOD:60}, namespace=${SW_CONFIG_ZK_NAMESPACE:/default}, hostPort=${SW_CONFIG_ZK_HOST_PORT:localhost:2181}, baseSleepTimeMs=${SW_CONFIG_ZK_BASE_SLEEP_TIME_MS:1000}, maxRetries=${SW_CONFIG_ZK_MAX_RETRIES:3}}, etcd={period=${SW_CONFIG_ETCD_PERIOD:60}, endpoints=${SW_CONFIG_ETCD_ENDPOINTS:http://localhost:2379}, namespace=${SW_CONFIG_ETCD_NAMESPACE:/skywalking}, authentication=${SW_CONFIG_ETCD_AUTHENTICATION:false}, user=${SW_CONFIG_ETCD_USER:}, password=${SW_CONFIG_ETCD_password:}}, consul={hostAndPorts=${SW_CONFIG_CONSUL_HOST_AND_PORTS:1.2.3.4:8500}, period=${SW_CONFIG_CONSUL_PERIOD:60}, aclToken=${SW_CONFIG_CONSUL_ACL_TOKEN:""}}, k8s-configmap={period=${SW_CONFIG_CONFIGMAP_PERIOD:60}, namespace=${SW_CLUSTER_K8S_NAMESPACE:default}, labelSelector=${SW_CLUSTER_K8S_LABEL:app=collector,release=skywalking}}, nacos={serverAddr=${SW_CONFIG_NACOS_SERVER_ADDR:127.0.0.1}, port=${SW_CONFIG_NACOS_SERVER_PORT:8848}, group=${SW_CONFIG_NACOS_SERVER_GROUP:skywalking}, namespace=${SW_CONFIG_NACOS_SERVER_NAMESPACE:}, period=${SW_CONFIG_NACOS_PERIOD:60}, username=${SW_CONFIG_NACOS_USERNAME:""}, password=${SW_CONFIG_NACOS_PASSWORD:""}, accessKey=${SW_CONFIG_NACOS_ACCESSKEY:""}, secretKey=${SW_CONFIG_NACOS_SECRETKEY:""}}}, exporter={selector=${SW_EXPORTER:-}, grpc={targetHost=${SW_EXPORTER_GRPC_HOST:127.0.0.1}, targetPort=${SW_EXPORTER_GRPC_PORT:9870}}}, health-checker={selector=${SW_HEALTH_CHECKER:-}, default={checkIntervalSeconds=${SW_HEALTH_CHECKER_INTERVAL_SECONDS:5}}}, configuration-discovery={selector=${SW_CONFIGURATION_DISCOVERY:default}, default={disableMessageDigest=${SW_DISABLE_MESSAGE_DIGEST:false}}}, receiver-event={selector=${SW_RECEIVER_EVENT:default}, default=null}, receiver-ebpf={selector=${SW_RECEIVER_EBPF:default}, default=null}}
2022-11-29 03:14:20,415 org.apache.skywalking.oap.server.starter.config.ApplicationConfigLoader 239 [main] INFO  [] - Remove module receiver-zabbix without any provider
2022-11-29 03:14:20,415 org.apache.skywalking.oap.server.starter.config.ApplicationConfigLoader 239 [main] INFO  [] - Remove module prometheus-fetcher without any provider
2022-11-29 03:14:20,415 org.apache.skywalking.oap.server.starter.config.ApplicationConfigLoader 239 [main] INFO  [] - Remove module kafka-fetcher without any provider
2022-11-29 03:14:20,416 org.apache.skywalking.oap.server.starter.config.ApplicationConfigLoader 239 [main] INFO  [] - Remove module query-zipkin without any provider
2022-11-29 03:14:20,420 org.apache.skywalking.oap.server.starter.config.ApplicationConfigLoader 239 [main] INFO  [] - Remove module exporter without any provider
2022-11-29 03:14:20,420 org.apache.skywalking.oap.server.starter.config.ApplicationConfigLoader 239 [main] INFO  [] - Remove module health-checker without any provider
2022-11-29 03:14:20,421 org.apache.skywalking.oap.server.starter.config.ApplicationConfigLoader 79 [main] INFO  [] - Get a module define from application.yml, module name: cluster
2022-11-29 03:14:20,421 org.apache.skywalking.oap.server.library.module.ApplicationConfiguration 37 [main] WARN  [] - [CTEST][getModuleConfiguration] ###cluster### java.lang.Thread	org.apache.skywalking.oap.server.library.module.ApplicationConfiguration	org.apache.skywalking.oap.server.library.module.ApplicationConfiguration	org.apache.skywalking.oap.server.starter.config.ApplicationConfigLoader	java.util.LinkedHashMap	org.apache.skywalking.oap.server.starter.config.ApplicationConfigLoader	org.apache.skywalking.oap.server.starter.config.ApplicationConfigLoader	org.apache.skywalking.oap.server.starter.config.ApplicationConfigLoaderTestCase	jdk.internal.reflect.NativeMethodAccessorImpl	jdk.internal.reflect.NativeMethodAccessorImpl	jdk.internal.reflect.DelegatingMethodAccessorImpl	java.lang.reflect.Method	org.junit.runners.model.FrameworkMethod$1	org.junit.internal.runners.model.ReflectiveCallable	org.junit.runners.model.FrameworkMethod	org.junit.internal.runners.statements.RunBefores	org.junit.internal.runners.statements.RunBefores	org.junit.runners.ParentRunner$3	org.junit.runners.BlockJUnit4ClassRunner$1	org.junit.runners.ParentRunner	org.junit.runners.BlockJUnit4ClassRunner	org.junit.runners.BlockJUnit4ClassRunner	org.junit.runners.ParentRunner$4	org.junit.runners.ParentRunner$1	org.junit.runners.ParentRunner	org.junit.runners.ParentRunner	org.junit.runners.ParentRunner$2	org.junit.runners.ParentRunner$3	org.junit.runners.ParentRunner	org.apache.maven.surefire.junit4.JUnit4Provider	org.apache.maven.surefire.junit4.JUnit4Provider	org.apache.maven.surefire.junit4.JUnit4Provider	org.apache.maven.surefire.junit4.JUnit4Provider	org.apache.maven.surefire.booter.ForkedBooter	org.apache.maven.surefire.booter.ForkedBooter	org.apache.maven.surefire.booter.ForkedBooter	org.apache.maven.surefire.booter.ForkedBooter	
2022-11-29 03:14:20,423 org.apache.skywalking.oap.server.starter.config.ApplicationConfigLoader 83 [main] INFO  [] - Get a provider define belong to cluster module, provider name: standalone
2022-11-29 03:14:20,423 org.apache.skywalking.oap.server.library.module.ApplicationConfiguration$ModuleConfiguration 80 [main] WARN  [] - [CTEST][getProviderConfiguration] ###standalone### providers {} java.lang.Thread	org.apache.skywalking.oap.server.library.module.ApplicationConfiguration	org.apache.skywalking.oap.server.library.module.ApplicationConfiguration	org.apache.skywalking.oap.server.library.module.ApplicationConfiguration$ModuleConfiguration	org.apache.skywalking.oap.server.starter.config.ApplicationConfigLoader	java.util.LinkedHashMap	org.apache.skywalking.oap.server.starter.config.ApplicationConfigLoader	java.util.LinkedHashMap	org.apache.skywalking.oap.server.starter.config.ApplicationConfigLoader	org.apache.skywalking.oap.server.starter.config.ApplicationConfigLoader	org.apache.skywalking.oap.server.starter.config.ApplicationConfigLoaderTestCase	jdk.internal.reflect.NativeMethodAccessorImpl	jdk.internal.reflect.NativeMethodAccessorImpl	jdk.internal.reflect.DelegatingMethodAccessorImpl	java.lang.reflect.Method	org.junit.runners.model.FrameworkMethod$1	org.junit.internal.runners.model.ReflectiveCallable	org.junit.runners.model.FrameworkMethod	org.junit.internal.runners.statements.RunBefores	org.junit.internal.runners.statements.RunBefores	org.junit.runners.ParentRunner$3	org.junit.runners.BlockJUnit4ClassRunner$1	org.junit.runners.ParentRunner	org.junit.runners.BlockJUnit4ClassRunner	org.junit.runners.BlockJUnit4ClassRunner	org.junit.runners.ParentRunner$4	org.junit.runners.ParentRunner$1	org.junit.runners.ParentRunner	org.junit.runners.ParentRunner	org.junit.runners.ParentRunner$2	org.junit.runners.ParentRunner$3	org.junit.runners.ParentRunner	org.apache.maven.surefire.junit4.JUnit4Provider	org.apache.maven.surefire.junit4.JUnit4Provider	org.apache.maven.surefire.junit4.JUnit4Provider	org.apache.maven.surefire.junit4.JUnit4Provider	org.apache.maven.surefire.booter.ForkedBooter	org.apache.maven.surefire.booter.ForkedBooter	org.apache.maven.surefire.booter.ForkedBooter	org.apache.maven.surefire.booter.ForkedBooter	
2022-11-29 03:14:20,432 org.apache.skywalking.oap.server.starter.config.ApplicationConfigLoader 79 [main] INFO  [] - Get a module define from application.yml, module name: core
2022-11-29 03:14:20,433 org.apache.skywalking.oap.server.library.module.ApplicationConfiguration 37 [main] WARN  [] - [CTEST][getModuleConfiguration] ###core### java.lang.Thread	org.apache.skywalking.oap.server.library.module.ApplicationConfiguration	org.apache.skywalking.oap.server.library.module.ApplicationConfiguration	org.apache.skywalking.oap.server.starter.config.ApplicationConfigLoader	java.util.LinkedHashMap	org.apache.skywalking.oap.server.starter.config.ApplicationConfigLoader	org.apache.skywalking.oap.server.starter.config.ApplicationConfigLoader	org.apache.skywalking.oap.server.starter.config.ApplicationConfigLoaderTestCase	jdk.internal.reflect.NativeMethodAccessorImpl	jdk.internal.reflect.NativeMethodAccessorImpl	jdk.internal.reflect.DelegatingMethodAccessorImpl	java.lang.reflect.Method	org.junit.runners.model.FrameworkMethod$1	org.junit.internal.runners.model.ReflectiveCallable	org.junit.runners.model.FrameworkMethod	org.junit.internal.runners.statements.RunBefores	org.junit.internal.runners.statements.RunBefores	org.junit.runners.ParentRunner$3	org.junit.runners.BlockJUnit4ClassRunner$1	org.junit.runners.ParentRunner	org.junit.runners.BlockJUnit4ClassRunner	org.junit.runners.BlockJUnit4ClassRunner	org.junit.runners.ParentRunner$4	org.junit.runners.ParentRunner$1	org.junit.runners.ParentRunner	org.junit.runners.ParentRunner	org.junit.runners.ParentRunner$2	org.junit.runners.ParentRunner$3	org.junit.runners.ParentRunner	org.apache.maven.surefire.junit4.JUnit4Provider	org.apache.maven.surefire.junit4.JUnit4Provider	org.apache.maven.surefire.junit4.JUnit4Provider	org.apache.maven.surefire.junit4.JUnit4Provider	org.apache.maven.surefire.booter.ForkedBooter	org.apache.maven.surefire.booter.ForkedBooter	org.apache.maven.surefire.booter.ForkedBooter	org.apache.maven.surefire.booter.ForkedBooter	
2022-11-29 03:14:20,433 org.apache.skywalking.oap.server.starter.config.ApplicationConfigLoader 83 [main] INFO  [] - Get a provider define belong to core module, provider name: default
2022-11-29 03:14:20,434 org.apache.skywalking.oap.server.starter.config.ApplicationConfigLoader 179 [main] INFO  [] - Provider=default config=role has been set as Mixed
2022-11-29 03:14:20,434 org.apache.skywalking.oap.server.starter.config.ApplicationConfigLoader 179 [main] INFO  [] - Provider=default config=restHost has been set as 0.0.0.0
2022-11-29 03:14:20,434 org.apache.skywalking.oap.server.starter.config.ApplicationConfigLoader 179 [main] INFO  [] - Provider=default config=restPort has been set as 12800
2022-11-29 03:14:20,435 org.apache.skywalking.oap.server.starter.config.ApplicationConfigLoader 179 [main] INFO  [] - Provider=default config=restContextPath has been set as /
2022-11-29 03:14:20,435 org.apache.skywalking.oap.server.starter.config.ApplicationConfigLoader 179 [main] INFO  [] - Provider=default config=restMaxThreads has been set as 200
2022-11-29 03:14:20,435 org.apache.skywalking.oap.server.starter.config.ApplicationConfigLoader 179 [main] INFO  [] - Provider=default config=restIdleTimeOut has been set as 30000
2022-11-29 03:14:20,436 org.apache.skywalking.oap.server.starter.config.ApplicationConfigLoader 179 [main] INFO  [] - Provider=default config=restAcceptQueueSize has been set as 0
2022-11-29 03:14:20,446 org.apache.skywalking.oap.server.starter.config.ApplicationConfigLoader 179 [main] INFO  [] - Provider=default config=httpMaxRequestHeaderSize has been set as 8192
2022-11-29 03:14:20,446 org.apache.skywalking.oap.server.starter.config.ApplicationConfigLoader 179 [main] INFO  [] - Provider=default config=gRPCHost has been set as 0.0.0.0
2022-11-29 03:14:20,446 org.apache.skywalking.oap.server.starter.config.ApplicationConfigLoader 179 [main] INFO  [] - Provider=default config=gRPCPort has been set as 11800
2022-11-29 03:14:20,447 org.apache.skywalking.oap.server.starter.config.ApplicationConfigLoader 179 [main] INFO  [] - Provider=default config=maxConcurrentCallsPerConnection has been set as 0
2022-11-29 03:14:20,455 org.apache.skywalking.oap.server.starter.config.ApplicationConfigLoader 179 [main] INFO  [] - Provider=default config=maxMessageSize has been set as 0
2022-11-29 03:14:20,455 org.apache.skywalking.oap.server.starter.config.ApplicationConfigLoader 179 [main] INFO  [] - Provider=default config=gRPCThreadPoolQueueSize has been set as -1
2022-11-29 03:14:20,456 org.apache.skywalking.oap.server.starter.config.ApplicationConfigLoader 179 [main] INFO  [] - Provider=default config=gRPCThreadPoolSize has been set as -1
2022-11-29 03:14:20,456 org.apache.skywalking.oap.server.starter.config.ApplicationConfigLoader 179 [main] INFO  [] - Provider=default config=gRPCSslEnabled has been set as false
2022-11-29 03:14:20,457 org.apache.skywalking.oap.server.starter.config.ApplicationConfigLoader 179 [main] INFO  [] - Provider=default config=gRPCSslKeyPath has been set as 
2022-11-29 03:14:20,457 org.apache.skywalking.oap.server.starter.config.ApplicationConfigLoader 179 [main] INFO  [] - Provider=default config=gRPCSslCertChainPath has been set as 
2022-11-29 03:14:20,458 org.apache.skywalking.oap.server.starter.config.ApplicationConfigLoader 179 [main] INFO  [] - Provider=default config=gRPCSslTrustedCAPath has been set as 
2022-11-29 03:14:20,459 org.apache.skywalking.oap.server.starter.config.ApplicationConfigLoader 179 [main] INFO  [] - Provider=default config=downsampling has been set as [Hour, Day]
2022-11-29 03:14:20,460 org.apache.skywalking.oap.server.starter.config.ApplicationConfigLoader 179 [main] INFO  [] - Provider=default config=enableDataKeeperExecutor has been set as true
2022-11-29 03:14:20,460 org.apache.skywalking.oap.server.starter.config.ApplicationConfigLoader 179 [main] INFO  [] - Provider=default config=dataKeeperExecutePeriod has been set as 5
2022-11-29 03:14:20,460 org.apache.skywalking.oap.server.starter.config.ApplicationConfigLoader 179 [main] INFO  [] - Provider=default config=recordDataTTL has been set as 3
2022-11-29 03:14:20,468 org.apache.skywalking.oap.server.starter.config.ApplicationConfigLoader 179 [main] INFO  [] - Provider=default config=metricsDataTTL has been set as 7
2022-11-29 03:14:20,469 org.apache.skywalking.oap.server.starter.config.ApplicationConfigLoader 179 [main] INFO  [] - Provider=default config=l1FlushPeriod has been set as 500
2022-11-29 03:14:20,470 org.apache.skywalking.oap.server.starter.config.ApplicationConfigLoader 179 [main] INFO  [] - Provider=default config=storageSessionTimeout has been set as 70000
2022-11-29 03:14:20,470 org.apache.skywalking.oap.server.starter.config.ApplicationConfigLoader 179 [main] INFO  [] - Provider=default config=persistentPeriod has been set as 25
2022-11-29 03:14:20,471 org.apache.skywalking.oap.server.starter.config.ApplicationConfigLoader 179 [main] INFO  [] - Provider=default config=enableDatabaseSession has been set as true
2022-11-29 03:14:20,471 org.apache.skywalking.oap.server.starter.config.ApplicationConfigLoader 179 [main] INFO  [] - Provider=default config=topNReportPeriod has been set as 10
2022-11-29 03:14:20,472 org.apache.skywalking.oap.server.starter.config.ApplicationConfigLoader 179 [main] INFO  [] - Provider=default config=activeExtraModelColumns has been set as false
2022-11-29 03:14:20,473 org.apache.skywalking.oap.server.starter.config.ApplicationConfigLoader 179 [main] INFO  [] - Provider=default config=serviceNameMaxLength has been set as 70
2022-11-29 03:14:20,473 org.apache.skywalking.oap.server.starter.config.ApplicationConfigLoader 179 [main] INFO  [] - Provider=default config=instanceNameMaxLength has been set as 70
2022-11-29 03:14:20,474 org.apache.skywalking.oap.server.starter.config.ApplicationConfigLoader 179 [main] INFO  [] - Provider=default config=endpointNameMaxLength has been set as 150
2022-11-29 03:14:20,474 org.apache.skywalking.oap.server.starter.config.ApplicationConfigLoader 179 [main] INFO  [] - Provider=default config=searchableTracesTags has been set as http.method,http.status_code,rpc.status_code,db.type,db.instance,mq.queue,mq.topic,mq.broker
2022-11-29 03:14:20,474 org.apache.skywalking.oap.server.starter.config.ApplicationConfigLoader 179 [main] INFO  [] - Provider=default config=searchableLogsTags has been set as level
2022-11-29 03:14:20,475 org.apache.skywalking.oap.server.starter.config.ApplicationConfigLoader 179 [main] INFO  [] - Provider=default config=searchableAlarmTags has been set as level
2022-11-29 03:14:20,475 org.apache.skywalking.oap.server.starter.config.ApplicationConfigLoader 179 [main] INFO  [] - Provider=default config=autocompleteTagKeysQueryMaxSize has been set as 100
2022-11-29 03:14:20,475 org.apache.skywalking.oap.server.starter.config.ApplicationConfigLoader 179 [main] INFO  [] - Provider=default config=autocompleteTagValuesQueryMaxSize has been set as 100
2022-11-29 03:14:20,476 org.apache.skywalking.oap.server.starter.config.ApplicationConfigLoader 179 [main] INFO  [] - Provider=default config=prepareThreads has been set as 2
2022-11-29 03:14:20,476 org.apache.skywalking.oap.server.starter.config.ApplicationConfigLoader 179 [main] INFO  [] - Provider=default config=enableEndpointNameGroupingByOpenapi has been set as true
2022-11-29 03:14:20,476 org.apache.skywalking.oap.server.library.module.ApplicationConfiguration$ModuleConfiguration 80 [main] WARN  [] - [CTEST][getProviderConfiguration] ###default### providers {prepareThreads=2, restHost=0.0.0.0, searchableLogsTags=level, role=Mixed, persistentPeriod=25, restIdleTimeOut=30000, dataKeeperExecutePeriod=5, topNReportPeriod=10, gRPCSslTrustedCAPath=, downsampling=[Hour, Day], serviceNameMaxLength=70, gRPCSslEnabled=false, restPort=12800, restContextPath=/, gRPCThreadPoolQueueSize=-1, maxMessageSize=0, gRPCSslCertChainPath=, activeExtraModelColumns=false, storageSessionTimeout=70000, instanceNameMaxLength=70, enableDatabaseSession=true, gRPCHost=0.0.0.0, endpointNameMaxLength=150, l1FlushPeriod=500, autocompleteTagKeysQueryMaxSize=100, gRPCSslKeyPath=, metricsDataTTL=7, searchableTracesTags=http.method,http.status_code,rpc.status_code,db.type,db.instance,mq.queue,mq.topic,mq.broker, searchableAlarmTags=level, gRPCPort=11800, autocompleteTagValuesQueryMaxSize=100, enableDataKeeperExecutor=true, recordDataTTL=3, restMaxThreads=200, maxConcurrentCallsPerConnection=0, enableEndpointNameGroupingByOpenapi=true, httpMaxRequestHeaderSize=8192, restAcceptQueueSize=0, gRPCThreadPoolSize=-1} java.lang.Thread	org.apache.skywalking.oap.server.library.module.ApplicationConfiguration	org.apache.skywalking.oap.server.library.module.ApplicationConfiguration	org.apache.skywalking.oap.server.library.module.ApplicationConfiguration$ModuleConfiguration	org.apache.skywalking.oap.server.starter.config.ApplicationConfigLoader	java.util.LinkedHashMap	org.apache.skywalking.oap.server.starter.config.ApplicationConfigLoader	java.util.LinkedHashMap	org.apache.skywalking.oap.server.starter.config.ApplicationConfigLoader	org.apache.skywalking.oap.server.starter.config.ApplicationConfigLoader	org.apache.skywalking.oap.server.starter.config.ApplicationConfigLoaderTestCase	jdk.internal.reflect.NativeMethodAccessorImpl	jdk.internal.reflect.NativeMethodAccessorImpl	jdk.internal.reflect.DelegatingMethodAccessorImpl	java.lang.reflect.Method	org.junit.runners.model.FrameworkMethod$1	org.junit.internal.runners.model.ReflectiveCallable	org.junit.runners.model.FrameworkMethod	org.junit.internal.runners.statements.RunBefores	org.junit.internal.runners.statements.RunBefores	org.junit.runners.ParentRunner$3	org.junit.runners.BlockJUnit4ClassRunner$1	org.junit.runners.ParentRunner	org.junit.runners.BlockJUnit4ClassRunner	org.junit.runners.BlockJUnit4ClassRunner	org.junit.runners.ParentRunner$4	org.junit.runners.ParentRunner$1	org.junit.runners.ParentRunner	org.junit.runners.ParentRunner	org.junit.runners.ParentRunner$2	org.junit.runners.ParentRunner$3	org.junit.runners.ParentRunner	org.apache.maven.surefire.junit4.JUnit4Provider	org.apache.maven.surefire.junit4.JUnit4Provider	org.apache.maven.surefire.junit4.JUnit4Provider	org.apache.maven.surefire.junit4.JUnit4Provider	org.apache.maven.surefire.booter.ForkedBooter	org.apache.maven.surefire.booter.ForkedBooter	org.apache.maven.surefire.booter.ForkedBooter	org.apache.maven.surefire.booter.ForkedBooter	
2022-11-29 03:14:20,477 org.apache.skywalking.oap.server.library.module.ApplicationConfiguration$PropertiesWrapper 103 [main] INFO  [] - [CTEST][PropertiesWrapper-reset] ###prepareThreads### ***2***
2022-11-29 03:14:20,477 org.apache.skywalking.oap.server.library.module.ApplicationConfiguration$PropertiesWrapper 103 [main] INFO  [] - [CTEST][PropertiesWrapper-reset] ###restHost### ***0.0.0.0***
2022-11-29 03:14:20,477 org.apache.skywalking.oap.server.library.module.ApplicationConfiguration$PropertiesWrapper 103 [main] INFO  [] - [CTEST][PropertiesWrapper-reset] ###searchableLogsTags### ***level***
2022-11-29 03:14:20,479 org.apache.skywalking.oap.server.library.module.ApplicationConfiguration$PropertiesWrapper 103 [main] INFO  [] - [CTEST][PropertiesWrapper-reset] ###role### ***Mixed***
2022-11-29 03:14:20,480 org.apache.skywalking.oap.server.library.module.ApplicationConfiguration$PropertiesWrapper 103 [main] INFO  [] - [CTEST][PropertiesWrapper-reset] ###persistentPeriod### ***25***
2022-11-29 03:14:20,480 org.apache.skywalking.oap.server.library.module.ApplicationConfiguration$PropertiesWrapper 103 [main] INFO  [] - [CTEST][PropertiesWrapper-reset] ###restIdleTimeOut### ***30000***
2022-11-29 03:14:20,480 org.apache.skywalking.oap.server.library.module.ApplicationConfiguration$PropertiesWrapper 103 [main] INFO  [] - [CTEST][PropertiesWrapper-reset] ###dataKeeperExecutePeriod### ***5***
2022-11-29 03:14:20,481 org.apache.skywalking.oap.server.library.module.ApplicationConfiguration$PropertiesWrapper 103 [main] INFO  [] - [CTEST][PropertiesWrapper-reset] ###topNReportPeriod### ***10***
2022-11-29 03:14:20,481 org.apache.skywalking.oap.server.library.module.ApplicationConfiguration$PropertiesWrapper 103 [main] INFO  [] - [CTEST][PropertiesWrapper-reset] ###gRPCSslTrustedCAPath### ******
2022-11-29 03:14:20,481 org.apache.skywalking.oap.server.library.module.ApplicationConfiguration$PropertiesWrapper 103 [main] INFO  [] - [CTEST][PropertiesWrapper-reset] ###downsampling### ***[Hour, Day]***
2022-11-29 03:14:20,481 org.apache.skywalking.oap.server.library.module.ApplicationConfiguration$PropertiesWrapper 103 [main] INFO  [] - [CTEST][PropertiesWrapper-reset] ###serviceNameMaxLength### ***70***
2022-11-29 03:14:20,482 org.apache.skywalking.oap.server.library.module.ApplicationConfiguration$PropertiesWrapper 103 [main] INFO  [] - [CTEST][PropertiesWrapper-reset] ###gRPCSslEnabled### ***false***
2022-11-29 03:14:20,482 org.apache.skywalking.oap.server.library.module.ApplicationConfiguration$PropertiesWrapper 103 [main] INFO  [] - [CTEST][PropertiesWrapper-reset] ###restPort### ***12800***
2022-11-29 03:14:20,483 org.apache.skywalking.oap.server.library.module.ApplicationConfiguration$PropertiesWrapper 103 [main] INFO  [] - [CTEST][PropertiesWrapper-reset] ###restContextPath### ***/***
2022-11-29 03:14:20,483 org.apache.skywalking.oap.server.library.module.ApplicationConfiguration$PropertiesWrapper 103 [main] INFO  [] - [CTEST][PropertiesWrapper-reset] ###gRPCThreadPoolQueueSize### ***-1***
2022-11-29 03:14:20,483 org.apache.skywalking.oap.server.library.module.ApplicationConfiguration$PropertiesWrapper 103 [main] INFO  [] - [CTEST][PropertiesWrapper-reset] ###maxMessageSize### ***0***
2022-11-29 03:14:20,483 org.apache.skywalking.oap.server.library.module.ApplicationConfiguration$PropertiesWrapper 103 [main] INFO  [] - [CTEST][PropertiesWrapper-reset] ###gRPCSslCertChainPath### ******
2022-11-29 03:14:20,483 org.apache.skywalking.oap.server.library.module.ApplicationConfiguration$PropertiesWrapper 103 [main] INFO  [] - [CTEST][PropertiesWrapper-reset] ###activeExtraModelColumns### ***false***
2022-11-29 03:14:20,483 org.apache.skywalking.oap.server.library.module.ApplicationConfiguration$PropertiesWrapper 103 [main] INFO  [] - [CTEST][PropertiesWrapper-reset] ###storageSessionTimeout### ***70000***
2022-11-29 03:14:20,483 org.apache.skywalking.oap.server.library.module.ApplicationConfiguration$PropertiesWrapper 103 [main] INFO  [] - [CTEST][PropertiesWrapper-reset] ###instanceNameMaxLength### ***70***
2022-11-29 03:14:20,483 org.apache.skywalking.oap.server.library.module.ApplicationConfiguration$PropertiesWrapper 103 [main] INFO  [] - [CTEST][PropertiesWrapper-reset] ###enableDatabaseSession### ***true***
2022-11-29 03:14:20,484 org.apache.skywalking.oap.server.library.module.ApplicationConfiguration$PropertiesWrapper 103 [main] INFO  [] - [CTEST][PropertiesWrapper-reset] ###gRPCHost### ***0.0.0.0***
2022-11-29 03:14:20,484 org.apache.skywalking.oap.server.library.module.ApplicationConfiguration$PropertiesWrapper 103 [main] INFO  [] - [CTEST][PropertiesWrapper-reset] ###endpointNameMaxLength### ***150***
2022-11-29 03:14:20,484 org.apache.skywalking.oap.server.library.module.ApplicationConfiguration$PropertiesWrapper 103 [main] INFO  [] - [CTEST][PropertiesWrapper-reset] ###l1FlushPeriod### ***500***
2022-11-29 03:14:20,484 org.apache.skywalking.oap.server.library.module.ApplicationConfiguration$PropertiesWrapper 103 [main] INFO  [] - [CTEST][PropertiesWrapper-reset] ###autocompleteTagKeysQueryMaxSize### ***100***
2022-11-29 03:14:20,485 org.apache.skywalking.oap.server.library.module.ApplicationConfiguration$PropertiesWrapper 103 [main] INFO  [] - [CTEST][PropertiesWrapper-reset] ###gRPCSslKeyPath### ******
2022-11-29 03:14:20,485 org.apache.skywalking.oap.server.library.module.ApplicationConfiguration$PropertiesWrapper 103 [main] INFO  [] - [CTEST][PropertiesWrapper-reset] ###metricsDataTTL### ***7***
2022-11-29 03:14:20,485 org.apache.skywalking.oap.server.library.module.ApplicationConfiguration$PropertiesWrapper 103 [main] INFO  [] - [CTEST][PropertiesWrapper-reset] ###searchableTracesTags### ***http.method,http.status_code,rpc.status_code,db.type,db.instance,mq.queue,mq.topic,mq.broker***
2022-11-29 03:14:20,485 org.apache.skywalking.oap.server.library.module.ApplicationConfiguration$PropertiesWrapper 103 [main] INFO  [] - [CTEST][PropertiesWrapper-reset] ###searchableAlarmTags### ***level***
2022-11-29 03:14:20,486 org.apache.skywalking.oap.server.library.module.ApplicationConfiguration$PropertiesWrapper 103 [main] INFO  [] - [CTEST][PropertiesWrapper-reset] ###gRPCPort### ***11800***
2022-11-29 03:14:20,486 org.apache.skywalking.oap.server.library.module.ApplicationConfiguration$PropertiesWrapper 103 [main] INFO  [] - [CTEST][PropertiesWrapper-reset] ###autocompleteTagValuesQueryMaxSize### ***100***
2022-11-29 03:14:20,486 org.apache.skywalking.oap.server.library.module.ApplicationConfiguration$PropertiesWrapper 103 [main] INFO  [] - [CTEST][PropertiesWrapper-reset] ###enableDataKeeperExecutor### ***true***
2022-11-29 03:14:20,486 org.apache.skywalking.oap.server.library.module.ApplicationConfiguration$PropertiesWrapper 103 [main] INFO  [] - [CTEST][PropertiesWrapper-reset] ###recordDataTTL### ***3***
2022-11-29 03:14:20,486 org.apache.skywalking.oap.server.library.module.ApplicationConfiguration$PropertiesWrapper 103 [main] INFO  [] - [CTEST][PropertiesWrapper-reset] ###restMaxThreads### ***200***
2022-11-29 03:14:20,486 org.apache.skywalking.oap.server.library.module.ApplicationConfiguration$PropertiesWrapper 103 [main] INFO  [] - [CTEST][PropertiesWrapper-reset] ###maxConcurrentCallsPerConnection### ***0***
2022-11-29 03:14:20,486 org.apache.skywalking.oap.server.library.module.ApplicationConfiguration$PropertiesWrapper 103 [main] INFO  [] - [CTEST][PropertiesWrapper-reset] ###enableEndpointNameGroupingByOpenapi### ***true***
2022-11-29 03:14:20,486 org.apache.skywalking.oap.server.library.module.ApplicationConfiguration$PropertiesWrapper 103 [main] INFO  [] - [CTEST][PropertiesWrapper-reset] ###httpMaxRequestHeaderSize### ***8192***
2022-11-29 03:14:20,487 org.apache.skywalking.oap.server.library.module.ApplicationConfiguration$PropertiesWrapper 103 [main] INFO  [] - [CTEST][PropertiesWrapper-reset] ###restAcceptQueueSize### ***0***
2022-11-29 03:14:20,487 org.apache.skywalking.oap.server.library.module.ApplicationConfiguration$PropertiesWrapper 103 [main] INFO  [] - [CTEST][PropertiesWrapper-reset] ###gRPCThreadPoolSize### ***-1***
2022-11-29 03:14:20,487 org.apache.skywalking.oap.server.starter.config.ApplicationConfigLoader 79 [main] INFO  [] - Get a module define from application.yml, module name: storage
2022-11-29 03:14:20,487 org.apache.skywalking.oap.server.library.module.ApplicationConfiguration 37 [main] WARN  [] - [CTEST][getModuleConfiguration] ###storage### java.lang.Thread	org.apache.skywalking.oap.server.library.module.ApplicationConfiguration	org.apache.skywalking.oap.server.library.module.ApplicationConfiguration	org.apache.skywalking.oap.server.starter.config.ApplicationConfigLoader	java.util.LinkedHashMap	org.apache.skywalking.oap.server.starter.config.ApplicationConfigLoader	org.apache.skywalking.oap.server.starter.config.ApplicationConfigLoader	org.apache.skywalking.oap.server.starter.config.ApplicationConfigLoaderTestCase	jdk.internal.reflect.NativeMethodAccessorImpl	jdk.internal.reflect.NativeMethodAccessorImpl	jdk.internal.reflect.DelegatingMethodAccessorImpl	java.lang.reflect.Method	org.junit.runners.model.FrameworkMethod$1	org.junit.internal.runners.model.ReflectiveCallable	org.junit.runners.model.FrameworkMethod	org.junit.internal.runners.statements.RunBefores	org.junit.internal.runners.statements.RunBefores	org.junit.runners.ParentRunner$3	org.junit.runners.BlockJUnit4ClassRunner$1	org.junit.runners.ParentRunner	org.junit.runners.BlockJUnit4ClassRunner	org.junit.runners.BlockJUnit4ClassRunner	org.junit.runners.ParentRunner$4	org.junit.runners.ParentRunner$1	org.junit.runners.ParentRunner	org.junit.runners.ParentRunner	org.junit.runners.ParentRunner$2	org.junit.runners.ParentRunner$3	org.junit.runners.ParentRunner	org.apache.maven.surefire.junit4.JUnit4Provider	org.apache.maven.surefire.junit4.JUnit4Provider	org.apache.maven.surefire.junit4.JUnit4Provider	org.apache.maven.surefire.junit4.JUnit4Provider	org.apache.maven.surefire.booter.ForkedBooter	org.apache.maven.surefire.booter.ForkedBooter	org.apache.maven.surefire.booter.ForkedBooter	org.apache.maven.surefire.booter.ForkedBooter	
2022-11-29 03:14:20,487 org.apache.skywalking.oap.server.starter.config.ApplicationConfigLoader 83 [main] INFO  [] - Get a provider define belong to storage module, provider name: mysql
2022-11-29 03:14:20,488 org.apache.skywalking.oap.server.starter.config.ApplicationConfigLoader 179 [main] INFO  [] - Provider=mysql config=jdbcUrl has been set as jdbc:mysql://localhost:3306/swtest?rewriteBatchedStatements=true
2022-11-29 03:14:20,489 org.apache.skywalking.oap.server.starter.config.ApplicationConfigLoader 179 [main] INFO  [] - Provider=mysql config=dataSource.user has been set as root
2022-11-29 03:14:20,490 org.apache.skywalking.oap.server.starter.config.ApplicationConfigLoader 199 [main] WARN  [] - yaml convert value type error, use origin values string. valueString=!AI!3B
org.yaml.snakeyaml.parser.ParserException: while parsing a node
 in 'string', line 1, column 1:
    !AI!3B
    ^
found undefined tag handle !AI!
 in 'string', line 1, column 1:
    !AI!3B
    ^

	at org.yaml.snakeyaml.parser.ParserImpl.parseNode(ParserImpl.java:448) ~[snakeyaml-1.28.jar:?]
	at org.yaml.snakeyaml.parser.ParserImpl.access$1400(ParserImpl.java:120) ~[snakeyaml-1.28.jar:?]
	at org.yaml.snakeyaml.parser.ParserImpl$ParseBlockNode.produce(ParserImpl.java:395) ~[snakeyaml-1.28.jar:?]
	at org.yaml.snakeyaml.parser.ParserImpl.peekEvent(ParserImpl.java:165) ~[snakeyaml-1.28.jar:?]
	at org.yaml.snakeyaml.comments.CommentEventsCollector$1.peek(CommentEventsCollector.java:59) ~[snakeyaml-1.28.jar:?]
	at org.yaml.snakeyaml.comments.CommentEventsCollector$1.peek(CommentEventsCollector.java:45) ~[snakeyaml-1.28.jar:?]
	at org.yaml.snakeyaml.comments.CommentEventsCollector.collectEvents(CommentEventsCollector.java:140) ~[snakeyaml-1.28.jar:?]
	at org.yaml.snakeyaml.comments.CommentEventsCollector.collectEvents(CommentEventsCollector.java:119) ~[snakeyaml-1.28.jar:?]
	at org.yaml.snakeyaml.composer.Composer.getNode(Composer.java:115) ~[snakeyaml-1.28.jar:?]
	at org.yaml.snakeyaml.composer.Composer.getSingleNode(Composer.java:146) ~[snakeyaml-1.28.jar:?]
	at org.yaml.snakeyaml.constructor.BaseConstructor.getSingleData(BaseConstructor.java:151) ~[snakeyaml-1.28.jar:?]
	at org.yaml.snakeyaml.Yaml.loadFromReader(Yaml.java:490) ~[snakeyaml-1.28.jar:?]
	at org.yaml.snakeyaml.Yaml.load(Yaml.java:416) ~[snakeyaml-1.28.jar:?]
	at org.apache.skywalking.oap.server.starter.config.ApplicationConfigLoader.convertValueString(ApplicationConfigLoader.java:192) ~[classes/:?]
	at org.apache.skywalking.oap.server.starter.config.ApplicationConfigLoader.replacePropertyAndLog(ApplicationConfigLoader.java:176) ~[classes/:?]
	at org.apache.skywalking.oap.server.starter.config.ApplicationConfigLoader.lambda$loadConfig$0(ApplicationConfigLoader.java:95) ~[classes/:?]
	at java.util.LinkedHashMap.forEach(LinkedHashMap.java:684) ~[?:?]
	at org.apache.skywalking.oap.server.starter.config.ApplicationConfigLoader.lambda$loadConfig$2(ApplicationConfigLoader.java:93) ~[classes/:?]
	at java.util.LinkedHashMap.forEach(LinkedHashMap.java:684) ~[?:?]
	at org.apache.skywalking.oap.server.starter.config.ApplicationConfigLoader.lambda$loadConfig$3(ApplicationConfigLoader.java:90) ~[classes/:?]
	at java.util.LinkedHashMap.forEach(LinkedHashMap.java:684) ~[?:?]
	at org.apache.skywalking.oap.server.starter.config.ApplicationConfigLoader.lambda$loadConfig$4(ApplicationConfigLoader.java:82) ~[classes/:?]
	at java.util.LinkedHashMap.forEach(LinkedHashMap.java:684) [?:?]
	at org.apache.skywalking.oap.server.starter.config.ApplicationConfigLoader.loadConfig(ApplicationConfigLoader.java:77) [classes/:?]
	at org.apache.skywalking.oap.server.starter.config.ApplicationConfigLoader.load(ApplicationConfigLoader.java:55) [classes/:?]
	at org.apache.skywalking.oap.server.starter.config.ApplicationConfigLoaderTestCase.setUp(ApplicationConfigLoaderTestCase.java:46) [test-classes/:?]
	at jdk.internal.reflect.NativeMethodAccessorImpl.invoke0(Native Method) ~[?:?]
	at jdk.internal.reflect.NativeMethodAccessorImpl.invoke(NativeMethodAccessorImpl.java:62) ~[?:?]
	at jdk.internal.reflect.DelegatingMethodAccessorImpl.invoke(DelegatingMethodAccessorImpl.java:43) ~[?:?]
	at java.lang.reflect.Method.invoke(Method.java:566) ~[?:?]
	at org.junit.runners.model.FrameworkMethod$1.runReflectiveCall(FrameworkMethod.java:59) [junit-4.13.1.jar:4.13.1]
	at org.junit.internal.runners.model.ReflectiveCallable.run(ReflectiveCallable.java:12) [junit-4.13.1.jar:4.13.1]
	at org.junit.runners.model.FrameworkMethod.invokeExplosively(FrameworkMethod.java:56) [junit-4.13.1.jar:4.13.1]
	at org.junit.internal.runners.statements.RunBefores.invokeMethod(RunBefores.java:33) [junit-4.13.1.jar:4.13.1]
	at org.junit.internal.runners.statements.RunBefores.evaluate(RunBefores.java:24) [junit-4.13.1.jar:4.13.1]
	at org.junit.runners.ParentRunner$3.evaluate(ParentRunner.java:306) [junit-4.13.1.jar:4.13.1]
	at org.junit.runners.BlockJUnit4ClassRunner$1.evaluate(BlockJUnit4ClassRunner.java:100) [junit-4.13.1.jar:4.13.1]
	at org.junit.runners.ParentRunner.runLeaf(ParentRunner.java:366) [junit-4.13.1.jar:4.13.1]
	at org.junit.runners.BlockJUnit4ClassRunner.runChild(BlockJUnit4ClassRunner.java:103) [junit-4.13.1.jar:4.13.1]
	at org.junit.runners.BlockJUnit4ClassRunner.runChild(BlockJUnit4ClassRunner.java:63) [junit-4.13.1.jar:4.13.1]
	at org.junit.runners.ParentRunner$4.run(ParentRunner.java:331) [junit-4.13.1.jar:4.13.1]
	at org.junit.runners.ParentRunner$1.schedule(ParentRunner.java:79) [junit-4.13.1.jar:4.13.1]
	at org.junit.runners.ParentRunner.runChildren(ParentRunner.java:329) [junit-4.13.1.jar:4.13.1]
	at org.junit.runners.ParentRunner.access$100(ParentRunner.java:66) [junit-4.13.1.jar:4.13.1]
	at org.junit.runners.ParentRunner$2.evaluate(ParentRunner.java:293) [junit-4.13.1.jar:4.13.1]
	at org.junit.runners.ParentRunner$3.evaluate(ParentRunner.java:306) [junit-4.13.1.jar:4.13.1]
	at org.junit.runners.ParentRunner.run(ParentRunner.java:413) [junit-4.13.1.jar:4.13.1]
	at org.apache.maven.surefire.junit4.JUnit4Provider.execute(JUnit4Provider.java:365) [surefire-junit4-2.22.2.jar:2.22.2]
	at org.apache.maven.surefire.junit4.JUnit4Provider.executeWithRerun(JUnit4Provider.java:273) [surefire-junit4-2.22.2.jar:2.22.2]
	at org.apache.maven.surefire.junit4.JUnit4Provider.executeTestSet(JUnit4Provider.java:238) [surefire-junit4-2.22.2.jar:2.22.2]
	at org.apache.maven.surefire.junit4.JUnit4Provider.invoke(JUnit4Provider.java:159) [surefire-junit4-2.22.2.jar:2.22.2]
	at org.apache.maven.surefire.booter.ForkedBooter.invokeProviderInSameClassLoader(ForkedBooter.java:384) [surefire-booter-2.22.2.jar:2.22.2]
	at org.apache.maven.surefire.booter.ForkedBooter.runSuitesInProcess(ForkedBooter.java:345) [surefire-booter-2.22.2.jar:2.22.2]
	at org.apache.maven.surefire.booter.ForkedBooter.execute(ForkedBooter.java:126) [surefire-booter-2.22.2.jar:2.22.2]
	at org.apache.maven.surefire.booter.ForkedBooter.main(ForkedBooter.java:418) [surefire-booter-2.22.2.jar:2.22.2]
2022-11-29 03:14:20,520 org.apache.skywalking.oap.server.starter.config.ApplicationConfigLoader 179 [main] INFO  [] - Provider=mysql config=dataSource.password has been set as !AI!3B
2022-11-29 03:14:20,520 org.apache.skywalking.oap.server.starter.config.ApplicationConfigLoader 179 [main] INFO  [] - Provider=mysql config=dataSource.cachePrepStmts has been set as true
2022-11-29 03:14:20,520 org.apache.skywalking.oap.server.starter.config.ApplicationConfigLoader 179 [main] INFO  [] - Provider=mysql config=dataSource.prepStmtCacheSize has been set as 250
2022-11-29 03:14:20,523 org.apache.skywalking.oap.server.starter.config.ApplicationConfigLoader 179 [main] INFO  [] - Provider=mysql config=dataSource.prepStmtCacheSqlLimit has been set as 2048
2022-11-29 03:14:20,523 org.apache.skywalking.oap.server.starter.config.ApplicationConfigLoader 179 [main] INFO  [] - Provider=mysql config=dataSource.useServerPrepStmts has been set as true
2022-11-29 03:14:20,526 org.apache.skywalking.oap.server.library.module.ApplicationConfiguration$SubPropertiesWrapper 124 [main] INFO  [] - [CTEST][SubPropertiesWrapper-reset] ###dataSource.prepStmtCacheSqlLimit### ***2048***
2022-11-29 03:14:20,527 org.apache.skywalking.oap.server.library.module.ApplicationConfiguration$SubPropertiesWrapper 124 [main] INFO  [] - [CTEST][SubPropertiesWrapper-reset] ###dataSource.cachePrepStmts### ***true***
2022-11-29 03:14:20,528 org.apache.skywalking.oap.server.library.module.ApplicationConfiguration$SubPropertiesWrapper 124 [main] INFO  [] - [CTEST][SubPropertiesWrapper-reset] ###jdbcUrl### ***jdbc:mysql://localhost:3306/swtest?rewriteBatchedStatements=true***
2022-11-29 03:14:20,528 org.apache.skywalking.oap.server.library.module.ApplicationConfiguration$SubPropertiesWrapper 124 [main] INFO  [] - [CTEST][SubPropertiesWrapper-reset] ###dataSource.password### ***!AI!3B***
2022-11-29 03:14:20,533 org.apache.skywalking.oap.server.library.module.ApplicationConfiguration$SubPropertiesWrapper 124 [main] INFO  [] - [CTEST][SubPropertiesWrapper-reset] ###dataSource.user### ***root***
2022-11-29 03:14:20,533 org.apache.skywalking.oap.server.library.module.ApplicationConfiguration$SubPropertiesWrapper 124 [main] INFO  [] - [CTEST][SubPropertiesWrapper-reset] ###dataSource.prepStmtCacheSize### ***250***
2022-11-29 03:14:20,533 org.apache.skywalking.oap.server.library.module.ApplicationConfiguration$SubPropertiesWrapper 124 [main] INFO  [] - [CTEST][SubPropertiesWrapper-reset] ###dataSource.useServerPrepStmts### ***true***
2022-11-29 03:14:20,533 org.apache.skywalking.oap.server.starter.config.ApplicationConfigLoader 179 [main] INFO  [] - Provider=mysql config=metadataQueryMaxSize has been set as 5000
2022-11-29 03:14:20,535 org.apache.skywalking.oap.server.starter.config.ApplicationConfigLoader 179 [main] INFO  [] - Provider=mysql config=maxSizeOfBatchSql has been set as 2000
2022-11-29 03:14:20,536 org.apache.skywalking.oap.server.starter.config.ApplicationConfigLoader 179 [main] INFO  [] - Provider=mysql config=asyncBatchPersistentPoolSize has been set as 4
2022-11-29 03:14:20,538 org.apache.skywalking.oap.server.library.module.ApplicationConfiguration$ModuleConfiguration 80 [main] WARN  [] - [CTEST][getProviderConfiguration] ###mysql### providers {metadataQueryMaxSize=5000, asyncBatchPersistentPoolSize=4, maxSizeOfBatchSql=2000, properties={dataSource.prepStmtCacheSqlLimit=2048, dataSource.cachePrepStmts=true, jdbcUrl=jdbc:mysql://localhost:3306/swtest?rewriteBatchedStatements=true, dataSource.password=!AI!3B, dataSource.user=root, dataSource.prepStmtCacheSize=250, dataSource.useServerPrepStmts=true}} java.lang.Thread	org.apache.skywalking.oap.server.library.module.ApplicationConfiguration	org.apache.skywalking.oap.server.library.module.ApplicationConfiguration	org.apache.skywalking.oap.server.library.module.ApplicationConfiguration$ModuleConfiguration	org.apache.skywalking.oap.server.starter.config.ApplicationConfigLoader	java.util.LinkedHashMap	org.apache.skywalking.oap.server.starter.config.ApplicationConfigLoader	java.util.LinkedHashMap	org.apache.skywalking.oap.server.starter.config.ApplicationConfigLoader	org.apache.skywalking.oap.server.starter.config.ApplicationConfigLoader	org.apache.skywalking.oap.server.starter.config.ApplicationConfigLoaderTestCase	jdk.internal.reflect.NativeMethodAccessorImpl	jdk.internal.reflect.NativeMethodAccessorImpl	jdk.internal.reflect.DelegatingMethodAccessorImpl	java.lang.reflect.Method	org.junit.runners.model.FrameworkMethod$1	org.junit.internal.runners.model.ReflectiveCallable	org.junit.runners.model.FrameworkMethod	org.junit.internal.runners.statements.RunBefores	org.junit.internal.runners.statements.RunBefores	org.junit.runners.ParentRunner$3	org.junit.runners.BlockJUnit4ClassRunner$1	org.junit.runners.ParentRunner	org.junit.runners.BlockJUnit4ClassRunner	org.junit.runners.BlockJUnit4ClassRunner	org.junit.runners.ParentRunner$4	org.junit.runners.ParentRunner$1	org.junit.runners.ParentRunner	org.junit.runners.ParentRunner	org.junit.runners.ParentRunner$2	org.junit.runners.ParentRunner$3	org.junit.runners.ParentRunner	org.apache.maven.surefire.junit4.JUnit4Provider	org.apache.maven.surefire.junit4.JUnit4Provider	org.apache.maven.surefire.junit4.JUnit4Provider	org.apache.maven.surefire.junit4.JUnit4Provider	org.apache.maven.surefire.booter.ForkedBooter	org.apache.maven.surefire.booter.ForkedBooter	org.apache.maven.surefire.booter.ForkedBooter	org.apache.maven.surefire.booter.ForkedBooter	
2022-11-29 03:14:20,539 org.apache.skywalking.oap.server.library.module.ApplicationConfiguration$PropertiesWrapper 103 [main] INFO  [] - [CTEST][PropertiesWrapper-reset] ###metadataQueryMaxSize### ***5000***
2022-11-29 03:14:20,539 org.apache.skywalking.oap.server.library.module.ApplicationConfiguration$PropertiesWrapper 103 [main] INFO  [] - [CTEST][PropertiesWrapper-reset] ###asyncBatchPersistentPoolSize### ***4***
2022-11-29 03:14:20,539 org.apache.skywalking.oap.server.library.module.ApplicationConfiguration$PropertiesWrapper 103 [main] INFO  [] - [CTEST][PropertiesWrapper-reset] ###maxSizeOfBatchSql### ***2000***
2022-11-29 03:14:20,539 org.apache.skywalking.oap.server.library.module.ApplicationConfiguration$PropertiesWrapper 103 [main] INFO  [] - [CTEST][PropertiesWrapper-reset] ###properties### ***{dataSource.prepStmtCacheSqlLimit=2048, dataSource.cachePrepStmts=true, jdbcUrl=jdbc:mysql://localhost:3306/swtest?rewriteBatchedStatements=true, dataSource.password=!AI!3B, dataSource.user=root, dataSource.prepStmtCacheSize=250, dataSource.useServerPrepStmts=true}***
2022-11-29 03:14:20,540 org.apache.skywalking.oap.server.starter.config.ApplicationConfigLoader 79 [main] INFO  [] - Get a module define from application.yml, module name: agent-analyzer
2022-11-29 03:14:20,540 org.apache.skywalking.oap.server.library.module.ApplicationConfiguration 37 [main] WARN  [] - [CTEST][getModuleConfiguration] ###agent-analyzer### java.lang.Thread	org.apache.skywalking.oap.server.library.module.ApplicationConfiguration	org.apache.skywalking.oap.server.library.module.ApplicationConfiguration	org.apache.skywalking.oap.server.starter.config.ApplicationConfigLoader	java.util.LinkedHashMap	org.apache.skywalking.oap.server.starter.config.ApplicationConfigLoader	org.apache.skywalking.oap.server.starter.config.ApplicationConfigLoader	org.apache.skywalking.oap.server.starter.config.ApplicationConfigLoaderTestCase	jdk.internal.reflect.NativeMethodAccessorImpl	jdk.internal.reflect.NativeMethodAccessorImpl	jdk.internal.reflect.DelegatingMethodAccessorImpl	java.lang.reflect.Method	org.junit.runners.model.FrameworkMethod$1	org.junit.internal.runners.model.ReflectiveCallable	org.junit.runners.model.FrameworkMethod	org.junit.internal.runners.statements.RunBefores	org.junit.internal.runners.statements.RunBefores	org.junit.runners.ParentRunner$3	org.junit.runners.BlockJUnit4ClassRunner$1	org.junit.runners.ParentRunner	org.junit.runners.BlockJUnit4ClassRunner	org.junit.runners.BlockJUnit4ClassRunner	org.junit.runners.ParentRunner$4	org.junit.runners.ParentRunner$1	org.junit.runners.ParentRunner	org.junit.runners.ParentRunner	org.junit.runners.ParentRunner$2	org.junit.runners.ParentRunner$3	org.junit.runners.ParentRunner	org.apache.maven.surefire.junit4.JUnit4Provider	org.apache.maven.surefire.junit4.JUnit4Provider	org.apache.maven.surefire.junit4.JUnit4Provider	org.apache.maven.surefire.junit4.JUnit4Provider	org.apache.maven.surefire.booter.ForkedBooter	org.apache.maven.surefire.booter.ForkedBooter	org.apache.maven.surefire.booter.ForkedBooter	org.apache.maven.surefire.booter.ForkedBooter	
2022-11-29 03:14:20,540 org.apache.skywalking.oap.server.starter.config.ApplicationConfigLoader 83 [main] INFO  [] - Get a provider define belong to agent-analyzer module, provider name: default
2022-11-29 03:14:20,542 org.apache.skywalking.oap.server.starter.config.ApplicationConfigLoader 179 [main] INFO  [] - Provider=default config=traceSamplingPolicySettingsFile has been set as trace-sampling-policy-settings.yml
2022-11-29 03:14:20,543 org.apache.skywalking.oap.server.starter.config.ApplicationConfigLoader 179 [main] INFO  [] - Provider=default config=slowDBAccessThreshold has been set as default:200,mongodb:100
2022-11-29 03:14:20,543 org.apache.skywalking.oap.server.starter.config.ApplicationConfigLoader 179 [main] INFO  [] - Provider=default config=forceSampleErrorSegment has been set as true
2022-11-29 03:14:20,543 org.apache.skywalking.oap.server.starter.config.ApplicationConfigLoader 179 [main] INFO  [] - Provider=default config=segmentStatusAnalysisStrategy has been set as FROM_SPAN_STATUS
2022-11-29 03:14:20,544 org.apache.skywalking.oap.server.starter.config.ApplicationConfigLoader 179 [main] INFO  [] - Provider=default config=noUpstreamRealAddressAgents has been set as 6000,9000
2022-11-29 03:14:20,545 org.apache.skywalking.oap.server.starter.config.ApplicationConfigLoader 179 [main] INFO  [] - Provider=default config=meterAnalyzerActiveFiles has been set as datasource,threadpool,satellite
2022-11-29 03:14:20,545 org.apache.skywalking.oap.server.library.module.ApplicationConfiguration$ModuleConfiguration 80 [main] WARN  [] - [CTEST][getProviderConfiguration] ###default### providers {traceSamplingPolicySettingsFile=trace-sampling-policy-settings.yml, meterAnalyzerActiveFiles=datasource,threadpool,satellite, segmentStatusAnalysisStrategy=FROM_SPAN_STATUS, slowDBAccessThreshold=default:200,mongodb:100, noUpstreamRealAddressAgents=6000,9000, forceSampleErrorSegment=true} java.lang.Thread	org.apache.skywalking.oap.server.library.module.ApplicationConfiguration	org.apache.skywalking.oap.server.library.module.ApplicationConfiguration	org.apache.skywalking.oap.server.library.module.ApplicationConfiguration$ModuleConfiguration	org.apache.skywalking.oap.server.starter.config.ApplicationConfigLoader	java.util.LinkedHashMap	org.apache.skywalking.oap.server.starter.config.ApplicationConfigLoader	java.util.LinkedHashMap	org.apache.skywalking.oap.server.starter.config.ApplicationConfigLoader	org.apache.skywalking.oap.server.starter.config.ApplicationConfigLoader	org.apache.skywalking.oap.server.starter.config.ApplicationConfigLoaderTestCase	jdk.internal.reflect.NativeMethodAccessorImpl	jdk.internal.reflect.NativeMethodAccessorImpl	jdk.internal.reflect.DelegatingMethodAccessorImpl	java.lang.reflect.Method	org.junit.runners.model.FrameworkMethod$1	org.junit.internal.runners.model.ReflectiveCallable	org.junit.runners.model.FrameworkMethod	org.junit.internal.runners.statements.RunBefores	org.junit.internal.runners.statements.RunBefores	org.junit.runners.ParentRunner$3	org.junit.runners.BlockJUnit4ClassRunner$1	org.junit.runners.ParentRunner	org.junit.runners.BlockJUnit4ClassRunner	org.junit.runners.BlockJUnit4ClassRunner	org.junit.runners.ParentRunner$4	org.junit.runners.ParentRunner$1	org.junit.runners.ParentRunner	org.junit.runners.ParentRunner	org.junit.runners.ParentRunner$2	org.junit.runners.ParentRunner$3	org.junit.runners.ParentRunner	org.apache.maven.surefire.junit4.JUnit4Provider	org.apache.maven.surefire.junit4.JUnit4Provider	org.apache.maven.surefire.junit4.JUnit4Provider	org.apache.maven.surefire.junit4.JUnit4Provider	org.apache.maven.surefire.booter.ForkedBooter	org.apache.maven.surefire.booter.ForkedBooter	org.apache.maven.surefire.booter.ForkedBooter	org.apache.maven.surefire.booter.ForkedBooter	
2022-11-29 03:14:20,545 org.apache.skywalking.oap.server.library.module.ApplicationConfiguration$PropertiesWrapper 103 [main] INFO  [] - [CTEST][PropertiesWrapper-reset] ###traceSamplingPolicySettingsFile### ***trace-sampling-policy-settings.yml***
2022-11-29 03:14:20,546 org.apache.skywalking.oap.server.library.module.ApplicationConfiguration$PropertiesWrapper 103 [main] INFO  [] - [CTEST][PropertiesWrapper-reset] ###meterAnalyzerActiveFiles### ***datasource,threadpool,satellite***
2022-11-29 03:14:20,547 org.apache.skywalking.oap.server.library.module.ApplicationConfiguration$PropertiesWrapper 103 [main] INFO  [] - [CTEST][PropertiesWrapper-reset] ###segmentStatusAnalysisStrategy### ***FROM_SPAN_STATUS***
2022-11-29 03:14:20,547 org.apache.skywalking.oap.server.library.module.ApplicationConfiguration$PropertiesWrapper 103 [main] INFO  [] - [CTEST][PropertiesWrapper-reset] ###slowDBAccessThreshold### ***default:200,mongodb:100***
2022-11-29 03:14:20,547 org.apache.skywalking.oap.server.library.module.ApplicationConfiguration$PropertiesWrapper 103 [main] INFO  [] - [CTEST][PropertiesWrapper-reset] ###noUpstreamRealAddressAgents### ***6000,9000***
2022-11-29 03:14:20,547 org.apache.skywalking.oap.server.library.module.ApplicationConfiguration$PropertiesWrapper 103 [main] INFO  [] - [CTEST][PropertiesWrapper-reset] ###forceSampleErrorSegment### ***true***
2022-11-29 03:14:20,547 org.apache.skywalking.oap.server.starter.config.ApplicationConfigLoader 79 [main] INFO  [] - Get a module define from application.yml, module name: log-analyzer
2022-11-29 03:14:20,547 org.apache.skywalking.oap.server.library.module.ApplicationConfiguration 37 [main] WARN  [] - [CTEST][getModuleConfiguration] ###log-analyzer### java.lang.Thread	org.apache.skywalking.oap.server.library.module.ApplicationConfiguration	org.apache.skywalking.oap.server.library.module.ApplicationConfiguration	org.apache.skywalking.oap.server.starter.config.ApplicationConfigLoader	java.util.LinkedHashMap	org.apache.skywalking.oap.server.starter.config.ApplicationConfigLoader	org.apache.skywalking.oap.server.starter.config.ApplicationConfigLoader	org.apache.skywalking.oap.server.starter.config.ApplicationConfigLoaderTestCase	jdk.internal.reflect.NativeMethodAccessorImpl	jdk.internal.reflect.NativeMethodAccessorImpl	jdk.internal.reflect.DelegatingMethodAccessorImpl	java.lang.reflect.Method	org.junit.runners.model.FrameworkMethod$1	org.junit.internal.runners.model.ReflectiveCallable	org.junit.runners.model.FrameworkMethod	org.junit.internal.runners.statements.RunBefores	org.junit.internal.runners.statements.RunBefores	org.junit.runners.ParentRunner$3	org.junit.runners.BlockJUnit4ClassRunner$1	org.junit.runners.ParentRunner	org.junit.runners.BlockJUnit4ClassRunner	org.junit.runners.BlockJUnit4ClassRunner	org.junit.runners.ParentRunner$4	org.junit.runners.ParentRunner$1	org.junit.runners.ParentRunner	org.junit.runners.ParentRunner	org.junit.runners.ParentRunner$2	org.junit.runners.ParentRunner$3	org.junit.runners.ParentRunner	org.apache.maven.surefire.junit4.JUnit4Provider	org.apache.maven.surefire.junit4.JUnit4Provider	org.apache.maven.surefire.junit4.JUnit4Provider	org.apache.maven.surefire.junit4.JUnit4Provider	org.apache.maven.surefire.booter.ForkedBooter	org.apache.maven.surefire.booter.ForkedBooter	org.apache.maven.surefire.booter.ForkedBooter	org.apache.maven.surefire.booter.ForkedBooter	
2022-11-29 03:14:20,547 org.apache.skywalking.oap.server.starter.config.ApplicationConfigLoader 83 [main] INFO  [] - Get a provider define belong to log-analyzer module, provider name: default
2022-11-29 03:14:20,548 org.apache.skywalking.oap.server.starter.config.ApplicationConfigLoader 179 [main] INFO  [] - Provider=default config=lalFiles has been set as default
2022-11-29 03:14:20,548 org.apache.skywalking.oap.server.starter.config.ApplicationConfigLoader 179 [main] INFO  [] - Provider=default config=malFiles has been set as 
2022-11-29 03:14:20,548 org.apache.skywalking.oap.server.library.module.ApplicationConfiguration$ModuleConfiguration 80 [main] WARN  [] - [CTEST][getProviderConfiguration] ###default### providers {lalFiles=default, malFiles=} java.lang.Thread	org.apache.skywalking.oap.server.library.module.ApplicationConfiguration	org.apache.skywalking.oap.server.library.module.ApplicationConfiguration	org.apache.skywalking.oap.server.library.module.ApplicationConfiguration$ModuleConfiguration	org.apache.skywalking.oap.server.starter.config.ApplicationConfigLoader	java.util.LinkedHashMap	org.apache.skywalking.oap.server.starter.config.ApplicationConfigLoader	java.util.LinkedHashMap	org.apache.skywalking.oap.server.starter.config.ApplicationConfigLoader	org.apache.skywalking.oap.server.starter.config.ApplicationConfigLoader	org.apache.skywalking.oap.server.starter.config.ApplicationConfigLoaderTestCase	jdk.internal.reflect.NativeMethodAccessorImpl	jdk.internal.reflect.NativeMethodAccessorImpl	jdk.internal.reflect.DelegatingMethodAccessorImpl	java.lang.reflect.Method	org.junit.runners.model.FrameworkMethod$1	org.junit.internal.runners.model.ReflectiveCallable	org.junit.runners.model.FrameworkMethod	org.junit.internal.runners.statements.RunBefores	org.junit.internal.runners.statements.RunBefores	org.junit.runners.ParentRunner$3	org.junit.runners.BlockJUnit4ClassRunner$1	org.junit.runners.ParentRunner	org.junit.runners.BlockJUnit4ClassRunner	org.junit.runners.BlockJUnit4ClassRunner	org.junit.runners.ParentRunner$4	org.junit.runners.ParentRunner$1	org.junit.runners.ParentRunner	org.junit.runners.ParentRunner	org.junit.runners.ParentRunner$2	org.junit.runners.ParentRunner$3	org.junit.runners.ParentRunner	org.apache.maven.surefire.junit4.JUnit4Provider	org.apache.maven.surefire.junit4.JUnit4Provider	org.apache.maven.surefire.junit4.JUnit4Provider	org.apache.maven.surefire.junit4.JUnit4Provider	org.apache.maven.surefire.booter.ForkedBooter	org.apache.maven.surefire.booter.ForkedBooter	org.apache.maven.surefire.booter.ForkedBooter	org.apache.maven.surefire.booter.ForkedBooter	
2022-11-29 03:14:20,548 org.apache.skywalking.oap.server.library.module.ApplicationConfiguration$PropertiesWrapper 103 [main] INFO  [] - [CTEST][PropertiesWrapper-reset] ###lalFiles### ***default***
2022-11-29 03:14:20,548 org.apache.skywalking.oap.server.library.module.ApplicationConfiguration$PropertiesWrapper 103 [main] INFO  [] - [CTEST][PropertiesWrapper-reset] ###malFiles### ******
2022-11-29 03:14:20,548 org.apache.skywalking.oap.server.starter.config.ApplicationConfigLoader 79 [main] INFO  [] - Get a module define from application.yml, module name: event-analyzer
2022-11-29 03:14:20,548 org.apache.skywalking.oap.server.library.module.ApplicationConfiguration 37 [main] WARN  [] - [CTEST][getModuleConfiguration] ###event-analyzer### java.lang.Thread	org.apache.skywalking.oap.server.library.module.ApplicationConfiguration	org.apache.skywalking.oap.server.library.module.ApplicationConfiguration	org.apache.skywalking.oap.server.starter.config.ApplicationConfigLoader	java.util.LinkedHashMap	org.apache.skywalking.oap.server.starter.config.ApplicationConfigLoader	org.apache.skywalking.oap.server.starter.config.ApplicationConfigLoader	org.apache.skywalking.oap.server.starter.config.ApplicationConfigLoaderTestCase	jdk.internal.reflect.NativeMethodAccessorImpl	jdk.internal.reflect.NativeMethodAccessorImpl	jdk.internal.reflect.DelegatingMethodAccessorImpl	java.lang.reflect.Method	org.junit.runners.model.FrameworkMethod$1	org.junit.internal.runners.model.ReflectiveCallable	org.junit.runners.model.FrameworkMethod	org.junit.internal.runners.statements.RunBefores	org.junit.internal.runners.statements.RunBefores	org.junit.runners.ParentRunner$3	org.junit.runners.BlockJUnit4ClassRunner$1	org.junit.runners.ParentRunner	org.junit.runners.BlockJUnit4ClassRunner	org.junit.runners.BlockJUnit4ClassRunner	org.junit.runners.ParentRunner$4	org.junit.runners.ParentRunner$1	org.junit.runners.ParentRunner	org.junit.runners.ParentRunner	org.junit.runners.ParentRunner$2	org.junit.runners.ParentRunner$3	org.junit.runners.ParentRunner	org.apache.maven.surefire.junit4.JUnit4Provider	org.apache.maven.surefire.junit4.JUnit4Provider	org.apache.maven.surefire.junit4.JUnit4Provider	org.apache.maven.surefire.junit4.JUnit4Provider	org.apache.maven.surefire.booter.ForkedBooter	org.apache.maven.surefire.booter.ForkedBooter	org.apache.maven.surefire.booter.ForkedBooter	org.apache.maven.surefire.booter.ForkedBooter	
2022-11-29 03:14:20,549 org.apache.skywalking.oap.server.starter.config.ApplicationConfigLoader 83 [main] INFO  [] - Get a provider define belong to event-analyzer module, provider name: default
2022-11-29 03:14:20,549 org.apache.skywalking.oap.server.library.module.ApplicationConfiguration$ModuleConfiguration 80 [main] WARN  [] - [CTEST][getProviderConfiguration] ###default### providers {} java.lang.Thread	org.apache.skywalking.oap.server.library.module.ApplicationConfiguration	org.apache.skywalking.oap.server.library.module.ApplicationConfiguration	org.apache.skywalking.oap.server.library.module.ApplicationConfiguration$ModuleConfiguration	org.apache.skywalking.oap.server.starter.config.ApplicationConfigLoader	java.util.LinkedHashMap	org.apache.skywalking.oap.server.starter.config.ApplicationConfigLoader	java.util.LinkedHashMap	org.apache.skywalking.oap.server.starter.config.ApplicationConfigLoader	org.apache.skywalking.oap.server.starter.config.ApplicationConfigLoader	org.apache.skywalking.oap.server.starter.config.ApplicationConfigLoaderTestCase	jdk.internal.reflect.NativeMethodAccessorImpl	jdk.internal.reflect.NativeMethodAccessorImpl	jdk.internal.reflect.DelegatingMethodAccessorImpl	java.lang.reflect.Method	org.junit.runners.model.FrameworkMethod$1	org.junit.internal.runners.model.ReflectiveCallable	org.junit.runners.model.FrameworkMethod	org.junit.internal.runners.statements.RunBefores	org.junit.internal.runners.statements.RunBefores	org.junit.runners.ParentRunner$3	org.junit.runners.BlockJUnit4ClassRunner$1	org.junit.runners.ParentRunner	org.junit.runners.BlockJUnit4ClassRunner	org.junit.runners.BlockJUnit4ClassRunner	org.junit.runners.ParentRunner$4	org.junit.runners.ParentRunner$1	org.junit.runners.ParentRunner	org.junit.runners.ParentRunner	org.junit.runners.ParentRunner$2	org.junit.runners.ParentRunner$3	org.junit.runners.ParentRunner	org.apache.maven.surefire.junit4.JUnit4Provider	org.apache.maven.surefire.junit4.JUnit4Provider	org.apache.maven.surefire.junit4.JUnit4Provider	org.apache.maven.surefire.junit4.JUnit4Provider	org.apache.maven.surefire.booter.ForkedBooter	org.apache.maven.surefire.booter.ForkedBooter	org.apache.maven.surefire.booter.ForkedBooter	org.apache.maven.surefire.booter.ForkedBooter	
2022-11-29 03:14:20,549 org.apache.skywalking.oap.server.starter.config.ApplicationConfigLoader 79 [main] INFO  [] - Get a module define from application.yml, module name: receiver-sharing-server
2022-11-29 03:14:20,549 org.apache.skywalking.oap.server.library.module.ApplicationConfiguration 37 [main] WARN  [] - [CTEST][getModuleConfiguration] ###receiver-sharing-server### java.lang.Thread	org.apache.skywalking.oap.server.library.module.ApplicationConfiguration	org.apache.skywalking.oap.server.library.module.ApplicationConfiguration	org.apache.skywalking.oap.server.starter.config.ApplicationConfigLoader	java.util.LinkedHashMap	org.apache.skywalking.oap.server.starter.config.ApplicationConfigLoader	org.apache.skywalking.oap.server.starter.config.ApplicationConfigLoader	org.apache.skywalking.oap.server.starter.config.ApplicationConfigLoaderTestCase	jdk.internal.reflect.NativeMethodAccessorImpl	jdk.internal.reflect.NativeMethodAccessorImpl	jdk.internal.reflect.DelegatingMethodAccessorImpl	java.lang.reflect.Method	org.junit.runners.model.FrameworkMethod$1	org.junit.internal.runners.model.ReflectiveCallable	org.junit.runners.model.FrameworkMethod	org.junit.internal.runners.statements.RunBefores	org.junit.internal.runners.statements.RunBefores	org.junit.runners.ParentRunner$3	org.junit.runners.BlockJUnit4ClassRunner$1	org.junit.runners.ParentRunner	org.junit.runners.BlockJUnit4ClassRunner	org.junit.runners.BlockJUnit4ClassRunner	org.junit.runners.ParentRunner$4	org.junit.runners.ParentRunner$1	org.junit.runners.ParentRunner	org.junit.runners.ParentRunner	org.junit.runners.ParentRunner$2	org.junit.runners.ParentRunner$3	org.junit.runners.ParentRunner	org.apache.maven.surefire.junit4.JUnit4Provider	org.apache.maven.surefire.junit4.JUnit4Provider	org.apache.maven.surefire.junit4.JUnit4Provider	org.apache.maven.surefire.junit4.JUnit4Provider	org.apache.maven.surefire.booter.ForkedBooter	org.apache.maven.surefire.booter.ForkedBooter	org.apache.maven.surefire.booter.ForkedBooter	org.apache.maven.surefire.booter.ForkedBooter	
2022-11-29 03:14:20,549 org.apache.skywalking.oap.server.starter.config.ApplicationConfigLoader 83 [main] INFO  [] - Get a provider define belong to receiver-sharing-server module, provider name: default
2022-11-29 03:14:20,549 org.apache.skywalking.oap.server.starter.config.ApplicationConfigLoader 179 [main] INFO  [] - Provider=default config=restHost has been set as 0.0.0.0
2022-11-29 03:14:20,550 org.apache.skywalking.oap.server.starter.config.ApplicationConfigLoader 179 [main] INFO  [] - Provider=default config=restPort has been set as 0
2022-11-29 03:14:20,550 org.apache.skywalking.oap.server.starter.config.ApplicationConfigLoader 179 [main] INFO  [] - Provider=default config=restContextPath has been set as /
2022-11-29 03:14:20,550 org.apache.skywalking.oap.server.starter.config.ApplicationConfigLoader 179 [main] INFO  [] - Provider=default config=restMaxThreads has been set as 200
2022-11-29 03:14:20,551 org.apache.skywalking.oap.server.starter.config.ApplicationConfigLoader 179 [main] INFO  [] - Provider=default config=restIdleTimeOut has been set as 30000
2022-11-29 03:14:20,551 org.apache.skywalking.oap.server.starter.config.ApplicationConfigLoader 179 [main] INFO  [] - Provider=default config=restAcceptQueueSize has been set as 0
2022-11-29 03:14:20,551 org.apache.skywalking.oap.server.starter.config.ApplicationConfigLoader 179 [main] INFO  [] - Provider=default config=httpMaxRequestHeaderSize has been set as 8192
2022-11-29 03:14:20,552 org.apache.skywalking.oap.server.starter.config.ApplicationConfigLoader 179 [main] INFO  [] - Provider=default config=gRPCHost has been set as 0.0.0.0
2022-11-29 03:14:20,553 org.apache.skywalking.oap.server.starter.config.ApplicationConfigLoader 179 [main] INFO  [] - Provider=default config=gRPCPort has been set as 0
2022-11-29 03:14:20,553 org.apache.skywalking.oap.server.starter.config.ApplicationConfigLoader 179 [main] INFO  [] - Provider=default config=maxConcurrentCallsPerConnection has been set as 0
2022-11-29 03:14:20,554 org.apache.skywalking.oap.server.starter.config.ApplicationConfigLoader 179 [main] INFO  [] - Provider=default config=maxMessageSize has been set as 0
2022-11-29 03:14:20,554 org.apache.skywalking.oap.server.starter.config.ApplicationConfigLoader 179 [main] INFO  [] - Provider=default config=gRPCThreadPoolQueueSize has been set as 0
2022-11-29 03:14:20,554 org.apache.skywalking.oap.server.starter.config.ApplicationConfigLoader 179 [main] INFO  [] - Provider=default config=gRPCThreadPoolSize has been set as 0
2022-11-29 03:14:20,555 org.apache.skywalking.oap.server.starter.config.ApplicationConfigLoader 179 [main] INFO  [] - Provider=default config=gRPCSslEnabled has been set as false
2022-11-29 03:14:20,556 org.apache.skywalking.oap.server.starter.config.ApplicationConfigLoader 179 [main] INFO  [] - Provider=default config=gRPCSslKeyPath has been set as 
2022-11-29 03:14:20,556 org.apache.skywalking.oap.server.starter.config.ApplicationConfigLoader 179 [main] INFO  [] - Provider=default config=gRPCSslCertChainPath has been set as 
2022-11-29 03:14:20,556 org.apache.skywalking.oap.server.starter.config.ApplicationConfigLoader 179 [main] INFO  [] - Provider=default config=gRPCSslTrustedCAsPath has been set as 
2022-11-29 03:14:20,557 org.apache.skywalking.oap.server.starter.config.ApplicationConfigLoader 179 [main] INFO  [] - Provider=default config=authentication has been set as 
2022-11-29 03:14:20,557 org.apache.skywalking.oap.server.library.module.ApplicationConfiguration$ModuleConfiguration 80 [main] WARN  [] - [CTEST][getProviderConfiguration] ###default### providers {restHost=0.0.0.0, gRPCHost=0.0.0.0, gRPCSslKeyPath=, restIdleTimeOut=30000, gRPCPort=0, restPort=0, gRPCSslEnabled=false, restContextPath=/, restMaxThreads=200, maxConcurrentCallsPerConnection=0, gRPCThreadPoolQueueSize=0, gRPCSslTrustedCAsPath=, httpMaxRequestHeaderSize=8192, restAcceptQueueSize=0, maxMessageSize=0, gRPCThreadPoolSize=0, gRPCSslCertChainPath=, authentication=} java.lang.Thread	org.apache.skywalking.oap.server.library.module.ApplicationConfiguration	org.apache.skywalking.oap.server.library.module.ApplicationConfiguration	org.apache.skywalking.oap.server.library.module.ApplicationConfiguration$ModuleConfiguration	org.apache.skywalking.oap.server.starter.config.ApplicationConfigLoader	java.util.LinkedHashMap	org.apache.skywalking.oap.server.starter.config.ApplicationConfigLoader	java.util.LinkedHashMap	org.apache.skywalking.oap.server.starter.config.ApplicationConfigLoader	org.apache.skywalking.oap.server.starter.config.ApplicationConfigLoader	org.apache.skywalking.oap.server.starter.config.ApplicationConfigLoaderTestCase	jdk.internal.reflect.NativeMethodAccessorImpl	jdk.internal.reflect.NativeMethodAccessorImpl	jdk.internal.reflect.DelegatingMethodAccessorImpl	java.lang.reflect.Method	org.junit.runners.model.FrameworkMethod$1	org.junit.internal.runners.model.ReflectiveCallable	org.junit.runners.model.FrameworkMethod	org.junit.internal.runners.statements.RunBefores	org.junit.internal.runners.statements.RunBefores	org.junit.runners.ParentRunner$3	org.junit.runners.BlockJUnit4ClassRunner$1	org.junit.runners.ParentRunner	org.junit.runners.BlockJUnit4ClassRunner	org.junit.runners.BlockJUnit4ClassRunner	org.junit.runners.ParentRunner$4	org.junit.runners.ParentRunner$1	org.junit.runners.ParentRunner	org.junit.runners.ParentRunner	org.junit.runners.ParentRunner$2	org.junit.runners.ParentRunner$3	org.junit.runners.ParentRunner	org.apache.maven.surefire.junit4.JUnit4Provider	org.apache.maven.surefire.junit4.JUnit4Provider	org.apache.maven.surefire.junit4.JUnit4Provider	org.apache.maven.surefire.junit4.JUnit4Provider	org.apache.maven.surefire.booter.ForkedBooter	org.apache.maven.surefire.booter.ForkedBooter	org.apache.maven.surefire.booter.ForkedBooter	org.apache.maven.surefire.booter.ForkedBooter	
2022-11-29 03:14:20,557 org.apache.skywalking.oap.server.library.module.ApplicationConfiguration$PropertiesWrapper 103 [main] INFO  [] - [CTEST][PropertiesWrapper-reset] ###restHost### ***0.0.0.0***
2022-11-29 03:14:20,558 org.apache.skywalking.oap.server.library.module.ApplicationConfiguration$PropertiesWrapper 103 [main] INFO  [] - [CTEST][PropertiesWrapper-reset] ###gRPCHost### ***0.0.0.0***
2022-11-29 03:14:20,558 org.apache.skywalking.oap.server.library.module.ApplicationConfiguration$PropertiesWrapper 103 [main] INFO  [] - [CTEST][PropertiesWrapper-reset] ###gRPCSslKeyPath### ******
2022-11-29 03:14:20,558 org.apache.skywalking.oap.server.library.module.ApplicationConfiguration$PropertiesWrapper 103 [main] INFO  [] - [CTEST][PropertiesWrapper-reset] ###restIdleTimeOut### ***30000***
2022-11-29 03:14:20,558 org.apache.skywalking.oap.server.library.module.ApplicationConfiguration$PropertiesWrapper 103 [main] INFO  [] - [CTEST][PropertiesWrapper-reset] ###gRPCPort### ***0***
2022-11-29 03:14:20,558 org.apache.skywalking.oap.server.library.module.ApplicationConfiguration$PropertiesWrapper 103 [main] INFO  [] - [CTEST][PropertiesWrapper-reset] ###restPort### ***0***
2022-11-29 03:14:20,558 org.apache.skywalking.oap.server.library.module.ApplicationConfiguration$PropertiesWrapper 103 [main] INFO  [] - [CTEST][PropertiesWrapper-reset] ###gRPCSslEnabled### ***false***
2022-11-29 03:14:20,559 org.apache.skywalking.oap.server.library.module.ApplicationConfiguration$PropertiesWrapper 103 [main] INFO  [] - [CTEST][PropertiesWrapper-reset] ###restContextPath### ***/***
2022-11-29 03:14:20,559 org.apache.skywalking.oap.server.library.module.ApplicationConfiguration$PropertiesWrapper 103 [main] INFO  [] - [CTEST][PropertiesWrapper-reset] ###restMaxThreads### ***200***
2022-11-29 03:14:20,559 org.apache.skywalking.oap.server.library.module.ApplicationConfiguration$PropertiesWrapper 103 [main] INFO  [] - [CTEST][PropertiesWrapper-reset] ###maxConcurrentCallsPerConnection### ***0***
2022-11-29 03:14:20,559 org.apache.skywalking.oap.server.library.module.ApplicationConfiguration$PropertiesWrapper 103 [main] INFO  [] - [CTEST][PropertiesWrapper-reset] ###gRPCThreadPoolQueueSize### ***0***
2022-11-29 03:14:20,559 org.apache.skywalking.oap.server.library.module.ApplicationConfiguration$PropertiesWrapper 103 [main] INFO  [] - [CTEST][PropertiesWrapper-reset] ###gRPCSslTrustedCAsPath### ******
2022-11-29 03:14:20,559 org.apache.skywalking.oap.server.library.module.ApplicationConfiguration$PropertiesWrapper 103 [main] INFO  [] - [CTEST][PropertiesWrapper-reset] ###httpMaxRequestHeaderSize### ***8192***
2022-11-29 03:14:20,559 org.apache.skywalking.oap.server.library.module.ApplicationConfiguration$PropertiesWrapper 103 [main] INFO  [] - [CTEST][PropertiesWrapper-reset] ###restAcceptQueueSize### ***0***
2022-11-29 03:14:20,560 org.apache.skywalking.oap.server.library.module.ApplicationConfiguration$PropertiesWrapper 103 [main] INFO  [] - [CTEST][PropertiesWrapper-reset] ###maxMessageSize### ***0***
2022-11-29 03:14:20,561 org.apache.skywalking.oap.server.library.module.ApplicationConfiguration$PropertiesWrapper 103 [main] INFO  [] - [CTEST][PropertiesWrapper-reset] ###gRPCThreadPoolSize### ***0***
2022-11-29 03:14:20,561 org.apache.skywalking.oap.server.library.module.ApplicationConfiguration$PropertiesWrapper 103 [main] INFO  [] - [CTEST][PropertiesWrapper-reset] ###gRPCSslCertChainPath### ******
2022-11-29 03:14:20,562 org.apache.skywalking.oap.server.library.module.ApplicationConfiguration$PropertiesWrapper 103 [main] INFO  [] - [CTEST][PropertiesWrapper-reset] ###authentication### ******
2022-11-29 03:14:20,562 org.apache.skywalking.oap.server.starter.config.ApplicationConfigLoader 79 [main] INFO  [] - Get a module define from application.yml, module name: receiver-register
2022-11-29 03:14:20,562 org.apache.skywalking.oap.server.library.module.ApplicationConfiguration 37 [main] WARN  [] - [CTEST][getModuleConfiguration] ###receiver-register### java.lang.Thread	org.apache.skywalking.oap.server.library.module.ApplicationConfiguration	org.apache.skywalking.oap.server.library.module.ApplicationConfiguration	org.apache.skywalking.oap.server.starter.config.ApplicationConfigLoader	java.util.LinkedHashMap	org.apache.skywalking.oap.server.starter.config.ApplicationConfigLoader	org.apache.skywalking.oap.server.starter.config.ApplicationConfigLoader	org.apache.skywalking.oap.server.starter.config.ApplicationConfigLoaderTestCase	jdk.internal.reflect.NativeMethodAccessorImpl	jdk.internal.reflect.NativeMethodAccessorImpl	jdk.internal.reflect.DelegatingMethodAccessorImpl	java.lang.reflect.Method	org.junit.runners.model.FrameworkMethod$1	org.junit.internal.runners.model.ReflectiveCallable	org.junit.runners.model.FrameworkMethod	org.junit.internal.runners.statements.RunBefores	org.junit.internal.runners.statements.RunBefores	org.junit.runners.ParentRunner$3	org.junit.runners.BlockJUnit4ClassRunner$1	org.junit.runners.ParentRunner	org.junit.runners.BlockJUnit4ClassRunner	org.junit.runners.BlockJUnit4ClassRunner	org.junit.runners.ParentRunner$4	org.junit.runners.ParentRunner$1	org.junit.runners.ParentRunner	org.junit.runners.ParentRunner	org.junit.runners.ParentRunner$2	org.junit.runners.ParentRunner$3	org.junit.runners.ParentRunner	org.apache.maven.surefire.junit4.JUnit4Provider	org.apache.maven.surefire.junit4.JUnit4Provider	org.apache.maven.surefire.junit4.JUnit4Provider	org.apache.maven.surefire.junit4.JUnit4Provider	org.apache.maven.surefire.booter.ForkedBooter	org.apache.maven.surefire.booter.ForkedBooter	org.apache.maven.surefire.booter.ForkedBooter	org.apache.maven.surefire.booter.ForkedBooter	
2022-11-29 03:14:20,562 org.apache.skywalking.oap.server.starter.config.ApplicationConfigLoader 83 [main] INFO  [] - Get a provider define belong to receiver-register module, provider name: default
2022-11-29 03:14:20,563 org.apache.skywalking.oap.server.library.module.ApplicationConfiguration$ModuleConfiguration 80 [main] WARN  [] - [CTEST][getProviderConfiguration] ###default### providers {} java.lang.Thread	org.apache.skywalking.oap.server.library.module.ApplicationConfiguration	org.apache.skywalking.oap.server.library.module.ApplicationConfiguration	org.apache.skywalking.oap.server.library.module.ApplicationConfiguration$ModuleConfiguration	org.apache.skywalking.oap.server.starter.config.ApplicationConfigLoader	java.util.LinkedHashMap	org.apache.skywalking.oap.server.starter.config.ApplicationConfigLoader	java.util.LinkedHashMap	org.apache.skywalking.oap.server.starter.config.ApplicationConfigLoader	org.apache.skywalking.oap.server.starter.config.ApplicationConfigLoader	org.apache.skywalking.oap.server.starter.config.ApplicationConfigLoaderTestCase	jdk.internal.reflect.NativeMethodAccessorImpl	jdk.internal.reflect.NativeMethodAccessorImpl	jdk.internal.reflect.DelegatingMethodAccessorImpl	java.lang.reflect.Method	org.junit.runners.model.FrameworkMethod$1	org.junit.internal.runners.model.ReflectiveCallable	org.junit.runners.model.FrameworkMethod	org.junit.internal.runners.statements.RunBefores	org.junit.internal.runners.statements.RunBefores	org.junit.runners.ParentRunner$3	org.junit.runners.BlockJUnit4ClassRunner$1	org.junit.runners.ParentRunner	org.junit.runners.BlockJUnit4ClassRunner	org.junit.runners.BlockJUnit4ClassRunner	org.junit.runners.ParentRunner$4	org.junit.runners.ParentRunner$1	org.junit.runners.ParentRunner	org.junit.runners.ParentRunner	org.junit.runners.ParentRunner$2	org.junit.runners.ParentRunner$3	org.junit.runners.ParentRunner	org.apache.maven.surefire.junit4.JUnit4Provider	org.apache.maven.surefire.junit4.JUnit4Provider	org.apache.maven.surefire.junit4.JUnit4Provider	org.apache.maven.surefire.junit4.JUnit4Provider	org.apache.maven.surefire.booter.ForkedBooter	org.apache.maven.surefire.booter.ForkedBooter	org.apache.maven.surefire.booter.ForkedBooter	org.apache.maven.surefire.booter.ForkedBooter	
2022-11-29 03:14:20,563 org.apache.skywalking.oap.server.starter.config.ApplicationConfigLoader 79 [main] INFO  [] - Get a module define from application.yml, module name: receiver-trace
2022-11-29 03:14:20,563 org.apache.skywalking.oap.server.library.module.ApplicationConfiguration 37 [main] WARN  [] - [CTEST][getModuleConfiguration] ###receiver-trace### java.lang.Thread	org.apache.skywalking.oap.server.library.module.ApplicationConfiguration	org.apache.skywalking.oap.server.library.module.ApplicationConfiguration	org.apache.skywalking.oap.server.starter.config.ApplicationConfigLoader	java.util.LinkedHashMap	org.apache.skywalking.oap.server.starter.config.ApplicationConfigLoader	org.apache.skywalking.oap.server.starter.config.ApplicationConfigLoader	org.apache.skywalking.oap.server.starter.config.ApplicationConfigLoaderTestCase	jdk.internal.reflect.NativeMethodAccessorImpl	jdk.internal.reflect.NativeMethodAccessorImpl	jdk.internal.reflect.DelegatingMethodAccessorImpl	java.lang.reflect.Method	org.junit.runners.model.FrameworkMethod$1	org.junit.internal.runners.model.ReflectiveCallable	org.junit.runners.model.FrameworkMethod	org.junit.internal.runners.statements.RunBefores	org.junit.internal.runners.statements.RunBefores	org.junit.runners.ParentRunner$3	org.junit.runners.BlockJUnit4ClassRunner$1	org.junit.runners.ParentRunner	org.junit.runners.BlockJUnit4ClassRunner	org.junit.runners.BlockJUnit4ClassRunner	org.junit.runners.ParentRunner$4	org.junit.runners.ParentRunner$1	org.junit.runners.ParentRunner	org.junit.runners.ParentRunner	org.junit.runners.ParentRunner$2	org.junit.runners.ParentRunner$3	org.junit.runners.ParentRunner	org.apache.maven.surefire.junit4.JUnit4Provider	org.apache.maven.surefire.junit4.JUnit4Provider	org.apache.maven.surefire.junit4.JUnit4Provider	org.apache.maven.surefire.junit4.JUnit4Provider	org.apache.maven.surefire.booter.ForkedBooter	org.apache.maven.surefire.booter.ForkedBooter	org.apache.maven.surefire.booter.ForkedBooter	org.apache.maven.surefire.booter.ForkedBooter	
2022-11-29 03:14:20,563 org.apache.skywalking.oap.server.starter.config.ApplicationConfigLoader 83 [main] INFO  [] - Get a provider define belong to receiver-trace module, provider name: default
2022-11-29 03:14:20,563 org.apache.skywalking.oap.server.library.module.ApplicationConfiguration$ModuleConfiguration 80 [main] WARN  [] - [CTEST][getProviderConfiguration] ###default### providers {} java.lang.Thread	org.apache.skywalking.oap.server.library.module.ApplicationConfiguration	org.apache.skywalking.oap.server.library.module.ApplicationConfiguration	org.apache.skywalking.oap.server.library.module.ApplicationConfiguration$ModuleConfiguration	org.apache.skywalking.oap.server.starter.config.ApplicationConfigLoader	java.util.LinkedHashMap	org.apache.skywalking.oap.server.starter.config.ApplicationConfigLoader	java.util.LinkedHashMap	org.apache.skywalking.oap.server.starter.config.ApplicationConfigLoader	org.apache.skywalking.oap.server.starter.config.ApplicationConfigLoader	org.apache.skywalking.oap.server.starter.config.ApplicationConfigLoaderTestCase	jdk.internal.reflect.NativeMethodAccessorImpl	jdk.internal.reflect.NativeMethodAccessorImpl	jdk.internal.reflect.DelegatingMethodAccessorImpl	java.lang.reflect.Method	org.junit.runners.model.FrameworkMethod$1	org.junit.internal.runners.model.ReflectiveCallable	org.junit.runners.model.FrameworkMethod	org.junit.internal.runners.statements.RunBefores	org.junit.internal.runners.statements.RunBefores	org.junit.runners.ParentRunner$3	org.junit.runners.BlockJUnit4ClassRunner$1	org.junit.runners.ParentRunner	org.junit.runners.BlockJUnit4ClassRunner	org.junit.runners.BlockJUnit4ClassRunner	org.junit.runners.ParentRunner$4	org.junit.runners.ParentRunner$1	org.junit.runners.ParentRunner	org.junit.runners.ParentRunner	org.junit.runners.ParentRunner$2	org.junit.runners.ParentRunner$3	org.junit.runners.ParentRunner	org.apache.maven.surefire.junit4.JUnit4Provider	org.apache.maven.surefire.junit4.JUnit4Provider	org.apache.maven.surefire.junit4.JUnit4Provider	org.apache.maven.surefire.junit4.JUnit4Provider	org.apache.maven.surefire.booter.ForkedBooter	org.apache.maven.surefire.booter.ForkedBooter	org.apache.maven.surefire.booter.ForkedBooter	org.apache.maven.surefire.booter.ForkedBooter	
2022-11-29 03:14:20,563 org.apache.skywalking.oap.server.starter.config.ApplicationConfigLoader 79 [main] INFO  [] - Get a module define from application.yml, module name: receiver-jvm
2022-11-29 03:14:20,564 org.apache.skywalking.oap.server.library.module.ApplicationConfiguration 37 [main] WARN  [] - [CTEST][getModuleConfiguration] ###receiver-jvm### java.lang.Thread	org.apache.skywalking.oap.server.library.module.ApplicationConfiguration	org.apache.skywalking.oap.server.library.module.ApplicationConfiguration	org.apache.skywalking.oap.server.starter.config.ApplicationConfigLoader	java.util.LinkedHashMap	org.apache.skywalking.oap.server.starter.config.ApplicationConfigLoader	org.apache.skywalking.oap.server.starter.config.ApplicationConfigLoader	org.apache.skywalking.oap.server.starter.config.ApplicationConfigLoaderTestCase	jdk.internal.reflect.NativeMethodAccessorImpl	jdk.internal.reflect.NativeMethodAccessorImpl	jdk.internal.reflect.DelegatingMethodAccessorImpl	java.lang.reflect.Method	org.junit.runners.model.FrameworkMethod$1	org.junit.internal.runners.model.ReflectiveCallable	org.junit.runners.model.FrameworkMethod	org.junit.internal.runners.statements.RunBefores	org.junit.internal.runners.statements.RunBefores	org.junit.runners.ParentRunner$3	org.junit.runners.BlockJUnit4ClassRunner$1	org.junit.runners.ParentRunner	org.junit.runners.BlockJUnit4ClassRunner	org.junit.runners.BlockJUnit4ClassRunner	org.junit.runners.ParentRunner$4	org.junit.runners.ParentRunner$1	org.junit.runners.ParentRunner	org.junit.runners.ParentRunner	org.junit.runners.ParentRunner$2	org.junit.runners.ParentRunner$3	org.junit.runners.ParentRunner	org.apache.maven.surefire.junit4.JUnit4Provider	org.apache.maven.surefire.junit4.JUnit4Provider	org.apache.maven.surefire.junit4.JUnit4Provider	org.apache.maven.surefire.junit4.JUnit4Provider	org.apache.maven.surefire.booter.ForkedBooter	org.apache.maven.surefire.booter.ForkedBooter	org.apache.maven.surefire.booter.ForkedBooter	org.apache.maven.surefire.booter.ForkedBooter	
2022-11-29 03:14:20,564 org.apache.skywalking.oap.server.starter.config.ApplicationConfigLoader 83 [main] INFO  [] - Get a provider define belong to receiver-jvm module, provider name: default
2022-11-29 03:14:20,564 org.apache.skywalking.oap.server.library.module.ApplicationConfiguration$ModuleConfiguration 80 [main] WARN  [] - [CTEST][getProviderConfiguration] ###default### providers {} java.lang.Thread	org.apache.skywalking.oap.server.library.module.ApplicationConfiguration	org.apache.skywalking.oap.server.library.module.ApplicationConfiguration	org.apache.skywalking.oap.server.library.module.ApplicationConfiguration$ModuleConfiguration	org.apache.skywalking.oap.server.starter.config.ApplicationConfigLoader	java.util.LinkedHashMap	org.apache.skywalking.oap.server.starter.config.ApplicationConfigLoader	java.util.LinkedHashMap	org.apache.skywalking.oap.server.starter.config.ApplicationConfigLoader	org.apache.skywalking.oap.server.starter.config.ApplicationConfigLoader	org.apache.skywalking.oap.server.starter.config.ApplicationConfigLoaderTestCase	jdk.internal.reflect.NativeMethodAccessorImpl	jdk.internal.reflect.NativeMethodAccessorImpl	jdk.internal.reflect.DelegatingMethodAccessorImpl	java.lang.reflect.Method	org.junit.runners.model.FrameworkMethod$1	org.junit.internal.runners.model.ReflectiveCallable	org.junit.runners.model.FrameworkMethod	org.junit.internal.runners.statements.RunBefores	org.junit.internal.runners.statements.RunBefores	org.junit.runners.ParentRunner$3	org.junit.runners.BlockJUnit4ClassRunner$1	org.junit.runners.ParentRunner	org.junit.runners.BlockJUnit4ClassRunner	org.junit.runners.BlockJUnit4ClassRunner	org.junit.runners.ParentRunner$4	org.junit.runners.ParentRunner$1	org.junit.runners.ParentRunner	org.junit.runners.ParentRunner	org.junit.runners.ParentRunner$2	org.junit.runners.ParentRunner$3	org.junit.runners.ParentRunner	org.apache.maven.surefire.junit4.JUnit4Provider	org.apache.maven.surefire.junit4.JUnit4Provider	org.apache.maven.surefire.junit4.JUnit4Provider	org.apache.maven.surefire.junit4.JUnit4Provider	org.apache.maven.surefire.booter.ForkedBooter	org.apache.maven.surefire.booter.ForkedBooter	org.apache.maven.surefire.booter.ForkedBooter	org.apache.maven.surefire.booter.ForkedBooter	
2022-11-29 03:14:20,564 org.apache.skywalking.oap.server.starter.config.ApplicationConfigLoader 79 [main] INFO  [] - Get a module define from application.yml, module name: receiver-clr
2022-11-29 03:14:20,564 org.apache.skywalking.oap.server.library.module.ApplicationConfiguration 37 [main] WARN  [] - [CTEST][getModuleConfiguration] ###receiver-clr### java.lang.Thread	org.apache.skywalking.oap.server.library.module.ApplicationConfiguration	org.apache.skywalking.oap.server.library.module.ApplicationConfiguration	org.apache.skywalking.oap.server.starter.config.ApplicationConfigLoader	java.util.LinkedHashMap	org.apache.skywalking.oap.server.starter.config.ApplicationConfigLoader	org.apache.skywalking.oap.server.starter.config.ApplicationConfigLoader	org.apache.skywalking.oap.server.starter.config.ApplicationConfigLoaderTestCase	jdk.internal.reflect.NativeMethodAccessorImpl	jdk.internal.reflect.NativeMethodAccessorImpl	jdk.internal.reflect.DelegatingMethodAccessorImpl	java.lang.reflect.Method	org.junit.runners.model.FrameworkMethod$1	org.junit.internal.runners.model.ReflectiveCallable	org.junit.runners.model.FrameworkMethod	org.junit.internal.runners.statements.RunBefores	org.junit.internal.runners.statements.RunBefores	org.junit.runners.ParentRunner$3	org.junit.runners.BlockJUnit4ClassRunner$1	org.junit.runners.ParentRunner	org.junit.runners.BlockJUnit4ClassRunner	org.junit.runners.BlockJUnit4ClassRunner	org.junit.runners.ParentRunner$4	org.junit.runners.ParentRunner$1	org.junit.runners.ParentRunner	org.junit.runners.ParentRunner	org.junit.runners.ParentRunner$2	org.junit.runners.ParentRunner$3	org.junit.runners.ParentRunner	org.apache.maven.surefire.junit4.JUnit4Provider	org.apache.maven.surefire.junit4.JUnit4Provider	org.apache.maven.surefire.junit4.JUnit4Provider	org.apache.maven.surefire.junit4.JUnit4Provider	org.apache.maven.surefire.booter.ForkedBooter	org.apache.maven.surefire.booter.ForkedBooter	org.apache.maven.surefire.booter.ForkedBooter	org.apache.maven.surefire.booter.ForkedBooter	
2022-11-29 03:14:20,564 org.apache.skywalking.oap.server.starter.config.ApplicationConfigLoader 83 [main] INFO  [] - Get a provider define belong to receiver-clr module, provider name: default
2022-11-29 03:14:20,564 org.apache.skywalking.oap.server.library.module.ApplicationConfiguration$ModuleConfiguration 80 [main] WARN  [] - [CTEST][getProviderConfiguration] ###default### providers {} java.lang.Thread	org.apache.skywalking.oap.server.library.module.ApplicationConfiguration	org.apache.skywalking.oap.server.library.module.ApplicationConfiguration	org.apache.skywalking.oap.server.library.module.ApplicationConfiguration$ModuleConfiguration	org.apache.skywalking.oap.server.starter.config.ApplicationConfigLoader	java.util.LinkedHashMap	org.apache.skywalking.oap.server.starter.config.ApplicationConfigLoader	java.util.LinkedHashMap	org.apache.skywalking.oap.server.starter.config.ApplicationConfigLoader	org.apache.skywalking.oap.server.starter.config.ApplicationConfigLoader	org.apache.skywalking.oap.server.starter.config.ApplicationConfigLoaderTestCase	jdk.internal.reflect.NativeMethodAccessorImpl	jdk.internal.reflect.NativeMethodAccessorImpl	jdk.internal.reflect.DelegatingMethodAccessorImpl	java.lang.reflect.Method	org.junit.runners.model.FrameworkMethod$1	org.junit.internal.runners.model.ReflectiveCallable	org.junit.runners.model.FrameworkMethod	org.junit.internal.runners.statements.RunBefores	org.junit.internal.runners.statements.RunBefores	org.junit.runners.ParentRunner$3	org.junit.runners.BlockJUnit4ClassRunner$1	org.junit.runners.ParentRunner	org.junit.runners.BlockJUnit4ClassRunner	org.junit.runners.BlockJUnit4ClassRunner	org.junit.runners.ParentRunner$4	org.junit.runners.ParentRunner$1	org.junit.runners.ParentRunner	org.junit.runners.ParentRunner	org.junit.runners.ParentRunner$2	org.junit.runners.ParentRunner$3	org.junit.runners.ParentRunner	org.apache.maven.surefire.junit4.JUnit4Provider	org.apache.maven.surefire.junit4.JUnit4Provider	org.apache.maven.surefire.junit4.JUnit4Provider	org.apache.maven.surefire.junit4.JUnit4Provider	org.apache.maven.surefire.booter.ForkedBooter	org.apache.maven.surefire.booter.ForkedBooter	org.apache.maven.surefire.booter.ForkedBooter	org.apache.maven.surefire.booter.ForkedBooter	
2022-11-29 03:14:20,565 org.apache.skywalking.oap.server.starter.config.ApplicationConfigLoader 79 [main] INFO  [] - Get a module define from application.yml, module name: receiver-profile
2022-11-29 03:14:20,565 org.apache.skywalking.oap.server.library.module.ApplicationConfiguration 37 [main] WARN  [] - [CTEST][getModuleConfiguration] ###receiver-profile### java.lang.Thread	org.apache.skywalking.oap.server.library.module.ApplicationConfiguration	org.apache.skywalking.oap.server.library.module.ApplicationConfiguration	org.apache.skywalking.oap.server.starter.config.ApplicationConfigLoader	java.util.LinkedHashMap	org.apache.skywalking.oap.server.starter.config.ApplicationConfigLoader	org.apache.skywalking.oap.server.starter.config.ApplicationConfigLoader	org.apache.skywalking.oap.server.starter.config.ApplicationConfigLoaderTestCase	jdk.internal.reflect.NativeMethodAccessorImpl	jdk.internal.reflect.NativeMethodAccessorImpl	jdk.internal.reflect.DelegatingMethodAccessorImpl	java.lang.reflect.Method	org.junit.runners.model.FrameworkMethod$1	org.junit.internal.runners.model.ReflectiveCallable	org.junit.runners.model.FrameworkMethod	org.junit.internal.runners.statements.RunBefores	org.junit.internal.runners.statements.RunBefores	org.junit.runners.ParentRunner$3	org.junit.runners.BlockJUnit4ClassRunner$1	org.junit.runners.ParentRunner	org.junit.runners.BlockJUnit4ClassRunner	org.junit.runners.BlockJUnit4ClassRunner	org.junit.runners.ParentRunner$4	org.junit.runners.ParentRunner$1	org.junit.runners.ParentRunner	org.junit.runners.ParentRunner	org.junit.runners.ParentRunner$2	org.junit.runners.ParentRunner$3	org.junit.runners.ParentRunner	org.apache.maven.surefire.junit4.JUnit4Provider	org.apache.maven.surefire.junit4.JUnit4Provider	org.apache.maven.surefire.junit4.JUnit4Provider	org.apache.maven.surefire.junit4.JUnit4Provider	org.apache.maven.surefire.booter.ForkedBooter	org.apache.maven.surefire.booter.ForkedBooter	org.apache.maven.surefire.booter.ForkedBooter	org.apache.maven.surefire.booter.ForkedBooter	
2022-11-29 03:14:20,566 org.apache.skywalking.oap.server.starter.config.ApplicationConfigLoader 83 [main] INFO  [] - Get a provider define belong to receiver-profile module, provider name: default
2022-11-29 03:14:20,566 org.apache.skywalking.oap.server.library.module.ApplicationConfiguration$ModuleConfiguration 80 [main] WARN  [] - [CTEST][getProviderConfiguration] ###default### providers {} java.lang.Thread	org.apache.skywalking.oap.server.library.module.ApplicationConfiguration	org.apache.skywalking.oap.server.library.module.ApplicationConfiguration	org.apache.skywalking.oap.server.library.module.ApplicationConfiguration$ModuleConfiguration	org.apache.skywalking.oap.server.starter.config.ApplicationConfigLoader	java.util.LinkedHashMap	org.apache.skywalking.oap.server.starter.config.ApplicationConfigLoader	java.util.LinkedHashMap	org.apache.skywalking.oap.server.starter.config.ApplicationConfigLoader	org.apache.skywalking.oap.server.starter.config.ApplicationConfigLoader	org.apache.skywalking.oap.server.starter.config.ApplicationConfigLoaderTestCase	jdk.internal.reflect.NativeMethodAccessorImpl	jdk.internal.reflect.NativeMethodAccessorImpl	jdk.internal.reflect.DelegatingMethodAccessorImpl	java.lang.reflect.Method	org.junit.runners.model.FrameworkMethod$1	org.junit.internal.runners.model.ReflectiveCallable	org.junit.runners.model.FrameworkMethod	org.junit.internal.runners.statements.RunBefores	org.junit.internal.runners.statements.RunBefores	org.junit.runners.ParentRunner$3	org.junit.runners.BlockJUnit4ClassRunner$1	org.junit.runners.ParentRunner	org.junit.runners.BlockJUnit4ClassRunner	org.junit.runners.BlockJUnit4ClassRunner	org.junit.runners.ParentRunner$4	org.junit.runners.ParentRunner$1	org.junit.runners.ParentRunner	org.junit.runners.ParentRunner	org.junit.runners.ParentRunner$2	org.junit.runners.ParentRunner$3	org.junit.runners.ParentRunner	org.apache.maven.surefire.junit4.JUnit4Provider	org.apache.maven.surefire.junit4.JUnit4Provider	org.apache.maven.surefire.junit4.JUnit4Provider	org.apache.maven.surefire.junit4.JUnit4Provider	org.apache.maven.surefire.booter.ForkedBooter	org.apache.maven.surefire.booter.ForkedBooter	org.apache.maven.surefire.booter.ForkedBooter	org.apache.maven.surefire.booter.ForkedBooter	
2022-11-29 03:14:20,566 org.apache.skywalking.oap.server.starter.config.ApplicationConfigLoader 79 [main] INFO  [] - Get a module define from application.yml, module name: service-mesh
2022-11-29 03:14:20,566 org.apache.skywalking.oap.server.library.module.ApplicationConfiguration 37 [main] WARN  [] - [CTEST][getModuleConfiguration] ###service-mesh### java.lang.Thread	org.apache.skywalking.oap.server.library.module.ApplicationConfiguration	org.apache.skywalking.oap.server.library.module.ApplicationConfiguration	org.apache.skywalking.oap.server.starter.config.ApplicationConfigLoader	java.util.LinkedHashMap	org.apache.skywalking.oap.server.starter.config.ApplicationConfigLoader	org.apache.skywalking.oap.server.starter.config.ApplicationConfigLoader	org.apache.skywalking.oap.server.starter.config.ApplicationConfigLoaderTestCase	jdk.internal.reflect.NativeMethodAccessorImpl	jdk.internal.reflect.NativeMethodAccessorImpl	jdk.internal.reflect.DelegatingMethodAccessorImpl	java.lang.reflect.Method	org.junit.runners.model.FrameworkMethod$1	org.junit.internal.runners.model.ReflectiveCallable	org.junit.runners.model.FrameworkMethod	org.junit.internal.runners.statements.RunBefores	org.junit.internal.runners.statements.RunBefores	org.junit.runners.ParentRunner$3	org.junit.runners.BlockJUnit4ClassRunner$1	org.junit.runners.ParentRunner	org.junit.runners.BlockJUnit4ClassRunner	org.junit.runners.BlockJUnit4ClassRunner	org.junit.runners.ParentRunner$4	org.junit.runners.ParentRunner$1	org.junit.runners.ParentRunner	org.junit.runners.ParentRunner	org.junit.runners.ParentRunner$2	org.junit.runners.ParentRunner$3	org.junit.runners.ParentRunner	org.apache.maven.surefire.junit4.JUnit4Provider	org.apache.maven.surefire.junit4.JUnit4Provider	org.apache.maven.surefire.junit4.JUnit4Provider	org.apache.maven.surefire.junit4.JUnit4Provider	org.apache.maven.surefire.booter.ForkedBooter	org.apache.maven.surefire.booter.ForkedBooter	org.apache.maven.surefire.booter.ForkedBooter	org.apache.maven.surefire.booter.ForkedBooter	
2022-11-29 03:14:20,566 org.apache.skywalking.oap.server.starter.config.ApplicationConfigLoader 83 [main] INFO  [] - Get a provider define belong to service-mesh module, provider name: default
2022-11-29 03:14:20,566 org.apache.skywalking.oap.server.library.module.ApplicationConfiguration$ModuleConfiguration 80 [main] WARN  [] - [CTEST][getProviderConfiguration] ###default### providers {} java.lang.Thread	org.apache.skywalking.oap.server.library.module.ApplicationConfiguration	org.apache.skywalking.oap.server.library.module.ApplicationConfiguration	org.apache.skywalking.oap.server.library.module.ApplicationConfiguration$ModuleConfiguration	org.apache.skywalking.oap.server.starter.config.ApplicationConfigLoader	java.util.LinkedHashMap	org.apache.skywalking.oap.server.starter.config.ApplicationConfigLoader	java.util.LinkedHashMap	org.apache.skywalking.oap.server.starter.config.ApplicationConfigLoader	org.apache.skywalking.oap.server.starter.config.ApplicationConfigLoader	org.apache.skywalking.oap.server.starter.config.ApplicationConfigLoaderTestCase	jdk.internal.reflect.NativeMethodAccessorImpl	jdk.internal.reflect.NativeMethodAccessorImpl	jdk.internal.reflect.DelegatingMethodAccessorImpl	java.lang.reflect.Method	org.junit.runners.model.FrameworkMethod$1	org.junit.internal.runners.model.ReflectiveCallable	org.junit.runners.model.FrameworkMethod	org.junit.internal.runners.statements.RunBefores	org.junit.internal.runners.statements.RunBefores	org.junit.runners.ParentRunner$3	org.junit.runners.BlockJUnit4ClassRunner$1	org.junit.runners.ParentRunner	org.junit.runners.BlockJUnit4ClassRunner	org.junit.runners.BlockJUnit4ClassRunner	org.junit.runners.ParentRunner$4	org.junit.runners.ParentRunner$1	org.junit.runners.ParentRunner	org.junit.runners.ParentRunner	org.junit.runners.ParentRunner$2	org.junit.runners.ParentRunner$3	org.junit.runners.ParentRunner	org.apache.maven.surefire.junit4.JUnit4Provider	org.apache.maven.surefire.junit4.JUnit4Provider	org.apache.maven.surefire.junit4.JUnit4Provider	org.apache.maven.surefire.junit4.JUnit4Provider	org.apache.maven.surefire.booter.ForkedBooter	org.apache.maven.surefire.booter.ForkedBooter	org.apache.maven.surefire.booter.ForkedBooter	org.apache.maven.surefire.booter.ForkedBooter	
2022-11-29 03:14:20,567 org.apache.skywalking.oap.server.starter.config.ApplicationConfigLoader 79 [main] INFO  [] - Get a module define from application.yml, module name: envoy-metric
2022-11-29 03:14:20,567 org.apache.skywalking.oap.server.library.module.ApplicationConfiguration 37 [main] WARN  [] - [CTEST][getModuleConfiguration] ###envoy-metric### java.lang.Thread	org.apache.skywalking.oap.server.library.module.ApplicationConfiguration	org.apache.skywalking.oap.server.library.module.ApplicationConfiguration	org.apache.skywalking.oap.server.starter.config.ApplicationConfigLoader	java.util.LinkedHashMap	org.apache.skywalking.oap.server.starter.config.ApplicationConfigLoader	org.apache.skywalking.oap.server.starter.config.ApplicationConfigLoader	org.apache.skywalking.oap.server.starter.config.ApplicationConfigLoaderTestCase	jdk.internal.reflect.NativeMethodAccessorImpl	jdk.internal.reflect.NativeMethodAccessorImpl	jdk.internal.reflect.DelegatingMethodAccessorImpl	java.lang.reflect.Method	org.junit.runners.model.FrameworkMethod$1	org.junit.internal.runners.model.ReflectiveCallable	org.junit.runners.model.FrameworkMethod	org.junit.internal.runners.statements.RunBefores	org.junit.internal.runners.statements.RunBefores	org.junit.runners.ParentRunner$3	org.junit.runners.BlockJUnit4ClassRunner$1	org.junit.runners.ParentRunner	org.junit.runners.BlockJUnit4ClassRunner	org.junit.runners.BlockJUnit4ClassRunner	org.junit.runners.ParentRunner$4	org.junit.runners.ParentRunner$1	org.junit.runners.ParentRunner	org.junit.runners.ParentRunner	org.junit.runners.ParentRunner$2	org.junit.runners.ParentRunner$3	org.junit.runners.ParentRunner	org.apache.maven.surefire.junit4.JUnit4Provider	org.apache.maven.surefire.junit4.JUnit4Provider	org.apache.maven.surefire.junit4.JUnit4Provider	org.apache.maven.surefire.junit4.JUnit4Provider	org.apache.maven.surefire.booter.ForkedBooter	org.apache.maven.surefire.booter.ForkedBooter	org.apache.maven.surefire.booter.ForkedBooter	org.apache.maven.surefire.booter.ForkedBooter	
2022-11-29 03:14:20,567 org.apache.skywalking.oap.server.starter.config.ApplicationConfigLoader 83 [main] INFO  [] - Get a provider define belong to envoy-metric module, provider name: default
2022-11-29 03:14:20,568 org.apache.skywalking.oap.server.starter.config.ApplicationConfigLoader 179 [main] INFO  [] - Provider=default config=acceptMetricsService has been set as true
2022-11-29 03:14:20,568 org.apache.skywalking.oap.server.starter.config.ApplicationConfigLoader 179 [main] INFO  [] - Provider=default config=alsHTTPAnalysis has been set as 
2022-11-29 03:14:20,568 org.apache.skywalking.oap.server.starter.config.ApplicationConfigLoader 179 [main] INFO  [] - Provider=default config=alsTCPAnalysis has been set as 
2022-11-29 03:14:20,569 org.apache.skywalking.oap.server.starter.config.ApplicationConfigLoader 179 [main] INFO  [] - Provider=default config=k8sServiceNameRule has been set as ${pod.metadata.labels.(service.istio.io/canonical-name)}
2022-11-29 03:14:20,569 org.apache.skywalking.oap.server.library.module.ApplicationConfiguration$ModuleConfiguration 80 [main] WARN  [] - [CTEST][getProviderConfiguration] ###default### providers {acceptMetricsService=true, alsTCPAnalysis=, alsHTTPAnalysis=, k8sServiceNameRule=${pod.metadata.labels.(service.istio.io/canonical-name)}} java.lang.Thread	org.apache.skywalking.oap.server.library.module.ApplicationConfiguration	org.apache.skywalking.oap.server.library.module.ApplicationConfiguration	org.apache.skywalking.oap.server.library.module.ApplicationConfiguration$ModuleConfiguration	org.apache.skywalking.oap.server.starter.config.ApplicationConfigLoader	java.util.LinkedHashMap	org.apache.skywalking.oap.server.starter.config.ApplicationConfigLoader	java.util.LinkedHashMap	org.apache.skywalking.oap.server.starter.config.ApplicationConfigLoader	org.apache.skywalking.oap.server.starter.config.ApplicationConfigLoader	org.apache.skywalking.oap.server.starter.config.ApplicationConfigLoaderTestCase	jdk.internal.reflect.NativeMethodAccessorImpl	jdk.internal.reflect.NativeMethodAccessorImpl	jdk.internal.reflect.DelegatingMethodAccessorImpl	java.lang.reflect.Method	org.junit.runners.model.FrameworkMethod$1	org.junit.internal.runners.model.ReflectiveCallable	org.junit.runners.model.FrameworkMethod	org.junit.internal.runners.statements.RunBefores	org.junit.internal.runners.statements.RunBefores	org.junit.runners.ParentRunner$3	org.junit.runners.BlockJUnit4ClassRunner$1	org.junit.runners.ParentRunner	org.junit.runners.BlockJUnit4ClassRunner	org.junit.runners.BlockJUnit4ClassRunner	org.junit.runners.ParentRunner$4	org.junit.runners.ParentRunner$1	org.junit.runners.ParentRunner	org.junit.runners.ParentRunner	org.junit.runners.ParentRunner$2	org.junit.runners.ParentRunner$3	org.junit.runners.ParentRunner	org.apache.maven.surefire.junit4.JUnit4Provider	org.apache.maven.surefire.junit4.JUnit4Provider	org.apache.maven.surefire.junit4.JUnit4Provider	org.apache.maven.surefire.junit4.JUnit4Provider	org.apache.maven.surefire.booter.ForkedBooter	org.apache.maven.surefire.booter.ForkedBooter	org.apache.maven.surefire.booter.ForkedBooter	org.apache.maven.surefire.booter.ForkedBooter	
2022-11-29 03:14:20,569 org.apache.skywalking.oap.server.library.module.ApplicationConfiguration$PropertiesWrapper 103 [main] INFO  [] - [CTEST][PropertiesWrapper-reset] ###acceptMetricsService### ***true***
2022-11-29 03:14:20,569 org.apache.skywalking.oap.server.library.module.ApplicationConfiguration$PropertiesWrapper 103 [main] INFO  [] - [CTEST][PropertiesWrapper-reset] ###alsTCPAnalysis### ******
2022-11-29 03:14:20,569 org.apache.skywalking.oap.server.library.module.ApplicationConfiguration$PropertiesWrapper 103 [main] INFO  [] - [CTEST][PropertiesWrapper-reset] ###alsHTTPAnalysis### ******
2022-11-29 03:14:20,569 org.apache.skywalking.oap.server.library.module.ApplicationConfiguration$PropertiesWrapper 103 [main] INFO  [] - [CTEST][PropertiesWrapper-reset] ###k8sServiceNameRule### ***${pod.metadata.labels.(service.istio.io/canonical-name)}***
2022-11-29 03:14:20,569 org.apache.skywalking.oap.server.starter.config.ApplicationConfigLoader 79 [main] INFO  [] - Get a module define from application.yml, module name: receiver-meter
2022-11-29 03:14:20,569 org.apache.skywalking.oap.server.library.module.ApplicationConfiguration 37 [main] WARN  [] - [CTEST][getModuleConfiguration] ###receiver-meter### java.lang.Thread	org.apache.skywalking.oap.server.library.module.ApplicationConfiguration	org.apache.skywalking.oap.server.library.module.ApplicationConfiguration	org.apache.skywalking.oap.server.starter.config.ApplicationConfigLoader	java.util.LinkedHashMap	org.apache.skywalking.oap.server.starter.config.ApplicationConfigLoader	org.apache.skywalking.oap.server.starter.config.ApplicationConfigLoader	org.apache.skywalking.oap.server.starter.config.ApplicationConfigLoaderTestCase	jdk.internal.reflect.NativeMethodAccessorImpl	jdk.internal.reflect.NativeMethodAccessorImpl	jdk.internal.reflect.DelegatingMethodAccessorImpl	java.lang.reflect.Method	org.junit.runners.model.FrameworkMethod$1	org.junit.internal.runners.model.ReflectiveCallable	org.junit.runners.model.FrameworkMethod	org.junit.internal.runners.statements.RunBefores	org.junit.internal.runners.statements.RunBefores	org.junit.runners.ParentRunner$3	org.junit.runners.BlockJUnit4ClassRunner$1	org.junit.runners.ParentRunner	org.junit.runners.BlockJUnit4ClassRunner	org.junit.runners.BlockJUnit4ClassRunner	org.junit.runners.ParentRunner$4	org.junit.runners.ParentRunner$1	org.junit.runners.ParentRunner	org.junit.runners.ParentRunner	org.junit.runners.ParentRunner$2	org.junit.runners.ParentRunner$3	org.junit.runners.ParentRunner	org.apache.maven.surefire.junit4.JUnit4Provider	org.apache.maven.surefire.junit4.JUnit4Provider	org.apache.maven.surefire.junit4.JUnit4Provider	org.apache.maven.surefire.junit4.JUnit4Provider	org.apache.maven.surefire.booter.ForkedBooter	org.apache.maven.surefire.booter.ForkedBooter	org.apache.maven.surefire.booter.ForkedBooter	org.apache.maven.surefire.booter.ForkedBooter	
2022-11-29 03:14:20,569 org.apache.skywalking.oap.server.starter.config.ApplicationConfigLoader 83 [main] INFO  [] - Get a provider define belong to receiver-meter module, provider name: default
2022-11-29 03:14:20,570 org.apache.skywalking.oap.server.library.module.ApplicationConfiguration$ModuleConfiguration 80 [main] WARN  [] - [CTEST][getProviderConfiguration] ###default### providers {} java.lang.Thread	org.apache.skywalking.oap.server.library.module.ApplicationConfiguration	org.apache.skywalking.oap.server.library.module.ApplicationConfiguration	org.apache.skywalking.oap.server.library.module.ApplicationConfiguration$ModuleConfiguration	org.apache.skywalking.oap.server.starter.config.ApplicationConfigLoader	java.util.LinkedHashMap	org.apache.skywalking.oap.server.starter.config.ApplicationConfigLoader	java.util.LinkedHashMap	org.apache.skywalking.oap.server.starter.config.ApplicationConfigLoader	org.apache.skywalking.oap.server.starter.config.ApplicationConfigLoader	org.apache.skywalking.oap.server.starter.config.ApplicationConfigLoaderTestCase	jdk.internal.reflect.NativeMethodAccessorImpl	jdk.internal.reflect.NativeMethodAccessorImpl	jdk.internal.reflect.DelegatingMethodAccessorImpl	java.lang.reflect.Method	org.junit.runners.model.FrameworkMethod$1	org.junit.internal.runners.model.ReflectiveCallable	org.junit.runners.model.FrameworkMethod	org.junit.internal.runners.statements.RunBefores	org.junit.internal.runners.statements.RunBefores	org.junit.runners.ParentRunner$3	org.junit.runners.BlockJUnit4ClassRunner$1	org.junit.runners.ParentRunner	org.junit.runners.BlockJUnit4ClassRunner	org.junit.runners.BlockJUnit4ClassRunner	org.junit.runners.ParentRunner$4	org.junit.runners.ParentRunner$1	org.junit.runners.ParentRunner	org.junit.runners.ParentRunner	org.junit.runners.ParentRunner$2	org.junit.runners.ParentRunner$3	org.junit.runners.ParentRunner	org.apache.maven.surefire.junit4.JUnit4Provider	org.apache.maven.surefire.junit4.JUnit4Provider	org.apache.maven.surefire.junit4.JUnit4Provider	org.apache.maven.surefire.junit4.JUnit4Provider	org.apache.maven.surefire.booter.ForkedBooter	org.apache.maven.surefire.booter.ForkedBooter	org.apache.maven.surefire.booter.ForkedBooter	org.apache.maven.surefire.booter.ForkedBooter	
2022-11-29 03:14:20,570 org.apache.skywalking.oap.server.starter.config.ApplicationConfigLoader 79 [main] INFO  [] - Get a module define from application.yml, module name: receiver-otel
2022-11-29 03:14:20,570 org.apache.skywalking.oap.server.library.module.ApplicationConfiguration 37 [main] WARN  [] - [CTEST][getModuleConfiguration] ###receiver-otel### java.lang.Thread	org.apache.skywalking.oap.server.library.module.ApplicationConfiguration	org.apache.skywalking.oap.server.library.module.ApplicationConfiguration	org.apache.skywalking.oap.server.starter.config.ApplicationConfigLoader	java.util.LinkedHashMap	org.apache.skywalking.oap.server.starter.config.ApplicationConfigLoader	org.apache.skywalking.oap.server.starter.config.ApplicationConfigLoader	org.apache.skywalking.oap.server.starter.config.ApplicationConfigLoaderTestCase	jdk.internal.reflect.NativeMethodAccessorImpl	jdk.internal.reflect.NativeMethodAccessorImpl	jdk.internal.reflect.DelegatingMethodAccessorImpl	java.lang.reflect.Method	org.junit.runners.model.FrameworkMethod$1	org.junit.internal.runners.model.ReflectiveCallable	org.junit.runners.model.FrameworkMethod	org.junit.internal.runners.statements.RunBefores	org.junit.internal.runners.statements.RunBefores	org.junit.runners.ParentRunner$3	org.junit.runners.BlockJUnit4ClassRunner$1	org.junit.runners.ParentRunner	org.junit.runners.BlockJUnit4ClassRunner	org.junit.runners.BlockJUnit4ClassRunner	org.junit.runners.ParentRunner$4	org.junit.runners.ParentRunner$1	org.junit.runners.ParentRunner	org.junit.runners.ParentRunner	org.junit.runners.ParentRunner$2	org.junit.runners.ParentRunner$3	org.junit.runners.ParentRunner	org.apache.maven.surefire.junit4.JUnit4Provider	org.apache.maven.surefire.junit4.JUnit4Provider	org.apache.maven.surefire.junit4.JUnit4Provider	org.apache.maven.surefire.junit4.JUnit4Provider	org.apache.maven.surefire.booter.ForkedBooter	org.apache.maven.surefire.booter.ForkedBooter	org.apache.maven.surefire.booter.ForkedBooter	org.apache.maven.surefire.booter.ForkedBooter	
2022-11-29 03:14:20,570 org.apache.skywalking.oap.server.starter.config.ApplicationConfigLoader 83 [main] INFO  [] - Get a provider define belong to receiver-otel module, provider name: default
2022-11-29 03:14:20,570 org.apache.skywalking.oap.server.starter.config.ApplicationConfigLoader 179 [main] INFO  [] - Provider=default config=enabledHandlers has been set as oc,otlp
2022-11-29 03:14:20,570 org.apache.skywalking.oap.server.starter.config.ApplicationConfigLoader 179 [main] INFO  [] - Provider=default config=enabledOtelRules has been set as istio-controlplane,k8s-node,oap,vm,mysql,postgresql
2022-11-29 03:14:20,571 org.apache.skywalking.oap.server.library.module.ApplicationConfiguration$ModuleConfiguration 80 [main] WARN  [] - [CTEST][getProviderConfiguration] ###default### providers {enabledHandlers=oc,otlp, enabledOtelRules=istio-controlplane,k8s-node,oap,vm,mysql,postgresql} java.lang.Thread	org.apache.skywalking.oap.server.library.module.ApplicationConfiguration	org.apache.skywalking.oap.server.library.module.ApplicationConfiguration	org.apache.skywalking.oap.server.library.module.ApplicationConfiguration$ModuleConfiguration	org.apache.skywalking.oap.server.starter.config.ApplicationConfigLoader	java.util.LinkedHashMap	org.apache.skywalking.oap.server.starter.config.ApplicationConfigLoader	java.util.LinkedHashMap	org.apache.skywalking.oap.server.starter.config.ApplicationConfigLoader	org.apache.skywalking.oap.server.starter.config.ApplicationConfigLoader	org.apache.skywalking.oap.server.starter.config.ApplicationConfigLoaderTestCase	jdk.internal.reflect.NativeMethodAccessorImpl	jdk.internal.reflect.NativeMethodAccessorImpl	jdk.internal.reflect.DelegatingMethodAccessorImpl	java.lang.reflect.Method	org.junit.runners.model.FrameworkMethod$1	org.junit.internal.runners.model.ReflectiveCallable	org.junit.runners.model.FrameworkMethod	org.junit.internal.runners.statements.RunBefores	org.junit.internal.runners.statements.RunBefores	org.junit.runners.ParentRunner$3	org.junit.runners.BlockJUnit4ClassRunner$1	org.junit.runners.ParentRunner	org.junit.runners.BlockJUnit4ClassRunner	org.junit.runners.BlockJUnit4ClassRunner	org.junit.runners.ParentRunner$4	org.junit.runners.ParentRunner$1	org.junit.runners.ParentRunner	org.junit.runners.ParentRunner	org.junit.runners.ParentRunner$2	org.junit.runners.ParentRunner$3	org.junit.runners.ParentRunner	org.apache.maven.surefire.junit4.JUnit4Provider	org.apache.maven.surefire.junit4.JUnit4Provider	org.apache.maven.surefire.junit4.JUnit4Provider	org.apache.maven.surefire.junit4.JUnit4Provider	org.apache.maven.surefire.booter.ForkedBooter	org.apache.maven.surefire.booter.ForkedBooter	org.apache.maven.surefire.booter.ForkedBooter	org.apache.maven.surefire.booter.ForkedBooter	
2022-11-29 03:14:20,571 org.apache.skywalking.oap.server.library.module.ApplicationConfiguration$PropertiesWrapper 103 [main] INFO  [] - [CTEST][PropertiesWrapper-reset] ###enabledHandlers### ***oc,otlp***
2022-11-29 03:14:20,571 org.apache.skywalking.oap.server.library.module.ApplicationConfiguration$PropertiesWrapper 103 [main] INFO  [] - [CTEST][PropertiesWrapper-reset] ###enabledOtelRules### ***istio-controlplane,k8s-node,oap,vm,mysql,postgresql***
2022-11-29 03:14:20,571 org.apache.skywalking.oap.server.starter.config.ApplicationConfigLoader 79 [main] INFO  [] - Get a module define from application.yml, module name: receiver-zipkin
2022-11-29 03:14:20,572 org.apache.skywalking.oap.server.library.module.ApplicationConfiguration 37 [main] WARN  [] - [CTEST][getModuleConfiguration] ###receiver-zipkin### java.lang.Thread	org.apache.skywalking.oap.server.library.module.ApplicationConfiguration	org.apache.skywalking.oap.server.library.module.ApplicationConfiguration	org.apache.skywalking.oap.server.starter.config.ApplicationConfigLoader	java.util.LinkedHashMap	org.apache.skywalking.oap.server.starter.config.ApplicationConfigLoader	org.apache.skywalking.oap.server.starter.config.ApplicationConfigLoader	org.apache.skywalking.oap.server.starter.config.ApplicationConfigLoaderTestCase	jdk.internal.reflect.NativeMethodAccessorImpl	jdk.internal.reflect.NativeMethodAccessorImpl	jdk.internal.reflect.DelegatingMethodAccessorImpl	java.lang.reflect.Method	org.junit.runners.model.FrameworkMethod$1	org.junit.internal.runners.model.ReflectiveCallable	org.junit.runners.model.FrameworkMethod	org.junit.internal.runners.statements.RunBefores	org.junit.internal.runners.statements.RunBefores	org.junit.runners.ParentRunner$3	org.junit.runners.BlockJUnit4ClassRunner$1	org.junit.runners.ParentRunner	org.junit.runners.BlockJUnit4ClassRunner	org.junit.runners.BlockJUnit4ClassRunner	org.junit.runners.ParentRunner$4	org.junit.runners.ParentRunner$1	org.junit.runners.ParentRunner	org.junit.runners.ParentRunner	org.junit.runners.ParentRunner$2	org.junit.runners.ParentRunner$3	org.junit.runners.ParentRunner	org.apache.maven.surefire.junit4.JUnit4Provider	org.apache.maven.surefire.junit4.JUnit4Provider	org.apache.maven.surefire.junit4.JUnit4Provider	org.apache.maven.surefire.junit4.JUnit4Provider	org.apache.maven.surefire.booter.ForkedBooter	org.apache.maven.surefire.booter.ForkedBooter	org.apache.maven.surefire.booter.ForkedBooter	org.apache.maven.surefire.booter.ForkedBooter	
2022-11-29 03:14:20,573 org.apache.skywalking.oap.server.starter.config.ApplicationConfigLoader 83 [main] INFO  [] - Get a provider define belong to receiver-zipkin module, provider name: default
2022-11-29 03:14:20,573 org.apache.skywalking.oap.server.starter.config.ApplicationConfigLoader 179 [main] INFO  [] - Provider=default config=searchableTracesTags has been set as http.method
2022-11-29 03:14:20,574 org.apache.skywalking.oap.server.starter.config.ApplicationConfigLoader 179 [main] INFO  [] - Provider=default config=sampleRate has been set as 10000
2022-11-29 03:14:20,574 org.apache.skywalking.oap.server.starter.config.ApplicationConfigLoader 179 [main] INFO  [] - Provider=default config=enableHttpCollector has been set as true
2022-11-29 03:14:20,574 org.apache.skywalking.oap.server.starter.config.ApplicationConfigLoader 179 [main] INFO  [] - Provider=default config=restHost has been set as 0.0.0.0
2022-11-29 03:14:20,577 org.apache.skywalking.oap.server.starter.config.ApplicationConfigLoader 179 [main] INFO  [] - Provider=default config=restPort has been set as 18822
2022-11-29 03:14:20,577 org.apache.skywalking.oap.server.starter.config.ApplicationConfigLoader 179 [main] INFO  [] - Provider=default config=restContextPath has been set as /
2022-11-29 03:14:20,578 org.apache.skywalking.oap.server.starter.config.ApplicationConfigLoader 179 [main] INFO  [] - Provider=default config=restMaxThreads has been set as 200
2022-11-29 03:14:20,579 org.apache.skywalking.oap.server.starter.config.ApplicationConfigLoader 179 [main] INFO  [] - Provider=default config=restIdleTimeOut has been set as 30000
2022-11-29 03:14:20,580 org.apache.skywalking.oap.server.starter.config.ApplicationConfigLoader 179 [main] INFO  [] - Provider=default config=restAcceptQueueSize has been set as 0
2022-11-29 03:14:20,581 org.apache.skywalking.oap.server.starter.config.ApplicationConfigLoader 179 [main] INFO  [] - Provider=default config=enableKafkaCollector has been set as false
2022-11-29 03:14:20,583 org.apache.skywalking.oap.server.starter.config.ApplicationConfigLoader 179 [main] INFO  [] - Provider=default config=kafkaBootstrapServers has been set as localhost:9092
2022-11-29 03:14:20,585 org.apache.skywalking.oap.server.starter.config.ApplicationConfigLoader 179 [main] INFO  [] - Provider=default config=kafkaGroupId has been set as zipkin
2022-11-29 03:14:20,586 org.apache.skywalking.oap.server.starter.config.ApplicationConfigLoader 179 [main] INFO  [] - Provider=default config=kafkaTopic has been set as zipkin
2022-11-29 03:14:20,586 org.apache.skywalking.oap.server.starter.config.ApplicationConfigLoader 179 [main] INFO  [] - Provider=default config=kafkaConsumerConfig has been set as {"auto.offset.reset":"earliest","enable.auto.commit":true}
2022-11-29 03:14:20,587 org.apache.skywalking.oap.server.starter.config.ApplicationConfigLoader 179 [main] INFO  [] - Provider=default config=kafkaConsumers has been set as 1
2022-11-29 03:14:20,593 org.apache.skywalking.oap.server.starter.config.ApplicationConfigLoader 179 [main] INFO  [] - Provider=default config=kafkaHandlerThreadPoolSize has been set as -1
2022-11-29 03:14:20,596 org.apache.skywalking.oap.server.starter.config.ApplicationConfigLoader 179 [main] INFO  [] - Provider=default config=kafkaHandlerThreadPoolQueueSize has been set as -1
2022-11-29 03:14:20,597 org.apache.skywalking.oap.server.library.module.ApplicationConfiguration$ModuleConfiguration 80 [main] WARN  [] - [CTEST][getProviderConfiguration] ###default### providers {restHost=0.0.0.0, kafkaTopic=zipkin, searchableTracesTags=http.method, sampleRate=10000, restIdleTimeOut=30000, kafkaConsumers=1, kafkaHandlerThreadPoolSize=-1, restPort=18822, enableKafkaCollector=false, restContextPath=/, restMaxThreads=200, kafkaConsumerConfig={"auto.offset.reset":"earliest","enable.auto.commit":true}, kafkaGroupId=zipkin, kafkaBootstrapServers=localhost:9092, enableHttpCollector=true, restAcceptQueueSize=0, kafkaHandlerThreadPoolQueueSize=-1} java.lang.Thread	org.apache.skywalking.oap.server.library.module.ApplicationConfiguration	org.apache.skywalking.oap.server.library.module.ApplicationConfiguration	org.apache.skywalking.oap.server.library.module.ApplicationConfiguration$ModuleConfiguration	org.apache.skywalking.oap.server.starter.config.ApplicationConfigLoader	java.util.LinkedHashMap	org.apache.skywalking.oap.server.starter.config.ApplicationConfigLoader	java.util.LinkedHashMap	org.apache.skywalking.oap.server.starter.config.ApplicationConfigLoader	org.apache.skywalking.oap.server.starter.config.ApplicationConfigLoader	org.apache.skywalking.oap.server.starter.config.ApplicationConfigLoaderTestCase	jdk.internal.reflect.NativeMethodAccessorImpl	jdk.internal.reflect.NativeMethodAccessorImpl	jdk.internal.reflect.DelegatingMethodAccessorImpl	java.lang.reflect.Method	org.junit.runners.model.FrameworkMethod$1	org.junit.internal.runners.model.ReflectiveCallable	org.junit.runners.model.FrameworkMethod	org.junit.internal.runners.statements.RunBefores	org.junit.internal.runners.statements.RunBefores	org.junit.runners.ParentRunner$3	org.junit.runners.BlockJUnit4ClassRunner$1	org.junit.runners.ParentRunner	org.junit.runners.BlockJUnit4ClassRunner	org.junit.runners.BlockJUnit4ClassRunner	org.junit.runners.ParentRunner$4	org.junit.runners.ParentRunner$1	org.junit.runners.ParentRunner	org.junit.runners.ParentRunner	org.junit.runners.ParentRunner$2	org.junit.runners.ParentRunner$3	org.junit.runners.ParentRunner	org.apache.maven.surefire.junit4.JUnit4Provider	org.apache.maven.surefire.junit4.JUnit4Provider	org.apache.maven.surefire.junit4.JUnit4Provider	org.apache.maven.surefire.junit4.JUnit4Provider	org.apache.maven.surefire.booter.ForkedBooter	org.apache.maven.surefire.booter.ForkedBooter	org.apache.maven.surefire.booter.ForkedBooter	org.apache.maven.surefire.booter.ForkedBooter	
2022-11-29 03:14:20,597 org.apache.skywalking.oap.server.library.module.ApplicationConfiguration$PropertiesWrapper 103 [main] INFO  [] - [CTEST][PropertiesWrapper-reset] ###restHost### ***0.0.0.0***
2022-11-29 03:14:20,597 org.apache.skywalking.oap.server.library.module.ApplicationConfiguration$PropertiesWrapper 103 [main] INFO  [] - [CTEST][PropertiesWrapper-reset] ###kafkaTopic### ***zipkin***
2022-11-29 03:14:20,597 org.apache.skywalking.oap.server.library.module.ApplicationConfiguration$PropertiesWrapper 103 [main] INFO  [] - [CTEST][PropertiesWrapper-reset] ###searchableTracesTags### ***http.method***
2022-11-29 03:14:20,597 org.apache.skywalking.oap.server.library.module.ApplicationConfiguration$PropertiesWrapper 103 [main] INFO  [] - [CTEST][PropertiesWrapper-reset] ###sampleRate### ***10000***
2022-11-29 03:14:20,597 org.apache.skywalking.oap.server.library.module.ApplicationConfiguration$PropertiesWrapper 103 [main] INFO  [] - [CTEST][PropertiesWrapper-reset] ###restIdleTimeOut### ***30000***
2022-11-29 03:14:20,597 org.apache.skywalking.oap.server.library.module.ApplicationConfiguration$PropertiesWrapper 103 [main] INFO  [] - [CTEST][PropertiesWrapper-reset] ###kafkaConsumers### ***1***
2022-11-29 03:14:20,597 org.apache.skywalking.oap.server.library.module.ApplicationConfiguration$PropertiesWrapper 103 [main] INFO  [] - [CTEST][PropertiesWrapper-reset] ###kafkaHandlerThreadPoolSize### ***-1***
2022-11-29 03:14:20,597 org.apache.skywalking.oap.server.library.module.ApplicationConfiguration$PropertiesWrapper 103 [main] INFO  [] - [CTEST][PropertiesWrapper-reset] ###restPort### ***18822***
2022-11-29 03:14:20,597 org.apache.skywalking.oap.server.library.module.ApplicationConfiguration$PropertiesWrapper 103 [main] INFO  [] - [CTEST][PropertiesWrapper-reset] ###enableKafkaCollector### ***false***
2022-11-29 03:14:20,597 org.apache.skywalking.oap.server.library.module.ApplicationConfiguration$PropertiesWrapper 103 [main] INFO  [] - [CTEST][PropertiesWrapper-reset] ###restContextPath### ***/***
2022-11-29 03:14:20,598 org.apache.skywalking.oap.server.library.module.ApplicationConfiguration$PropertiesWrapper 103 [main] INFO  [] - [CTEST][PropertiesWrapper-reset] ###restMaxThreads### ***200***
2022-11-29 03:14:20,598 org.apache.skywalking.oap.server.library.module.ApplicationConfiguration$PropertiesWrapper 103 [main] INFO  [] - [CTEST][PropertiesWrapper-reset] ###kafkaConsumerConfig### ***{"auto.offset.reset":"earliest","enable.auto.commit":true}***
2022-11-29 03:14:20,598 org.apache.skywalking.oap.server.library.module.ApplicationConfiguration$PropertiesWrapper 103 [main] INFO  [] - [CTEST][PropertiesWrapper-reset] ###kafkaGroupId### ***zipkin***
2022-11-29 03:14:20,598 org.apache.skywalking.oap.server.library.module.ApplicationConfiguration$PropertiesWrapper 103 [main] INFO  [] - [CTEST][PropertiesWrapper-reset] ###kafkaBootstrapServers### ***localhost:9092***
2022-11-29 03:14:20,598 org.apache.skywalking.oap.server.library.module.ApplicationConfiguration$PropertiesWrapper 103 [main] INFO  [] - [CTEST][PropertiesWrapper-reset] ###enableHttpCollector### ***true***
2022-11-29 03:14:20,598 org.apache.skywalking.oap.server.library.module.ApplicationConfiguration$PropertiesWrapper 103 [main] INFO  [] - [CTEST][PropertiesWrapper-reset] ###restAcceptQueueSize### ***0***
2022-11-29 03:14:20,598 org.apache.skywalking.oap.server.library.module.ApplicationConfiguration$PropertiesWrapper 103 [main] INFO  [] - [CTEST][PropertiesWrapper-reset] ###kafkaHandlerThreadPoolQueueSize### ***-1***
2022-11-29 03:14:20,598 org.apache.skywalking.oap.server.starter.config.ApplicationConfigLoader 79 [main] INFO  [] - Get a module define from application.yml, module name: receiver-browser
2022-11-29 03:14:20,598 org.apache.skywalking.oap.server.library.module.ApplicationConfiguration 37 [main] WARN  [] - [CTEST][getModuleConfiguration] ###receiver-browser### java.lang.Thread	org.apache.skywalking.oap.server.library.module.ApplicationConfiguration	org.apache.skywalking.oap.server.library.module.ApplicationConfiguration	org.apache.skywalking.oap.server.starter.config.ApplicationConfigLoader	java.util.LinkedHashMap	org.apache.skywalking.oap.server.starter.config.ApplicationConfigLoader	org.apache.skywalking.oap.server.starter.config.ApplicationConfigLoader	org.apache.skywalking.oap.server.starter.config.ApplicationConfigLoaderTestCase	jdk.internal.reflect.NativeMethodAccessorImpl	jdk.internal.reflect.NativeMethodAccessorImpl	jdk.internal.reflect.DelegatingMethodAccessorImpl	java.lang.reflect.Method	org.junit.runners.model.FrameworkMethod$1	org.junit.internal.runners.model.ReflectiveCallable	org.junit.runners.model.FrameworkMethod	org.junit.internal.runners.statements.RunBefores	org.junit.internal.runners.statements.RunBefores	org.junit.runners.ParentRunner$3	org.junit.runners.BlockJUnit4ClassRunner$1	org.junit.runners.ParentRunner	org.junit.runners.BlockJUnit4ClassRunner	org.junit.runners.BlockJUnit4ClassRunner	org.junit.runners.ParentRunner$4	org.junit.runners.ParentRunner$1	org.junit.runners.ParentRunner	org.junit.runners.ParentRunner	org.junit.runners.ParentRunner$2	org.junit.runners.ParentRunner$3	org.junit.runners.ParentRunner	org.apache.maven.surefire.junit4.JUnit4Provider	org.apache.maven.surefire.junit4.JUnit4Provider	org.apache.maven.surefire.junit4.JUnit4Provider	org.apache.maven.surefire.junit4.JUnit4Provider	org.apache.maven.surefire.booter.ForkedBooter	org.apache.maven.surefire.booter.ForkedBooter	org.apache.maven.surefire.booter.ForkedBooter	org.apache.maven.surefire.booter.ForkedBooter	
2022-11-29 03:14:20,598 org.apache.skywalking.oap.server.starter.config.ApplicationConfigLoader 83 [main] INFO  [] - Get a provider define belong to receiver-browser module, provider name: default
2022-11-29 03:14:20,598 org.apache.skywalking.oap.server.starter.config.ApplicationConfigLoader 179 [main] INFO  [] - Provider=default config=sampleRate has been set as 10000
2022-11-29 03:14:20,599 org.apache.skywalking.oap.server.library.module.ApplicationConfiguration$ModuleConfiguration 80 [main] WARN  [] - [CTEST][getProviderConfiguration] ###default### providers {sampleRate=10000} java.lang.Thread	org.apache.skywalking.oap.server.library.module.ApplicationConfiguration	org.apache.skywalking.oap.server.library.module.ApplicationConfiguration	org.apache.skywalking.oap.server.library.module.ApplicationConfiguration$ModuleConfiguration	org.apache.skywalking.oap.server.starter.config.ApplicationConfigLoader	java.util.LinkedHashMap	org.apache.skywalking.oap.server.starter.config.ApplicationConfigLoader	java.util.LinkedHashMap	org.apache.skywalking.oap.server.starter.config.ApplicationConfigLoader	org.apache.skywalking.oap.server.starter.config.ApplicationConfigLoader	org.apache.skywalking.oap.server.starter.config.ApplicationConfigLoaderTestCase	jdk.internal.reflect.NativeMethodAccessorImpl	jdk.internal.reflect.NativeMethodAccessorImpl	jdk.internal.reflect.DelegatingMethodAccessorImpl	java.lang.reflect.Method	org.junit.runners.model.FrameworkMethod$1	org.junit.internal.runners.model.ReflectiveCallable	org.junit.runners.model.FrameworkMethod	org.junit.internal.runners.statements.RunBefores	org.junit.internal.runners.statements.RunBefores	org.junit.runners.ParentRunner$3	org.junit.runners.BlockJUnit4ClassRunner$1	org.junit.runners.ParentRunner	org.junit.runners.BlockJUnit4ClassRunner	org.junit.runners.BlockJUnit4ClassRunner	org.junit.runners.ParentRunner$4	org.junit.runners.ParentRunner$1	org.junit.runners.ParentRunner	org.junit.runners.ParentRunner	org.junit.runners.ParentRunner$2	org.junit.runners.ParentRunner$3	org.junit.runners.ParentRunner	org.apache.maven.surefire.junit4.JUnit4Provider	org.apache.maven.surefire.junit4.JUnit4Provider	org.apache.maven.surefire.junit4.JUnit4Provider	org.apache.maven.surefire.junit4.JUnit4Provider	org.apache.maven.surefire.booter.ForkedBooter	org.apache.maven.surefire.booter.ForkedBooter	org.apache.maven.surefire.booter.ForkedBooter	org.apache.maven.surefire.booter.ForkedBooter	
2022-11-29 03:14:20,599 org.apache.skywalking.oap.server.library.module.ApplicationConfiguration$PropertiesWrapper 103 [main] INFO  [] - [CTEST][PropertiesWrapper-reset] ###sampleRate### ***10000***
2022-11-29 03:14:20,599 org.apache.skywalking.oap.server.starter.config.ApplicationConfigLoader 79 [main] INFO  [] - Get a module define from application.yml, module name: receiver-log
2022-11-29 03:14:20,599 org.apache.skywalking.oap.server.library.module.ApplicationConfiguration 37 [main] WARN  [] - [CTEST][getModuleConfiguration] ###receiver-log### java.lang.Thread	org.apache.skywalking.oap.server.library.module.ApplicationConfiguration	org.apache.skywalking.oap.server.library.module.ApplicationConfiguration	org.apache.skywalking.oap.server.starter.config.ApplicationConfigLoader	java.util.LinkedHashMap	org.apache.skywalking.oap.server.starter.config.ApplicationConfigLoader	org.apache.skywalking.oap.server.starter.config.ApplicationConfigLoader	org.apache.skywalking.oap.server.starter.config.ApplicationConfigLoaderTestCase	jdk.internal.reflect.NativeMethodAccessorImpl	jdk.internal.reflect.NativeMethodAccessorImpl	jdk.internal.reflect.DelegatingMethodAccessorImpl	java.lang.reflect.Method	org.junit.runners.model.FrameworkMethod$1	org.junit.internal.runners.model.ReflectiveCallable	org.junit.runners.model.FrameworkMethod	org.junit.internal.runners.statements.RunBefores	org.junit.internal.runners.statements.RunBefores	org.junit.runners.ParentRunner$3	org.junit.runners.BlockJUnit4ClassRunner$1	org.junit.runners.ParentRunner	org.junit.runners.BlockJUnit4ClassRunner	org.junit.runners.BlockJUnit4ClassRunner	org.junit.runners.ParentRunner$4	org.junit.runners.ParentRunner$1	org.junit.runners.ParentRunner	org.junit.runners.ParentRunner	org.junit.runners.ParentRunner$2	org.junit.runners.ParentRunner$3	org.junit.runners.ParentRunner	org.apache.maven.surefire.junit4.JUnit4Provider	org.apache.maven.surefire.junit4.JUnit4Provider	org.apache.maven.surefire.junit4.JUnit4Provider	org.apache.maven.surefire.junit4.JUnit4Provider	org.apache.maven.surefire.booter.ForkedBooter	org.apache.maven.surefire.booter.ForkedBooter	org.apache.maven.surefire.booter.ForkedBooter	org.apache.maven.surefire.booter.ForkedBooter	
2022-11-29 03:14:20,599 org.apache.skywalking.oap.server.starter.config.ApplicationConfigLoader 83 [main] INFO  [] - Get a provider define belong to receiver-log module, provider name: default
2022-11-29 03:14:20,599 org.apache.skywalking.oap.server.library.module.ApplicationConfiguration$ModuleConfiguration 80 [main] WARN  [] - [CTEST][getProviderConfiguration] ###default### providers {} java.lang.Thread	org.apache.skywalking.oap.server.library.module.ApplicationConfiguration	org.apache.skywalking.oap.server.library.module.ApplicationConfiguration	org.apache.skywalking.oap.server.library.module.ApplicationConfiguration$ModuleConfiguration	org.apache.skywalking.oap.server.starter.config.ApplicationConfigLoader	java.util.LinkedHashMap	org.apache.skywalking.oap.server.starter.config.ApplicationConfigLoader	java.util.LinkedHashMap	org.apache.skywalking.oap.server.starter.config.ApplicationConfigLoader	org.apache.skywalking.oap.server.starter.config.ApplicationConfigLoader	org.apache.skywalking.oap.server.starter.config.ApplicationConfigLoaderTestCase	jdk.internal.reflect.NativeMethodAccessorImpl	jdk.internal.reflect.NativeMethodAccessorImpl	jdk.internal.reflect.DelegatingMethodAccessorImpl	java.lang.reflect.Method	org.junit.runners.model.FrameworkMethod$1	org.junit.internal.runners.model.ReflectiveCallable	org.junit.runners.model.FrameworkMethod	org.junit.internal.runners.statements.RunBefores	org.junit.internal.runners.statements.RunBefores	org.junit.runners.ParentRunner$3	org.junit.runners.BlockJUnit4ClassRunner$1	org.junit.runners.ParentRunner	org.junit.runners.BlockJUnit4ClassRunner	org.junit.runners.BlockJUnit4ClassRunner	org.junit.runners.ParentRunner$4	org.junit.runners.ParentRunner$1	org.junit.runners.ParentRunner	org.junit.runners.ParentRunner	org.junit.runners.ParentRunner$2	org.junit.runners.ParentRunner$3	org.junit.runners.ParentRunner	org.apache.maven.surefire.junit4.JUnit4Provider	org.apache.maven.surefire.junit4.JUnit4Provider	org.apache.maven.surefire.junit4.JUnit4Provider	org.apache.maven.surefire.junit4.JUnit4Provider	org.apache.maven.surefire.booter.ForkedBooter	org.apache.maven.surefire.booter.ForkedBooter	org.apache.maven.surefire.booter.ForkedBooter	org.apache.maven.surefire.booter.ForkedBooter	
2022-11-29 03:14:20,599 org.apache.skywalking.oap.server.starter.config.ApplicationConfigLoader 79 [main] INFO  [] - Get a module define from application.yml, module name: query
2022-11-29 03:14:20,599 org.apache.skywalking.oap.server.library.module.ApplicationConfiguration 37 [main] WARN  [] - [CTEST][getModuleConfiguration] ###query### java.lang.Thread	org.apache.skywalking.oap.server.library.module.ApplicationConfiguration	org.apache.skywalking.oap.server.library.module.ApplicationConfiguration	org.apache.skywalking.oap.server.starter.config.ApplicationConfigLoader	java.util.LinkedHashMap	org.apache.skywalking.oap.server.starter.config.ApplicationConfigLoader	org.apache.skywalking.oap.server.starter.config.ApplicationConfigLoader	org.apache.skywalking.oap.server.starter.config.ApplicationConfigLoaderTestCase	jdk.internal.reflect.NativeMethodAccessorImpl	jdk.internal.reflect.NativeMethodAccessorImpl	jdk.internal.reflect.DelegatingMethodAccessorImpl	java.lang.reflect.Method	org.junit.runners.model.FrameworkMethod$1	org.junit.internal.runners.model.ReflectiveCallable	org.junit.runners.model.FrameworkMethod	org.junit.internal.runners.statements.RunBefores	org.junit.internal.runners.statements.RunBefores	org.junit.runners.ParentRunner$3	org.junit.runners.BlockJUnit4ClassRunner$1	org.junit.runners.ParentRunner	org.junit.runners.BlockJUnit4ClassRunner	org.junit.runners.BlockJUnit4ClassRunner	org.junit.runners.ParentRunner$4	org.junit.runners.ParentRunner$1	org.junit.runners.ParentRunner	org.junit.runners.ParentRunner	org.junit.runners.ParentRunner$2	org.junit.runners.ParentRunner$3	org.junit.runners.ParentRunner	org.apache.maven.surefire.junit4.JUnit4Provider	org.apache.maven.surefire.junit4.JUnit4Provider	org.apache.maven.surefire.junit4.JUnit4Provider	org.apache.maven.surefire.junit4.JUnit4Provider	org.apache.maven.surefire.booter.ForkedBooter	org.apache.maven.surefire.booter.ForkedBooter	org.apache.maven.surefire.booter.ForkedBooter	org.apache.maven.surefire.booter.ForkedBooter	
2022-11-29 03:14:20,600 org.apache.skywalking.oap.server.starter.config.ApplicationConfigLoader 83 [main] INFO  [] - Get a provider define belong to query module, provider name: graphql
2022-11-29 03:14:20,600 org.apache.skywalking.oap.server.starter.config.ApplicationConfigLoader 179 [main] INFO  [] - Provider=graphql config=enableLogTestTool has been set as false
2022-11-29 03:14:20,600 org.apache.skywalking.oap.server.starter.config.ApplicationConfigLoader 179 [main] INFO  [] - Provider=graphql config=maxQueryComplexity has been set as 1000
2022-11-29 03:14:20,600 org.apache.skywalking.oap.server.starter.config.ApplicationConfigLoader 179 [main] INFO  [] - Provider=graphql config=enableUpdateUITemplate has been set as false
2022-11-29 03:14:20,600 org.apache.skywalking.oap.server.starter.config.ApplicationConfigLoader 179 [main] INFO  [] - Provider=graphql config=enableOnDemandPodLog has been set as false
2022-11-29 03:14:20,601 org.apache.skywalking.oap.server.library.module.ApplicationConfiguration$ModuleConfiguration 80 [main] WARN  [] - [CTEST][getProviderConfiguration] ###graphql### providers {enableLogTestTool=false, maxQueryComplexity=1000, enableUpdateUITemplate=false, enableOnDemandPodLog=false} java.lang.Thread	org.apache.skywalking.oap.server.library.module.ApplicationConfiguration	org.apache.skywalking.oap.server.library.module.ApplicationConfiguration	org.apache.skywalking.oap.server.library.module.ApplicationConfiguration$ModuleConfiguration	org.apache.skywalking.oap.server.starter.config.ApplicationConfigLoader	java.util.LinkedHashMap	org.apache.skywalking.oap.server.starter.config.ApplicationConfigLoader	java.util.LinkedHashMap	org.apache.skywalking.oap.server.starter.config.ApplicationConfigLoader	org.apache.skywalking.oap.server.starter.config.ApplicationConfigLoader	org.apache.skywalking.oap.server.starter.config.ApplicationConfigLoaderTestCase	jdk.internal.reflect.NativeMethodAccessorImpl	jdk.internal.reflect.NativeMethodAccessorImpl	jdk.internal.reflect.DelegatingMethodAccessorImpl	java.lang.reflect.Method	org.junit.runners.model.FrameworkMethod$1	org.junit.internal.runners.model.ReflectiveCallable	org.junit.runners.model.FrameworkMethod	org.junit.internal.runners.statements.RunBefores	org.junit.internal.runners.statements.RunBefores	org.junit.runners.ParentRunner$3	org.junit.runners.BlockJUnit4ClassRunner$1	org.junit.runners.ParentRunner	org.junit.runners.BlockJUnit4ClassRunner	org.junit.runners.BlockJUnit4ClassRunner	org.junit.runners.ParentRunner$4	org.junit.runners.ParentRunner$1	org.junit.runners.ParentRunner	org.junit.runners.ParentRunner	org.junit.runners.ParentRunner$2	org.junit.runners.ParentRunner$3	org.junit.runners.ParentRunner	org.apache.maven.surefire.junit4.JUnit4Provider	org.apache.maven.surefire.junit4.JUnit4Provider	org.apache.maven.surefire.junit4.JUnit4Provider	org.apache.maven.surefire.junit4.JUnit4Provider	org.apache.maven.surefire.booter.ForkedBooter	org.apache.maven.surefire.booter.ForkedBooter	org.apache.maven.surefire.booter.ForkedBooter	org.apache.maven.surefire.booter.ForkedBooter	
2022-11-29 03:14:20,601 org.apache.skywalking.oap.server.library.module.ApplicationConfiguration$PropertiesWrapper 103 [main] INFO  [] - [CTEST][PropertiesWrapper-reset] ###enableLogTestTool### ***false***
2022-11-29 03:14:20,601 org.apache.skywalking.oap.server.library.module.ApplicationConfiguration$PropertiesWrapper 103 [main] INFO  [] - [CTEST][PropertiesWrapper-reset] ###maxQueryComplexity### ***1000***
2022-11-29 03:14:20,601 org.apache.skywalking.oap.server.library.module.ApplicationConfiguration$PropertiesWrapper 103 [main] INFO  [] - [CTEST][PropertiesWrapper-reset] ###enableUpdateUITemplate### ***false***
2022-11-29 03:14:20,601 org.apache.skywalking.oap.server.library.module.ApplicationConfiguration$PropertiesWrapper 103 [main] INFO  [] - [CTEST][PropertiesWrapper-reset] ###enableOnDemandPodLog### ***false***
2022-11-29 03:14:20,601 org.apache.skywalking.oap.server.starter.config.ApplicationConfigLoader 79 [main] INFO  [] - Get a module define from application.yml, module name: alarm
2022-11-29 03:14:20,601 org.apache.skywalking.oap.server.library.module.ApplicationConfiguration 37 [main] WARN  [] - [CTEST][getModuleConfiguration] ###alarm### java.lang.Thread	org.apache.skywalking.oap.server.library.module.ApplicationConfiguration	org.apache.skywalking.oap.server.library.module.ApplicationConfiguration	org.apache.skywalking.oap.server.starter.config.ApplicationConfigLoader	java.util.LinkedHashMap	org.apache.skywalking.oap.server.starter.config.ApplicationConfigLoader	org.apache.skywalking.oap.server.starter.config.ApplicationConfigLoader	org.apache.skywalking.oap.server.starter.config.ApplicationConfigLoaderTestCase	jdk.internal.reflect.NativeMethodAccessorImpl	jdk.internal.reflect.NativeMethodAccessorImpl	jdk.internal.reflect.DelegatingMethodAccessorImpl	java.lang.reflect.Method	org.junit.runners.model.FrameworkMethod$1	org.junit.internal.runners.model.ReflectiveCallable	org.junit.runners.model.FrameworkMethod	org.junit.internal.runners.statements.RunBefores	org.junit.internal.runners.statements.RunBefores	org.junit.runners.ParentRunner$3	org.junit.runners.BlockJUnit4ClassRunner$1	org.junit.runners.ParentRunner	org.junit.runners.BlockJUnit4ClassRunner	org.junit.runners.BlockJUnit4ClassRunner	org.junit.runners.ParentRunner$4	org.junit.runners.ParentRunner$1	org.junit.runners.ParentRunner	org.junit.runners.ParentRunner	org.junit.runners.ParentRunner$2	org.junit.runners.ParentRunner$3	org.junit.runners.ParentRunner	org.apache.maven.surefire.junit4.JUnit4Provider	org.apache.maven.surefire.junit4.JUnit4Provider	org.apache.maven.surefire.junit4.JUnit4Provider	org.apache.maven.surefire.junit4.JUnit4Provider	org.apache.maven.surefire.booter.ForkedBooter	org.apache.maven.surefire.booter.ForkedBooter	org.apache.maven.surefire.booter.ForkedBooter	org.apache.maven.surefire.booter.ForkedBooter	
2022-11-29 03:14:20,601 org.apache.skywalking.oap.server.starter.config.ApplicationConfigLoader 83 [main] INFO  [] - Get a provider define belong to alarm module, provider name: default
2022-11-29 03:14:20,601 org.apache.skywalking.oap.server.library.module.ApplicationConfiguration$ModuleConfiguration 80 [main] WARN  [] - [CTEST][getProviderConfiguration] ###default### providers {} java.lang.Thread	org.apache.skywalking.oap.server.library.module.ApplicationConfiguration	org.apache.skywalking.oap.server.library.module.ApplicationConfiguration	org.apache.skywalking.oap.server.library.module.ApplicationConfiguration$ModuleConfiguration	org.apache.skywalking.oap.server.starter.config.ApplicationConfigLoader	java.util.LinkedHashMap	org.apache.skywalking.oap.server.starter.config.ApplicationConfigLoader	java.util.LinkedHashMap	org.apache.skywalking.oap.server.starter.config.ApplicationConfigLoader	org.apache.skywalking.oap.server.starter.config.ApplicationConfigLoader	org.apache.skywalking.oap.server.starter.config.ApplicationConfigLoaderTestCase	jdk.internal.reflect.NativeMethodAccessorImpl	jdk.internal.reflect.NativeMethodAccessorImpl	jdk.internal.reflect.DelegatingMethodAccessorImpl	java.lang.reflect.Method	org.junit.runners.model.FrameworkMethod$1	org.junit.internal.runners.model.ReflectiveCallable	org.junit.runners.model.FrameworkMethod	org.junit.internal.runners.statements.RunBefores	org.junit.internal.runners.statements.RunBefores	org.junit.runners.ParentRunner$3	org.junit.runners.BlockJUnit4ClassRunner$1	org.junit.runners.ParentRunner	org.junit.runners.BlockJUnit4ClassRunner	org.junit.runners.BlockJUnit4ClassRunner	org.junit.runners.ParentRunner$4	org.junit.runners.ParentRunner$1	org.junit.runners.ParentRunner	org.junit.runners.ParentRunner	org.junit.runners.ParentRunner$2	org.junit.runners.ParentRunner$3	org.junit.runners.ParentRunner	org.apache.maven.surefire.junit4.JUnit4Provider	org.apache.maven.surefire.junit4.JUnit4Provider	org.apache.maven.surefire.junit4.JUnit4Provider	org.apache.maven.surefire.junit4.JUnit4Provider	org.apache.maven.surefire.booter.ForkedBooter	org.apache.maven.surefire.booter.ForkedBooter	org.apache.maven.surefire.booter.ForkedBooter	org.apache.maven.surefire.booter.ForkedBooter	
2022-11-29 03:14:20,601 org.apache.skywalking.oap.server.starter.config.ApplicationConfigLoader 79 [main] INFO  [] - Get a module define from application.yml, module name: telemetry
2022-11-29 03:14:20,604 org.apache.skywalking.oap.server.library.module.ApplicationConfiguration 37 [main] WARN  [] - [CTEST][getModuleConfiguration] ###telemetry### java.lang.Thread	org.apache.skywalking.oap.server.library.module.ApplicationConfiguration	org.apache.skywalking.oap.server.library.module.ApplicationConfiguration	org.apache.skywalking.oap.server.starter.config.ApplicationConfigLoader	java.util.LinkedHashMap	org.apache.skywalking.oap.server.starter.config.ApplicationConfigLoader	org.apache.skywalking.oap.server.starter.config.ApplicationConfigLoader	org.apache.skywalking.oap.server.starter.config.ApplicationConfigLoaderTestCase	jdk.internal.reflect.NativeMethodAccessorImpl	jdk.internal.reflect.NativeMethodAccessorImpl	jdk.internal.reflect.DelegatingMethodAccessorImpl	java.lang.reflect.Method	org.junit.runners.model.FrameworkMethod$1	org.junit.internal.runners.model.ReflectiveCallable	org.junit.runners.model.FrameworkMethod	org.junit.internal.runners.statements.RunBefores	org.junit.internal.runners.statements.RunBefores	org.junit.runners.ParentRunner$3	org.junit.runners.BlockJUnit4ClassRunner$1	org.junit.runners.ParentRunner	org.junit.runners.BlockJUnit4ClassRunner	org.junit.runners.BlockJUnit4ClassRunner	org.junit.runners.ParentRunner$4	org.junit.runners.ParentRunner$1	org.junit.runners.ParentRunner	org.junit.runners.ParentRunner	org.junit.runners.ParentRunner$2	org.junit.runners.ParentRunner$3	org.junit.runners.ParentRunner	org.apache.maven.surefire.junit4.JUnit4Provider	org.apache.maven.surefire.junit4.JUnit4Provider	org.apache.maven.surefire.junit4.JUnit4Provider	org.apache.maven.surefire.junit4.JUnit4Provider	org.apache.maven.surefire.booter.ForkedBooter	org.apache.maven.surefire.booter.ForkedBooter	org.apache.maven.surefire.booter.ForkedBooter	org.apache.maven.surefire.booter.ForkedBooter	
2022-11-29 03:14:20,604 org.apache.skywalking.oap.server.starter.config.ApplicationConfigLoader 83 [main] INFO  [] - Get a provider define belong to telemetry module, provider name: none
2022-11-29 03:14:20,604 org.apache.skywalking.oap.server.library.module.ApplicationConfiguration$ModuleConfiguration 80 [main] WARN  [] - [CTEST][getProviderConfiguration] ###none### providers {} java.lang.Thread	org.apache.skywalking.oap.server.library.module.ApplicationConfiguration	org.apache.skywalking.oap.server.library.module.ApplicationConfiguration	org.apache.skywalking.oap.server.library.module.ApplicationConfiguration$ModuleConfiguration	org.apache.skywalking.oap.server.starter.config.ApplicationConfigLoader	java.util.LinkedHashMap	org.apache.skywalking.oap.server.starter.config.ApplicationConfigLoader	java.util.LinkedHashMap	org.apache.skywalking.oap.server.starter.config.ApplicationConfigLoader	org.apache.skywalking.oap.server.starter.config.ApplicationConfigLoader	org.apache.skywalking.oap.server.starter.config.ApplicationConfigLoaderTestCase	jdk.internal.reflect.NativeMethodAccessorImpl	jdk.internal.reflect.NativeMethodAccessorImpl	jdk.internal.reflect.DelegatingMethodAccessorImpl	java.lang.reflect.Method	org.junit.runners.model.FrameworkMethod$1	org.junit.internal.runners.model.ReflectiveCallable	org.junit.runners.model.FrameworkMethod	org.junit.internal.runners.statements.RunBefores	org.junit.internal.runners.statements.RunBefores	org.junit.runners.ParentRunner$3	org.junit.runners.BlockJUnit4ClassRunner$1	org.junit.runners.ParentRunner	org.junit.runners.BlockJUnit4ClassRunner	org.junit.runners.BlockJUnit4ClassRunner	org.junit.runners.ParentRunner$4	org.junit.runners.ParentRunner$1	org.junit.runners.ParentRunner	org.junit.runners.ParentRunner	org.junit.runners.ParentRunner$2	org.junit.runners.ParentRunner$3	org.junit.runners.ParentRunner	org.apache.maven.surefire.junit4.JUnit4Provider	org.apache.maven.surefire.junit4.JUnit4Provider	org.apache.maven.surefire.junit4.JUnit4Provider	org.apache.maven.surefire.junit4.JUnit4Provider	org.apache.maven.surefire.booter.ForkedBooter	org.apache.maven.surefire.booter.ForkedBooter	org.apache.maven.surefire.booter.ForkedBooter	org.apache.maven.surefire.booter.ForkedBooter	
2022-11-29 03:14:20,604 org.apache.skywalking.oap.server.starter.config.ApplicationConfigLoader 79 [main] INFO  [] - Get a module define from application.yml, module name: configuration
2022-11-29 03:14:20,604 org.apache.skywalking.oap.server.library.module.ApplicationConfiguration 37 [main] WARN  [] - [CTEST][getModuleConfiguration] ###configuration### java.lang.Thread	org.apache.skywalking.oap.server.library.module.ApplicationConfiguration	org.apache.skywalking.oap.server.library.module.ApplicationConfiguration	org.apache.skywalking.oap.server.starter.config.ApplicationConfigLoader	java.util.LinkedHashMap	org.apache.skywalking.oap.server.starter.config.ApplicationConfigLoader	org.apache.skywalking.oap.server.starter.config.ApplicationConfigLoader	org.apache.skywalking.oap.server.starter.config.ApplicationConfigLoaderTestCase	jdk.internal.reflect.NativeMethodAccessorImpl	jdk.internal.reflect.NativeMethodAccessorImpl	jdk.internal.reflect.DelegatingMethodAccessorImpl	java.lang.reflect.Method	org.junit.runners.model.FrameworkMethod$1	org.junit.internal.runners.model.ReflectiveCallable	org.junit.runners.model.FrameworkMethod	org.junit.internal.runners.statements.RunBefores	org.junit.internal.runners.statements.RunBefores	org.junit.runners.ParentRunner$3	org.junit.runners.BlockJUnit4ClassRunner$1	org.junit.runners.ParentRunner	org.junit.runners.BlockJUnit4ClassRunner	org.junit.runners.BlockJUnit4ClassRunner	org.junit.runners.ParentRunner$4	org.junit.runners.ParentRunner$1	org.junit.runners.ParentRunner	org.junit.runners.ParentRunner	org.junit.runners.ParentRunner$2	org.junit.runners.ParentRunner$3	org.junit.runners.ParentRunner	org.apache.maven.surefire.junit4.JUnit4Provider	org.apache.maven.surefire.junit4.JUnit4Provider	org.apache.maven.surefire.junit4.JUnit4Provider	org.apache.maven.surefire.junit4.JUnit4Provider	org.apache.maven.surefire.booter.ForkedBooter	org.apache.maven.surefire.booter.ForkedBooter	org.apache.maven.surefire.booter.ForkedBooter	org.apache.maven.surefire.booter.ForkedBooter	
2022-11-29 03:14:20,604 org.apache.skywalking.oap.server.starter.config.ApplicationConfigLoader 83 [main] INFO  [] - Get a provider define belong to configuration module, provider name: none
2022-11-29 03:14:20,605 org.apache.skywalking.oap.server.library.module.ApplicationConfiguration$ModuleConfiguration 80 [main] WARN  [] - [CTEST][getProviderConfiguration] ###none### providers {} java.lang.Thread	org.apache.skywalking.oap.server.library.module.ApplicationConfiguration	org.apache.skywalking.oap.server.library.module.ApplicationConfiguration	org.apache.skywalking.oap.server.library.module.ApplicationConfiguration$ModuleConfiguration	org.apache.skywalking.oap.server.starter.config.ApplicationConfigLoader	java.util.LinkedHashMap	org.apache.skywalking.oap.server.starter.config.ApplicationConfigLoader	java.util.LinkedHashMap	org.apache.skywalking.oap.server.starter.config.ApplicationConfigLoader	org.apache.skywalking.oap.server.starter.config.ApplicationConfigLoader	org.apache.skywalking.oap.server.starter.config.ApplicationConfigLoaderTestCase	jdk.internal.reflect.NativeMethodAccessorImpl	jdk.internal.reflect.NativeMethodAccessorImpl	jdk.internal.reflect.DelegatingMethodAccessorImpl	java.lang.reflect.Method	org.junit.runners.model.FrameworkMethod$1	org.junit.internal.runners.model.ReflectiveCallable	org.junit.runners.model.FrameworkMethod	org.junit.internal.runners.statements.RunBefores	org.junit.internal.runners.statements.RunBefores	org.junit.runners.ParentRunner$3	org.junit.runners.BlockJUnit4ClassRunner$1	org.junit.runners.ParentRunner	org.junit.runners.BlockJUnit4ClassRunner	org.junit.runners.BlockJUnit4ClassRunner	org.junit.runners.ParentRunner$4	org.junit.runners.ParentRunner$1	org.junit.runners.ParentRunner	org.junit.runners.ParentRunner	org.junit.runners.ParentRunner$2	org.junit.runners.ParentRunner$3	org.junit.runners.ParentRunner	org.apache.maven.surefire.junit4.JUnit4Provider	org.apache.maven.surefire.junit4.JUnit4Provider	org.apache.maven.surefire.junit4.JUnit4Provider	org.apache.maven.surefire.junit4.JUnit4Provider	org.apache.maven.surefire.booter.ForkedBooter	org.apache.maven.surefire.booter.ForkedBooter	org.apache.maven.surefire.booter.ForkedBooter	org.apache.maven.surefire.booter.ForkedBooter	
2022-11-29 03:14:20,605 org.apache.skywalking.oap.server.starter.config.ApplicationConfigLoader 79 [main] INFO  [] - Get a module define from application.yml, module name: configuration-discovery
2022-11-29 03:14:20,605 org.apache.skywalking.oap.server.library.module.ApplicationConfiguration 37 [main] WARN  [] - [CTEST][getModuleConfiguration] ###configuration-discovery### java.lang.Thread	org.apache.skywalking.oap.server.library.module.ApplicationConfiguration	org.apache.skywalking.oap.server.library.module.ApplicationConfiguration	org.apache.skywalking.oap.server.starter.config.ApplicationConfigLoader	java.util.LinkedHashMap	org.apache.skywalking.oap.server.starter.config.ApplicationConfigLoader	org.apache.skywalking.oap.server.starter.config.ApplicationConfigLoader	org.apache.skywalking.oap.server.starter.config.ApplicationConfigLoaderTestCase	jdk.internal.reflect.NativeMethodAccessorImpl	jdk.internal.reflect.NativeMethodAccessorImpl	jdk.internal.reflect.DelegatingMethodAccessorImpl	java.lang.reflect.Method	org.junit.runners.model.FrameworkMethod$1	org.junit.internal.runners.model.ReflectiveCallable	org.junit.runners.model.FrameworkMethod	org.junit.internal.runners.statements.RunBefores	org.junit.internal.runners.statements.RunBefores	org.junit.runners.ParentRunner$3	org.junit.runners.BlockJUnit4ClassRunner$1	org.junit.runners.ParentRunner	org.junit.runners.BlockJUnit4ClassRunner	org.junit.runners.BlockJUnit4ClassRunner	org.junit.runners.ParentRunner$4	org.junit.runners.ParentRunner$1	org.junit.runners.ParentRunner	org.junit.runners.ParentRunner	org.junit.runners.ParentRunner$2	org.junit.runners.ParentRunner$3	org.junit.runners.ParentRunner	org.apache.maven.surefire.junit4.JUnit4Provider	org.apache.maven.surefire.junit4.JUnit4Provider	org.apache.maven.surefire.junit4.JUnit4Provider	org.apache.maven.surefire.junit4.JUnit4Provider	org.apache.maven.surefire.booter.ForkedBooter	org.apache.maven.surefire.booter.ForkedBooter	org.apache.maven.surefire.booter.ForkedBooter	org.apache.maven.surefire.booter.ForkedBooter	
2022-11-29 03:14:20,605 org.apache.skywalking.oap.server.starter.config.ApplicationConfigLoader 83 [main] INFO  [] - Get a provider define belong to configuration-discovery module, provider name: default
2022-11-29 03:14:20,612 org.apache.skywalking.oap.server.starter.config.ApplicationConfigLoader 179 [main] INFO  [] - Provider=default config=disableMessageDigest has been set as false
2022-11-29 03:14:20,612 org.apache.skywalking.oap.server.library.module.ApplicationConfiguration$ModuleConfiguration 80 [main] WARN  [] - [CTEST][getProviderConfiguration] ###default### providers {disableMessageDigest=false} java.lang.Thread	org.apache.skywalking.oap.server.library.module.ApplicationConfiguration	org.apache.skywalking.oap.server.library.module.ApplicationConfiguration	org.apache.skywalking.oap.server.library.module.ApplicationConfiguration$ModuleConfiguration	org.apache.skywalking.oap.server.starter.config.ApplicationConfigLoader	java.util.LinkedHashMap	org.apache.skywalking.oap.server.starter.config.ApplicationConfigLoader	java.util.LinkedHashMap	org.apache.skywalking.oap.server.starter.config.ApplicationConfigLoader	org.apache.skywalking.oap.server.starter.config.ApplicationConfigLoader	org.apache.skywalking.oap.server.starter.config.ApplicationConfigLoaderTestCase	jdk.internal.reflect.NativeMethodAccessorImpl	jdk.internal.reflect.NativeMethodAccessorImpl	jdk.internal.reflect.DelegatingMethodAccessorImpl	java.lang.reflect.Method	org.junit.runners.model.FrameworkMethod$1	org.junit.internal.runners.model.ReflectiveCallable	org.junit.runners.model.FrameworkMethod	org.junit.internal.runners.statements.RunBefores	org.junit.internal.runners.statements.RunBefores	org.junit.runners.ParentRunner$3	org.junit.runners.BlockJUnit4ClassRunner$1	org.junit.runners.ParentRunner	org.junit.runners.BlockJUnit4ClassRunner	org.junit.runners.BlockJUnit4ClassRunner	org.junit.runners.ParentRunner$4	org.junit.runners.ParentRunner$1	org.junit.runners.ParentRunner	org.junit.runners.ParentRunner	org.junit.runners.ParentRunner$2	org.junit.runners.ParentRunner$3	org.junit.runners.ParentRunner	org.apache.maven.surefire.junit4.JUnit4Provider	org.apache.maven.surefire.junit4.JUnit4Provider	org.apache.maven.surefire.junit4.JUnit4Provider	org.apache.maven.surefire.junit4.JUnit4Provider	org.apache.maven.surefire.booter.ForkedBooter	org.apache.maven.surefire.booter.ForkedBooter	org.apache.maven.surefire.booter.ForkedBooter	org.apache.maven.surefire.booter.ForkedBooter	
2022-11-29 03:14:20,612 org.apache.skywalking.oap.server.library.module.ApplicationConfiguration$PropertiesWrapper 103 [main] INFO  [] - [CTEST][PropertiesWrapper-reset] ###disableMessageDigest### ***false***
2022-11-29 03:14:20,613 org.apache.skywalking.oap.server.starter.config.ApplicationConfigLoader 79 [main] INFO  [] - Get a module define from application.yml, module name: receiver-event
2022-11-29 03:14:20,613 org.apache.skywalking.oap.server.library.module.ApplicationConfiguration 37 [main] WARN  [] - [CTEST][getModuleConfiguration] ###receiver-event### java.lang.Thread	org.apache.skywalking.oap.server.library.module.ApplicationConfiguration	org.apache.skywalking.oap.server.library.module.ApplicationConfiguration	org.apache.skywalking.oap.server.starter.config.ApplicationConfigLoader	java.util.LinkedHashMap	org.apache.skywalking.oap.server.starter.config.ApplicationConfigLoader	org.apache.skywalking.oap.server.starter.config.ApplicationConfigLoader	org.apache.skywalking.oap.server.starter.config.ApplicationConfigLoaderTestCase	jdk.internal.reflect.NativeMethodAccessorImpl	jdk.internal.reflect.NativeMethodAccessorImpl	jdk.internal.reflect.DelegatingMethodAccessorImpl	java.lang.reflect.Method	org.junit.runners.model.FrameworkMethod$1	org.junit.internal.runners.model.ReflectiveCallable	org.junit.runners.model.FrameworkMethod	org.junit.internal.runners.statements.RunBefores	org.junit.internal.runners.statements.RunBefores	org.junit.runners.ParentRunner$3	org.junit.runners.BlockJUnit4ClassRunner$1	org.junit.runners.ParentRunner	org.junit.runners.BlockJUnit4ClassRunner	org.junit.runners.BlockJUnit4ClassRunner	org.junit.runners.ParentRunner$4	org.junit.runners.ParentRunner$1	org.junit.runners.ParentRunner	org.junit.runners.ParentRunner	org.junit.runners.ParentRunner$2	org.junit.runners.ParentRunner$3	org.junit.runners.ParentRunner	org.apache.maven.surefire.junit4.JUnit4Provider	org.apache.maven.surefire.junit4.JUnit4Provider	org.apache.maven.surefire.junit4.JUnit4Provider	org.apache.maven.surefire.junit4.JUnit4Provider	org.apache.maven.surefire.booter.ForkedBooter	org.apache.maven.surefire.booter.ForkedBooter	org.apache.maven.surefire.booter.ForkedBooter	org.apache.maven.surefire.booter.ForkedBooter	
2022-11-29 03:14:20,613 org.apache.skywalking.oap.server.starter.config.ApplicationConfigLoader 83 [main] INFO  [] - Get a provider define belong to receiver-event module, provider name: default
2022-11-29 03:14:20,613 org.apache.skywalking.oap.server.library.module.ApplicationConfiguration$ModuleConfiguration 80 [main] WARN  [] - [CTEST][getProviderConfiguration] ###default### providers {} java.lang.Thread	org.apache.skywalking.oap.server.library.module.ApplicationConfiguration	org.apache.skywalking.oap.server.library.module.ApplicationConfiguration	org.apache.skywalking.oap.server.library.module.ApplicationConfiguration$ModuleConfiguration	org.apache.skywalking.oap.server.starter.config.ApplicationConfigLoader	java.util.LinkedHashMap	org.apache.skywalking.oap.server.starter.config.ApplicationConfigLoader	java.util.LinkedHashMap	org.apache.skywalking.oap.server.starter.config.ApplicationConfigLoader	org.apache.skywalking.oap.server.starter.config.ApplicationConfigLoader	org.apache.skywalking.oap.server.starter.config.ApplicationConfigLoaderTestCase	jdk.internal.reflect.NativeMethodAccessorImpl	jdk.internal.reflect.NativeMethodAccessorImpl	jdk.internal.reflect.DelegatingMethodAccessorImpl	java.lang.reflect.Method	org.junit.runners.model.FrameworkMethod$1	org.junit.internal.runners.model.ReflectiveCallable	org.junit.runners.model.FrameworkMethod	org.junit.internal.runners.statements.RunBefores	org.junit.internal.runners.statements.RunBefores	org.junit.runners.ParentRunner$3	org.junit.runners.BlockJUnit4ClassRunner$1	org.junit.runners.ParentRunner	org.junit.runners.BlockJUnit4ClassRunner	org.junit.runners.BlockJUnit4ClassRunner	org.junit.runners.ParentRunner$4	org.junit.runners.ParentRunner$1	org.junit.runners.ParentRunner	org.junit.runners.ParentRunner	org.junit.runners.ParentRunner$2	org.junit.runners.ParentRunner$3	org.junit.runners.ParentRunner	org.apache.maven.surefire.junit4.JUnit4Provider	org.apache.maven.surefire.junit4.JUnit4Provider	org.apache.maven.surefire.junit4.JUnit4Provider	org.apache.maven.surefire.junit4.JUnit4Provider	org.apache.maven.surefire.booter.ForkedBooter	org.apache.maven.surefire.booter.ForkedBooter	org.apache.maven.surefire.booter.ForkedBooter	org.apache.maven.surefire.booter.ForkedBooter	
2022-11-29 03:14:20,613 org.apache.skywalking.oap.server.starter.config.ApplicationConfigLoader 79 [main] INFO  [] - Get a module define from application.yml, module name: receiver-ebpf
2022-11-29 03:14:20,613 org.apache.skywalking.oap.server.library.module.ApplicationConfiguration 37 [main] WARN  [] - [CTEST][getModuleConfiguration] ###receiver-ebpf### java.lang.Thread	org.apache.skywalking.oap.server.library.module.ApplicationConfiguration	org.apache.skywalking.oap.server.library.module.ApplicationConfiguration	org.apache.skywalking.oap.server.starter.config.ApplicationConfigLoader	java.util.LinkedHashMap	org.apache.skywalking.oap.server.starter.config.ApplicationConfigLoader	org.apache.skywalking.oap.server.starter.config.ApplicationConfigLoader	org.apache.skywalking.oap.server.starter.config.ApplicationConfigLoaderTestCase	jdk.internal.reflect.NativeMethodAccessorImpl	jdk.internal.reflect.NativeMethodAccessorImpl	jdk.internal.reflect.DelegatingMethodAccessorImpl	java.lang.reflect.Method	org.junit.runners.model.FrameworkMethod$1	org.junit.internal.runners.model.ReflectiveCallable	org.junit.runners.model.FrameworkMethod	org.junit.internal.runners.statements.RunBefores	org.junit.internal.runners.statements.RunBefores	org.junit.runners.ParentRunner$3	org.junit.runners.BlockJUnit4ClassRunner$1	org.junit.runners.ParentRunner	org.junit.runners.BlockJUnit4ClassRunner	org.junit.runners.BlockJUnit4ClassRunner	org.junit.runners.ParentRunner$4	org.junit.runners.ParentRunner$1	org.junit.runners.ParentRunner	org.junit.runners.ParentRunner	org.junit.runners.ParentRunner$2	org.junit.runners.ParentRunner$3	org.junit.runners.ParentRunner	org.apache.maven.surefire.junit4.JUnit4Provider	org.apache.maven.surefire.junit4.JUnit4Provider	org.apache.maven.surefire.junit4.JUnit4Provider	org.apache.maven.surefire.junit4.JUnit4Provider	org.apache.maven.surefire.booter.ForkedBooter	org.apache.maven.surefire.booter.ForkedBooter	org.apache.maven.surefire.booter.ForkedBooter	org.apache.maven.surefire.booter.ForkedBooter	
2022-11-29 03:14:20,613 org.apache.skywalking.oap.server.starter.config.ApplicationConfigLoader 83 [main] INFO  [] - Get a provider define belong to receiver-ebpf module, provider name: default
2022-11-29 03:14:20,613 org.apache.skywalking.oap.server.library.module.ApplicationConfiguration$ModuleConfiguration 80 [main] WARN  [] - [CTEST][getProviderConfiguration] ###default### providers {} java.lang.Thread	org.apache.skywalking.oap.server.library.module.ApplicationConfiguration	org.apache.skywalking.oap.server.library.module.ApplicationConfiguration	org.apache.skywalking.oap.server.library.module.ApplicationConfiguration$ModuleConfiguration	org.apache.skywalking.oap.server.starter.config.ApplicationConfigLoader	java.util.LinkedHashMap	org.apache.skywalking.oap.server.starter.config.ApplicationConfigLoader	java.util.LinkedHashMap	org.apache.skywalking.oap.server.starter.config.ApplicationConfigLoader	org.apache.skywalking.oap.server.starter.config.ApplicationConfigLoader	org.apache.skywalking.oap.server.starter.config.ApplicationConfigLoaderTestCase	jdk.internal.reflect.NativeMethodAccessorImpl	jdk.internal.reflect.NativeMethodAccessorImpl	jdk.internal.reflect.DelegatingMethodAccessorImpl	java.lang.reflect.Method	org.junit.runners.model.FrameworkMethod$1	org.junit.internal.runners.model.ReflectiveCallable	org.junit.runners.model.FrameworkMethod	org.junit.internal.runners.statements.RunBefores	org.junit.internal.runners.statements.RunBefores	org.junit.runners.ParentRunner$3	org.junit.runners.BlockJUnit4ClassRunner$1	org.junit.runners.ParentRunner	org.junit.runners.BlockJUnit4ClassRunner	org.junit.runners.BlockJUnit4ClassRunner	org.junit.runners.ParentRunner$4	org.junit.runners.ParentRunner$1	org.junit.runners.ParentRunner	org.junit.runners.ParentRunner	org.junit.runners.ParentRunner$2	org.junit.runners.ParentRunner$3	org.junit.runners.ParentRunner	org.apache.maven.surefire.junit4.JUnit4Provider	org.apache.maven.surefire.junit4.JUnit4Provider	org.apache.maven.surefire.junit4.JUnit4Provider	org.apache.maven.surefire.junit4.JUnit4Provider	org.apache.maven.surefire.booter.ForkedBooter	org.apache.maven.surefire.booter.ForkedBooter	org.apache.maven.surefire.booter.ForkedBooter	org.apache.maven.surefire.booter.ForkedBooter	
2022-11-29 03:14:20,614 org.apache.skywalking.oap.server.library.module.ApplicationConfiguration 48 [main] WARN  [] - [CTEST][getModuleConfiguration] ###awt### java.lang.Thread	org.apache.skywalking.oap.server.library.module.ApplicationConfiguration	org.apache.skywalking.oap.server.library.module.ApplicationConfiguration	org.apache.skywalking.oap.server.starter.config.ApplicationConfigLoader	org.apache.skywalking.oap.server.starter.config.ApplicationConfigLoader	org.apache.skywalking.oap.server.starter.config.ApplicationConfigLoader	org.apache.skywalking.oap.server.starter.config.ApplicationConfigLoaderTestCase	jdk.internal.reflect.NativeMethodAccessorImpl	jdk.internal.reflect.NativeMethodAccessorImpl	jdk.internal.reflect.DelegatingMethodAccessorImpl	java.lang.reflect.Method	org.junit.runners.model.FrameworkMethod$1	org.junit.internal.runners.model.ReflectiveCallable	org.junit.runners.model.FrameworkMethod	org.junit.internal.runners.statements.RunBefores	org.junit.internal.runners.statements.RunBefores	org.junit.runners.ParentRunner$3	org.junit.runners.BlockJUnit4ClassRunner$1	org.junit.runners.ParentRunner	org.junit.runners.BlockJUnit4ClassRunner	org.junit.runners.BlockJUnit4ClassRunner	org.junit.runners.ParentRunner$4	org.junit.runners.ParentRunner$1	org.junit.runners.ParentRunner	org.junit.runners.ParentRunner	org.junit.runners.ParentRunner$2	org.junit.runners.ParentRunner$3	org.junit.runners.ParentRunner	org.apache.maven.surefire.junit4.JUnit4Provider	org.apache.maven.surefire.junit4.JUnit4Provider	org.apache.maven.surefire.junit4.JUnit4Provider	org.apache.maven.surefire.junit4.JUnit4Provider	org.apache.maven.surefire.booter.ForkedBooter	org.apache.maven.surefire.booter.ForkedBooter	org.apache.maven.surefire.booter.ForkedBooter	org.apache.maven.surefire.booter.ForkedBooter	
2022-11-29 03:14:20,614 org.apache.skywalking.oap.server.library.module.ApplicationConfiguration 48 [main] WARN  [] - [CTEST][getModuleConfiguration] ###java### java.lang.Thread	org.apache.skywalking.oap.server.library.module.ApplicationConfiguration	org.apache.skywalking.oap.server.library.module.ApplicationConfiguration	org.apache.skywalking.oap.server.starter.config.ApplicationConfigLoader	org.apache.skywalking.oap.server.starter.config.ApplicationConfigLoader	org.apache.skywalking.oap.server.starter.config.ApplicationConfigLoader	org.apache.skywalking.oap.server.starter.config.ApplicationConfigLoaderTestCase	jdk.internal.reflect.NativeMethodAccessorImpl	jdk.internal.reflect.NativeMethodAccessorImpl	jdk.internal.reflect.DelegatingMethodAccessorImpl	java.lang.reflect.Method	org.junit.runners.model.FrameworkMethod$1	org.junit.internal.runners.model.ReflectiveCallable	org.junit.runners.model.FrameworkMethod	org.junit.internal.runners.statements.RunBefores	org.junit.internal.runners.statements.RunBefores	org.junit.runners.ParentRunner$3	org.junit.runners.BlockJUnit4ClassRunner$1	org.junit.runners.ParentRunner	org.junit.runners.BlockJUnit4ClassRunner	org.junit.runners.BlockJUnit4ClassRunner	org.junit.runners.ParentRunner$4	org.junit.runners.ParentRunner$1	org.junit.runners.ParentRunner	org.junit.runners.ParentRunner	org.junit.runners.ParentRunner$2	org.junit.runners.ParentRunner$3	org.junit.runners.ParentRunner	org.apache.maven.surefire.junit4.JUnit4Provider	org.apache.maven.surefire.junit4.JUnit4Provider	org.apache.maven.surefire.junit4.JUnit4Provider	org.apache.maven.surefire.junit4.JUnit4Provider	org.apache.maven.surefire.booter.ForkedBooter	org.apache.maven.surefire.booter.ForkedBooter	org.apache.maven.surefire.booter.ForkedBooter	org.apache.maven.surefire.booter.ForkedBooter	
2022-11-29 03:14:20,614 org.apache.skywalking.oap.server.library.module.ApplicationConfiguration 48 [main] WARN  [] - [CTEST][getModuleConfiguration] ###sun### java.lang.Thread	org.apache.skywalking.oap.server.library.module.ApplicationConfiguration	org.apache.skywalking.oap.server.library.module.ApplicationConfiguration	org.apache.skywalking.oap.server.starter.config.ApplicationConfigLoader	org.apache.skywalking.oap.server.starter.config.ApplicationConfigLoader	org.apache.skywalking.oap.server.starter.config.ApplicationConfigLoader	org.apache.skywalking.oap.server.starter.config.ApplicationConfigLoaderTestCase	jdk.internal.reflect.NativeMethodAccessorImpl	jdk.internal.reflect.NativeMethodAccessorImpl	jdk.internal.reflect.DelegatingMethodAccessorImpl	java.lang.reflect.Method	org.junit.runners.model.FrameworkMethod$1	org.junit.internal.runners.model.ReflectiveCallable	org.junit.runners.model.FrameworkMethod	org.junit.internal.runners.statements.RunBefores	org.junit.internal.runners.statements.RunBefores	org.junit.runners.ParentRunner$3	org.junit.runners.BlockJUnit4ClassRunner$1	org.junit.runners.ParentRunner	org.junit.runners.BlockJUnit4ClassRunner	org.junit.runners.BlockJUnit4ClassRunner	org.junit.runners.ParentRunner$4	org.junit.runners.ParentRunner$1	org.junit.runners.ParentRunner	org.junit.runners.ParentRunner	org.junit.runners.ParentRunner$2	org.junit.runners.ParentRunner$3	org.junit.runners.ParentRunner	org.apache.maven.surefire.junit4.JUnit4Provider	org.apache.maven.surefire.junit4.JUnit4Provider	org.apache.maven.surefire.junit4.JUnit4Provider	org.apache.maven.surefire.junit4.JUnit4Provider	org.apache.maven.surefire.booter.ForkedBooter	org.apache.maven.surefire.booter.ForkedBooter	org.apache.maven.surefire.booter.ForkedBooter	org.apache.maven.surefire.booter.ForkedBooter	
2022-11-29 03:14:20,614 org.apache.skywalking.oap.server.library.module.ApplicationConfiguration 48 [main] WARN  [] - [CTEST][getModuleConfiguration] ###sun### java.lang.Thread	org.apache.skywalking.oap.server.library.module.ApplicationConfiguration	org.apache.skywalking.oap.server.library.module.ApplicationConfiguration	org.apache.skywalking.oap.server.starter.config.ApplicationConfigLoader	org.apache.skywalking.oap.server.starter.config.ApplicationConfigLoader	org.apache.skywalking.oap.server.starter.config.ApplicationConfigLoader	org.apache.skywalking.oap.server.starter.config.ApplicationConfigLoaderTestCase	jdk.internal.reflect.NativeMethodAccessorImpl	jdk.internal.reflect.NativeMethodAccessorImpl	jdk.internal.reflect.DelegatingMethodAccessorImpl	java.lang.reflect.Method	org.junit.runners.model.FrameworkMethod$1	org.junit.internal.runners.model.ReflectiveCallable	org.junit.runners.model.FrameworkMethod	org.junit.internal.runners.statements.RunBefores	org.junit.internal.runners.statements.RunBefores	org.junit.runners.ParentRunner$3	org.junit.runners.BlockJUnit4ClassRunner$1	org.junit.runners.ParentRunner	org.junit.runners.BlockJUnit4ClassRunner	org.junit.runners.BlockJUnit4ClassRunner	org.junit.runners.ParentRunner$4	org.junit.runners.ParentRunner$1	org.junit.runners.ParentRunner	org.junit.runners.ParentRunner	org.junit.runners.ParentRunner$2	org.junit.runners.ParentRunner$3	org.junit.runners.ParentRunner	org.apache.maven.surefire.junit4.JUnit4Provider	org.apache.maven.surefire.junit4.JUnit4Provider	org.apache.maven.surefire.junit4.JUnit4Provider	org.apache.maven.surefire.junit4.JUnit4Provider	org.apache.maven.surefire.booter.ForkedBooter	org.apache.maven.surefire.booter.ForkedBooter	org.apache.maven.surefire.booter.ForkedBooter	org.apache.maven.surefire.booter.ForkedBooter	
2022-11-29 03:14:20,614 org.apache.skywalking.oap.server.library.module.ApplicationConfiguration 48 [main] WARN  [] - [CTEST][getModuleConfiguration] ###git### java.lang.Thread	org.apache.skywalking.oap.server.library.module.ApplicationConfiguration	org.apache.skywalking.oap.server.library.module.ApplicationConfiguration	org.apache.skywalking.oap.server.starter.config.ApplicationConfigLoader	org.apache.skywalking.oap.server.starter.config.ApplicationConfigLoader	org.apache.skywalking.oap.server.starter.config.ApplicationConfigLoader	org.apache.skywalking.oap.server.starter.config.ApplicationConfigLoaderTestCase	jdk.internal.reflect.NativeMethodAccessorImpl	jdk.internal.reflect.NativeMethodAccessorImpl	jdk.internal.reflect.DelegatingMethodAccessorImpl	java.lang.reflect.Method	org.junit.runners.model.FrameworkMethod$1	org.junit.internal.runners.model.ReflectiveCallable	org.junit.runners.model.FrameworkMethod	org.junit.internal.runners.statements.RunBefores	org.junit.internal.runners.statements.RunBefores	org.junit.runners.ParentRunner$3	org.junit.runners.BlockJUnit4ClassRunner$1	org.junit.runners.ParentRunner	org.junit.runners.BlockJUnit4ClassRunner	org.junit.runners.BlockJUnit4ClassRunner	org.junit.runners.ParentRunner$4	org.junit.runners.ParentRunner$1	org.junit.runners.ParentRunner	org.junit.runners.ParentRunner	org.junit.runners.ParentRunner$2	org.junit.runners.ParentRunner$3	org.junit.runners.ParentRunner	org.apache.maven.surefire.junit4.JUnit4Provider	org.apache.maven.surefire.junit4.JUnit4Provider	org.apache.maven.surefire.junit4.JUnit4Provider	org.apache.maven.surefire.junit4.JUnit4Provider	org.apache.maven.surefire.booter.ForkedBooter	org.apache.maven.surefire.booter.ForkedBooter	org.apache.maven.surefire.booter.ForkedBooter	org.apache.maven.surefire.booter.ForkedBooter	
2022-11-29 03:14:20,614 org.apache.skywalking.oap.server.library.module.ApplicationConfiguration 48 [main] WARN  [] - [CTEST][getModuleConfiguration] ###java### java.lang.Thread	org.apache.skywalking.oap.server.library.module.ApplicationConfiguration	org.apache.skywalking.oap.server.library.module.ApplicationConfiguration	org.apache.skywalking.oap.server.starter.config.ApplicationConfigLoader	org.apache.skywalking.oap.server.starter.config.ApplicationConfigLoader	org.apache.skywalking.oap.server.starter.config.ApplicationConfigLoader	org.apache.skywalking.oap.server.starter.config.ApplicationConfigLoaderTestCase	jdk.internal.reflect.NativeMethodAccessorImpl	jdk.internal.reflect.NativeMethodAccessorImpl	jdk.internal.reflect.DelegatingMethodAccessorImpl	java.lang.reflect.Method	org.junit.runners.model.FrameworkMethod$1	org.junit.internal.runners.model.ReflectiveCallable	org.junit.runners.model.FrameworkMethod	org.junit.internal.runners.statements.RunBefores	org.junit.internal.runners.statements.RunBefores	org.junit.runners.ParentRunner$3	org.junit.runners.BlockJUnit4ClassRunner$1	org.junit.runners.ParentRunner	org.junit.runners.BlockJUnit4ClassRunner	org.junit.runners.BlockJUnit4ClassRunner	org.junit.runners.ParentRunner$4	org.junit.runners.ParentRunner$1	org.junit.runners.ParentRunner	org.junit.runners.ParentRunner	org.junit.runners.ParentRunner$2	org.junit.runners.ParentRunner$3	org.junit.runners.ParentRunner	org.apache.maven.surefire.junit4.JUnit4Provider	org.apache.maven.surefire.junit4.JUnit4Provider	org.apache.maven.surefire.junit4.JUnit4Provider	org.apache.maven.surefire.junit4.JUnit4Provider	org.apache.maven.surefire.booter.ForkedBooter	org.apache.maven.surefire.booter.ForkedBooter	org.apache.maven.surefire.booter.ForkedBooter	org.apache.maven.surefire.booter.ForkedBooter	
2022-11-29 03:14:20,615 org.apache.skywalking.oap.server.library.module.ApplicationConfiguration 48 [main] WARN  [] - [CTEST][getModuleConfiguration] ###java### java.lang.Thread	org.apache.skywalking.oap.server.library.module.ApplicationConfiguration	org.apache.skywalking.oap.server.library.module.ApplicationConfiguration	org.apache.skywalking.oap.server.starter.config.ApplicationConfigLoader	org.apache.skywalking.oap.server.starter.config.ApplicationConfigLoader	org.apache.skywalking.oap.server.starter.config.ApplicationConfigLoader	org.apache.skywalking.oap.server.starter.config.ApplicationConfigLoaderTestCase	jdk.internal.reflect.NativeMethodAccessorImpl	jdk.internal.reflect.NativeMethodAccessorImpl	jdk.internal.reflect.DelegatingMethodAccessorImpl	java.lang.reflect.Method	org.junit.runners.model.FrameworkMethod$1	org.junit.internal.runners.model.ReflectiveCallable	org.junit.runners.model.FrameworkMethod	org.junit.internal.runners.statements.RunBefores	org.junit.internal.runners.statements.RunBefores	org.junit.runners.ParentRunner$3	org.junit.runners.BlockJUnit4ClassRunner$1	org.junit.runners.ParentRunner	org.junit.runners.BlockJUnit4ClassRunner	org.junit.runners.BlockJUnit4ClassRunner	org.junit.runners.ParentRunner$4	org.junit.runners.ParentRunner$1	org.junit.runners.ParentRunner	org.junit.runners.ParentRunner	org.junit.runners.ParentRunner$2	org.junit.runners.ParentRunner$3	org.junit.runners.ParentRunner	org.apache.maven.surefire.junit4.JUnit4Provider	org.apache.maven.surefire.junit4.JUnit4Provider	org.apache.maven.surefire.junit4.JUnit4Provider	org.apache.maven.surefire.junit4.JUnit4Provider	org.apache.maven.surefire.booter.ForkedBooter	org.apache.maven.surefire.booter.ForkedBooter	org.apache.maven.surefire.booter.ForkedBooter	org.apache.maven.surefire.booter.ForkedBooter	
2022-11-29 03:14:20,615 org.apache.skywalking.oap.server.library.module.ApplicationConfiguration 48 [main] WARN  [] - [CTEST][getModuleConfiguration] ###sun### java.lang.Thread	org.apache.skywalking.oap.server.library.module.ApplicationConfiguration	org.apache.skywalking.oap.server.library.module.ApplicationConfiguration	org.apache.skywalking.oap.server.starter.config.ApplicationConfigLoader	org.apache.skywalking.oap.server.starter.config.ApplicationConfigLoader	org.apache.skywalking.oap.server.starter.config.ApplicationConfigLoader	org.apache.skywalking.oap.server.starter.config.ApplicationConfigLoaderTestCase	jdk.internal.reflect.NativeMethodAccessorImpl	jdk.internal.reflect.NativeMethodAccessorImpl	jdk.internal.reflect.DelegatingMethodAccessorImpl	java.lang.reflect.Method	org.junit.runners.model.FrameworkMethod$1	org.junit.internal.runners.model.ReflectiveCallable	org.junit.runners.model.FrameworkMethod	org.junit.internal.runners.statements.RunBefores	org.junit.internal.runners.statements.RunBefores	org.junit.runners.ParentRunner$3	org.junit.runners.BlockJUnit4ClassRunner$1	org.junit.runners.ParentRunner	org.junit.runners.BlockJUnit4ClassRunner	org.junit.runners.BlockJUnit4ClassRunner	org.junit.runners.ParentRunner$4	org.junit.runners.ParentRunner$1	org.junit.runners.ParentRunner	org.junit.runners.ParentRunner	org.junit.runners.ParentRunner$2	org.junit.runners.ParentRunner$3	org.junit.runners.ParentRunner	org.apache.maven.surefire.junit4.JUnit4Provider	org.apache.maven.surefire.junit4.JUnit4Provider	org.apache.maven.surefire.junit4.JUnit4Provider	org.apache.maven.surefire.junit4.JUnit4Provider	org.apache.maven.surefire.booter.ForkedBooter	org.apache.maven.surefire.booter.ForkedBooter	org.apache.maven.surefire.booter.ForkedBooter	org.apache.maven.surefire.booter.ForkedBooter	
2022-11-29 03:14:20,615 org.apache.skywalking.oap.server.library.module.ApplicationConfiguration 48 [main] WARN  [] - [CTEST][getModuleConfiguration] ###git### java.lang.Thread	org.apache.skywalking.oap.server.library.module.ApplicationConfiguration	org.apache.skywalking.oap.server.library.module.ApplicationConfiguration	org.apache.skywalking.oap.server.starter.config.ApplicationConfigLoader	org.apache.skywalking.oap.server.starter.config.ApplicationConfigLoader	org.apache.skywalking.oap.server.starter.config.ApplicationConfigLoader	org.apache.skywalking.oap.server.starter.config.ApplicationConfigLoaderTestCase	jdk.internal.reflect.NativeMethodAccessorImpl	jdk.internal.reflect.NativeMethodAccessorImpl	jdk.internal.reflect.DelegatingMethodAccessorImpl	java.lang.reflect.Method	org.junit.runners.model.FrameworkMethod$1	org.junit.internal.runners.model.ReflectiveCallable	org.junit.runners.model.FrameworkMethod	org.junit.internal.runners.statements.RunBefores	org.junit.internal.runners.statements.RunBefores	org.junit.runners.ParentRunner$3	org.junit.runners.BlockJUnit4ClassRunner$1	org.junit.runners.ParentRunner	org.junit.runners.BlockJUnit4ClassRunner	org.junit.runners.BlockJUnit4ClassRunner	org.junit.runners.ParentRunner$4	org.junit.runners.ParentRunner$1	org.junit.runners.ParentRunner	org.junit.runners.ParentRunner	org.junit.runners.ParentRunner$2	org.junit.runners.ParentRunner$3	org.junit.runners.ParentRunner	org.apache.maven.surefire.junit4.JUnit4Provider	org.apache.maven.surefire.junit4.JUnit4Provider	org.apache.maven.surefire.junit4.JUnit4Provider	org.apache.maven.surefire.junit4.JUnit4Provider	org.apache.maven.surefire.booter.ForkedBooter	org.apache.maven.surefire.booter.ForkedBooter	org.apache.maven.surefire.booter.ForkedBooter	org.apache.maven.surefire.booter.ForkedBooter	
2022-11-29 03:14:20,615 org.apache.skywalking.oap.server.library.module.ApplicationConfiguration 48 [main] WARN  [] - [CTEST][getModuleConfiguration] ###java### java.lang.Thread	org.apache.skywalking.oap.server.library.module.ApplicationConfiguration	org.apache.skywalking.oap.server.library.module.ApplicationConfiguration	org.apache.skywalking.oap.server.starter.config.ApplicationConfigLoader	org.apache.skywalking.oap.server.starter.config.ApplicationConfigLoader	org.apache.skywalking.oap.server.starter.config.ApplicationConfigLoader	org.apache.skywalking.oap.server.starter.config.ApplicationConfigLoaderTestCase	jdk.internal.reflect.NativeMethodAccessorImpl	jdk.internal.reflect.NativeMethodAccessorImpl	jdk.internal.reflect.DelegatingMethodAccessorImpl	java.lang.reflect.Method	org.junit.runners.model.FrameworkMethod$1	org.junit.internal.runners.model.ReflectiveCallable	org.junit.runners.model.FrameworkMethod	org.junit.internal.runners.statements.RunBefores	org.junit.internal.runners.statements.RunBefores	org.junit.runners.ParentRunner$3	org.junit.runners.BlockJUnit4ClassRunner$1	org.junit.runners.ParentRunner	org.junit.runners.BlockJUnit4ClassRunner	org.junit.runners.BlockJUnit4ClassRunner	org.junit.runners.ParentRunner$4	org.junit.runners.ParentRunner$1	org.junit.runners.ParentRunner	org.junit.runners.ParentRunner	org.junit.runners.ParentRunner$2	org.junit.runners.ParentRunner$3	org.junit.runners.ParentRunner	org.apache.maven.surefire.junit4.JUnit4Provider	org.apache.maven.surefire.junit4.JUnit4Provider	org.apache.maven.surefire.junit4.JUnit4Provider	org.apache.maven.surefire.junit4.JUnit4Provider	org.apache.maven.surefire.booter.ForkedBooter	org.apache.maven.surefire.booter.ForkedBooter	org.apache.maven.surefire.booter.ForkedBooter	org.apache.maven.surefire.booter.ForkedBooter	
2022-11-29 03:14:20,615 org.apache.skywalking.oap.server.library.module.ApplicationConfiguration 48 [main] WARN  [] - [CTEST][getModuleConfiguration] ###user### java.lang.Thread	org.apache.skywalking.oap.server.library.module.ApplicationConfiguration	org.apache.skywalking.oap.server.library.module.ApplicationConfiguration	org.apache.skywalking.oap.server.starter.config.ApplicationConfigLoader	org.apache.skywalking.oap.server.starter.config.ApplicationConfigLoader	org.apache.skywalking.oap.server.starter.config.ApplicationConfigLoader	org.apache.skywalking.oap.server.starter.config.ApplicationConfigLoaderTestCase	jdk.internal.reflect.NativeMethodAccessorImpl	jdk.internal.reflect.NativeMethodAccessorImpl	jdk.internal.reflect.DelegatingMethodAccessorImpl	java.lang.reflect.Method	org.junit.runners.model.FrameworkMethod$1	org.junit.internal.runners.model.ReflectiveCallable	org.junit.runners.model.FrameworkMethod	org.junit.internal.runners.statements.RunBefores	org.junit.internal.runners.statements.RunBefores	org.junit.runners.ParentRunner$3	org.junit.runners.BlockJUnit4ClassRunner$1	org.junit.runners.ParentRunner	org.junit.runners.BlockJUnit4ClassRunner	org.junit.runners.BlockJUnit4ClassRunner	org.junit.runners.ParentRunner$4	org.junit.runners.ParentRunner$1	org.junit.runners.ParentRunner	org.junit.runners.ParentRunner	org.junit.runners.ParentRunner$2	org.junit.runners.ParentRunner$3	org.junit.runners.ParentRunner	org.apache.maven.surefire.junit4.JUnit4Provider	org.apache.maven.surefire.junit4.JUnit4Provider	org.apache.maven.surefire.junit4.JUnit4Provider	org.apache.maven.surefire.junit4.JUnit4Provider	org.apache.maven.surefire.booter.ForkedBooter	org.apache.maven.surefire.booter.ForkedBooter	org.apache.maven.surefire.booter.ForkedBooter	org.apache.maven.surefire.booter.ForkedBooter	
2022-11-29 03:14:20,615 org.apache.skywalking.oap.server.library.module.ApplicationConfiguration 48 [main] WARN  [] - [CTEST][getModuleConfiguration] ###os### java.lang.Thread	org.apache.skywalking.oap.server.library.module.ApplicationConfiguration	org.apache.skywalking.oap.server.library.module.ApplicationConfiguration	org.apache.skywalking.oap.server.starter.config.ApplicationConfigLoader	org.apache.skywalking.oap.server.starter.config.ApplicationConfigLoader	org.apache.skywalking.oap.server.starter.config.ApplicationConfigLoader	org.apache.skywalking.oap.server.starter.config.ApplicationConfigLoaderTestCase	jdk.internal.reflect.NativeMethodAccessorImpl	jdk.internal.reflect.NativeMethodAccessorImpl	jdk.internal.reflect.DelegatingMethodAccessorImpl	java.lang.reflect.Method	org.junit.runners.model.FrameworkMethod$1	org.junit.internal.runners.model.ReflectiveCallable	org.junit.runners.model.FrameworkMethod	org.junit.internal.runners.statements.RunBefores	org.junit.internal.runners.statements.RunBefores	org.junit.runners.ParentRunner$3	org.junit.runners.BlockJUnit4ClassRunner$1	org.junit.runners.ParentRunner	org.junit.runners.BlockJUnit4ClassRunner	org.junit.runners.BlockJUnit4ClassRunner	org.junit.runners.ParentRunner$4	org.junit.runners.ParentRunner$1	org.junit.runners.ParentRunner	org.junit.runners.ParentRunner	org.junit.runners.ParentRunner$2	org.junit.runners.ParentRunner$3	org.junit.runners.ParentRunner	org.apache.maven.surefire.junit4.JUnit4Provider	org.apache.maven.surefire.junit4.JUnit4Provider	org.apache.maven.surefire.junit4.JUnit4Provider	org.apache.maven.surefire.junit4.JUnit4Provider	org.apache.maven.surefire.booter.ForkedBooter	org.apache.maven.surefire.booter.ForkedBooter	org.apache.maven.surefire.booter.ForkedBooter	org.apache.maven.surefire.booter.ForkedBooter	
2022-11-29 03:14:20,615 org.apache.skywalking.oap.server.library.module.ApplicationConfiguration 48 [main] WARN  [] - [CTEST][getModuleConfiguration] ###java### java.lang.Thread	org.apache.skywalking.oap.server.library.module.ApplicationConfiguration	org.apache.skywalking.oap.server.library.module.ApplicationConfiguration	org.apache.skywalking.oap.server.starter.config.ApplicationConfigLoader	org.apache.skywalking.oap.server.starter.config.ApplicationConfigLoader	org.apache.skywalking.oap.server.starter.config.ApplicationConfigLoader	org.apache.skywalking.oap.server.starter.config.ApplicationConfigLoaderTestCase	jdk.internal.reflect.NativeMethodAccessorImpl	jdk.internal.reflect.NativeMethodAccessorImpl	jdk.internal.reflect.DelegatingMethodAccessorImpl	java.lang.reflect.Method	org.junit.runners.model.FrameworkMethod$1	org.junit.internal.runners.model.ReflectiveCallable	org.junit.runners.model.FrameworkMethod	org.junit.internal.runners.statements.RunBefores	org.junit.internal.runners.statements.RunBefores	org.junit.runners.ParentRunner$3	org.junit.runners.BlockJUnit4ClassRunner$1	org.junit.runners.ParentRunner	org.junit.runners.BlockJUnit4ClassRunner	org.junit.runners.BlockJUnit4ClassRunner	org.junit.runners.ParentRunner$4	org.junit.runners.ParentRunner$1	org.junit.runners.ParentRunner	org.junit.runners.ParentRunner	org.junit.runners.ParentRunner$2	org.junit.runners.ParentRunner$3	org.junit.runners.ParentRunner	org.apache.maven.surefire.junit4.JUnit4Provider	org.apache.maven.surefire.junit4.JUnit4Provider	org.apache.maven.surefire.junit4.JUnit4Provider	org.apache.maven.surefire.junit4.JUnit4Provider	org.apache.maven.surefire.booter.ForkedBooter	org.apache.maven.surefire.booter.ForkedBooter	org.apache.maven.surefire.booter.ForkedBooter	org.apache.maven.surefire.booter.ForkedBooter	
2022-11-29 03:14:20,616 org.apache.skywalking.oap.server.library.module.ApplicationConfiguration 48 [main] WARN  [] - [CTEST][getModuleConfiguration] ###sun### java.lang.Thread	org.apache.skywalking.oap.server.library.module.ApplicationConfiguration	org.apache.skywalking.oap.server.library.module.ApplicationConfiguration	org.apache.skywalking.oap.server.starter.config.ApplicationConfigLoader	org.apache.skywalking.oap.server.starter.config.ApplicationConfigLoader	org.apache.skywalking.oap.server.starter.config.ApplicationConfigLoader	org.apache.skywalking.oap.server.starter.config.ApplicationConfigLoaderTestCase	jdk.internal.reflect.NativeMethodAccessorImpl	jdk.internal.reflect.NativeMethodAccessorImpl	jdk.internal.reflect.DelegatingMethodAccessorImpl	java.lang.reflect.Method	org.junit.runners.model.FrameworkMethod$1	org.junit.internal.runners.model.ReflectiveCallable	org.junit.runners.model.FrameworkMethod	org.junit.internal.runners.statements.RunBefores	org.junit.internal.runners.statements.RunBefores	org.junit.runners.ParentRunner$3	org.junit.runners.BlockJUnit4ClassRunner$1	org.junit.runners.ParentRunner	org.junit.runners.BlockJUnit4ClassRunner	org.junit.runners.BlockJUnit4ClassRunner	org.junit.runners.ParentRunner$4	org.junit.runners.ParentRunner$1	org.junit.runners.ParentRunner	org.junit.runners.ParentRunner	org.junit.runners.ParentRunner$2	org.junit.runners.ParentRunner$3	org.junit.runners.ParentRunner	org.apache.maven.surefire.junit4.JUnit4Provider	org.apache.maven.surefire.junit4.JUnit4Provider	org.apache.maven.surefire.junit4.JUnit4Provider	org.apache.maven.surefire.junit4.JUnit4Provider	org.apache.maven.surefire.booter.ForkedBooter	org.apache.maven.surefire.booter.ForkedBooter	org.apache.maven.surefire.booter.ForkedBooter	org.apache.maven.surefire.booter.ForkedBooter	
2022-11-29 03:14:20,616 org.apache.skywalking.oap.server.library.module.ApplicationConfiguration 48 [main] WARN  [] - [CTEST][getModuleConfiguration] ###user### java.lang.Thread	org.apache.skywalking.oap.server.library.module.ApplicationConfiguration	org.apache.skywalking.oap.server.library.module.ApplicationConfiguration	org.apache.skywalking.oap.server.starter.config.ApplicationConfigLoader	org.apache.skywalking.oap.server.starter.config.ApplicationConfigLoader	org.apache.skywalking.oap.server.starter.config.ApplicationConfigLoader	org.apache.skywalking.oap.server.starter.config.ApplicationConfigLoaderTestCase	jdk.internal.reflect.NativeMethodAccessorImpl	jdk.internal.reflect.NativeMethodAccessorImpl	jdk.internal.reflect.DelegatingMethodAccessorImpl	java.lang.reflect.Method	org.junit.runners.model.FrameworkMethod$1	org.junit.internal.runners.model.ReflectiveCallable	org.junit.runners.model.FrameworkMethod	org.junit.internal.runners.statements.RunBefores	org.junit.internal.runners.statements.RunBefores	org.junit.runners.ParentRunner$3	org.junit.runners.BlockJUnit4ClassRunner$1	org.junit.runners.ParentRunner	org.junit.runners.BlockJUnit4ClassRunner	org.junit.runners.BlockJUnit4ClassRunner	org.junit.runners.ParentRunner$4	org.junit.runners.ParentRunner$1	org.junit.runners.ParentRunner	org.junit.runners.ParentRunner	org.junit.runners.ParentRunner$2	org.junit.runners.ParentRunner$3	org.junit.runners.ParentRunner	org.apache.maven.surefire.junit4.JUnit4Provider	org.apache.maven.surefire.junit4.JUnit4Provider	org.apache.maven.surefire.junit4.JUnit4Provider	org.apache.maven.surefire.junit4.JUnit4Provider	org.apache.maven.surefire.booter.ForkedBooter	org.apache.maven.surefire.booter.ForkedBooter	org.apache.maven.surefire.booter.ForkedBooter	org.apache.maven.surefire.booter.ForkedBooter	
2022-11-29 03:14:20,616 org.apache.skywalking.oap.server.library.module.ApplicationConfiguration 48 [main] WARN  [] - [CTEST][getModuleConfiguration] ###sun### java.lang.Thread	org.apache.skywalking.oap.server.library.module.ApplicationConfiguration	org.apache.skywalking.oap.server.library.module.ApplicationConfiguration	org.apache.skywalking.oap.server.starter.config.ApplicationConfigLoader	org.apache.skywalking.oap.server.starter.config.ApplicationConfigLoader	org.apache.skywalking.oap.server.starter.config.ApplicationConfigLoader	org.apache.skywalking.oap.server.starter.config.ApplicationConfigLoaderTestCase	jdk.internal.reflect.NativeMethodAccessorImpl	jdk.internal.reflect.NativeMethodAccessorImpl	jdk.internal.reflect.DelegatingMethodAccessorImpl	java.lang.reflect.Method	org.junit.runners.model.FrameworkMethod$1	org.junit.internal.runners.model.ReflectiveCallable	org.junit.runners.model.FrameworkMethod	org.junit.internal.runners.statements.RunBefores	org.junit.internal.runners.statements.RunBefores	org.junit.runners.ParentRunner$3	org.junit.runners.BlockJUnit4ClassRunner$1	org.junit.runners.ParentRunner	org.junit.runners.BlockJUnit4ClassRunner	org.junit.runners.BlockJUnit4ClassRunner	org.junit.runners.ParentRunner$4	org.junit.runners.ParentRunner$1	org.junit.runners.ParentRunner	org.junit.runners.ParentRunner	org.junit.runners.ParentRunner$2	org.junit.runners.ParentRunner$3	org.junit.runners.ParentRunner	org.apache.maven.surefire.junit4.JUnit4Provider	org.apache.maven.surefire.junit4.JUnit4Provider	org.apache.maven.surefire.junit4.JUnit4Provider	org.apache.maven.surefire.junit4.JUnit4Provider	org.apache.maven.surefire.booter.ForkedBooter	org.apache.maven.surefire.booter.ForkedBooter	org.apache.maven.surefire.booter.ForkedBooter	org.apache.maven.surefire.booter.ForkedBooter	
2022-11-29 03:14:20,616 org.apache.skywalking.oap.server.library.module.ApplicationConfiguration 48 [main] WARN  [] - [CTEST][getModuleConfiguration] ###sun### java.lang.Thread	org.apache.skywalking.oap.server.library.module.ApplicationConfiguration	org.apache.skywalking.oap.server.library.module.ApplicationConfiguration	org.apache.skywalking.oap.server.starter.config.ApplicationConfigLoader	org.apache.skywalking.oap.server.starter.config.ApplicationConfigLoader	org.apache.skywalking.oap.server.starter.config.ApplicationConfigLoader	org.apache.skywalking.oap.server.starter.config.ApplicationConfigLoaderTestCase	jdk.internal.reflect.NativeMethodAccessorImpl	jdk.internal.reflect.NativeMethodAccessorImpl	jdk.internal.reflect.DelegatingMethodAccessorImpl	java.lang.reflect.Method	org.junit.runners.model.FrameworkMethod$1	org.junit.internal.runners.model.ReflectiveCallable	org.junit.runners.model.FrameworkMethod	org.junit.internal.runners.statements.RunBefores	org.junit.internal.runners.statements.RunBefores	org.junit.runners.ParentRunner$3	org.junit.runners.BlockJUnit4ClassRunner$1	org.junit.runners.ParentRunner	org.junit.runners.BlockJUnit4ClassRunner	org.junit.runners.BlockJUnit4ClassRunner	org.junit.runners.ParentRunner$4	org.junit.runners.ParentRunner$1	org.junit.runners.ParentRunner	org.junit.runners.ParentRunner	org.junit.runners.ParentRunner$2	org.junit.runners.ParentRunner$3	org.junit.runners.ParentRunner	org.apache.maven.surefire.junit4.JUnit4Provider	org.apache.maven.surefire.junit4.JUnit4Provider	org.apache.maven.surefire.junit4.JUnit4Provider	org.apache.maven.surefire.junit4.JUnit4Provider	org.apache.maven.surefire.booter.ForkedBooter	org.apache.maven.surefire.booter.ForkedBooter	org.apache.maven.surefire.booter.ForkedBooter	org.apache.maven.surefire.booter.ForkedBooter	
2022-11-29 03:14:20,616 org.apache.skywalking.oap.server.library.module.ApplicationConfiguration 48 [main] WARN  [] - [CTEST][getModuleConfiguration] ###jdk### java.lang.Thread	org.apache.skywalking.oap.server.library.module.ApplicationConfiguration	org.apache.skywalking.oap.server.library.module.ApplicationConfiguration	org.apache.skywalking.oap.server.starter.config.ApplicationConfigLoader	org.apache.skywalking.oap.server.starter.config.ApplicationConfigLoader	org.apache.skywalking.oap.server.starter.config.ApplicationConfigLoader	org.apache.skywalking.oap.server.starter.config.ApplicationConfigLoaderTestCase	jdk.internal.reflect.NativeMethodAccessorImpl	jdk.internal.reflect.NativeMethodAccessorImpl	jdk.internal.reflect.DelegatingMethodAccessorImpl	java.lang.reflect.Method	org.junit.runners.model.FrameworkMethod$1	org.junit.internal.runners.model.ReflectiveCallable	org.junit.runners.model.FrameworkMethod	org.junit.internal.runners.statements.RunBefores	org.junit.internal.runners.statements.RunBefores	org.junit.runners.ParentRunner$3	org.junit.runners.BlockJUnit4ClassRunner$1	org.junit.runners.ParentRunner	org.junit.runners.BlockJUnit4ClassRunner	org.junit.runners.BlockJUnit4ClassRunner	org.junit.runners.ParentRunner$4	org.junit.runners.ParentRunner$1	org.junit.runners.ParentRunner	org.junit.runners.ParentRunner	org.junit.runners.ParentRunner$2	org.junit.runners.ParentRunner$3	org.junit.runners.ParentRunner	org.apache.maven.surefire.junit4.JUnit4Provider	org.apache.maven.surefire.junit4.JUnit4Provider	org.apache.maven.surefire.junit4.JUnit4Provider	org.apache.maven.surefire.junit4.JUnit4Provider	org.apache.maven.surefire.booter.ForkedBooter	org.apache.maven.surefire.booter.ForkedBooter	org.apache.maven.surefire.booter.ForkedBooter	org.apache.maven.surefire.booter.ForkedBooter	
2022-11-29 03:14:20,616 org.apache.skywalking.oap.server.library.module.ApplicationConfiguration 48 [main] WARN  [] - [CTEST][getModuleConfiguration] ###surefire### java.lang.Thread	org.apache.skywalking.oap.server.library.module.ApplicationConfiguration	org.apache.skywalking.oap.server.library.module.ApplicationConfiguration	org.apache.skywalking.oap.server.starter.config.ApplicationConfigLoader	org.apache.skywalking.oap.server.starter.config.ApplicationConfigLoader	org.apache.skywalking.oap.server.starter.config.ApplicationConfigLoader	org.apache.skywalking.oap.server.starter.config.ApplicationConfigLoaderTestCase	jdk.internal.reflect.NativeMethodAccessorImpl	jdk.internal.reflect.NativeMethodAccessorImpl	jdk.internal.reflect.DelegatingMethodAccessorImpl	java.lang.reflect.Method	org.junit.runners.model.FrameworkMethod$1	org.junit.internal.runners.model.ReflectiveCallable	org.junit.runners.model.FrameworkMethod	org.junit.internal.runners.statements.RunBefores	org.junit.internal.runners.statements.RunBefores	org.junit.runners.ParentRunner$3	org.junit.runners.BlockJUnit4ClassRunner$1	org.junit.runners.ParentRunner	org.junit.runners.BlockJUnit4ClassRunner	org.junit.runners.BlockJUnit4ClassRunner	org.junit.runners.ParentRunner$4	org.junit.runners.ParentRunner$1	org.junit.runners.ParentRunner	org.junit.runners.ParentRunner	org.junit.runners.ParentRunner$2	org.junit.runners.ParentRunner$3	org.junit.runners.ParentRunner	org.apache.maven.surefire.junit4.JUnit4Provider	org.apache.maven.surefire.junit4.JUnit4Provider	org.apache.maven.surefire.junit4.JUnit4Provider	org.apache.maven.surefire.junit4.JUnit4Provider	org.apache.maven.surefire.booter.ForkedBooter	org.apache.maven.surefire.booter.ForkedBooter	org.apache.maven.surefire.booter.ForkedBooter	org.apache.maven.surefire.booter.ForkedBooter	
2022-11-29 03:14:20,616 org.apache.skywalking.oap.server.library.module.ApplicationConfiguration 48 [main] WARN  [] - [CTEST][getModuleConfiguration] ###sun### java.lang.Thread	org.apache.skywalking.oap.server.library.module.ApplicationConfiguration	org.apache.skywalking.oap.server.library.module.ApplicationConfiguration	org.apache.skywalking.oap.server.starter.config.ApplicationConfigLoader	org.apache.skywalking.oap.server.starter.config.ApplicationConfigLoader	org.apache.skywalking.oap.server.starter.config.ApplicationConfigLoader	org.apache.skywalking.oap.server.starter.config.ApplicationConfigLoaderTestCase	jdk.internal.reflect.NativeMethodAccessorImpl	jdk.internal.reflect.NativeMethodAccessorImpl	jdk.internal.reflect.DelegatingMethodAccessorImpl	java.lang.reflect.Method	org.junit.runners.model.FrameworkMethod$1	org.junit.internal.runners.model.ReflectiveCallable	org.junit.runners.model.FrameworkMethod	org.junit.internal.runners.statements.RunBefores	org.junit.internal.runners.statements.RunBefores	org.junit.runners.ParentRunner$3	org.junit.runners.BlockJUnit4ClassRunner$1	org.junit.runners.ParentRunner	org.junit.runners.BlockJUnit4ClassRunner	org.junit.runners.BlockJUnit4ClassRunner	org.junit.runners.ParentRunner$4	org.junit.runners.ParentRunner$1	org.junit.runners.ParentRunner	org.junit.runners.ParentRunner	org.junit.runners.ParentRunner$2	org.junit.runners.ParentRunner$3	org.junit.runners.ParentRunner	org.apache.maven.surefire.junit4.JUnit4Provider	org.apache.maven.surefire.junit4.JUnit4Provider	org.apache.maven.surefire.junit4.JUnit4Provider	org.apache.maven.surefire.junit4.JUnit4Provider	org.apache.maven.surefire.booter.ForkedBooter	org.apache.maven.surefire.booter.ForkedBooter	org.apache.maven.surefire.booter.ForkedBooter	org.apache.maven.surefire.booter.ForkedBooter	
2022-11-29 03:14:20,616 org.apache.skywalking.oap.server.library.module.ApplicationConfiguration 48 [main] WARN  [] - [CTEST][getModuleConfiguration] ###user### java.lang.Thread	org.apache.skywalking.oap.server.library.module.ApplicationConfiguration	org.apache.skywalking.oap.server.library.module.ApplicationConfiguration	org.apache.skywalking.oap.server.starter.config.ApplicationConfigLoader	org.apache.skywalking.oap.server.starter.config.ApplicationConfigLoader	org.apache.skywalking.oap.server.starter.config.ApplicationConfigLoader	org.apache.skywalking.oap.server.starter.config.ApplicationConfigLoaderTestCase	jdk.internal.reflect.NativeMethodAccessorImpl	jdk.internal.reflect.NativeMethodAccessorImpl	jdk.internal.reflect.DelegatingMethodAccessorImpl	java.lang.reflect.Method	org.junit.runners.model.FrameworkMethod$1	org.junit.internal.runners.model.ReflectiveCallable	org.junit.runners.model.FrameworkMethod	org.junit.internal.runners.statements.RunBefores	org.junit.internal.runners.statements.RunBefores	org.junit.runners.ParentRunner$3	org.junit.runners.BlockJUnit4ClassRunner$1	org.junit.runners.ParentRunner	org.junit.runners.BlockJUnit4ClassRunner	org.junit.runners.BlockJUnit4ClassRunner	org.junit.runners.ParentRunner$4	org.junit.runners.ParentRunner$1	org.junit.runners.ParentRunner	org.junit.runners.ParentRunner	org.junit.runners.ParentRunner$2	org.junit.runners.ParentRunner$3	org.junit.runners.ParentRunner	org.apache.maven.surefire.junit4.JUnit4Provider	org.apache.maven.surefire.junit4.JUnit4Provider	org.apache.maven.surefire.junit4.JUnit4Provider	org.apache.maven.surefire.junit4.JUnit4Provider	org.apache.maven.surefire.booter.ForkedBooter	org.apache.maven.surefire.booter.ForkedBooter	org.apache.maven.surefire.booter.ForkedBooter	org.apache.maven.surefire.booter.ForkedBooter	
2022-11-29 03:14:20,617 org.apache.skywalking.oap.server.library.module.ApplicationConfiguration 48 [main] WARN  [] - [CTEST][getModuleConfiguration] ###user### java.lang.Thread	org.apache.skywalking.oap.server.library.module.ApplicationConfiguration	org.apache.skywalking.oap.server.library.module.ApplicationConfiguration	org.apache.skywalking.oap.server.starter.config.ApplicationConfigLoader	org.apache.skywalking.oap.server.starter.config.ApplicationConfigLoader	org.apache.skywalking.oap.server.starter.config.ApplicationConfigLoader	org.apache.skywalking.oap.server.starter.config.ApplicationConfigLoaderTestCase	jdk.internal.reflect.NativeMethodAccessorImpl	jdk.internal.reflect.NativeMethodAccessorImpl	jdk.internal.reflect.DelegatingMethodAccessorImpl	java.lang.reflect.Method	org.junit.runners.model.FrameworkMethod$1	org.junit.internal.runners.model.ReflectiveCallable	org.junit.runners.model.FrameworkMethod	org.junit.internal.runners.statements.RunBefores	org.junit.internal.runners.statements.RunBefores	org.junit.runners.ParentRunner$3	org.junit.runners.BlockJUnit4ClassRunner$1	org.junit.runners.ParentRunner	org.junit.runners.BlockJUnit4ClassRunner	org.junit.runners.BlockJUnit4ClassRunner	org.junit.runners.ParentRunner$4	org.junit.runners.ParentRunner$1	org.junit.runners.ParentRunner	org.junit.runners.ParentRunner	org.junit.runners.ParentRunner$2	org.junit.runners.ParentRunner$3	org.junit.runners.ParentRunner	org.apache.maven.surefire.junit4.JUnit4Provider	org.apache.maven.surefire.junit4.JUnit4Provider	org.apache.maven.surefire.junit4.JUnit4Provider	org.apache.maven.surefire.junit4.JUnit4Provider	org.apache.maven.surefire.booter.ForkedBooter	org.apache.maven.surefire.booter.ForkedBooter	org.apache.maven.surefire.booter.ForkedBooter	org.apache.maven.surefire.booter.ForkedBooter	
2022-11-29 03:14:20,617 org.apache.skywalking.oap.server.library.module.ApplicationConfiguration 48 [main] WARN  [] - [CTEST][getModuleConfiguration] ###java### java.lang.Thread	org.apache.skywalking.oap.server.library.module.ApplicationConfiguration	org.apache.skywalking.oap.server.library.module.ApplicationConfiguration	org.apache.skywalking.oap.server.starter.config.ApplicationConfigLoader	org.apache.skywalking.oap.server.starter.config.ApplicationConfigLoader	org.apache.skywalking.oap.server.starter.config.ApplicationConfigLoader	org.apache.skywalking.oap.server.starter.config.ApplicationConfigLoaderTestCase	jdk.internal.reflect.NativeMethodAccessorImpl	jdk.internal.reflect.NativeMethodAccessorImpl	jdk.internal.reflect.DelegatingMethodAccessorImpl	java.lang.reflect.Method	org.junit.runners.model.FrameworkMethod$1	org.junit.internal.runners.model.ReflectiveCallable	org.junit.runners.model.FrameworkMethod	org.junit.internal.runners.statements.RunBefores	org.junit.internal.runners.statements.RunBefores	org.junit.runners.ParentRunner$3	org.junit.runners.BlockJUnit4ClassRunner$1	org.junit.runners.ParentRunner	org.junit.runners.BlockJUnit4ClassRunner	org.junit.runners.BlockJUnit4ClassRunner	org.junit.runners.ParentRunner$4	org.junit.runners.ParentRunner$1	org.junit.runners.ParentRunner	org.junit.runners.ParentRunner	org.junit.runners.ParentRunner$2	org.junit.runners.ParentRunner$3	org.junit.runners.ParentRunner	org.apache.maven.surefire.junit4.JUnit4Provider	org.apache.maven.surefire.junit4.JUnit4Provider	org.apache.maven.surefire.junit4.JUnit4Provider	org.apache.maven.surefire.junit4.JUnit4Provider	org.apache.maven.surefire.booter.ForkedBooter	org.apache.maven.surefire.booter.ForkedBooter	org.apache.maven.surefire.booter.ForkedBooter	org.apache.maven.surefire.booter.ForkedBooter	
2022-11-29 03:14:20,617 org.apache.skywalking.oap.server.library.module.ApplicationConfiguration 48 [main] WARN  [] - [CTEST][getModuleConfiguration] ###java### java.lang.Thread	org.apache.skywalking.oap.server.library.module.ApplicationConfiguration	org.apache.skywalking.oap.server.library.module.ApplicationConfiguration	org.apache.skywalking.oap.server.starter.config.ApplicationConfigLoader	org.apache.skywalking.oap.server.starter.config.ApplicationConfigLoader	org.apache.skywalking.oap.server.starter.config.ApplicationConfigLoader	org.apache.skywalking.oap.server.starter.config.ApplicationConfigLoaderTestCase	jdk.internal.reflect.NativeMethodAccessorImpl	jdk.internal.reflect.NativeMethodAccessorImpl	jdk.internal.reflect.DelegatingMethodAccessorImpl	java.lang.reflect.Method	org.junit.runners.model.FrameworkMethod$1	org.junit.internal.runners.model.ReflectiveCallable	org.junit.runners.model.FrameworkMethod	org.junit.internal.runners.statements.RunBefores	org.junit.internal.runners.statements.RunBefores	org.junit.runners.ParentRunner$3	org.junit.runners.BlockJUnit4ClassRunner$1	org.junit.runners.ParentRunner	org.junit.runners.BlockJUnit4ClassRunner	org.junit.runners.BlockJUnit4ClassRunner	org.junit.runners.ParentRunner$4	org.junit.runners.ParentRunner$1	org.junit.runners.ParentRunner	org.junit.runners.ParentRunner	org.junit.runners.ParentRunner$2	org.junit.runners.ParentRunner$3	org.junit.runners.ParentRunner	org.apache.maven.surefire.junit4.JUnit4Provider	org.apache.maven.surefire.junit4.JUnit4Provider	org.apache.maven.surefire.junit4.JUnit4Provider	org.apache.maven.surefire.junit4.JUnit4Provider	org.apache.maven.surefire.booter.ForkedBooter	org.apache.maven.surefire.booter.ForkedBooter	org.apache.maven.surefire.booter.ForkedBooter	org.apache.maven.surefire.booter.ForkedBooter	
2022-11-29 03:14:20,617 org.apache.skywalking.oap.server.library.module.ApplicationConfiguration 48 [main] WARN  [] - [CTEST][getModuleConfiguration] ###java### java.lang.Thread	org.apache.skywalking.oap.server.library.module.ApplicationConfiguration	org.apache.skywalking.oap.server.library.module.ApplicationConfiguration	org.apache.skywalking.oap.server.starter.config.ApplicationConfigLoader	org.apache.skywalking.oap.server.starter.config.ApplicationConfigLoader	org.apache.skywalking.oap.server.starter.config.ApplicationConfigLoader	org.apache.skywalking.oap.server.starter.config.ApplicationConfigLoaderTestCase	jdk.internal.reflect.NativeMethodAccessorImpl	jdk.internal.reflect.NativeMethodAccessorImpl	jdk.internal.reflect.DelegatingMethodAccessorImpl	java.lang.reflect.Method	org.junit.runners.model.FrameworkMethod$1	org.junit.internal.runners.model.ReflectiveCallable	org.junit.runners.model.FrameworkMethod	org.junit.internal.runners.statements.RunBefores	org.junit.internal.runners.statements.RunBefores	org.junit.runners.ParentRunner$3	org.junit.runners.BlockJUnit4ClassRunner$1	org.junit.runners.ParentRunner	org.junit.runners.BlockJUnit4ClassRunner	org.junit.runners.BlockJUnit4ClassRunner	org.junit.runners.ParentRunner$4	org.junit.runners.ParentRunner$1	org.junit.runners.ParentRunner	org.junit.runners.ParentRunner	org.junit.runners.ParentRunner$2	org.junit.runners.ParentRunner$3	org.junit.runners.ParentRunner	org.apache.maven.surefire.junit4.JUnit4Provider	org.apache.maven.surefire.junit4.JUnit4Provider	org.apache.maven.surefire.junit4.JUnit4Provider	org.apache.maven.surefire.junit4.JUnit4Provider	org.apache.maven.surefire.booter.ForkedBooter	org.apache.maven.surefire.booter.ForkedBooter	org.apache.maven.surefire.booter.ForkedBooter	org.apache.maven.surefire.booter.ForkedBooter	
2022-11-29 03:14:20,617 org.apache.skywalking.oap.server.library.module.ApplicationConfiguration 48 [main] WARN  [] - [CTEST][getModuleConfiguration] ###file### java.lang.Thread	org.apache.skywalking.oap.server.library.module.ApplicationConfiguration	org.apache.skywalking.oap.server.library.module.ApplicationConfiguration	org.apache.skywalking.oap.server.starter.config.ApplicationConfigLoader	org.apache.skywalking.oap.server.starter.config.ApplicationConfigLoader	org.apache.skywalking.oap.server.starter.config.ApplicationConfigLoader	org.apache.skywalking.oap.server.starter.config.ApplicationConfigLoaderTestCase	jdk.internal.reflect.NativeMethodAccessorImpl	jdk.internal.reflect.NativeMethodAccessorImpl	jdk.internal.reflect.DelegatingMethodAccessorImpl	java.lang.reflect.Method	org.junit.runners.model.FrameworkMethod$1	org.junit.internal.runners.model.ReflectiveCallable	org.junit.runners.model.FrameworkMethod	org.junit.internal.runners.statements.RunBefores	org.junit.internal.runners.statements.RunBefores	org.junit.runners.ParentRunner$3	org.junit.runners.BlockJUnit4ClassRunner$1	org.junit.runners.ParentRunner	org.junit.runners.BlockJUnit4ClassRunner	org.junit.runners.BlockJUnit4ClassRunner	org.junit.runners.ParentRunner$4	org.junit.runners.ParentRunner$1	org.junit.runners.ParentRunner	org.junit.runners.ParentRunner	org.junit.runners.ParentRunner$2	org.junit.runners.ParentRunner$3	org.junit.runners.ParentRunner	org.apache.maven.surefire.junit4.JUnit4Provider	org.apache.maven.surefire.junit4.JUnit4Provider	org.apache.maven.surefire.junit4.JUnit4Provider	org.apache.maven.surefire.junit4.JUnit4Provider	org.apache.maven.surefire.booter.ForkedBooter	org.apache.maven.surefire.booter.ForkedBooter	org.apache.maven.surefire.booter.ForkedBooter	org.apache.maven.surefire.booter.ForkedBooter	
2022-11-29 03:14:20,617 org.apache.skywalking.oap.server.library.module.ApplicationConfiguration 48 [main] WARN  [] - [CTEST][getModuleConfiguration] ###java### java.lang.Thread	org.apache.skywalking.oap.server.library.module.ApplicationConfiguration	org.apache.skywalking.oap.server.library.module.ApplicationConfiguration	org.apache.skywalking.oap.server.starter.config.ApplicationConfigLoader	org.apache.skywalking.oap.server.starter.config.ApplicationConfigLoader	org.apache.skywalking.oap.server.starter.config.ApplicationConfigLoader	org.apache.skywalking.oap.server.starter.config.ApplicationConfigLoaderTestCase	jdk.internal.reflect.NativeMethodAccessorImpl	jdk.internal.reflect.NativeMethodAccessorImpl	jdk.internal.reflect.DelegatingMethodAccessorImpl	java.lang.reflect.Method	org.junit.runners.model.FrameworkMethod$1	org.junit.internal.runners.model.ReflectiveCallable	org.junit.runners.model.FrameworkMethod	org.junit.internal.runners.statements.RunBefores	org.junit.internal.runners.statements.RunBefores	org.junit.runners.ParentRunner$3	org.junit.runners.BlockJUnit4ClassRunner$1	org.junit.runners.ParentRunner	org.junit.runners.BlockJUnit4ClassRunner	org.junit.runners.BlockJUnit4ClassRunner	org.junit.runners.ParentRunner$4	org.junit.runners.ParentRunner$1	org.junit.runners.ParentRunner	org.junit.runners.ParentRunner	org.junit.runners.ParentRunner$2	org.junit.runners.ParentRunner$3	org.junit.runners.ParentRunner	org.apache.maven.surefire.junit4.JUnit4Provider	org.apache.maven.surefire.junit4.JUnit4Provider	org.apache.maven.surefire.junit4.JUnit4Provider	org.apache.maven.surefire.junit4.JUnit4Provider	org.apache.maven.surefire.booter.ForkedBooter	org.apache.maven.surefire.booter.ForkedBooter	org.apache.maven.surefire.booter.ForkedBooter	org.apache.maven.surefire.booter.ForkedBooter	
2022-11-29 03:14:20,617 org.apache.skywalking.oap.server.library.module.ApplicationConfiguration 48 [main] WARN  [] - [CTEST][getModuleConfiguration] ###line### java.lang.Thread	org.apache.skywalking.oap.server.library.module.ApplicationConfiguration	org.apache.skywalking.oap.server.library.module.ApplicationConfiguration	org.apache.skywalking.oap.server.starter.config.ApplicationConfigLoader	org.apache.skywalking.oap.server.starter.config.ApplicationConfigLoader	org.apache.skywalking.oap.server.starter.config.ApplicationConfigLoader	org.apache.skywalking.oap.server.starter.config.ApplicationConfigLoaderTestCase	jdk.internal.reflect.NativeMethodAccessorImpl	jdk.internal.reflect.NativeMethodAccessorImpl	jdk.internal.reflect.DelegatingMethodAccessorImpl	java.lang.reflect.Method	org.junit.runners.model.FrameworkMethod$1	org.junit.internal.runners.model.ReflectiveCallable	org.junit.runners.model.FrameworkMethod	org.junit.internal.runners.statements.RunBefores	org.junit.internal.runners.statements.RunBefores	org.junit.runners.ParentRunner$3	org.junit.runners.BlockJUnit4ClassRunner$1	org.junit.runners.ParentRunner	org.junit.runners.BlockJUnit4ClassRunner	org.junit.runners.BlockJUnit4ClassRunner	org.junit.runners.ParentRunner$4	org.junit.runners.ParentRunner$1	org.junit.runners.ParentRunner	org.junit.runners.ParentRunner	org.junit.runners.ParentRunner$2	org.junit.runners.ParentRunner$3	org.junit.runners.ParentRunner	org.apache.maven.surefire.junit4.JUnit4Provider	org.apache.maven.surefire.junit4.JUnit4Provider	org.apache.maven.surefire.junit4.JUnit4Provider	org.apache.maven.surefire.junit4.JUnit4Provider	org.apache.maven.surefire.booter.ForkedBooter	org.apache.maven.surefire.booter.ForkedBooter	org.apache.maven.surefire.booter.ForkedBooter	org.apache.maven.surefire.booter.ForkedBooter	
2022-11-29 03:14:20,618 org.apache.skywalking.oap.server.library.module.ApplicationConfiguration 48 [main] WARN  [] - [CTEST][getModuleConfiguration] ###java### java.lang.Thread	org.apache.skywalking.oap.server.library.module.ApplicationConfiguration	org.apache.skywalking.oap.server.library.module.ApplicationConfiguration	org.apache.skywalking.oap.server.starter.config.ApplicationConfigLoader	org.apache.skywalking.oap.server.starter.config.ApplicationConfigLoader	org.apache.skywalking.oap.server.starter.config.ApplicationConfigLoader	org.apache.skywalking.oap.server.starter.config.ApplicationConfigLoaderTestCase	jdk.internal.reflect.NativeMethodAccessorImpl	jdk.internal.reflect.NativeMethodAccessorImpl	jdk.internal.reflect.DelegatingMethodAccessorImpl	java.lang.reflect.Method	org.junit.runners.model.FrameworkMethod$1	org.junit.internal.runners.model.ReflectiveCallable	org.junit.runners.model.FrameworkMethod	org.junit.internal.runners.statements.RunBefores	org.junit.internal.runners.statements.RunBefores	org.junit.runners.ParentRunner$3	org.junit.runners.BlockJUnit4ClassRunner$1	org.junit.runners.ParentRunner	org.junit.runners.BlockJUnit4ClassRunner	org.junit.runners.BlockJUnit4ClassRunner	org.junit.runners.ParentRunner$4	org.junit.runners.ParentRunner$1	org.junit.runners.ParentRunner	org.junit.runners.ParentRunner	org.junit.runners.ParentRunner$2	org.junit.runners.ParentRunner$3	org.junit.runners.ParentRunner	org.apache.maven.surefire.junit4.JUnit4Provider	org.apache.maven.surefire.junit4.JUnit4Provider	org.apache.maven.surefire.junit4.JUnit4Provider	org.apache.maven.surefire.junit4.JUnit4Provider	org.apache.maven.surefire.booter.ForkedBooter	org.apache.maven.surefire.booter.ForkedBooter	org.apache.maven.surefire.booter.ForkedBooter	org.apache.maven.surefire.booter.ForkedBooter	
2022-11-29 03:14:20,618 org.apache.skywalking.oap.server.library.module.ApplicationConfiguration 48 [main] WARN  [] - [CTEST][getModuleConfiguration] ###java### java.lang.Thread	org.apache.skywalking.oap.server.library.module.ApplicationConfiguration	org.apache.skywalking.oap.server.library.module.ApplicationConfiguration	org.apache.skywalking.oap.server.starter.config.ApplicationConfigLoader	org.apache.skywalking.oap.server.starter.config.ApplicationConfigLoader	org.apache.skywalking.oap.server.starter.config.ApplicationConfigLoader	org.apache.skywalking.oap.server.starter.config.ApplicationConfigLoaderTestCase	jdk.internal.reflect.NativeMethodAccessorImpl	jdk.internal.reflect.NativeMethodAccessorImpl	jdk.internal.reflect.DelegatingMethodAccessorImpl	java.lang.reflect.Method	org.junit.runners.model.FrameworkMethod$1	org.junit.internal.runners.model.ReflectiveCallable	org.junit.runners.model.FrameworkMethod	org.junit.internal.runners.statements.RunBefores	org.junit.internal.runners.statements.RunBefores	org.junit.runners.ParentRunner$3	org.junit.runners.BlockJUnit4ClassRunner$1	org.junit.runners.ParentRunner	org.junit.runners.BlockJUnit4ClassRunner	org.junit.runners.BlockJUnit4ClassRunner	org.junit.runners.ParentRunner$4	org.junit.runners.ParentRunner$1	org.junit.runners.ParentRunner	org.junit.runners.ParentRunner	org.junit.runners.ParentRunner$2	org.junit.runners.ParentRunner$3	org.junit.runners.ParentRunner	org.apache.maven.surefire.junit4.JUnit4Provider	org.apache.maven.surefire.junit4.JUnit4Provider	org.apache.maven.surefire.junit4.JUnit4Provider	org.apache.maven.surefire.junit4.JUnit4Provider	org.apache.maven.surefire.booter.ForkedBooter	org.apache.maven.surefire.booter.ForkedBooter	org.apache.maven.surefire.booter.ForkedBooter	org.apache.maven.surefire.booter.ForkedBooter	
2022-11-29 03:14:20,618 org.apache.skywalking.oap.server.library.module.ApplicationConfiguration 48 [main] WARN  [] - [CTEST][getModuleConfiguration] ###java### java.lang.Thread	org.apache.skywalking.oap.server.library.module.ApplicationConfiguration	org.apache.skywalking.oap.server.library.module.ApplicationConfiguration	org.apache.skywalking.oap.server.starter.config.ApplicationConfigLoader	org.apache.skywalking.oap.server.starter.config.ApplicationConfigLoader	org.apache.skywalking.oap.server.starter.config.ApplicationConfigLoader	org.apache.skywalking.oap.server.starter.config.ApplicationConfigLoaderTestCase	jdk.internal.reflect.NativeMethodAccessorImpl	jdk.internal.reflect.NativeMethodAccessorImpl	jdk.internal.reflect.DelegatingMethodAccessorImpl	java.lang.reflect.Method	org.junit.runners.model.FrameworkMethod$1	org.junit.internal.runners.model.ReflectiveCallable	org.junit.runners.model.FrameworkMethod	org.junit.internal.runners.statements.RunBefores	org.junit.internal.runners.statements.RunBefores	org.junit.runners.ParentRunner$3	org.junit.runners.BlockJUnit4ClassRunner$1	org.junit.runners.ParentRunner	org.junit.runners.BlockJUnit4ClassRunner	org.junit.runners.BlockJUnit4ClassRunner	org.junit.runners.ParentRunner$4	org.junit.runners.ParentRunner$1	org.junit.runners.ParentRunner	org.junit.runners.ParentRunner	org.junit.runners.ParentRunner$2	org.junit.runners.ParentRunner$3	org.junit.runners.ParentRunner	org.apache.maven.surefire.junit4.JUnit4Provider	org.apache.maven.surefire.junit4.JUnit4Provider	org.apache.maven.surefire.junit4.JUnit4Provider	org.apache.maven.surefire.junit4.JUnit4Provider	org.apache.maven.surefire.booter.ForkedBooter	org.apache.maven.surefire.booter.ForkedBooter	org.apache.maven.surefire.booter.ForkedBooter	org.apache.maven.surefire.booter.ForkedBooter	
2022-11-29 03:14:20,618 org.apache.skywalking.oap.server.library.module.ApplicationConfiguration 48 [main] WARN  [] - [CTEST][getModuleConfiguration] ###surefire### java.lang.Thread	org.apache.skywalking.oap.server.library.module.ApplicationConfiguration	org.apache.skywalking.oap.server.library.module.ApplicationConfiguration	org.apache.skywalking.oap.server.starter.config.ApplicationConfigLoader	org.apache.skywalking.oap.server.starter.config.ApplicationConfigLoader	org.apache.skywalking.oap.server.starter.config.ApplicationConfigLoader	org.apache.skywalking.oap.server.starter.config.ApplicationConfigLoaderTestCase	jdk.internal.reflect.NativeMethodAccessorImpl	jdk.internal.reflect.NativeMethodAccessorImpl	jdk.internal.reflect.DelegatingMethodAccessorImpl	java.lang.reflect.Method	org.junit.runners.model.FrameworkMethod$1	org.junit.internal.runners.model.ReflectiveCallable	org.junit.runners.model.FrameworkMethod	org.junit.internal.runners.statements.RunBefores	org.junit.internal.runners.statements.RunBefores	org.junit.runners.ParentRunner$3	org.junit.runners.BlockJUnit4ClassRunner$1	org.junit.runners.ParentRunner	org.junit.runners.BlockJUnit4ClassRunner	org.junit.runners.BlockJUnit4ClassRunner	org.junit.runners.ParentRunner$4	org.junit.runners.ParentRunner$1	org.junit.runners.ParentRunner	org.junit.runners.ParentRunner	org.junit.runners.ParentRunner$2	org.junit.runners.ParentRunner$3	org.junit.runners.ParentRunner	org.apache.maven.surefire.junit4.JUnit4Provider	org.apache.maven.surefire.junit4.JUnit4Provider	org.apache.maven.surefire.junit4.JUnit4Provider	org.apache.maven.surefire.junit4.JUnit4Provider	org.apache.maven.surefire.booter.ForkedBooter	org.apache.maven.surefire.booter.ForkedBooter	org.apache.maven.surefire.booter.ForkedBooter	org.apache.maven.surefire.booter.ForkedBooter	
2022-11-29 03:14:20,618 org.apache.skywalking.oap.server.library.module.ApplicationConfiguration 48 [main] WARN  [] - [CTEST][getModuleConfiguration] ###sun### java.lang.Thread	org.apache.skywalking.oap.server.library.module.ApplicationConfiguration	org.apache.skywalking.oap.server.library.module.ApplicationConfiguration	org.apache.skywalking.oap.server.starter.config.ApplicationConfigLoader	org.apache.skywalking.oap.server.starter.config.ApplicationConfigLoader	org.apache.skywalking.oap.server.starter.config.ApplicationConfigLoader	org.apache.skywalking.oap.server.starter.config.ApplicationConfigLoaderTestCase	jdk.internal.reflect.NativeMethodAccessorImpl	jdk.internal.reflect.NativeMethodAccessorImpl	jdk.internal.reflect.DelegatingMethodAccessorImpl	java.lang.reflect.Method	org.junit.runners.model.FrameworkMethod$1	org.junit.internal.runners.model.ReflectiveCallable	org.junit.runners.model.FrameworkMethod	org.junit.internal.runners.statements.RunBefores	org.junit.internal.runners.statements.RunBefores	org.junit.runners.ParentRunner$3	org.junit.runners.BlockJUnit4ClassRunner$1	org.junit.runners.ParentRunner	org.junit.runners.BlockJUnit4ClassRunner	org.junit.runners.BlockJUnit4ClassRunner	org.junit.runners.ParentRunner$4	org.junit.runners.ParentRunner$1	org.junit.runners.ParentRunner	org.junit.runners.ParentRunner	org.junit.runners.ParentRunner$2	org.junit.runners.ParentRunner$3	org.junit.runners.ParentRunner	org.apache.maven.surefire.junit4.JUnit4Provider	org.apache.maven.surefire.junit4.JUnit4Provider	org.apache.maven.surefire.junit4.JUnit4Provider	org.apache.maven.surefire.junit4.JUnit4Provider	org.apache.maven.surefire.booter.ForkedBooter	org.apache.maven.surefire.booter.ForkedBooter	org.apache.maven.surefire.booter.ForkedBooter	org.apache.maven.surefire.booter.ForkedBooter	
2022-11-29 03:14:20,618 org.apache.skywalking.oap.server.library.module.ApplicationConfiguration 48 [main] WARN  [] - [CTEST][getModuleConfiguration] ###java### java.lang.Thread	org.apache.skywalking.oap.server.library.module.ApplicationConfiguration	org.apache.skywalking.oap.server.library.module.ApplicationConfiguration	org.apache.skywalking.oap.server.starter.config.ApplicationConfigLoader	org.apache.skywalking.oap.server.starter.config.ApplicationConfigLoader	org.apache.skywalking.oap.server.starter.config.ApplicationConfigLoader	org.apache.skywalking.oap.server.starter.config.ApplicationConfigLoaderTestCase	jdk.internal.reflect.NativeMethodAccessorImpl	jdk.internal.reflect.NativeMethodAccessorImpl	jdk.internal.reflect.DelegatingMethodAccessorImpl	java.lang.reflect.Method	org.junit.runners.model.FrameworkMethod$1	org.junit.internal.runners.model.ReflectiveCallable	org.junit.runners.model.FrameworkMethod	org.junit.internal.runners.statements.RunBefores	org.junit.internal.runners.statements.RunBefores	org.junit.runners.ParentRunner$3	org.junit.runners.BlockJUnit4ClassRunner$1	org.junit.runners.ParentRunner	org.junit.runners.BlockJUnit4ClassRunner	org.junit.runners.BlockJUnit4ClassRunner	org.junit.runners.ParentRunner$4	org.junit.runners.ParentRunner$1	org.junit.runners.ParentRunner	org.junit.runners.ParentRunner	org.junit.runners.ParentRunner$2	org.junit.runners.ParentRunner$3	org.junit.runners.ParentRunner	org.apache.maven.surefire.junit4.JUnit4Provider	org.apache.maven.surefire.junit4.JUnit4Provider	org.apache.maven.surefire.junit4.JUnit4Provider	org.apache.maven.surefire.junit4.JUnit4Provider	org.apache.maven.surefire.booter.ForkedBooter	org.apache.maven.surefire.booter.ForkedBooter	org.apache.maven.surefire.booter.ForkedBooter	org.apache.maven.surefire.booter.ForkedBooter	
2022-11-29 03:14:20,618 org.apache.skywalking.oap.server.library.module.ApplicationConfiguration 48 [main] WARN  [] - [CTEST][getModuleConfiguration] ###user### java.lang.Thread	org.apache.skywalking.oap.server.library.module.ApplicationConfiguration	org.apache.skywalking.oap.server.library.module.ApplicationConfiguration	org.apache.skywalking.oap.server.starter.config.ApplicationConfigLoader	org.apache.skywalking.oap.server.starter.config.ApplicationConfigLoader	org.apache.skywalking.oap.server.starter.config.ApplicationConfigLoader	org.apache.skywalking.oap.server.starter.config.ApplicationConfigLoaderTestCase	jdk.internal.reflect.NativeMethodAccessorImpl	jdk.internal.reflect.NativeMethodAccessorImpl	jdk.internal.reflect.DelegatingMethodAccessorImpl	java.lang.reflect.Method	org.junit.runners.model.FrameworkMethod$1	org.junit.internal.runners.model.ReflectiveCallable	org.junit.runners.model.FrameworkMethod	org.junit.internal.runners.statements.RunBefores	org.junit.internal.runners.statements.RunBefores	org.junit.runners.ParentRunner$3	org.junit.runners.BlockJUnit4ClassRunner$1	org.junit.runners.ParentRunner	org.junit.runners.BlockJUnit4ClassRunner	org.junit.runners.BlockJUnit4ClassRunner	org.junit.runners.ParentRunner$4	org.junit.runners.ParentRunner$1	org.junit.runners.ParentRunner	org.junit.runners.ParentRunner	org.junit.runners.ParentRunner$2	org.junit.runners.ParentRunner$3	org.junit.runners.ParentRunner	org.apache.maven.surefire.junit4.JUnit4Provider	org.apache.maven.surefire.junit4.JUnit4Provider	org.apache.maven.surefire.junit4.JUnit4Provider	org.apache.maven.surefire.junit4.JUnit4Provider	org.apache.maven.surefire.booter.ForkedBooter	org.apache.maven.surefire.booter.ForkedBooter	org.apache.maven.surefire.booter.ForkedBooter	org.apache.maven.surefire.booter.ForkedBooter	
2022-11-29 03:14:20,619 org.apache.skywalking.oap.server.library.module.ApplicationConfiguration 48 [main] WARN  [] - [CTEST][getModuleConfiguration] ###path### java.lang.Thread	org.apache.skywalking.oap.server.library.module.ApplicationConfiguration	org.apache.skywalking.oap.server.library.module.ApplicationConfiguration	org.apache.skywalking.oap.server.starter.config.ApplicationConfigLoader	org.apache.skywalking.oap.server.starter.config.ApplicationConfigLoader	org.apache.skywalking.oap.server.starter.config.ApplicationConfigLoader	org.apache.skywalking.oap.server.starter.config.ApplicationConfigLoaderTestCase	jdk.internal.reflect.NativeMethodAccessorImpl	jdk.internal.reflect.NativeMethodAccessorImpl	jdk.internal.reflect.DelegatingMethodAccessorImpl	java.lang.reflect.Method	org.junit.runners.model.FrameworkMethod$1	org.junit.internal.runners.model.ReflectiveCallable	org.junit.runners.model.FrameworkMethod	org.junit.internal.runners.statements.RunBefores	org.junit.internal.runners.statements.RunBefores	org.junit.runners.ParentRunner$3	org.junit.runners.BlockJUnit4ClassRunner$1	org.junit.runners.ParentRunner	org.junit.runners.BlockJUnit4ClassRunner	org.junit.runners.BlockJUnit4ClassRunner	org.junit.runners.ParentRunner$4	org.junit.runners.ParentRunner$1	org.junit.runners.ParentRunner	org.junit.runners.ParentRunner	org.junit.runners.ParentRunner$2	org.junit.runners.ParentRunner$3	org.junit.runners.ParentRunner	org.apache.maven.surefire.junit4.JUnit4Provider	org.apache.maven.surefire.junit4.JUnit4Provider	org.apache.maven.surefire.junit4.JUnit4Provider	org.apache.maven.surefire.junit4.JUnit4Provider	org.apache.maven.surefire.booter.ForkedBooter	org.apache.maven.surefire.booter.ForkedBooter	org.apache.maven.surefire.booter.ForkedBooter	org.apache.maven.surefire.booter.ForkedBooter	
2022-11-29 03:14:20,619 org.apache.skywalking.oap.server.library.module.ApplicationConfiguration 48 [main] WARN  [] - [CTEST][getModuleConfiguration] ###os### java.lang.Thread	org.apache.skywalking.oap.server.library.module.ApplicationConfiguration	org.apache.skywalking.oap.server.library.module.ApplicationConfiguration	org.apache.skywalking.oap.server.starter.config.ApplicationConfigLoader	org.apache.skywalking.oap.server.starter.config.ApplicationConfigLoader	org.apache.skywalking.oap.server.starter.config.ApplicationConfigLoader	org.apache.skywalking.oap.server.starter.config.ApplicationConfigLoaderTestCase	jdk.internal.reflect.NativeMethodAccessorImpl	jdk.internal.reflect.NativeMethodAccessorImpl	jdk.internal.reflect.DelegatingMethodAccessorImpl	java.lang.reflect.Method	org.junit.runners.model.FrameworkMethod$1	org.junit.internal.runners.model.ReflectiveCallable	org.junit.runners.model.FrameworkMethod	org.junit.internal.runners.statements.RunBefores	org.junit.internal.runners.statements.RunBefores	org.junit.runners.ParentRunner$3	org.junit.runners.BlockJUnit4ClassRunner$1	org.junit.runners.ParentRunner	org.junit.runners.BlockJUnit4ClassRunner	org.junit.runners.BlockJUnit4ClassRunner	org.junit.runners.ParentRunner$4	org.junit.runners.ParentRunner$1	org.junit.runners.ParentRunner	org.junit.runners.ParentRunner	org.junit.runners.ParentRunner$2	org.junit.runners.ParentRunner$3	org.junit.runners.ParentRunner	org.apache.maven.surefire.junit4.JUnit4Provider	org.apache.maven.surefire.junit4.JUnit4Provider	org.apache.maven.surefire.junit4.JUnit4Provider	org.apache.maven.surefire.junit4.JUnit4Provider	org.apache.maven.surefire.booter.ForkedBooter	org.apache.maven.surefire.booter.ForkedBooter	org.apache.maven.surefire.booter.ForkedBooter	org.apache.maven.surefire.booter.ForkedBooter	
2022-11-29 03:14:20,619 org.apache.skywalking.oap.server.library.module.ApplicationConfiguration 48 [main] WARN  [] - [CTEST][getModuleConfiguration] ###java### java.lang.Thread	org.apache.skywalking.oap.server.library.module.ApplicationConfiguration	org.apache.skywalking.oap.server.library.module.ApplicationConfiguration	org.apache.skywalking.oap.server.starter.config.ApplicationConfigLoader	org.apache.skywalking.oap.server.starter.config.ApplicationConfigLoader	org.apache.skywalking.oap.server.starter.config.ApplicationConfigLoader	org.apache.skywalking.oap.server.starter.config.ApplicationConfigLoaderTestCase	jdk.internal.reflect.NativeMethodAccessorImpl	jdk.internal.reflect.NativeMethodAccessorImpl	jdk.internal.reflect.DelegatingMethodAccessorImpl	java.lang.reflect.Method	org.junit.runners.model.FrameworkMethod$1	org.junit.internal.runners.model.ReflectiveCallable	org.junit.runners.model.FrameworkMethod	org.junit.internal.runners.statements.RunBefores	org.junit.internal.runners.statements.RunBefores	org.junit.runners.ParentRunner$3	org.junit.runners.BlockJUnit4ClassRunner$1	org.junit.runners.ParentRunner	org.junit.runners.BlockJUnit4ClassRunner	org.junit.runners.BlockJUnit4ClassRunner	org.junit.runners.ParentRunner$4	org.junit.runners.ParentRunner$1	org.junit.runners.ParentRunner	org.junit.runners.ParentRunner	org.junit.runners.ParentRunner$2	org.junit.runners.ParentRunner$3	org.junit.runners.ParentRunner	org.apache.maven.surefire.junit4.JUnit4Provider	org.apache.maven.surefire.junit4.JUnit4Provider	org.apache.maven.surefire.junit4.JUnit4Provider	org.apache.maven.surefire.junit4.JUnit4Provider	org.apache.maven.surefire.booter.ForkedBooter	org.apache.maven.surefire.booter.ForkedBooter	org.apache.maven.surefire.booter.ForkedBooter	org.apache.maven.surefire.booter.ForkedBooter	
2022-11-29 03:14:20,619 org.apache.skywalking.oap.server.library.module.ApplicationConfiguration 48 [main] WARN  [] - [CTEST][getModuleConfiguration] ###file### java.lang.Thread	org.apache.skywalking.oap.server.library.module.ApplicationConfiguration	org.apache.skywalking.oap.server.library.module.ApplicationConfiguration	org.apache.skywalking.oap.server.starter.config.ApplicationConfigLoader	org.apache.skywalking.oap.server.starter.config.ApplicationConfigLoader	org.apache.skywalking.oap.server.starter.config.ApplicationConfigLoader	org.apache.skywalking.oap.server.starter.config.ApplicationConfigLoaderTestCase	jdk.internal.reflect.NativeMethodAccessorImpl	jdk.internal.reflect.NativeMethodAccessorImpl	jdk.internal.reflect.DelegatingMethodAccessorImpl	java.lang.reflect.Method	org.junit.runners.model.FrameworkMethod$1	org.junit.internal.runners.model.ReflectiveCallable	org.junit.runners.model.FrameworkMethod	org.junit.internal.runners.statements.RunBefores	org.junit.internal.runners.statements.RunBefores	org.junit.runners.ParentRunner$3	org.junit.runners.BlockJUnit4ClassRunner$1	org.junit.runners.ParentRunner	org.junit.runners.BlockJUnit4ClassRunner	org.junit.runners.BlockJUnit4ClassRunner	org.junit.runners.ParentRunner$4	org.junit.runners.ParentRunner$1	org.junit.runners.ParentRunner	org.junit.runners.ParentRunner	org.junit.runners.ParentRunner$2	org.junit.runners.ParentRunner$3	org.junit.runners.ParentRunner	org.apache.maven.surefire.junit4.JUnit4Provider	org.apache.maven.surefire.junit4.JUnit4Provider	org.apache.maven.surefire.junit4.JUnit4Provider	org.apache.maven.surefire.junit4.JUnit4Provider	org.apache.maven.surefire.booter.ForkedBooter	org.apache.maven.surefire.booter.ForkedBooter	org.apache.maven.surefire.booter.ForkedBooter	org.apache.maven.surefire.booter.ForkedBooter	
2022-11-29 03:14:20,619 org.apache.skywalking.oap.server.library.module.ApplicationConfiguration 48 [main] WARN  [] - [CTEST][getModuleConfiguration] ###java### java.lang.Thread	org.apache.skywalking.oap.server.library.module.ApplicationConfiguration	org.apache.skywalking.oap.server.library.module.ApplicationConfiguration	org.apache.skywalking.oap.server.starter.config.ApplicationConfigLoader	org.apache.skywalking.oap.server.starter.config.ApplicationConfigLoader	org.apache.skywalking.oap.server.starter.config.ApplicationConfigLoader	org.apache.skywalking.oap.server.starter.config.ApplicationConfigLoaderTestCase	jdk.internal.reflect.NativeMethodAccessorImpl	jdk.internal.reflect.NativeMethodAccessorImpl	jdk.internal.reflect.DelegatingMethodAccessorImpl	java.lang.reflect.Method	org.junit.runners.model.FrameworkMethod$1	org.junit.internal.runners.model.ReflectiveCallable	org.junit.runners.model.FrameworkMethod	org.junit.internal.runners.statements.RunBefores	org.junit.internal.runners.statements.RunBefores	org.junit.runners.ParentRunner$3	org.junit.runners.BlockJUnit4ClassRunner$1	org.junit.runners.ParentRunner	org.junit.runners.BlockJUnit4ClassRunner	org.junit.runners.BlockJUnit4ClassRunner	org.junit.runners.ParentRunner$4	org.junit.runners.ParentRunner$1	org.junit.runners.ParentRunner	org.junit.runners.ParentRunner	org.junit.runners.ParentRunner$2	org.junit.runners.ParentRunner$3	org.junit.runners.ParentRunner	org.apache.maven.surefire.junit4.JUnit4Provider	org.apache.maven.surefire.junit4.JUnit4Provider	org.apache.maven.surefire.junit4.JUnit4Provider	org.apache.maven.surefire.junit4.JUnit4Provider	org.apache.maven.surefire.booter.ForkedBooter	org.apache.maven.surefire.booter.ForkedBooter	org.apache.maven.surefire.booter.ForkedBooter	org.apache.maven.surefire.booter.ForkedBooter	
2022-11-29 03:14:20,619 org.apache.skywalking.oap.server.library.module.ApplicationConfiguration 48 [main] WARN  [] - [CTEST][getModuleConfiguration] ###java### java.lang.Thread	org.apache.skywalking.oap.server.library.module.ApplicationConfiguration	org.apache.skywalking.oap.server.library.module.ApplicationConfiguration	org.apache.skywalking.oap.server.starter.config.ApplicationConfigLoader	org.apache.skywalking.oap.server.starter.config.ApplicationConfigLoader	org.apache.skywalking.oap.server.starter.config.ApplicationConfigLoader	org.apache.skywalking.oap.server.starter.config.ApplicationConfigLoaderTestCase	jdk.internal.reflect.NativeMethodAccessorImpl	jdk.internal.reflect.NativeMethodAccessorImpl	jdk.internal.reflect.DelegatingMethodAccessorImpl	java.lang.reflect.Method	org.junit.runners.model.FrameworkMethod$1	org.junit.internal.runners.model.ReflectiveCallable	org.junit.runners.model.FrameworkMethod	org.junit.internal.runners.statements.RunBefores	org.junit.internal.runners.statements.RunBefores	org.junit.runners.ParentRunner$3	org.junit.runners.BlockJUnit4ClassRunner$1	org.junit.runners.ParentRunner	org.junit.runners.BlockJUnit4ClassRunner	org.junit.runners.BlockJUnit4ClassRunner	org.junit.runners.ParentRunner$4	org.junit.runners.ParentRunner$1	org.junit.runners.ParentRunner	org.junit.runners.ParentRunner	org.junit.runners.ParentRunner$2	org.junit.runners.ParentRunner$3	org.junit.runners.ParentRunner	org.apache.maven.surefire.junit4.JUnit4Provider	org.apache.maven.surefire.junit4.JUnit4Provider	org.apache.maven.surefire.junit4.JUnit4Provider	org.apache.maven.surefire.junit4.JUnit4Provider	org.apache.maven.surefire.booter.ForkedBooter	org.apache.maven.surefire.booter.ForkedBooter	org.apache.maven.surefire.booter.ForkedBooter	org.apache.maven.surefire.booter.ForkedBooter	
2022-11-29 03:14:20,619 org.apache.skywalking.oap.server.library.module.ApplicationConfiguration 48 [main] WARN  [] - [CTEST][getModuleConfiguration] ###java### java.lang.Thread	org.apache.skywalking.oap.server.library.module.ApplicationConfiguration	org.apache.skywalking.oap.server.library.module.ApplicationConfiguration	org.apache.skywalking.oap.server.starter.config.ApplicationConfigLoader	org.apache.skywalking.oap.server.starter.config.ApplicationConfigLoader	org.apache.skywalking.oap.server.starter.config.ApplicationConfigLoader	org.apache.skywalking.oap.server.starter.config.ApplicationConfigLoaderTestCase	jdk.internal.reflect.NativeMethodAccessorImpl	jdk.internal.reflect.NativeMethodAccessorImpl	jdk.internal.reflect.DelegatingMethodAccessorImpl	java.lang.reflect.Method	org.junit.runners.model.FrameworkMethod$1	org.junit.internal.runners.model.ReflectiveCallable	org.junit.runners.model.FrameworkMethod	org.junit.internal.runners.statements.RunBefores	org.junit.internal.runners.statements.RunBefores	org.junit.runners.ParentRunner$3	org.junit.runners.BlockJUnit4ClassRunner$1	org.junit.runners.ParentRunner	org.junit.runners.BlockJUnit4ClassRunner	org.junit.runners.BlockJUnit4ClassRunner	org.junit.runners.ParentRunner$4	org.junit.runners.ParentRunner$1	org.junit.runners.ParentRunner	org.junit.runners.ParentRunner	org.junit.runners.ParentRunner$2	org.junit.runners.ParentRunner$3	org.junit.runners.ParentRunner	org.apache.maven.surefire.junit4.JUnit4Provider	org.apache.maven.surefire.junit4.JUnit4Provider	org.apache.maven.surefire.junit4.JUnit4Provider	org.apache.maven.surefire.junit4.JUnit4Provider	org.apache.maven.surefire.booter.ForkedBooter	org.apache.maven.surefire.booter.ForkedBooter	org.apache.maven.surefire.booter.ForkedBooter	org.apache.maven.surefire.booter.ForkedBooter	
2022-11-29 03:14:20,622 org.apache.skywalking.oap.server.library.module.ApplicationConfiguration 48 [main] WARN  [] - [CTEST][getModuleConfiguration] ###java### java.lang.Thread	org.apache.skywalking.oap.server.library.module.ApplicationConfiguration	org.apache.skywalking.oap.server.library.module.ApplicationConfiguration	org.apache.skywalking.oap.server.starter.config.ApplicationConfigLoader	org.apache.skywalking.oap.server.starter.config.ApplicationConfigLoader	org.apache.skywalking.oap.server.starter.config.ApplicationConfigLoader	org.apache.skywalking.oap.server.starter.config.ApplicationConfigLoaderTestCase	jdk.internal.reflect.NativeMethodAccessorImpl	jdk.internal.reflect.NativeMethodAccessorImpl	jdk.internal.reflect.DelegatingMethodAccessorImpl	java.lang.reflect.Method	org.junit.runners.model.FrameworkMethod$1	org.junit.internal.runners.model.ReflectiveCallable	org.junit.runners.model.FrameworkMethod	org.junit.internal.runners.statements.RunBefores	org.junit.internal.runners.statements.RunBefores	org.junit.runners.ParentRunner$3	org.junit.runners.BlockJUnit4ClassRunner$1	org.junit.runners.ParentRunner	org.junit.runners.BlockJUnit4ClassRunner	org.junit.runners.BlockJUnit4ClassRunner	org.junit.runners.ParentRunner$4	org.junit.runners.ParentRunner$1	org.junit.runners.ParentRunner	org.junit.runners.ParentRunner	org.junit.runners.ParentRunner$2	org.junit.runners.ParentRunner$3	org.junit.runners.ParentRunner	org.apache.maven.surefire.junit4.JUnit4Provider	org.apache.maven.surefire.junit4.JUnit4Provider	org.apache.maven.surefire.junit4.JUnit4Provider	org.apache.maven.surefire.junit4.JUnit4Provider	org.apache.maven.surefire.booter.ForkedBooter	org.apache.maven.surefire.booter.ForkedBooter	org.apache.maven.surefire.booter.ForkedBooter	org.apache.maven.surefire.booter.ForkedBooter	
2022-11-29 03:14:20,622 org.apache.skywalking.oap.server.library.module.ApplicationConfiguration 48 [main] WARN  [] - [CTEST][getModuleConfiguration] ###user### java.lang.Thread	org.apache.skywalking.oap.server.library.module.ApplicationConfiguration	org.apache.skywalking.oap.server.library.module.ApplicationConfiguration	org.apache.skywalking.oap.server.starter.config.ApplicationConfigLoader	org.apache.skywalking.oap.server.starter.config.ApplicationConfigLoader	org.apache.skywalking.oap.server.starter.config.ApplicationConfigLoader	org.apache.skywalking.oap.server.starter.config.ApplicationConfigLoaderTestCase	jdk.internal.reflect.NativeMethodAccessorImpl	jdk.internal.reflect.NativeMethodAccessorImpl	jdk.internal.reflect.DelegatingMethodAccessorImpl	java.lang.reflect.Method	org.junit.runners.model.FrameworkMethod$1	org.junit.internal.runners.model.ReflectiveCallable	org.junit.runners.model.FrameworkMethod	org.junit.internal.runners.statements.RunBefores	org.junit.internal.runners.statements.RunBefores	org.junit.runners.ParentRunner$3	org.junit.runners.BlockJUnit4ClassRunner$1	org.junit.runners.ParentRunner	org.junit.runners.BlockJUnit4ClassRunner	org.junit.runners.BlockJUnit4ClassRunner	org.junit.runners.ParentRunner$4	org.junit.runners.ParentRunner$1	org.junit.runners.ParentRunner	org.junit.runners.ParentRunner	org.junit.runners.ParentRunner$2	org.junit.runners.ParentRunner$3	org.junit.runners.ParentRunner	org.apache.maven.surefire.junit4.JUnit4Provider	org.apache.maven.surefire.junit4.JUnit4Provider	org.apache.maven.surefire.junit4.JUnit4Provider	org.apache.maven.surefire.junit4.JUnit4Provider	org.apache.maven.surefire.booter.ForkedBooter	org.apache.maven.surefire.booter.ForkedBooter	org.apache.maven.surefire.booter.ForkedBooter	org.apache.maven.surefire.booter.ForkedBooter	
2022-11-29 03:14:20,623 org.apache.skywalking.oap.server.library.module.ApplicationConfiguration 48 [main] WARN  [] - [CTEST][getModuleConfiguration] ###os### java.lang.Thread	org.apache.skywalking.oap.server.library.module.ApplicationConfiguration	org.apache.skywalking.oap.server.library.module.ApplicationConfiguration	org.apache.skywalking.oap.server.starter.config.ApplicationConfigLoader	org.apache.skywalking.oap.server.starter.config.ApplicationConfigLoader	org.apache.skywalking.oap.server.starter.config.ApplicationConfigLoader	org.apache.skywalking.oap.server.starter.config.ApplicationConfigLoaderTestCase	jdk.internal.reflect.NativeMethodAccessorImpl	jdk.internal.reflect.NativeMethodAccessorImpl	jdk.internal.reflect.DelegatingMethodAccessorImpl	java.lang.reflect.Method	org.junit.runners.model.FrameworkMethod$1	org.junit.internal.runners.model.ReflectiveCallable	org.junit.runners.model.FrameworkMethod	org.junit.internal.runners.statements.RunBefores	org.junit.internal.runners.statements.RunBefores	org.junit.runners.ParentRunner$3	org.junit.runners.BlockJUnit4ClassRunner$1	org.junit.runners.ParentRunner	org.junit.runners.BlockJUnit4ClassRunner	org.junit.runners.BlockJUnit4ClassRunner	org.junit.runners.ParentRunner$4	org.junit.runners.ParentRunner$1	org.junit.runners.ParentRunner	org.junit.runners.ParentRunner	org.junit.runners.ParentRunner$2	org.junit.runners.ParentRunner$3	org.junit.runners.ParentRunner	org.apache.maven.surefire.junit4.JUnit4Provider	org.apache.maven.surefire.junit4.JUnit4Provider	org.apache.maven.surefire.junit4.JUnit4Provider	org.apache.maven.surefire.junit4.JUnit4Provider	org.apache.maven.surefire.booter.ForkedBooter	org.apache.maven.surefire.booter.ForkedBooter	org.apache.maven.surefire.booter.ForkedBooter	org.apache.maven.surefire.booter.ForkedBooter	
2022-11-29 03:14:20,624 org.apache.skywalking.oap.server.library.module.ApplicationConfiguration 48 [main] WARN  [] - [CTEST][getModuleConfiguration] ###java### java.lang.Thread	org.apache.skywalking.oap.server.library.module.ApplicationConfiguration	org.apache.skywalking.oap.server.library.module.ApplicationConfiguration	org.apache.skywalking.oap.server.starter.config.ApplicationConfigLoader	org.apache.skywalking.oap.server.starter.config.ApplicationConfigLoader	org.apache.skywalking.oap.server.starter.config.ApplicationConfigLoader	org.apache.skywalking.oap.server.starter.config.ApplicationConfigLoaderTestCase	jdk.internal.reflect.NativeMethodAccessorImpl	jdk.internal.reflect.NativeMethodAccessorImpl	jdk.internal.reflect.DelegatingMethodAccessorImpl	java.lang.reflect.Method	org.junit.runners.model.FrameworkMethod$1	org.junit.internal.runners.model.ReflectiveCallable	org.junit.runners.model.FrameworkMethod	org.junit.internal.runners.statements.RunBefores	org.junit.internal.runners.statements.RunBefores	org.junit.runners.ParentRunner$3	org.junit.runners.BlockJUnit4ClassRunner$1	org.junit.runners.ParentRunner	org.junit.runners.BlockJUnit4ClassRunner	org.junit.runners.BlockJUnit4ClassRunner	org.junit.runners.ParentRunner$4	org.junit.runners.ParentRunner$1	org.junit.runners.ParentRunner	org.junit.runners.ParentRunner	org.junit.runners.ParentRunner$2	org.junit.runners.ParentRunner$3	org.junit.runners.ParentRunner	org.apache.maven.surefire.junit4.JUnit4Provider	org.apache.maven.surefire.junit4.JUnit4Provider	org.apache.maven.surefire.junit4.JUnit4Provider	org.apache.maven.surefire.junit4.JUnit4Provider	org.apache.maven.surefire.booter.ForkedBooter	org.apache.maven.surefire.booter.ForkedBooter	org.apache.maven.surefire.booter.ForkedBooter	org.apache.maven.surefire.booter.ForkedBooter	
2022-11-29 03:14:20,624 org.apache.skywalking.oap.server.library.module.ApplicationConfiguration 48 [main] WARN  [] - [CTEST][getModuleConfiguration] ###java### java.lang.Thread	org.apache.skywalking.oap.server.library.module.ApplicationConfiguration	org.apache.skywalking.oap.server.library.module.ApplicationConfiguration	org.apache.skywalking.oap.server.starter.config.ApplicationConfigLoader	org.apache.skywalking.oap.server.starter.config.ApplicationConfigLoader	org.apache.skywalking.oap.server.starter.config.ApplicationConfigLoader	org.apache.skywalking.oap.server.starter.config.ApplicationConfigLoaderTestCase	jdk.internal.reflect.NativeMethodAccessorImpl	jdk.internal.reflect.NativeMethodAccessorImpl	jdk.internal.reflect.DelegatingMethodAccessorImpl	java.lang.reflect.Method	org.junit.runners.model.FrameworkMethod$1	org.junit.internal.runners.model.ReflectiveCallable	org.junit.runners.model.FrameworkMethod	org.junit.internal.runners.statements.RunBefores	org.junit.internal.runners.statements.RunBefores	org.junit.runners.ParentRunner$3	org.junit.runners.BlockJUnit4ClassRunner$1	org.junit.runners.ParentRunner	org.junit.runners.BlockJUnit4ClassRunner	org.junit.runners.BlockJUnit4ClassRunner	org.junit.runners.ParentRunner$4	org.junit.runners.ParentRunner$1	org.junit.runners.ParentRunner	org.junit.runners.ParentRunner	org.junit.runners.ParentRunner$2	org.junit.runners.ParentRunner$3	org.junit.runners.ParentRunner	org.apache.maven.surefire.junit4.JUnit4Provider	org.apache.maven.surefire.junit4.JUnit4Provider	org.apache.maven.surefire.junit4.JUnit4Provider	org.apache.maven.surefire.junit4.JUnit4Provider	org.apache.maven.surefire.booter.ForkedBooter	org.apache.maven.surefire.booter.ForkedBooter	org.apache.maven.surefire.booter.ForkedBooter	org.apache.maven.surefire.booter.ForkedBooter	
2022-11-29 03:14:20,624 org.apache.skywalking.oap.server.library.module.ApplicationConfiguration 48 [main] WARN  [] - [CTEST][getModuleConfiguration] ###sun### java.lang.Thread	org.apache.skywalking.oap.server.library.module.ApplicationConfiguration	org.apache.skywalking.oap.server.library.module.ApplicationConfiguration	org.apache.skywalking.oap.server.starter.config.ApplicationConfigLoader	org.apache.skywalking.oap.server.starter.config.ApplicationConfigLoader	org.apache.skywalking.oap.server.starter.config.ApplicationConfigLoader	org.apache.skywalking.oap.server.starter.config.ApplicationConfigLoaderTestCase	jdk.internal.reflect.NativeMethodAccessorImpl	jdk.internal.reflect.NativeMethodAccessorImpl	jdk.internal.reflect.DelegatingMethodAccessorImpl	java.lang.reflect.Method	org.junit.runners.model.FrameworkMethod$1	org.junit.internal.runners.model.ReflectiveCallable	org.junit.runners.model.FrameworkMethod	org.junit.internal.runners.statements.RunBefores	org.junit.internal.runners.statements.RunBefores	org.junit.runners.ParentRunner$3	org.junit.runners.BlockJUnit4ClassRunner$1	org.junit.runners.ParentRunner	org.junit.runners.BlockJUnit4ClassRunner	org.junit.runners.BlockJUnit4ClassRunner	org.junit.runners.ParentRunner$4	org.junit.runners.ParentRunner$1	org.junit.runners.ParentRunner	org.junit.runners.ParentRunner	org.junit.runners.ParentRunner$2	org.junit.runners.ParentRunner$3	org.junit.runners.ParentRunner	org.apache.maven.surefire.junit4.JUnit4Provider	org.apache.maven.surefire.junit4.JUnit4Provider	org.apache.maven.surefire.junit4.JUnit4Provider	org.apache.maven.surefire.junit4.JUnit4Provider	org.apache.maven.surefire.booter.ForkedBooter	org.apache.maven.surefire.booter.ForkedBooter	org.apache.maven.surefire.booter.ForkedBooter	org.apache.maven.surefire.booter.ForkedBooter	
2022-11-29 03:14:20,626 org.apache.skywalking.oap.server.library.module.ApplicationConfiguration 48 [main] WARN  [] - [CTEST][getModuleConfiguration] ###java### java.lang.Thread	org.apache.skywalking.oap.server.library.module.ApplicationConfiguration	org.apache.skywalking.oap.server.library.module.ApplicationConfiguration	org.apache.skywalking.oap.server.starter.config.ApplicationConfigLoader	org.apache.skywalking.oap.server.starter.config.ApplicationConfigLoader	org.apache.skywalking.oap.server.starter.config.ApplicationConfigLoader	org.apache.skywalking.oap.server.starter.config.ApplicationConfigLoaderTestCase	jdk.internal.reflect.NativeMethodAccessorImpl	jdk.internal.reflect.NativeMethodAccessorImpl	jdk.internal.reflect.DelegatingMethodAccessorImpl	java.lang.reflect.Method	org.junit.runners.model.FrameworkMethod$1	org.junit.internal.runners.model.ReflectiveCallable	org.junit.runners.model.FrameworkMethod	org.junit.internal.runners.statements.RunBefores	org.junit.internal.runners.statements.RunBefores	org.junit.runners.ParentRunner$3	org.junit.runners.BlockJUnit4ClassRunner$1	org.junit.runners.ParentRunner	org.junit.runners.BlockJUnit4ClassRunner	org.junit.runners.BlockJUnit4ClassRunner	org.junit.runners.ParentRunner$4	org.junit.runners.ParentRunner$1	org.junit.runners.ParentRunner	org.junit.runners.ParentRunner	org.junit.runners.ParentRunner$2	org.junit.runners.ParentRunner$3	org.junit.runners.ParentRunner	org.apache.maven.surefire.junit4.JUnit4Provider	org.apache.maven.surefire.junit4.JUnit4Provider	org.apache.maven.surefire.junit4.JUnit4Provider	org.apache.maven.surefire.junit4.JUnit4Provider	org.apache.maven.surefire.booter.ForkedBooter	org.apache.maven.surefire.booter.ForkedBooter	org.apache.maven.surefire.booter.ForkedBooter	org.apache.maven.surefire.booter.ForkedBooter	
2022-11-29 03:14:20,627 org.apache.skywalking.oap.server.library.module.ApplicationConfiguration 48 [main] WARN  [] - [CTEST][getModuleConfiguration] ###java### java.lang.Thread	org.apache.skywalking.oap.server.library.module.ApplicationConfiguration	org.apache.skywalking.oap.server.library.module.ApplicationConfiguration	org.apache.skywalking.oap.server.starter.config.ApplicationConfigLoader	org.apache.skywalking.oap.server.starter.config.ApplicationConfigLoader	org.apache.skywalking.oap.server.starter.config.ApplicationConfigLoader	org.apache.skywalking.oap.server.starter.config.ApplicationConfigLoaderTestCase	jdk.internal.reflect.NativeMethodAccessorImpl	jdk.internal.reflect.NativeMethodAccessorImpl	jdk.internal.reflect.DelegatingMethodAccessorImpl	java.lang.reflect.Method	org.junit.runners.model.FrameworkMethod$1	org.junit.internal.runners.model.ReflectiveCallable	org.junit.runners.model.FrameworkMethod	org.junit.internal.runners.statements.RunBefores	org.junit.internal.runners.statements.RunBefores	org.junit.runners.ParentRunner$3	org.junit.runners.BlockJUnit4ClassRunner$1	org.junit.runners.ParentRunner	org.junit.runners.BlockJUnit4ClassRunner	org.junit.runners.BlockJUnit4ClassRunner	org.junit.runners.ParentRunner$4	org.junit.runners.ParentRunner$1	org.junit.runners.ParentRunner	org.junit.runners.ParentRunner	org.junit.runners.ParentRunner$2	org.junit.runners.ParentRunner$3	org.junit.runners.ParentRunner	org.apache.maven.surefire.junit4.JUnit4Provider	org.apache.maven.surefire.junit4.JUnit4Provider	org.apache.maven.surefire.junit4.JUnit4Provider	org.apache.maven.surefire.junit4.JUnit4Provider	org.apache.maven.surefire.booter.ForkedBooter	org.apache.maven.surefire.booter.ForkedBooter	org.apache.maven.surefire.booter.ForkedBooter	org.apache.maven.surefire.booter.ForkedBooter	
2022-11-29 03:14:20,627 org.apache.skywalking.oap.server.library.module.ApplicationConfiguration 48 [main] WARN  [] - [CTEST][getModuleConfiguration] ###java### java.lang.Thread	org.apache.skywalking.oap.server.library.module.ApplicationConfiguration	org.apache.skywalking.oap.server.library.module.ApplicationConfiguration	org.apache.skywalking.oap.server.starter.config.ApplicationConfigLoader	org.apache.skywalking.oap.server.starter.config.ApplicationConfigLoader	org.apache.skywalking.oap.server.starter.config.ApplicationConfigLoader	org.apache.skywalking.oap.server.starter.config.ApplicationConfigLoaderTestCase	jdk.internal.reflect.NativeMethodAccessorImpl	jdk.internal.reflect.NativeMethodAccessorImpl	jdk.internal.reflect.DelegatingMethodAccessorImpl	java.lang.reflect.Method	org.junit.runners.model.FrameworkMethod$1	org.junit.internal.runners.model.ReflectiveCallable	org.junit.runners.model.FrameworkMethod	org.junit.internal.runners.statements.RunBefores	org.junit.internal.runners.statements.RunBefores	org.junit.runners.ParentRunner$3	org.junit.runners.BlockJUnit4ClassRunner$1	org.junit.runners.ParentRunner	org.junit.runners.BlockJUnit4ClassRunner	org.junit.runners.BlockJUnit4ClassRunner	org.junit.runners.ParentRunner$4	org.junit.runners.ParentRunner$1	org.junit.runners.ParentRunner	org.junit.runners.ParentRunner	org.junit.runners.ParentRunner$2	org.junit.runners.ParentRunner$3	org.junit.runners.ParentRunner	org.apache.maven.surefire.junit4.JUnit4Provider	org.apache.maven.surefire.junit4.JUnit4Provider	org.apache.maven.surefire.junit4.JUnit4Provider	org.apache.maven.surefire.junit4.JUnit4Provider	org.apache.maven.surefire.booter.ForkedBooter	org.apache.maven.surefire.booter.ForkedBooter	org.apache.maven.surefire.booter.ForkedBooter	org.apache.maven.surefire.booter.ForkedBooter	
2022-11-29 03:14:20,627 org.apache.skywalking.oap.server.library.module.ApplicationConfiguration 48 [main] WARN  [] - [CTEST][getModuleConfiguration] ###java### java.lang.Thread	org.apache.skywalking.oap.server.library.module.ApplicationConfiguration	org.apache.skywalking.oap.server.library.module.ApplicationConfiguration	org.apache.skywalking.oap.server.starter.config.ApplicationConfigLoader	org.apache.skywalking.oap.server.starter.config.ApplicationConfigLoader	org.apache.skywalking.oap.server.starter.config.ApplicationConfigLoader	org.apache.skywalking.oap.server.starter.config.ApplicationConfigLoaderTestCase	jdk.internal.reflect.NativeMethodAccessorImpl	jdk.internal.reflect.NativeMethodAccessorImpl	jdk.internal.reflect.DelegatingMethodAccessorImpl	java.lang.reflect.Method	org.junit.runners.model.FrameworkMethod$1	org.junit.internal.runners.model.ReflectiveCallable	org.junit.runners.model.FrameworkMethod	org.junit.internal.runners.statements.RunBefores	org.junit.internal.runners.statements.RunBefores	org.junit.runners.ParentRunner$3	org.junit.runners.BlockJUnit4ClassRunner$1	org.junit.runners.ParentRunner	org.junit.runners.BlockJUnit4ClassRunner	org.junit.runners.BlockJUnit4ClassRunner	org.junit.runners.ParentRunner$4	org.junit.runners.ParentRunner$1	org.junit.runners.ParentRunner	org.junit.runners.ParentRunner	org.junit.runners.ParentRunner$2	org.junit.runners.ParentRunner$3	org.junit.runners.ParentRunner	org.apache.maven.surefire.junit4.JUnit4Provider	org.apache.maven.surefire.junit4.JUnit4Provider	org.apache.maven.surefire.junit4.JUnit4Provider	org.apache.maven.surefire.junit4.JUnit4Provider	org.apache.maven.surefire.booter.ForkedBooter	org.apache.maven.surefire.booter.ForkedBooter	org.apache.maven.surefire.booter.ForkedBooter	org.apache.maven.surefire.booter.ForkedBooter	
2022-11-29 03:14:20,627 org.apache.skywalking.oap.server.library.module.ApplicationConfiguration 48 [main] WARN  [] - [CTEST][getModuleConfiguration] ###sun### java.lang.Thread	org.apache.skywalking.oap.server.library.module.ApplicationConfiguration	org.apache.skywalking.oap.server.library.module.ApplicationConfiguration	org.apache.skywalking.oap.server.starter.config.ApplicationConfigLoader	org.apache.skywalking.oap.server.starter.config.ApplicationConfigLoader	org.apache.skywalking.oap.server.starter.config.ApplicationConfigLoader	org.apache.skywalking.oap.server.starter.config.ApplicationConfigLoaderTestCase	jdk.internal.reflect.NativeMethodAccessorImpl	jdk.internal.reflect.NativeMethodAccessorImpl	jdk.internal.reflect.DelegatingMethodAccessorImpl	java.lang.reflect.Method	org.junit.runners.model.FrameworkMethod$1	org.junit.internal.runners.model.ReflectiveCallable	org.junit.runners.model.FrameworkMethod	org.junit.internal.runners.statements.RunBefores	org.junit.internal.runners.statements.RunBefores	org.junit.runners.ParentRunner$3	org.junit.runners.BlockJUnit4ClassRunner$1	org.junit.runners.ParentRunner	org.junit.runners.BlockJUnit4ClassRunner	org.junit.runners.BlockJUnit4ClassRunner	org.junit.runners.ParentRunner$4	org.junit.runners.ParentRunner$1	org.junit.runners.ParentRunner	org.junit.runners.ParentRunner	org.junit.runners.ParentRunner$2	org.junit.runners.ParentRunner$3	org.junit.runners.ParentRunner	org.apache.maven.surefire.junit4.JUnit4Provider	org.apache.maven.surefire.junit4.JUnit4Provider	org.apache.maven.surefire.junit4.JUnit4Provider	org.apache.maven.surefire.junit4.JUnit4Provider	org.apache.maven.surefire.booter.ForkedBooter	org.apache.maven.surefire.booter.ForkedBooter	org.apache.maven.surefire.booter.ForkedBooter	org.apache.maven.surefire.booter.ForkedBooter	
2022-11-29 03:14:20,627 org.apache.skywalking.oap.server.library.module.ApplicationConfiguration 48 [main] WARN  [] - [CTEST][getModuleConfiguration] ###java### java.lang.Thread	org.apache.skywalking.oap.server.library.module.ApplicationConfiguration	org.apache.skywalking.oap.server.library.module.ApplicationConfiguration	org.apache.skywalking.oap.server.starter.config.ApplicationConfigLoader	org.apache.skywalking.oap.server.starter.config.ApplicationConfigLoader	org.apache.skywalking.oap.server.starter.config.ApplicationConfigLoader	org.apache.skywalking.oap.server.starter.config.ApplicationConfigLoaderTestCase	jdk.internal.reflect.NativeMethodAccessorImpl	jdk.internal.reflect.NativeMethodAccessorImpl	jdk.internal.reflect.DelegatingMethodAccessorImpl	java.lang.reflect.Method	org.junit.runners.model.FrameworkMethod$1	org.junit.internal.runners.model.ReflectiveCallable	org.junit.runners.model.FrameworkMethod	org.junit.internal.runners.statements.RunBefores	org.junit.internal.runners.statements.RunBefores	org.junit.runners.ParentRunner$3	org.junit.runners.BlockJUnit4ClassRunner$1	org.junit.runners.ParentRunner	org.junit.runners.BlockJUnit4ClassRunner	org.junit.runners.BlockJUnit4ClassRunner	org.junit.runners.ParentRunner$4	org.junit.runners.ParentRunner$1	org.junit.runners.ParentRunner	org.junit.runners.ParentRunner	org.junit.runners.ParentRunner$2	org.junit.runners.ParentRunner$3	org.junit.runners.ParentRunner	org.apache.maven.surefire.junit4.JUnit4Provider	org.apache.maven.surefire.junit4.JUnit4Provider	org.apache.maven.surefire.junit4.JUnit4Provider	org.apache.maven.surefire.junit4.JUnit4Provider	org.apache.maven.surefire.booter.ForkedBooter	org.apache.maven.surefire.booter.ForkedBooter	org.apache.maven.surefire.booter.ForkedBooter	org.apache.maven.surefire.booter.ForkedBooter	
2022-11-29 03:14:20,633 org.apache.skywalking.oap.server.library.module.ApplicationConfiguration 48 [main] WARN  [] - [CTEST][getModuleConfiguration] ###receiver-zipkin### java.lang.Thread	org.apache.skywalking.oap.server.library.module.ApplicationConfiguration	org.apache.skywalking.oap.server.library.module.ApplicationConfiguration	org.apache.skywalking.oap.server.starter.config.ApplicationConfigLoaderTestCase	jdk.internal.reflect.NativeMethodAccessorImpl	jdk.internal.reflect.NativeMethodAccessorImpl	jdk.internal.reflect.DelegatingMethodAccessorImpl	java.lang.reflect.Method	org.junit.runners.model.FrameworkMethod$1	org.junit.internal.runners.model.ReflectiveCallable	org.junit.runners.model.FrameworkMethod	org.junit.internal.runners.statements.InvokeMethod	org.junit.internal.runners.statements.RunBefores	org.junit.runners.ParentRunner$3	org.junit.runners.BlockJUnit4ClassRunner$1	org.junit.runners.ParentRunner	org.junit.runners.BlockJUnit4ClassRunner	org.junit.runners.BlockJUnit4ClassRunner	org.junit.runners.ParentRunner$4	org.junit.runners.ParentRunner$1	org.junit.runners.ParentRunner	org.junit.runners.ParentRunner	org.junit.runners.ParentRunner$2	org.junit.runners.ParentRunner$3	org.junit.runners.ParentRunner	org.apache.maven.surefire.junit4.JUnit4Provider	org.apache.maven.surefire.junit4.JUnit4Provider	org.apache.maven.surefire.junit4.JUnit4Provider	org.apache.maven.surefire.junit4.JUnit4Provider	org.apache.maven.surefire.booter.ForkedBooter	org.apache.maven.surefire.booter.ForkedBooter	org.apache.maven.surefire.booter.ForkedBooter	org.apache.maven.surefire.booter.ForkedBooter	
2022-11-29 03:14:20,634 org.apache.skywalking.oap.server.library.module.ApplicationConfiguration$ModuleConfiguration 71 [main] WARN  [] - [CTEST][getProviderConfiguration] ###default### providers {restHost=0.0.0.0, kafkaTopic=zipkin, searchableTracesTags=http.method, sampleRate=10000, restIdleTimeOut=30000, kafkaConsumers=1, kafkaHandlerThreadPoolSize=-1, restPort=18822, enableKafkaCollector=false, restContextPath=/, restMaxThreads=200, kafkaConsumerConfig={"auto.offset.reset":"earliest","enable.auto.commit":true}, kafkaGroupId=zipkin, kafkaBootstrapServers=localhost:9092, enableHttpCollector=true, restAcceptQueueSize=0, kafkaHandlerThreadPoolQueueSize=-1} java.lang.Thread	org.apache.skywalking.oap.server.library.module.ApplicationConfiguration	org.apache.skywalking.oap.server.library.module.ApplicationConfiguration	org.apache.skywalking.oap.server.library.module.ApplicationConfiguration$ModuleConfiguration	org.apache.skywalking.oap.server.starter.config.ApplicationConfigLoaderTestCase	jdk.internal.reflect.NativeMethodAccessorImpl	jdk.internal.reflect.NativeMethodAccessorImpl	jdk.internal.reflect.DelegatingMethodAccessorImpl	java.lang.reflect.Method	org.junit.runners.model.FrameworkMethod$1	org.junit.internal.runners.model.ReflectiveCallable	org.junit.runners.model.FrameworkMethod	org.junit.internal.runners.statements.InvokeMethod	org.junit.internal.runners.statements.RunBefores	org.junit.runners.ParentRunner$3	org.junit.runners.BlockJUnit4ClassRunner$1	org.junit.runners.ParentRunner	org.junit.runners.BlockJUnit4ClassRunner	org.junit.runners.BlockJUnit4ClassRunner	org.junit.runners.ParentRunner$4	org.junit.runners.ParentRunner$1	org.junit.runners.ParentRunner	org.junit.runners.ParentRunner	org.junit.runners.ParentRunner$2	org.junit.runners.ParentRunner$3	org.junit.runners.ParentRunner	org.apache.maven.surefire.junit4.JUnit4Provider	org.apache.maven.surefire.junit4.JUnit4Provider	org.apache.maven.surefire.junit4.JUnit4Provider	org.apache.maven.surefire.junit4.JUnit4Provider	org.apache.maven.surefire.booter.ForkedBooter	org.apache.maven.surefire.booter.ForkedBooter	org.apache.maven.surefire.booter.ForkedBooter	org.apache.maven.surefire.booter.ForkedBooter	
2022-11-29 03:14:20,637 org.apache.skywalking.oap.server.library.module.ApplicationConfiguration$PropertiesWrapper 91 [main] INFO  [] - [CTEST][PropertiesWrapper] ###restPort### test
]]></system-out>
    <system-err><![CDATA[Warning: Nashorn engine is planned to be removed from a future JDK release
]]></system-err>
  </testcase>
</testsuite>